    1C
    1UHash: v5AunGqV, Date: 01/25/2026, Unit system: M_KG_S_C           
    1UUSER                                                              
    1UDATE              25.january.2026                                 
    1UTIME              23:47:37                                        
    1UHOST                                                              
    1UPGM               CalculiX                                        
    1UVERSION           Version 2.23                             
    1UCOMPILETIME       Sun Jan 11 00:39:44 CET 2026                    
    1UDIR                                                               
    1UDBN                                                               
    1UMAT    1S235                                                      
    2C                           261                                     1
 -1         1-2.50000E-01 5.00000E-02-5.00000E-02
 -1         2-2.50000E-01-5.00000E-02-5.00000E-02
 -1         3 2.50000E-01-5.00000E-02-5.00000E-02
 -1         4 2.50000E-01 5.00000E-02-5.00000E-02
 -1         5 2.50000E-01-5.00000E-02 5.00000E-02
 -1         6 2.50000E-01 5.00000E-02 5.00000E-02
 -1         7-2.50000E-01-5.00000E-02 5.00000E-02
 -1         8-2.50000E-01 5.00000E-02 5.00000E-02
 -1         9-2.50000E-01-3.46945E-17-5.00000E-02
 -1        10-2.50000E-01 2.50000E-02-5.00000E-02
 -1        11-2.50000E-01-2.50000E-02-5.00000E-02
 -1        12-1.87500E-01-5.00000E-02-5.00000E-02
 -1        13-1.25000E-01-5.00000E-02-5.00000E-02
 -1        14-6.25000E-02-5.00000E-02-5.00000E-02
 -1        15 0.00000E+00-5.00000E-02-5.00000E-02
 -1        16 6.25000E-02-5.00000E-02-5.00000E-02
 -1        17 1.25000E-01-5.00000E-02-5.00000E-02
 -1        18 1.87500E-01-5.00000E-02-5.00000E-02
 -1        19-2.18750E-01-5.00000E-02-5.00000E-02
 -1        20-1.56250E-01-5.00000E-02-5.00000E-02
 -1        21-9.37500E-02-5.00000E-02-5.00000E-02
 -1        22-3.12500E-02-5.00000E-02-5.00000E-02
 -1        23 3.12500E-02-5.00000E-02-5.00000E-02
 -1        24 9.37500E-02-5.00000E-02-5.00000E-02
 -1        25 1.56250E-01-5.00000E-02-5.00000E-02
 -1        26 2.18750E-01-5.00000E-02-5.00000E-02
 -1        27 2.50000E-01-3.46945E-17-5.00000E-02
 -1        28 2.50000E-01 2.50000E-02-5.00000E-02
 -1        29 2.50000E-01-2.50000E-02-5.00000E-02
 -1        30-1.87500E-01 5.00000E-02-5.00000E-02
 -1        31-1.25000E-01 5.00000E-02-5.00000E-02
 -1        32-6.25000E-02 5.00000E-02-5.00000E-02
 -1        33 0.00000E+00 5.00000E-02-5.00000E-02
 -1        34 6.25000E-02 5.00000E-02-5.00000E-02
 -1        35 1.25000E-01 5.00000E-02-5.00000E-02
 -1        36 1.87500E-01 5.00000E-02-5.00000E-02
 -1        37-2.18750E-01 5.00000E-02-5.00000E-02
 -1        38-1.56250E-01 5.00000E-02-5.00000E-02
 -1        39-9.37500E-02 5.00000E-02-5.00000E-02
 -1        40-3.12500E-02 5.00000E-02-5.00000E-02
 -1        41 3.12500E-02 5.00000E-02-5.00000E-02
 -1        42 9.37500E-02 5.00000E-02-5.00000E-02
 -1        43 1.56250E-01 5.00000E-02-5.00000E-02
 -1        44 2.18750E-01 5.00000E-02-5.00000E-02
 -1        45 2.50000E-01-5.00000E-02 3.46945E-17
 -1        46 2.50000E-01-5.00000E-02-2.50000E-02
 -1        47 2.50000E-01-5.00000E-02 2.50000E-02
 -1        48 2.50000E-01-3.46945E-17 5.00000E-02
 -1        49 2.50000E-01 2.50000E-02 5.00000E-02
 -1        50 2.50000E-01-2.50000E-02 5.00000E-02
 -1        51 2.50000E-01 5.00000E-02 3.46945E-17
 -1        52 2.50000E-01 5.00000E-02-2.50000E-02
 -1        53 2.50000E-01 5.00000E-02 2.50000E-02
 -1        54 1.87500E-01-5.00000E-02 5.00000E-02
 -1        55 1.25000E-01-5.00000E-02 5.00000E-02
 -1        56 6.25000E-02-5.00000E-02 5.00000E-02
 -1        57 0.00000E+00-5.00000E-02 5.00000E-02
 -1        58-6.25000E-02-5.00000E-02 5.00000E-02
 -1        59-1.25000E-01-5.00000E-02 5.00000E-02
 -1        60-1.87500E-01-5.00000E-02 5.00000E-02
 -1        61 2.18750E-01-5.00000E-02 5.00000E-02
 -1        62 1.56250E-01-5.00000E-02 5.00000E-02
 -1        63 9.37500E-02-5.00000E-02 5.00000E-02
 -1        64 3.12500E-02-5.00000E-02 5.00000E-02
 -1        65-3.12500E-02-5.00000E-02 5.00000E-02
 -1        66-9.37500E-02-5.00000E-02 5.00000E-02
 -1        67-1.56250E-01-5.00000E-02 5.00000E-02
 -1        68-2.18750E-01-5.00000E-02 5.00000E-02
 -1        69-2.50000E-01-3.46945E-17 5.00000E-02
 -1        70-2.50000E-01 2.50000E-02 5.00000E-02
 -1        71-2.50000E-01-2.50000E-02 5.00000E-02
 -1        72 1.87500E-01 5.00000E-02 5.00000E-02
 -1        73 1.25000E-01 5.00000E-02 5.00000E-02
 -1        74 6.25000E-02 5.00000E-02 5.00000E-02
 -1        75 0.00000E+00 5.00000E-02 5.00000E-02
 -1        76-6.25000E-02 5.00000E-02 5.00000E-02
 -1        77-1.25000E-01 5.00000E-02 5.00000E-02
 -1        78-1.87500E-01 5.00000E-02 5.00000E-02
 -1        79 2.18750E-01 5.00000E-02 5.00000E-02
 -1        80 1.56250E-01 5.00000E-02 5.00000E-02
 -1        81 9.37500E-02 5.00000E-02 5.00000E-02
 -1        82 3.12500E-02 5.00000E-02 5.00000E-02
 -1        83-3.12500E-02 5.00000E-02 5.00000E-02
 -1        84-9.37500E-02 5.00000E-02 5.00000E-02
 -1        85-1.56250E-01 5.00000E-02 5.00000E-02
 -1        86-2.18750E-01 5.00000E-02 5.00000E-02
 -1        87-2.50000E-01-5.00000E-02-3.46945E-17
 -1        88-2.50000E-01-5.00000E-02 2.50000E-02
 -1        89-2.50000E-01-5.00000E-02-2.50000E-02
 -1        90-2.50000E-01 5.00000E-02-3.46945E-17
 -1        91-2.50000E-01 5.00000E-02 2.50000E-02
 -1        92-2.50000E-01 5.00000E-02-2.50000E-02
 -1        93-1.87500E-01-3.46945E-17-5.00000E-02
 -1        94-1.25000E-01-3.46945E-17-5.00000E-02
 -1        95-6.25000E-02-4.16334E-17-5.00000E-02
 -1        96 0.00000E+00-3.46945E-17-5.00000E-02
 -1        97 6.25000E-02-2.77556E-17-5.00000E-02
 -1        98 1.25000E-01-2.08167E-17-5.00000E-02
 -1        99 1.87500E-01-3.46945E-17-5.00000E-02
 -1       100-1.87500E-01 2.50000E-02-5.00000E-02
 -1       101-2.18750E-01-3.46945E-17-5.00000E-02
 -1       102-1.25000E-01 2.50000E-02-5.00000E-02
 -1       103-1.56250E-01-3.46945E-17-5.00000E-02
 -1       104-6.25000E-02 2.50000E-02-5.00000E-02
 -1       105-9.37500E-02-3.81639E-17-5.00000E-02
 -1       106 0.00000E+00 2.50000E-02-5.00000E-02
 -1       107-3.12500E-02-3.81639E-17-5.00000E-02
 -1       108 6.25000E-02 2.50000E-02-5.00000E-02
 -1       109 3.12500E-02-3.12250E-17-5.00000E-02
 -1       110 1.25000E-01 2.50000E-02-5.00000E-02
 -1       111 9.37500E-02-2.42861E-17-5.00000E-02
 -1       112 1.87500E-01 2.50000E-02-5.00000E-02
 -1       113 1.56250E-01-2.77556E-17-5.00000E-02
 -1       114 2.18750E-01-3.46945E-17-5.00000E-02
 -1       115-1.87500E-01-2.50000E-02-5.00000E-02
 -1       116-1.25000E-01-2.50000E-02-5.00000E-02
 -1       117-6.25000E-02-2.50000E-02-5.00000E-02
 -1       118 0.00000E+00-2.50000E-02-5.00000E-02
 -1       119 6.25000E-02-2.50000E-02-5.00000E-02
 -1       120 1.25000E-01-2.50000E-02-5.00000E-02
 -1       121 1.87500E-01-2.50000E-02-5.00000E-02
 -1       122 2.50000E-01-4.85723E-17 4.16334E-17
 -1       123 2.50000E-01 2.50000E-02 3.81639E-17
 -1       124 2.50000E-01-4.16334E-17-2.50000E-02
 -1       125 2.50000E-01-4.16334E-17 2.50000E-02
 -1       126 2.50000E-01-2.50000E-02 3.81639E-17
 -1       127 1.87500E-01-3.46945E-17 5.00000E-02
 -1       128 1.25000E-01-3.46945E-17 5.00000E-02
 -1       129 6.25000E-02-4.16334E-17 5.00000E-02
 -1       130 0.00000E+00-3.46945E-17 5.00000E-02
 -1       131-6.25000E-02-2.77556E-17 5.00000E-02
 -1       132-1.25000E-01-2.08167E-17 5.00000E-02
 -1       133-1.87500E-01-3.46945E-17 5.00000E-02
 -1       134 1.87500E-01 2.50000E-02 5.00000E-02
 -1       135 2.18750E-01-3.46945E-17 5.00000E-02
 -1       136 1.25000E-01 2.50000E-02 5.00000E-02
 -1       137 1.56250E-01-3.46945E-17 5.00000E-02
 -1       138 6.25000E-02 2.50000E-02 5.00000E-02
 -1       139 9.37500E-02-3.81639E-17 5.00000E-02
 -1       140 0.00000E+00 2.50000E-02 5.00000E-02
 -1       141 3.12500E-02-3.81639E-17 5.00000E-02
 -1       142-6.25000E-02 2.50000E-02 5.00000E-02
 -1       143-3.12500E-02-3.12250E-17 5.00000E-02
 -1       144-1.25000E-01 2.50000E-02 5.00000E-02
 -1       145-9.37500E-02-2.42861E-17 5.00000E-02
 -1       146-1.87500E-01 2.50000E-02 5.00000E-02
 -1       147-1.56250E-01-2.77556E-17 5.00000E-02
 -1       148-2.18750E-01-3.46945E-17 5.00000E-02
 -1       149 1.87500E-01-2.50000E-02 5.00000E-02
 -1       150 1.25000E-01-2.50000E-02 5.00000E-02
 -1       151 6.25000E-02-2.50000E-02 5.00000E-02
 -1       152 0.00000E+00-2.50000E-02 5.00000E-02
 -1       153-6.25000E-02-2.50000E-02 5.00000E-02
 -1       154-1.25000E-01-2.50000E-02 5.00000E-02
 -1       155-1.87500E-01-2.50000E-02 5.00000E-02
 -1       156-2.50000E-01-2.08167E-17-3.46945E-17
 -1       157-2.50000E-01 2.50000E-02-3.46945E-17
 -1       158-2.50000E-01-2.77556E-17 2.50000E-02
 -1       159-2.50000E-01-2.77556E-17-2.50000E-02
 -1       160-2.50000E-01-2.50000E-02-3.46945E-17
 -1       161-1.87500E-01 5.00000E-02-2.60209E-17
 -1       162-1.25000E-01 5.00000E-02-1.73472E-17
 -1       163-6.25000E-02 5.00000E-02-8.67362E-18
 -1       164-1.00000E-17 5.00000E-02 0.00000E+00
 -1       165 6.25000E-02 5.00000E-02 8.67362E-18
 -1       166 1.25000E-01 5.00000E-02 1.73472E-17
 -1       167 1.87500E-01 5.00000E-02 2.60209E-17
 -1       168-1.87500E-01 5.00000E-02 2.50000E-02
 -1       169-2.18750E-01 5.00000E-02-3.03577E-17
 -1       170-1.25000E-01 5.00000E-02 2.50000E-02
 -1       171-1.56250E-01 5.00000E-02-2.16840E-17
 -1       172-6.25000E-02 5.00000E-02 2.50000E-02
 -1       173-9.37500E-02 5.00000E-02-1.30104E-17
 -1       174-5.00000E-18 5.00000E-02 2.50000E-02
 -1       175-3.12500E-02 5.00000E-02-4.33681E-18
 -1       176 6.25000E-02 5.00000E-02 2.50000E-02
 -1       177 3.12500E-02 5.00000E-02 4.33681E-18
 -1       178 1.25000E-01 5.00000E-02 2.50000E-02
 -1       179 9.37500E-02 5.00000E-02 1.30104E-17
 -1       180 1.87500E-01 5.00000E-02 2.50000E-02
 -1       181 1.56250E-01 5.00000E-02 2.16840E-17
 -1       182 2.18750E-01 5.00000E-02 3.03577E-17
 -1       183-1.87500E-01 5.00000E-02-2.50000E-02
 -1       184-1.25000E-01 5.00000E-02-2.50000E-02
 -1       185-6.25000E-02 5.00000E-02-2.50000E-02
 -1       186-5.00000E-18 5.00000E-02-2.50000E-02
 -1       187 6.25000E-02 5.00000E-02-2.50000E-02
 -1       188 1.25000E-01 5.00000E-02-2.50000E-02
 -1       189 1.87500E-01 5.00000E-02-2.50000E-02
 -1       190-1.87500E-01-5.00000E-02-2.60209E-17
 -1       191-1.25000E-01-5.00000E-02-1.73472E-17
 -1       192-6.25000E-02-5.00000E-02-8.67362E-18
 -1       193-1.00000E-17-5.00000E-02 0.00000E+00
 -1       194 6.25000E-02-5.00000E-02 8.67362E-18
 -1       195 1.25000E-01-5.00000E-02 1.73472E-17
 -1       196 1.87500E-01-5.00000E-02 2.60209E-17
 -1       197-2.18750E-01-5.00000E-02-3.03577E-17
 -1       198-1.87500E-01-5.00000E-02 2.50000E-02
 -1       199-1.56250E-01-5.00000E-02-2.16840E-17
 -1       200-1.25000E-01-5.00000E-02 2.50000E-02
 -1       201-9.37500E-02-5.00000E-02-1.30104E-17
 -1       202-6.25000E-02-5.00000E-02 2.50000E-02
 -1       203-3.12500E-02-5.00000E-02-4.33681E-18
 -1       204-5.00000E-18-5.00000E-02 2.50000E-02
 -1       205 3.12500E-02-5.00000E-02 4.33681E-18
 -1       206 6.25000E-02-5.00000E-02 2.50000E-02
 -1       207 9.37500E-02-5.00000E-02 1.30104E-17
 -1       208 1.25000E-01-5.00000E-02 2.50000E-02
 -1       209 1.56250E-01-5.00000E-02 2.16840E-17
 -1       210 1.87500E-01-5.00000E-02 2.50000E-02
 -1       211 2.18750E-01-5.00000E-02 3.03577E-17
 -1       212-1.87500E-01-5.00000E-02-2.50000E-02
 -1       213-1.25000E-01-5.00000E-02-2.50000E-02
 -1       214-6.25000E-02-5.00000E-02-2.50000E-02
 -1       215-5.00000E-18-5.00000E-02-2.50000E-02
 -1       216 6.25000E-02-5.00000E-02-2.50000E-02
 -1       217 1.25000E-01-5.00000E-02-2.50000E-02
 -1       218 1.87500E-01-5.00000E-02-2.50000E-02
 -1       219-1.87500E-01-3.16587E-17-2.21177E-17
 -1       220-1.25000E-01-3.03577E-17-1.82146E-17
 -1       221-6.25000E-02-3.72966E-17-1.04083E-17
 -1       222 0.00000E+00-3.46945E-17 3.46945E-18
 -1       223 6.25000E-02-3.64292E-17 1.04083E-17
 -1       224 1.25000E-01-3.29597E-17 1.38778E-17
 -1       225 1.87500E-01-3.12250E-17 3.46945E-17
 -1       226-1.87500E-01-3.31766E-17-2.50000E-02
 -1       227-2.18750E-01-2.62377E-17-2.84061E-17
 -1       228-1.87500E-01 2.50000E-02-2.40693E-17
 -1       229-1.87500E-01-3.31766E-17 2.50000E-02
 -1       230-1.25000E-01-3.25261E-17-2.50000E-02
 -1       231-1.56250E-01-3.10082E-17-2.01662E-17
 -1       232-1.25000E-01 2.50000E-02-1.77809E-17
 -1       233-1.25000E-01-2.55872E-17 2.50000E-02
 -1       234-6.25000E-02-3.94650E-17-2.50000E-02
 -1       235-9.37500E-02-3.38271E-17-1.43115E-17
 -1       236-6.25000E-02 2.50000E-02-9.54098E-18
 -1       237-6.25000E-02-3.25261E-17 2.50000E-02
 -1       238 0.00000E+00-3.46945E-17-2.50000E-02
 -1       239-3.12500E-02-3.59955E-17-3.46945E-18
 -1       240-5.00000E-18 2.50000E-02 1.73472E-18
 -1       241 0.00000E+00-3.46945E-17 2.50000E-02
 -1       242 6.25000E-02-3.20924E-17-2.50000E-02
 -1       243 3.12500E-02-3.55618E-17 6.93889E-18
 -1       244 6.25000E-02 2.50000E-02 9.54098E-18
 -1       245 6.25000E-02-3.90313E-17 2.50000E-02
 -1       246 1.25000E-01-2.68882E-17-2.50000E-02
 -1       247 9.37500E-02-3.46945E-17 1.21431E-17
 -1       248 1.25000E-01 2.50000E-02 1.56125E-17
 -1       249 1.25000E-01-3.38271E-17 2.50000E-02
 -1       250 1.87500E-01-3.29597E-17-2.50000E-02
 -1       251 1.56250E-01-3.20924E-17 2.42861E-17
 -1       252 1.87500E-01 2.50000E-02 3.03577E-17
 -1       253 1.87500E-01-3.29597E-17 2.50000E-02
 -1       254 2.18750E-01-3.98986E-17 3.81639E-17
 -1       255-1.87500E-01-2.50000E-02-2.40693E-17
 -1       256-1.25000E-01-2.50000E-02-1.77809E-17
 -1       257-6.25000E-02-2.50000E-02-9.54098E-18
 -1       258-5.00000E-18-2.50000E-02 1.73472E-18
 -1       259 6.25000E-02-2.50000E-02 9.54098E-18
 -1       260 1.25000E-01-2.50000E-02 1.56125E-17
 -1       261 1.87500E-01-2.50000E-02 3.03577E-17
 -3
    3C                            32                                     1
 -1         1    4    0    1
 -2         1         9        93        30        90       156       219       161        10       101
 -2       100        37        92       159       226       183       157       227       228       169
 -1         2    4    0    1
 -2        90       156       219       161         8        69       133        78       157       227
 -2       228       169        91       158       229       168        70       148       146        86
 -1         3    4    0    1
 -2        30        93        94        31       161       219       220       162       100       103
 -2       102        38       183       226       230       184       228       231       232       171
 -1         4    4    0    1
 -2       161       219       220       162        78       133       132        77       228       231
 -2       232       171       168       229       233       170       146       147       144        85
 -1         5    4    0    1
 -2        31        94        95        32       162       220       221       163       102       105
 -2       104        39       184       230       234       185       232       235       236       173
 -1         6    4    0    1
 -2       162       220       221       163        77       132       131        76       232       235
 -2       236       173       170       233       237       172       144       145       142        84
 -1         7    4    0    1
 -2        32        95        96        33       163       221       222       164       104       107
 -2       106        40       185       234       238       186       236       239       240       175
 -1         8    4    0    1
 -2       163       221       222       164        76       131       130        75       236       239
 -2       240       175       172       237       241       174       142       143       140        83
 -1         9    4    0    1
 -2        33        96        97        34       164       222       223       165       106       109
 -2       108        41       186       238       242       187       240       243       244       177
 -1        10    4    0    1
 -2       164       222       223       165        75       130       129        74       240       243
 -2       244       177       174       241       245       176       140       141       138        82
 -1        11    4    0    1
 -2        34        97        98        35       165       223       224       166       108       111
 -2       110        42       187       242       246       188       244       247       248       179
 -1        12    4    0    1
 -2       165       223       224       166        74       129       128        73       244       247
 -2       248       179       176       245       249       178       138       139       136        81
 -1        13    4    0    1
 -2        35        98        99        36       166       224       225       167       110       113
 -2       112        43       188       246       250       189       248       251       252       181
 -1        14    4    0    1
 -2       166       224       225       167        73       128       127        72       248       251
 -2       252       181       178       249       253       180       136       137       134        80
 -1        15    4    0    1
 -2        36        99        27         4       167       225       122        51       112       114
 -2        28        44       189       250       124        52       252       254       123       182
 -1        16    4    0    1
 -2       167       225       122        51        72       127        48         6       252       254
 -2       123       182       180       253       125        53       134       135        49        79
 -1        17    4    0    1
 -2         9         2        12        93       156        87       190       219        11        19
 -2       115       101       159        89       212       226       160       197       255       227
 -1        18    4    0    1
 -2       156        87       190       219        69         7        60       133       160       197
 -2       255       227       158        88       198       229        71        68       155       148
 -1        19    4    0    1
 -2        93        12        13        94       219       190       191       220       115        20
 -2       116       103       226       212       213       230       255       199       256       231
 -1        20    4    0    1
 -2       219       190       191       220       133        60        59       132       255       199
 -2       256       231       229       198       200       233       155        67       154       147
 -1        21    4    0    1
 -2        94        13        14        95       220       191       192       221       116        21
 -2       117       105       230       213       214       234       256       201       257       235
 -1        22    4    0    1
 -2       220       191       192       221       132        59        58       131       256       201
 -2       257       235       233       200       202       237       154        66       153       145
 -1        23    4    0    1
 -2        95        14        15        96       221       192       193       222       117        22
 -2       118       107       234       214       215       238       257       203       258       239
 -1        24    4    0    1
 -2       221       192       193       222       131        58        57       130       257       203
 -2       258       239       237       202       204       241       153        65       152       143
 -1        25    4    0    1
 -2        96        15        16        97       222       193       194       223       118        23
 -2       119       109       238       215       216       242       258       205       259       243
 -1        26    4    0    1
 -2       222       193       194       223       130        57        56       129       258       205
 -2       259       243       241       204       206       245       152        64       151       141
 -1        27    4    0    1
 -2        97        16        17        98       223       194       195       224       119        24
 -2       120       111       242       216       217       246       259       207       260       247
 -1        28    4    0    1
 -2       223       194       195       224       129        56        55       128       259       207
 -2       260       247       245       206       208       249       151        63       150       139
 -1        29    4    0    1
 -2        98        17        18        99       224       195       196       225       120        25
 -2       121       113       246       217       218       250       260       209       261       251
 -1        30    4    0    1
 -2       224       195       196       225       128        55        54       127       260       209
 -2       261       251       249       208       210       253       150        62       149       137
 -1        31    4    0    1
 -2        99        18         3        27       225       196        45       122       121        26
 -2        29       114       250       218        46       124       261       211       126       254
 -1        32    4    0    1
 -2       225       196        45       122       127        54         5        48       261       211
 -2       126       254       253       210        47       125       149        61        50       135
 -3
    1PSTEP                         1           1           1          
  100CL  101 1.000000000         261                     0    1           1
 -4  DISP        4    1
 -5  D1          1    2    1    0
 -5  D2          1    2    2    0
 -5  D3          1    2    3    0
 -5  ALL         1    2    0    0    1ALL
 -1         1 0.00000E+00 0.00000E+00 0.00000E+00
 -1         2 0.00000E+00 0.00000E+00 0.00000E+00
 -1         3-3.53293E-06-2.40599E-05 1.17550E-08
 -1         4 3.53563E-06-2.40599E-05 1.38276E-08
 -1         5-3.53570E-06-2.40598E-05 1.39301E-08
 -1         6 3.53283E-06-2.40598E-05 1.16830E-08
 -1         7 0.00000E+00 0.00000E+00 0.00000E+00
 -1         8 0.00000E+00 0.00000E+00 0.00000E+00
 -1         9 0.00000E+00 0.00000E+00 0.00000E+00
 -1        10 0.00000E+00 0.00000E+00 0.00000E+00
 -1        11 0.00000E+00 0.00000E+00 0.00000E+00
 -1        12-8.01077E-07-5.69563E-07-1.65928E-07
 -1        13-1.52214E-06-2.10969E-06-1.48320E-07
 -1        14-2.13392E-06-4.48962E-06-1.21393E-07
 -1        15-2.63646E-06-7.56498E-06-9.46382E-08
 -1        16-3.02697E-06-1.11990E-05-6.76008E-08
 -1        17-3.30614E-06-1.52513E-05-4.06401E-08
 -1        18-3.47372E-06-1.95827E-05-1.40640E-08
 -1        19-4.00864E-07-1.77190E-07-1.52745E-07
 -1        20-1.17536E-06-1.22799E-06-1.60472E-07
 -1        21-1.84085E-06-3.20428E-06-1.34947E-07
 -1        22-2.39896E-06-5.94873E-06-1.08034E-07
 -1        23-2.84527E-06-9.32099E-06-8.11249E-08
 -1        24-3.18019E-06-1.31815E-05-5.41119E-08
 -1        25-3.40346E-06-1.73908E-05-2.72167E-08
 -1        26-3.51587E-06-2.18081E-05-1.78044E-09
 -1        27 1.32214E-09-2.40457E-05 1.27806E-08
 -1        28 1.75435E-06-2.40524E-05 1.15396E-08
 -1        29-1.75167E-06-2.40524E-05 1.40431E-08
 -1        30 8.02435E-07-5.69816E-07 1.67055E-07
 -1        31 1.52451E-06-2.10987E-06 1.51978E-07
 -1        32 2.13680E-06-4.48968E-06 1.28487E-07
 -1        33 2.63960E-06-7.56503E-06 1.05456E-07
 -1        34 3.03006E-06-1.11990E-05 8.23185E-08
 -1        35 3.30907E-06-1.52513E-05 5.92246E-08
 -1        36 3.47646E-06-1.95827E-05 3.62441E-08
 -1        37 4.01582E-07-1.77441E-07 1.53138E-07
 -1        38 1.17725E-06-1.22822E-06 1.62719E-07
 -1        39 1.84356E-06-3.20439E-06 1.40251E-07
 -1        40 2.40198E-06-5.94878E-06 1.16962E-07
 -1        41 2.84843E-06-9.32099E-06 9.38794E-08
 -1        42 3.18320E-06-1.31815E-05 7.07783E-08
 -1        43 3.40630E-06-1.73908E-05 4.76285E-08
 -1        44 3.51858E-06-2.18081E-05 2.56630E-08
 -1        45-3.54123E-06-2.40650E-05 1.28473E-08
 -1        46-3.53966E-06-2.40634E-05 1.16337E-08
 -1        47-3.54105E-06-2.40633E-05 1.40477E-08
 -1        48-1.42798E-09-2.40457E-05 1.27950E-08
 -1        49 1.75159E-06-2.40523E-05 1.40017E-08
 -1        50-1.75444E-06-2.40523E-05 1.16107E-08
 -1        51 3.54115E-06-2.40650E-05 1.27615E-08
 -1        52 3.54098E-06-2.40634E-05 1.39626E-08
 -1        53 3.53956E-06-2.40633E-05 1.15621E-08
 -1        54-3.47651E-06-1.95826E-05 3.63558E-08
 -1        55-3.30911E-06-1.52512E-05 5.93495E-08
 -1        56-3.03001E-06-1.11989E-05 8.24201E-08
 -1        57-2.63944E-06-7.56506E-06 1.05447E-07
 -1        58-2.13667E-06-4.48980E-06 1.28367E-07
 -1        59-1.52439E-06-2.11003E-06 1.51825E-07
 -1        60-8.02406E-07-5.69926E-07 1.66916E-07
 -1        61-3.51863E-06-2.18080E-05 2.57681E-08
 -1        62-3.40634E-06-1.73907E-05 4.77646E-08
 -1        63-3.18320E-06-1.31814E-05 7.08916E-08
 -1        64-2.84834E-06-9.32096E-06 9.39293E-08
 -1        65-2.40180E-06-5.94885E-06 1.16892E-07
 -1        66-1.84343E-06-3.20454E-06 1.40105E-07
 -1        67-1.17718E-06-1.22835E-06 1.62571E-07
 -1        68-4.01572E-07-1.77489E-07 1.53061E-07
 -1        69 0.00000E+00 0.00000E+00 0.00000E+00
 -1        70 0.00000E+00 0.00000E+00 0.00000E+00
 -1        71 0.00000E+00 0.00000E+00 0.00000E+00
 -1        72 3.47362E-06-1.95826E-05-1.41857E-08
 -1        73 3.30614E-06-1.52512E-05-4.07645E-08
 -1        74 3.02701E-06-1.11989E-05-6.76742E-08
 -1        75 2.63664E-06-7.56500E-06-9.46192E-08
 -1        76 2.13404E-06-4.48973E-06-1.21280E-07
 -1        77 1.52225E-06-2.10985E-06-1.48177E-07
 -1        78 8.01155E-07-5.69685E-07-1.65840E-07
 -1        79 3.51576E-06-2.18080E-05-1.86242E-09
 -1        80 3.40340E-06-1.73907E-05-2.73624E-08
 -1        81 3.18021E-06-1.31814E-05-5.42068E-08
 -1        82 2.84541E-06-9.32093E-06-8.11450E-08
 -1        83 2.39909E-06-5.94881E-06-1.07954E-07
 -1        84 1.84100E-06-3.20442E-06-1.34814E-07
 -1        85 1.17543E-06-1.22815E-06-1.60343E-07
 -1        86 4.00926E-07-1.77253E-07-1.52704E-07
 -1        87 0.00000E+00 0.00000E+00 0.00000E+00
 -1        88 0.00000E+00 0.00000E+00 0.00000E+00
 -1        89 0.00000E+00 0.00000E+00 0.00000E+00
 -1        90 0.00000E+00 0.00000E+00 0.00000E+00
 -1        91 0.00000E+00 0.00000E+00 0.00000E+00
 -1        92 0.00000E+00 0.00000E+00 0.00000E+00
 -1        93 6.93786E-10-4.93408E-07 6.19261E-10
 -1        94 1.18764E-09-2.03605E-06 1.86484E-09
 -1        95 1.44364E-09-4.42701E-06 3.56286E-09
 -1        96 1.57359E-09-7.51507E-06 5.42197E-09
 -1        97 1.54869E-09-1.11615E-05 7.36024E-09
 -1        98 1.47678E-09-1.52262E-05 9.29375E-09
 -1        99 1.35788E-09-1.95695E-05 1.10820E-08
 -1       100 3.91905E-07-5.03248E-07 8.46855E-08
 -1       101 3.47468E-10-8.02999E-08 2.41590E-10
 -1       102 7.50924E-07-2.05596E-06 7.69294E-08
 -1       103 9.58200E-10-1.14708E-06 1.17546E-09
 -1       104 1.05823E-06-4.44227E-06 6.60691E-08
 -1       105 1.35773E-09-3.13539E-06 2.67778E-09
 -1       106 1.30939E-06-7.52766E-06 5.54225E-08
 -1       107 1.50806E-09-5.89254E-06 4.47772E-09
 -1       108 1.50471E-06-1.11708E-05 4.48509E-08
 -1       109 1.58907E-09-9.27724E-06 6.38356E-09
 -1       110 1.64412E-06-1.52325E-05 3.42317E-08
 -1       111 1.51137E-09-1.31503E-05 8.32728E-09
 -1       112 1.72795E-06-1.95730E-05 2.37374E-08
 -1       113 1.42308E-09-1.73720E-05 1.02018E-08
 -1       114 1.32839E-09-2.18036E-05 1.19369E-08
 -1       115-3.90532E-07-5.03127E-07-8.34633E-08
 -1       116-7.48565E-07-2.05587E-06-7.32156E-08
 -1       117-1.05534E-06-4.44224E-06-5.89566E-08
 -1       118-1.30627E-06-7.52764E-06-4.45914E-08
 -1       119-1.50160E-06-1.11708E-05-3.01264E-08
 -1       120-1.64118E-06-1.52325E-05-1.56711E-08
 -1       121-1.72522E-06-1.95731E-05-1.57163E-09
 -1       122-3.84547E-11-2.40509E-05 1.28010E-08
 -1       123 1.75800E-06-2.40576E-05 1.27840E-08
 -1       124 6.52865E-10-2.40482E-05 1.27881E-08
 -1       125-7.29651E-10-2.40482E-05 1.28030E-08
 -1       126-1.75808E-06-2.40576E-05 1.28195E-08
 -1       127-1.44751E-09-1.95694E-05 1.10945E-08
 -1       128-1.47627E-09-1.52261E-05 9.27825E-09
 -1       129-1.50139E-09-1.11614E-05 7.37096E-09
 -1       130-1.41282E-09-7.51508E-06 5.42532E-09
 -1       131-1.31704E-09-4.42712E-06 3.56701E-09
 -1       132-1.06507E-09-2.03620E-06 1.87405E-09
 -1       133-6.34458E-10-4.93525E-07 6.04060E-10
 -1       134 1.72514E-06-1.95729E-05-1.63447E-09
 -1       135-1.43358E-09-2.18036E-05 1.19476E-08
 -1       136 1.64116E-06-1.52324E-05-1.57233E-08
 -1       137-1.45569E-09-1.73719E-05 1.01989E-08
 -1       138 1.50167E-06-1.11707E-05-3.01578E-08
 -1       139-1.48324E-09-1.31502E-05 8.33503E-09
 -1       140 1.30642E-06-7.52765E-06-4.45754E-08
 -1       141-1.47831E-09-9.27720E-06 6.40052E-09
 -1       142 1.05549E-06-4.44236E-06-5.89023E-08
 -1       143-1.35135E-09-5.89261E-06 4.47311E-09
 -1       144 7.48673E-07-2.05603E-06-7.31429E-08
 -1       145-1.22860E-09-3.13552E-06 2.67797E-09
 -1       146 3.90582E-07-5.03248E-07-8.34257E-08
 -1       147-8.64951E-10-1.14723E-06 1.16874E-09
 -1       148-3.20806E-10-8.03627E-08 2.28823E-10
 -1       149-1.72802E-06-1.95729E-05 2.37981E-08
 -1       150-1.64413E-06-1.52324E-05 3.42885E-08
 -1       151-1.50466E-06-1.11707E-05 4.49060E-08
 -1       152-1.30927E-06-7.52768E-06 5.54195E-08
 -1       153-1.05811E-06-4.44239E-06 6.60159E-08
 -1       154-7.50819E-07-2.05612E-06 7.68522E-08
 -1       155-3.91839E-07-5.03363E-07 8.46128E-08
 -1       156 0.00000E+00 0.00000E+00 0.00000E+00
 -1       157 0.00000E+00 0.00000E+00 0.00000E+00
 -1       158 0.00000E+00 0.00000E+00 0.00000E+00
 -1       159 0.00000E+00 0.00000E+00 0.00000E+00
 -1       160 0.00000E+00 0.00000E+00 0.00000E+00
 -1       161 8.05767E-07-6.53671E-07 5.53803E-10
 -1       162 1.52592E-06-2.18486E-06 1.85388E-09
 -1       163 2.14016E-06-4.55222E-06 3.57835E-09
 -1       164 2.64256E-06-7.61500E-06 5.41404E-09
 -1       165 3.03304E-06-1.12364E-05 7.33377E-09
 -1       166 3.31211E-06-1.52763E-05 9.23432E-09
 -1       167 3.47942E-06-1.95955E-05 1.10318E-08
 -1       168 7.99392E-07-6.36512E-07-7.95107E-08
 -1       169 3.82741E-07-2.41018E-07 1.42676E-10
 -1       170 1.52725E-06-2.16538E-06-7.39201E-08
 -1       171 1.17945E-06-1.30918E-06 1.13558E-09
 -1       172 2.13923E-06-4.53674E-06-5.87043E-08
 -1       173 1.84672E-06-3.27287E-06 2.68624E-09
 -1       174 2.64185E-06-7.60247E-06-4.46381E-08
 -1       175 2.40500E-06-6.00507E-06 4.48603E-09
 -1       176 3.03230E-06-1.12270E-05-3.01627E-08
 -1       177 2.85143E-06-9.36472E-06 6.36899E-09
 -1       178 3.31139E-06-1.52700E-05-1.57916E-08
 -1       179 3.18620E-06-1.32127E-05 8.28905E-09
 -1       180 3.47871E-06-1.95922E-05-1.49226E-09
 -1       181 3.40935E-06-1.74095E-05 1.01401E-08
 -1       182 3.52250E-06-2.18157E-05 1.18835E-08
 -1       183 7.99988E-07-6.36577E-07 8.06290E-08
 -1       184 1.52833E-06-2.16538E-06 7.76579E-08
 -1       185 2.14059E-06-4.53672E-06 6.58768E-08
 -1       186 2.64334E-06-7.60249E-06 5.54619E-08
 -1       187 3.03382E-06-1.12271E-05 4.48165E-08
 -1       188 3.31285E-06-1.52700E-05 3.42575E-08
 -1       189 3.48012E-06-1.95922E-05 2.35571E-08
 -1       190-8.05705E-07-6.53644E-07 4.46896E-10
 -1       191-1.52580E-06-2.18486E-06 1.71207E-09
 -1       192-2.14000E-06-4.55222E-06 3.47211E-09
 -1       193-2.64240E-06-7.61502E-06 5.39321E-09
 -1       194-3.03299E-06-1.12364E-05 7.42107E-09
 -1       195-3.31216E-06-1.52763E-05 9.35369E-09
 -1       196-3.47949E-06-1.95955E-05 1.11568E-08
 -1       197-3.82719E-07-2.41001E-07 7.96261E-11
 -1       198-7.99945E-07-6.36620E-07 8.05022E-08
 -1       199-1.17936E-06-1.30916E-06 9.97715E-10
 -1       200-1.52822E-06-2.16545E-06 7.75162E-08
 -1       201-1.84658E-06-3.27287E-06 2.54768E-09
 -1       202-2.14044E-06-4.53678E-06 6.57579E-08
 -1       203-2.40484E-06-6.00507E-06 4.41459E-09
 -1       204-2.64319E-06-7.60251E-06 5.54485E-08
 -1       205-2.85131E-06-9.36473E-06 6.39921E-09
 -1       206-3.03376E-06-1.12271E-05 4.49181E-08
 -1       207-3.18619E-06-1.32127E-05 8.39654E-09
 -1       208-3.31288E-06-1.52700E-05 3.43759E-08
 -1       209-3.40941E-06-1.74095E-05 1.02715E-08
 -1       210-3.48017E-06-1.95922E-05 2.36768E-08
 -1       211-3.52256E-06-2.18157E-05 1.20053E-08
 -1       212-7.99310E-07-6.36435E-07-7.96044E-08
 -1       213-1.52714E-06-2.16529E-06-7.40684E-08
 -1       214-2.13910E-06-4.53668E-06-5.88089E-08
 -1       215-2.64173E-06-7.60248E-06-4.46562E-08
 -1       216-3.03225E-06-1.12271E-05-3.00827E-08
 -1       217-3.31142E-06-1.52701E-05-1.56650E-08
 -1       218-3.47877E-06-1.95922E-05-1.36646E-09
 -1       219 2.84819E-11-5.69057E-07 5.54851E-10
 -1       220 5.54272E-11-2.11034E-06 1.83052E-09
 -1       221 8.56884E-11-4.48954E-06 3.55284E-09
 -1       222 7.79488E-11-7.56505E-06 5.40882E-09
 -1       223 2.29787E-11-1.11989E-05 7.36575E-09
 -1       224-1.87609E-11-1.52512E-05 9.29172E-09
 -1       225-4.77406E-11-1.95824E-05 1.10860E-08
 -1       226 3.39279E-10-5.56477E-07 5.62694E-10
 -1       227 7.10155E-12-1.43634E-07 1.60743E-10
 -1       228 3.88885E-07-5.81015E-07 5.70967E-10
 -1       229-2.78302E-10-5.56532E-07 5.57858E-10
 -1       230 6.00004E-10-2.09094E-06 1.83939E-09
 -1       231 5.38797E-11-1.22552E-06 1.11863E-09
 -1       232 7.53635E-07-2.13103E-06 1.84866E-09
 -1       233-4.88124E-10-2.09101E-06 1.84461E-09
 -1       234 7.49420E-10-4.47417E-06 3.55277E-09
 -1       235 6.65924E-11-3.20435E-06 2.64999E-09
 -1       236 1.06101E-06-4.50471E-06 3.56649E-09
 -1       237-6.05535E-10-4.47423E-06 3.55561E-09
 -1       238 8.10164E-10-7.55250E-06 5.41409E-09
 -1       239 9.09815E-11-5.94878E-06 4.46801E-09
 -1       240 1.31202E-06-7.57767E-06 5.41729E-09
 -1       241-6.68315E-10-7.55251E-06 5.41427E-09
 -1       242 7.83417E-10-1.11896E-05 7.36219E-09
 -1       243 6.26594E-11-9.32097E-06 6.39366E-09
 -1       244 1.50732E-06-1.12083E-05 7.34990E-09
 -1       245-7.31315E-10-1.11895E-05 7.37190E-09
 -1       246 7.27251E-10-1.52450E-05 9.29639E-09
 -1       247-6.13733E-12-1.31815E-05 8.33699E-09
 -1       248 1.64676E-06-1.52575E-05 9.25747E-09
 -1       249-7.51117E-10-1.52449E-05 9.28506E-09
 -1       250 6.65370E-10-1.95791E-05 1.10875E-08
 -1       251-3.80128E-11-1.73907E-05 1.02065E-08
 -1       252 1.73056E-06-1.95859E-05 1.10595E-08
 -1       253-7.49249E-10-1.95790E-05 1.10903E-08
 -1       254-4.53084E-11-2.18105E-05 1.19492E-08
 -1       255-3.88825E-07-5.80999E-07 5.23339E-10
 -1       256-7.53519E-07-2.13103E-06 1.78699E-09
 -1       257-1.06086E-06-4.50470E-06 3.50976E-09
 -1       258-1.31187E-06-7.57767E-06 5.40489E-09
 -1       259-1.50726E-06-1.12083E-05 7.38846E-09
 -1       260-1.64679E-06-1.52575E-05 9.32055E-09
 -1       261-1.73064E-06-1.95859E-05 1.11170E-08
 -3
    1PSTEP                         2           1           1          
  100CL  101 1.000000000         261                     0    1           1
 -4  STRESS      6    1
 -5  SXX         1    4    1    1
 -5  SYY         1    4    2    2
 -5  SZZ         1    4    3    3
 -5  SXY         1    4    1    2
 -5  SYZ         1    4    2    3
 -5  SZX         1    4    3    1
 -1         1 3.45304E+06 1.34287E+06 1.34287E+06-1.83679E+05-2.91639E-01 5.84718E+05
 -1         2-3.44653E+06-1.34034E+06-1.34033E+06-1.82692E+05-2.91152E-01-5.84133E+05
 -1         3-9.01113E+03 6.64411E+04 9.45336E+03-5.43726E+04-1.23817E+03 6.60250E+03
 -1         4 9.16742E+03-6.63121E+04-9.25392E+03-5.44928E+04-1.23783E+03-6.67015E+03
 -1         5-9.14672E+03 6.65470E+04 9.54707E+03-5.45618E+04 1.39028E+03-6.66168E+03
 -1         6 9.26356E+03-6.64097E+04-9.43824E+03-5.45473E+04 1.30088E+03 6.62515E+03
 -1         7-3.45299E+06-1.34285E+06-1.34285E+06-1.83784E+05 2.91777E-01 5.84494E+05
 -1         8 3.44727E+06 1.34062E+06 1.34062E+06-1.82862E+05 2.91046E-01-5.84030E+05
 -1         9 2.98996E+03 1.16278E+03 1.16278E+03 2.26030E+05-3.36635E-01 4.55564E+02
 -1        10 1.68662E+06 6.55888E+05 6.55890E+05 5.83952E+04 8.97568E-01 2.93704E+05
 -1        11-1.68037E+06-6.53458E+05-6.53460E+05 5.88806E+04 8.96408E-01-2.92903E+05
 -1        12-2.61496E+06 7.53820E+04 4.03776E+04 4.94057E+03-3.29698E+04 9.62455E+04
 -1        13-2.25193E+06-4.27198E+04-2.52222E+04-3.78444E+04 4.93650E+03 1.09842E+04
 -1        14-1.87441E+06 9.40644E+03 4.77416E+03-4.92781E+04-1.40897E+03 1.13864E+04
 -1        15-1.49983E+06-2.45462E+03-1.07943E+03-4.78175E+04 3.00265E+02 1.04877E+04
 -1        16-1.12544E+06 4.11417E+02 1.98487E+02-4.82284E+04-3.60894E+01 1.06674E+04
 -1        17-7.49647E+05 6.35463E+02-1.19310E+02-4.77350E+04 1.43558E+01 1.06840E+04
 -1        18-3.72029E+05 4.17260E+03 4.39006E+03-4.15799E+04-6.78006E+02 8.70409E+03
 -1        19-2.78812E+06-1.81197E+05-1.63182E+05-5.76235E+04 6.21720E+04-1.74623E+05
 -1        20-2.39193E+06 6.40649E+04 4.63114E+04-2.07485E+04-1.11741E+04 1.95513E+04
 -1        21-2.06146E+06-1.24120E+04-8.33844E+03-2.64286E+04 2.33873E+03 8.52591E+03
 -1        22-1.68719E+06 3.16188E+03 1.76343E+03-2.57309E+04-5.81538E+02 1.08860E+04
 -1        23-1.31246E+06-7.68725E+02-3.14253E+02-2.59162E+04 1.31413E+02 1.05578E+04
 -1        24-9.38048E+05 1.52261E+02-1.91064E+02-2.56937E+04 3.01007E+01 1.06122E+04
 -1        25-5.63017E+05-1.14934E+02 3.26889E+02-2.62531E+04-2.69136E+02 1.05439E+04
 -1        26-2.04065E+05-1.10632E+04-7.20897E+03-2.35085E+04 2.38609E+03 7.32973E+03
 -1        27 5.79059E+00-1.17022E+02 8.59414E+00-1.90236E+05-1.76696E+04 4.02114E+01
 -1        28-1.84116E+04-6.84828E+04-1.35163E+04-1.25852E+05-9.55414E+03-3.15441E+03
 -1        29 1.84797E+04 6.84080E+04 1.35607E+04-1.25853E+05-9.61457E+03 3.16134E+03
 -1        30 2.61875E+06-7.55264E+04-4.05354E+04 5.06797E+03-3.30526E+04-9.61129E+04
 -1        31 2.25494E+06 4.29193E+04 2.53579E+04-3.75828E+04 4.94642E+03-1.08912E+04
 -1        32 1.87523E+06-9.43842E+03-4.80285E+03-4.93286E+04-1.40940E+03-1.12017E+04
 -1        33 1.50052E+06 2.60136E+03 1.15656E+03-4.75808E+04 3.75411E+02-1.05998E+04
 -1        34 1.12462E+06-6.16911E+02-3.71230E+02-4.82739E+04-6.55357E+01-1.05340E+04
 -1        35 7.49094E+05-6.02782E+02 9.32385E+01-4.77607E+04 1.41041E+02-1.06877E+04
 -1        36 3.71485E+05-4.28726E+03-4.43175E+03-4.15878E+04-6.28688E+02-8.72884E+03
 -1        37 2.79288E+06 1.81534E+05 1.63567E+05-5.79175E+04 6.22741E+04 1.74854E+05
 -1        38 2.39530E+06-6.41158E+04-4.63771E+04-2.06546E+04-1.12093E+04-1.94362E+04
 -1        39 2.06315E+06 1.24465E+04 8.30329E+03-2.63024E+04 2.32607E+03-8.46197E+03
 -1        40 1.68816E+06-3.00567E+03-1.65084E+03-2.56657E+04-5.51410E+02-1.09063E+04
 -1        41 1.31225E+06 7.19458E+02 2.22105E+02-2.58012E+04 1.28802E+02-1.05961E+04
 -1        42 9.37490E+05-1.67769E+02 1.43173E+02-2.57179E+04 5.53216E+01-1.05199E+04
 -1        43 5.62340E+05 2.28647E+01-4.36848E+02-2.63040E+04-1.62458E+02-1.05863E+04
 -1        44 2.03968E+05 1.11643E+04 7.29461E+03-2.35497E+04 2.34939E+03-7.36135E+03
 -1        45-1.56143E+04 6.87183E+04 3.05777E+04-5.06456E+04-6.82842E+01-8.42793E+01
 -1        46-1.18709E+04 7.26162E+04 2.15974E+04-4.54231E+04-6.47344E+02 5.08181E+03
 -1        47-1.19545E+04 7.27086E+04 2.15598E+04-4.55507E+04 6.72803E+02-5.21688E+03
 -1        48-3.97178E+01-4.31782E+01-1.32904E+02-1.90187E+05 1.75272E+04-8.61510E+01
 -1        49-1.83621E+04-6.83929E+04-1.36751E+04-1.25858E+05 9.58709E+03 3.13591E+03
 -1        50 1.83822E+04 6.84352E+04 1.36551E+04-1.25876E+05 9.57443E+03-3.18928E+03
 -1        51 1.54374E+04-6.87846E+04-3.05967E+04-5.05888E+04 2.32463E+01 1.17232E+00
 -1        52 1.18622E+04-7.25606E+04-2.14746E+04-4.54823E+04-6.30358E+02-5.15173E+03
 -1        53 1.18368E+04-7.26448E+04-2.15568E+04-4.55196E+04 6.94256E+02 5.13563E+03
 -1        54-3.71526E+05 4.21172E+03 4.32100E+03-4.16539E+04 5.50358E+02-8.80456E+03
 -1        55-7.49325E+05 3.78760E+02-1.33916E+02-4.76867E+04-7.38185E+01-1.07230E+04
 -1        56-1.12498E+06 5.85506E+02 2.01775E+02-4.81909E+04 1.36119E+02-1.04940E+04
 -1        57-1.50097E+06-2.61438E+03-1.26412E+03-4.77314E+04-3.84806E+02-1.03602E+04
 -1        58-1.87482E+06 9.63772E+03 5.01800E+03-4.92273E+04 1.48119E+03-1.12096E+04
 -1        59-2.25473E+06-4.28872E+04-2.54298E+04-3.77203E+04-5.05468E+03-1.08380E+04
 -1        60-2.61861E+06 7.54953E+04 4.05017E+04 5.12666E+03 3.30682E+04-9.62309E+04
 -1        61-2.04093E+05-1.12318E+04-7.35383E+03-2.36113E+04-2.32748E+03-7.37992E+03
 -1        62-5.62404E+05-1.56895E+02 4.21703E+02-2.62851E+04 1.57453E+02-1.06456E+04
 -1        63-9.37912E+05-7.82750E+01-3.33909E+02-2.56357E+04 6.13494E-01-1.05671E+04
 -1        64-1.31266E+06-7.73609E+02-3.44166E+02-2.57839E+04-9.47267E+01-1.04785E+04
 -1        65-1.68797E+06 3.16310E+03 1.79361E+03-2.57275E+04 5.70886E+02-1.07342E+04
 -1        66-2.06312E+06-1.24093E+04-8.31056E+03-2.62969E+04-2.35917E+03-8.45987E+03
 -1        67-2.39496E+06 6.41691E+04 4.64311E+04-2.06568E+04 1.11546E+04-1.94671E+04
 -1        68-2.79281E+06-1.81599E+05-1.63590E+05-5.79637E+04-6.22547E+04 1.74665E+05
 -1        69-2.78672E+03-1.08374E+03-1.08374E+03 2.25853E+05 3.36679E-01 4.08487E+02
 -1        70 1.68076E+06 6.53609E+05 6.53611E+05 5.87053E+04-8.96319E-01-2.92874E+05
 -1        71-1.68640E+06-6.55801E+05-6.55803E+05 5.82516E+04-8.97707E-01 2.93573E+05
 -1        72 3.71857E+05-4.12939E+03-4.37039E+03-4.17175E+04 6.58428E+02 8.68352E+03
 -1        73 7.49360E+05-6.31213E+02 9.78270E+01-4.76050E+04-1.50513E+02 1.07289E+04
 -1        74 1.12485E+06-5.06979E+02-3.39197E+02-4.82490E+04 7.25433E+01 1.05558E+04
 -1        75 1.50000E+06 2.41471E+03 1.13977E+03-4.74377E+04-4.18031E+02 1.06614E+04
 -1        76 1.87419E+06-9.44595E+03-4.72932E+03-4.93927E+04 1.41374E+03 1.12965E+04
 -1        77 2.25241E+06 4.27934E+04 2.52869E+04-3.77642E+04-4.92629E+03 1.09678E+04
 -1        78 2.61482E+06-7.54365E+04-4.04442E+04 4.94676E+03 3.29899E+04 9.63278E+04
 -1        79 2.04193E+05 1.12795E+04 7.43196E+03-2.36625E+04-2.30057E+03 7.29572E+03
 -1        80 5.62657E+05 1.07638E+02-4.29725E+02-2.62931E+04 1.56474E+02 1.05410E+04
 -1        81 9.38009E+05 6.86291E+01 3.31296E+02-2.56825E+04-2.72411E+01 1.06025E+04
 -1        82 1.31195E+06 6.49159E+02 1.93395E+02-2.56842E+04-1.43938E+02 1.06120E+04
 -1        83 1.68747E+06-3.08009E+03-1.56484E+03-2.56486E+04 5.52298E+02 1.08798E+04
 -1        84 2.06147E+06 1.23899E+04 8.30715E+03-2.63934E+04-2.31005E+03 8.51933E+03
 -1        85 2.39200E+06-6.41311E+04-4.63629E+04-2.07433E+04 1.11885E+04 1.95554E+04
 -1        86 2.78843E+06 1.81312E+05 1.63243E+05-5.76633E+04-6.21554E+04-1.74480E+05
 -1        87-3.11489E+06-1.21136E+06-1.21136E+06-4.07344E+05 3.19731E-04-1.68522E+02
 -1        88-3.26641E+06-1.27025E+06-1.27025E+06-3.28169E+05-6.67949E-01 2.87993E+05
 -1        89-3.26331E+06-1.26904E+06-1.26905E+06-3.27619E+05 6.66227E-01-2.88037E+05
 -1        90 3.11499E+06 1.21141E+06 1.21140E+06-4.07398E+05-2.99154E-04 2.21725E+01
 -1        91 3.26378E+06 1.26923E+06 1.26923E+06-3.27734E+05-6.66226E-01-2.87895E+05
 -1        92 3.26648E+06 1.27028E+06 1.27028E+06-3.28141E+05 6.67894E-01 2.88206E+05
 -1        93 2.11901E+03 9.58976E+01-5.96212E+01-2.12152E+05-1.11922E+04-7.32889E+00
 -1        94 1.47826E+03 4.65032E+01 1.43453E+02-2.16879E+05 8.02098E+03 1.30021E+01
 -1        95 3.40620E+02-3.41385E+01-4.16035E+01-2.10074E+05-1.63868E+03 6.25535E+01
 -1        96 3.61735E+02-3.58381E+01 1.39713E+01-2.10719E+05 4.14629E+02-4.54118E+01
 -1        97-4.26463E+02-1.01058E+02-1.38087E+02-2.10459E+05-7.17730E+00 4.24174E+01
 -1        98-2.69097E+02 2.77234E+01-1.47463E+01-2.10915E+05-2.14069E+02 1.31382E+01
 -1        99-3.94957E+02-2.41933E+01-4.15745E+01-2.15864E+05 1.74762E+02 2.78199E+01
 -1       100 1.32198E+06 5.03651E+04 4.08237E+03-9.24085E+04-1.88457E+04-5.51958E+04
 -1       101 2.45995E+03 2.46329E+02 2.13543E+02-2.10411E+04 6.68979E+04 1.82664E+02
 -1       102 1.11967E+06 5.06495E+03 5.73352E+03-1.35334E+05 5.79017E+03-1.74424E+03
 -1       103 1.63244E+03-3.15084E+01-6.47601E+01-1.65655E+05-1.91342E+03 8.82224E+00
 -1       104 9.41018E+05 1.55093E+02-3.47043E+02-1.32716E+05-1.35793E+03-2.66691E+03
 -1       105 8.64469E+02 1.82424E+00 1.35202E+01-1.90613E+05 2.38313E+03-1.02715E+01
 -1       106 7.49694E+05 1.31034E+02 1.32995E+02-1.33585E+05 3.48984E+02-2.22649E+03
 -1       107 4.50536E+02 1.39621E+01 3.55849E+01-1.87266E+05-5.76250E+02 1.39637E+01
 -1       108 5.62279E+05-1.39067E+02-2.00369E+02-1.33377E+05-4.08342E+00-2.16820E+03
 -1       109-1.07443E+02-6.20636E+01-2.28036E+01-1.88408E+05 1.85432E+02-1.94286E+01
 -1       110 3.74732E+05-2.52487E+02 2.23211E+02-1.33507E+05-1.15798E+02-2.21871E+03
 -1       111-2.30872E+02 2.99597E+01 8.47487E+00-1.88090E+05-8.55935E+01 3.43863E+01
 -1       112 1.78135E+05-7.10504E+03-6.01095E+03-1.32556E+05-1.78006E+02-2.48614E+03
 -1       113-4.18517E+02-2.38502E+01-4.40900E+01-1.87032E+05 8.37920E+01-2.20534E+01
 -1       114-1.14166E+02-4.01495E+00 2.52216E+01-1.86866E+05-4.11136E+03 4.57593E+01
 -1       115-1.31799E+06-5.03541E+04-4.23615E+03-9.24462E+04-1.88299E+04 5.52682E+04
 -1       116-1.11664E+06-4.90088E+03-5.49698E+03-1.35413E+05 5.76902E+03 1.80787E+03
 -1       117-9.40309E+05-2.27225E+02 2.53759E+02-1.32731E+05-1.33167E+03 2.76545E+03
 -1       118-7.48969E+05-7.57244E+01-3.11820E+01-1.33607E+05 3.21099E+02 2.15689E+03
 -1       119-5.63084E+05-6.51158E+01-5.82082E+01-1.33397E+05-1.12342E+01 2.24317E+03
 -1       120-3.75254E+05 3.28061E+02-1.61530E+02-1.33468E+05-8.44299E+01 2.24798E+03
 -1       121-1.78772E+05 7.03828E+03 5.97093E+03-1.32592E+05-1.87020E+02 2.51516E+03
 -1       122 9.20666E+01-7.62881E+00 1.18889E+02-1.70048E+05 5.10411E+01-5.96169E+01
 -1       123-1.65918E+04-7.06868E+04-2.48147E+04-1.13996E+05 4.63301E+01-2.11053E+01
 -1       124 6.45610E+01-4.28792E+01 9.14465E+01-1.71653E+05-1.23984E+04-2.99390E+01
 -1       125 5.56222E+01 1.56569E+01-5.14511E+00-1.71620E+05 1.23916E+04-5.43312E+01
 -1       126 1.65758E+04 7.06384E+04 2.49166E+04-1.14005E+05-3.99122E+00-8.03639E+01
 -1       127 1.02991E+02 4.98866E+01 7.68949E+01-2.15928E+05-1.50633E+02-3.40855E+00
 -1       128 1.09166E+02 6.18790E+01-9.91190E+00-2.10889E+05 1.45243E+02 8.14974E+01
 -1       129 5.99322E+01-2.14462E+01-2.69440E+01-2.10342E+05 3.44526E+01-3.14177E+00
 -1       130-5.51553E+02 7.35297E+00-3.60809E+01-2.10495E+05-3.79854E+02 1.23078E+02
 -1       131-1.86183E+02 8.94834E+01 1.04961E+02-2.09915E+05 1.62401E+03 1.38095E+01
 -1       132-1.28943E+03 5.94377E+01-3.26200E+01-2.16843E+05-8.04585E+03 6.94071E+01
 -1       133-1.87488E+03-5.59132E+01 2.88996E+01-2.12357E+05 1.11526E+04-1.22184E+01
 -1       134 1.78529E+05-7.15061E+03-6.04347E+03-1.32644E+05 1.49761E+02 2.49251E+03
 -1       135 5.01148E+01-1.52996E+01-4.01423E+01-1.86926E+05 4.04351E+03-5.20792E+01
 -1       136 3.75062E+05-2.49484E+02 2.44896E+02-1.33439E+05 3.71288E+01 2.24691E+03
 -1       137 1.16974E+02 5.71773E+01 1.54582E+01-1.87024E+05-1.34031E+02 7.50425E+01
 -1       138 5.62612E+05-2.91879E+01-1.09970E+02-1.33318E+05 3.31762E+01 2.19993E+03
 -1       139 9.27725E+01 3.32777E+01-3.38230E+00-1.88056E+05 5.51801E+01 6.58621E+01
 -1       140 7.48959E+05 6.63789E+01 6.89131E+01-1.33411E+05-3.45792E+02 2.30695E+03
 -1       141-3.37233E+02-5.43840E+01-8.71365E+01-1.88173E+05-1.55745E+02 2.48447E+00
 -1       142 9.40221E+05 2.00070E+02-2.58285E+02-1.32664E+05 1.32786E+03 2.76288E+03
 -1       143-3.10090E+02 3.71605E+01 4.78066E+00-1.87090E+05 5.91467E+02 4.23108E+01
 -1       144 1.11707E+06 4.99926E+03 5.63719E+03-1.35402E+05-5.80392E+03 1.80429E+03
 -1       145-8.39019E+02 3.43726E+01-7.07996E+00-1.90487E+05-2.39910E+03 9.02603E+00
 -1       146 1.31804E+06 5.03398E+04 4.21212E+03-9.25442E+04 1.88216E+04 5.52730E+04
 -1       147-1.40258E+03 7.39129E+01 8.43188E+01-1.65738E+05 1.87835E+03 2.36349E+01
 -1       148-2.25802E+03-2.23286E+02-2.27393E+02-2.12186E+04-6.69203E+04 1.73864E+02
 -1       149-1.78238E+05 7.23511E+03 6.04955E+03-1.32653E+05 1.62041E+02-2.52760E+03
 -1       150-3.74920E+05 1.93854E+02-2.57187E+02-1.33421E+05 4.67815E+01-2.22412E+03
 -1       151-5.62547E+05 8.64123E+01 8.34569E+01-1.33320E+05 6.65257E+01-2.17279E+03
 -1       152-7.50017E+05-1.72946E+02-1.96941E+02-1.33440E+05-3.37160E+02-2.08415E+03
 -1       153-9.40773E+05-2.84761E+01 5.09381E+02-1.32624E+05 1.38524E+03-2.67355E+03
 -1       154-1.11953E+06-5.00310E+03-5.79438E+03-1.35334E+05-5.83197E+03-1.72520E+03
 -1       155-1.32182E+06-5.03646E+04-4.13303E+03-9.24839E+04 1.88270E+04-5.52257E+04
 -1       156-3.30098E-01-1.26904E-01-1.26745E-01-7.18830E+03 5.13290E-05 1.15651E+02
 -1       157 1.49740E+06 5.82302E+05 5.82304E+05-1.67468E+05 5.87004E-04 9.07707E+01
 -1       158-1.28755E+03-5.00703E+02-5.00702E+02 7.61942E+04-6.12440E-01 2.33737E+02
 -1       159 1.40102E+03 5.44827E+02 5.44825E+02 7.62777E+04 6.12468E-01 2.53649E+02
 -1       160-1.49735E+06-5.82281E+05-5.82283E+05-1.67439E+05-5.80388E-04 3.06432E+00
 -1       161 2.81578E+06-4.01169E+04 1.31101E+05 4.37799E+04-6.31023E+00 4.83377E+02
 -1       162 2.25284E+06 3.90672E+04-1.18617E+03-3.15441E+04 9.68510E+00 3.90090E+02
 -1       163 1.87238E+06-1.09290E+04-7.55182E+02-3.76664E+04 8.64348E+00 1.94220E+02
 -1       164 1.50083E+06 2.85668E+03 3.58247E+02-3.62433E+04 7.05505E+00 3.66857E+01
 -1       165 1.12455E+06-7.09594E+02-1.58992E+02-3.67599E+04-2.66697E+00 6.02824E+01
 -1       166 7.49307E+05-3.74269E+02-7.30291E+02-3.60373E+04 1.45947E+01 2.68624E+01
 -1       167 3.74746E+05-2.62436E+03-3.16561E+02-3.02149E+04-4.75273E+00-4.90288E+01
 -1       168 2.72304E+06-5.29719E+04 4.87460E+04 5.81250E+03 9.02282E+03 3.12235E+04
 -1       169 2.82499E+06 1.91069E+05 2.28704E+05-1.84048E+05 6.86946E+01 2.60370E+02
 -1       170 2.26548E+06 4.46177E+04 1.66831E+04-2.35388E+04-1.29452E+03 1.19518E+04
 -1       171 2.39556E+06-7.72964E+04-9.14432E+03 1.91834E+03 6.97591E+00 3.70461E+02
 -1       172 1.87171E+06-1.02097E+04-3.20029E+03-3.64059E+04 5.24759E+02 9.31397E+03
 -1       173 2.06897E+06 1.67878E+04 1.32656E+03-1.69474E+04 2.07385E+01 2.83797E+02
 -1       174 1.50070E+06 2.57689E+03 7.66855E+02-3.39597E+04-1.74074E+02 9.02978E+03
 -1       175 1.68707E+06-3.74679E+03 1.84412E+00-1.39588E+04 3.11328E+00 7.13953E+01
 -1       176 1.12475E+06-6.11548E+02-2.84147E+02-3.47094E+04 1.45703E+01 9.07594E+03
 -1       177 1.31221E+06 7.15746E+02-1.31062E+02-1.43416E+04-1.42342E+01 4.39640E+01
 -1       178 7.49162E+05-5.88009E+02-3.99963E+02-3.39910E+04-9.37137E+01 9.16091E+03
 -1       179 9.37635E+05-1.20599E+02-1.29001E+02-1.42539E+04 8.25403E+00 5.22895E+01
 -1       180 3.74052E+05-2.96389E+03-2.01138E+03-2.89118E+04 8.33462E+02 7.45593E+03
 -1       181 5.62413E+05 2.51826E+02 5.26922E+02-1.51225E+04-4.29960E+00-1.09123E+01
 -1       182 2.08725E+05 7.04625E+03-2.27258E+03-1.58707E+04-2.67004E+01-5.53456E+01
 -1       183 2.72497E+06-5.29660E+04 4.88412E+04 5.87750E+03-9.05507E+03-3.06437E+04
 -1       184 2.26678E+06 4.46963E+04 1.66757E+04-2.34692E+04 1.31302E+03-1.15015E+04
 -1       185 1.87231E+06-1.02184E+04-3.24512E+03-3.63694E+04-5.13828E+02-9.06702E+03
 -1       186 1.50100E+06 2.66652E+03 8.39667E+02-3.39937E+04 1.52296E+02-8.95754E+03
 -1       187 1.12467E+06-6.17890E+02-2.10008E+02-3.47153E+04-2.16680E+01-8.99803E+03
 -1       188 7.49061E+05-5.06560E+02-3.69763E+02-3.40761E+04 1.00003E+02-9.10949E+03
 -1       189 3.73866E+05-3.08590E+03-2.07622E+03-2.88776E+04-8.22858E+02-7.52348E+03
 -1       190-2.81554E+06 4.00640E+04-1.31222E+05 4.37643E+04 1.78652E+01 2.90053E+02
 -1       191-2.25262E+06-3.89882E+04 1.34352E+03-3.15303E+04 4.45645E+01 3.75127E+02
 -1       192-1.87234E+06 1.09803E+04 6.73246E+02-3.77148E+04-5.83022E+01 3.54072E+02
 -1       193-1.50088E+06-2.81476E+03-3.42300E+02-3.63143E+04 8.82678E+00 2.73696E+02
 -1       194-1.12502E+06 6.41719E+02 1.31843E+02-3.67144E+04-6.95676E+01 1.99228E+02
 -1       195-7.49628E+05 3.71480E+02 5.69395E+02-3.60103E+04-2.52377E+01 1.17924E+02
 -1       196-3.74662E+05 2.68218E+03 3.25666E+02-3.01849E+04-1.01636E+00-3.92671E+01
 -1       197-2.82480E+06-1.91090E+05-2.28766E+05-1.84022E+05-4.27891E+01 5.24883E+01
 -1       198-2.72480E+06 5.29408E+04-4.89318E+04 5.91761E+03 9.06185E+03-3.07891E+04
 -1       199-2.39539E+06 7.72969E+04 9.16734E+03 1.92008E+03 3.02806E+01 2.78856E+02
 -1       200-2.26656E+06-4.46770E+04-1.66539E+04-2.35306E+04-1.31503E+03-1.14922E+04
 -1       201-2.06882E+06-1.67275E+04-1.29375E+03-1.69663E+04-3.01633E+00 3.21833E+02
 -1       202-1.87209E+06 1.03521E+04 3.28691E+03-3.63789E+04 5.15000E+02-9.00281E+03
 -1       203-1.68704E+06 3.80620E+03-9.66140E-01-1.40061E+04-1.47843E+01 2.99283E+02
 -1       204-1.50126E+06-2.66222E+03-8.61219E+02-3.41160E+04-1.60353E+02-8.78614E+03
 -1       205-1.31260E+06-8.16843E+02 8.65737E+01-1.43848E+04 4.02603E+00 2.14796E+02
 -1       206-1.12501E+06 6.21091E+02 1.76540E+02-3.46621E+04 3.56891E+01-8.90595E+03
 -1       207-9.38042E+05-2.77983E+01 7.83948E+00-1.41977E+04-3.98617E+01 1.33516E+02
 -1       208-7.49270E+05 5.49766E+02 3.46358E+02-3.40498E+04-1.05284E+02-9.05166E+03
 -1       209-5.62451E+05-1.44989E+02-5.68484E+02-1.50852E+04-2.86755E+00 3.45274E+01
 -1       210-3.73906E+05 2.98803E+03 1.98151E+03-2.88898E+04 7.68314E+02-7.52918E+03
 -1       211-2.08802E+05-7.10967E+03 2.26920E+03-1.58973E+04-1.48948E+01-5.78677E+01
 -1       212-2.72299E+06 5.28966E+04-4.88323E+04 5.79032E+03-8.99968E+03 3.10754E+04
 -1       213-2.26518E+06-4.46025E+04-1.65890E+04-2.35840E+04 1.30200E+03 1.19620E+04
 -1       214-1.87187E+06 1.02203E+04 3.18819E+03-3.63847E+04-5.36166E+02 9.45299E+03
 -1       215-1.50063E+06-2.52470E+03-7.38549E+02-3.41341E+04 1.28665E+02 9.13327E+03
 -1       216-1.12523E+06 5.15793E+02 1.80224E+02-3.46642E+04-5.84001E+01 9.19689E+03
 -1       217-7.49456E+05 5.52313E+02 2.86405E+02-3.40449E+04 5.23533E+01 9.15208E+03
 -1       218-3.74068E+05 3.07873E+03 2.05328E+03-2.88405E+04-8.39871E+02 7.43249E+03
 -1       219 2.41417E+02 1.03212E+01 6.17813E+01-2.25098E+05-1.51496E+01 3.76312E+02
 -1       220 8.40605E+00 3.22350E+01 3.59338E+01-1.79594E+05-1.98213E+01 3.29893E+02
 -1       221 1.42799E+02 3.66896E+00 5.61194E+01-1.73140E+05-1.55834E+00 2.42692E+02
 -1       222-9.37189E+01 3.63240E-01-3.16137E+01-1.74629E+05 4.01172E+00 1.51162E+02
 -1       223-2.94790E+02 3.24099E+01-1.43844E+01-1.74225E+05 7.91353E+00 8.48840E+01
 -1       224-1.61258E+02-9.95931E+01-1.35646E+02-1.74632E+05 2.04817E+01 3.75724E+01
 -1       225-2.12533E+01-8.32011E+00-1.06618E+01-1.78389E+05 4.47497E+00-6.87259E+01
 -1       226 1.16976E+03 6.93807E+01 7.64254E+01-2.37000E+05 1.00401E+04 1.73451E+02
 -1       227 9.27958E+01-1.65351E+01 6.14798E+00-1.64956E+05-3.36708E+00 2.56414E+02
 -1       228 1.42471E+06 6.92100E+04 9.17525E+04-7.97896E+04 2.75638E+00 4.18510E+02
 -1       229-8.16561E+02-4.28800E+01-3.39546E+01-2.37086E+05-1.00748E+04 1.82640E+02
 -1       230 7.44337E+02 2.22851E+01 7.05107E+01-1.86952E+05 2.57108E+03 1.87244E+02
 -1       231 1.02025E+02 9.66391E+00 3.13534E+01-1.64643E+05-1.44353E+01 3.17845E+02
 -1       232 1.12844E+06 1.52583E+03-5.07901E+03-1.14873E+05-3.61959E+00 3.53909E+02
 -1       233-6.77460E+02 7.62951E+00-4.70875E+00-1.86932E+05-2.60321E+03 2.07882E+02
 -1       234 2.58845E+02-9.97219E+00 2.75697E+01-1.84641E+05-1.73626E+02 1.83952E+02
 -1       235 1.22311E+02 2.59709E+01 4.77110E+01-1.53605E+05-2.65500E+00 2.43310E+02
 -1       236 9.38464E+05-6.14088E+01 1.57238E+03-1.08199E+05-2.30922E+01 2.26976E+02
 -1       237-5.37898E+01 5.74397E+01 6.05543E+01-1.84579E+05 1.65302E+02 1.04728E+02
 -1       238 1.58800E+02-3.28408E+00-1.16922E+01-1.84668E+05 7.30469E+01 8.07341E+01
 -1       239-4.55738E+01-3.46854E+01-3.52005E+01-1.51396E+05 2.53532E+00 1.56190E+02
 -1       240 7.49703E+05 2.70829E+01-3.49833E+02-1.09898E+05 2.66850E+01 9.65510E+01
 -1       241-3.16259E+02 2.00158E+01-1.36751E+01-1.84584E+05-5.45314E+01 1.17242E+02
 -1       242-3.38431E+02-3.33696E+01-8.09711E+01-1.84570E+05 1.00559E+00 5.73819E+01
 -1       243-1.84054E+02 4.84663E+00-2.51543E+00-1.52183E+05 6.37438E+00 9.33336E+01
 -1       244 5.62341E+05 6.07218E+01 3.64433E+01-1.09515E+05 2.08005E+00 6.98246E+01
 -1       245-1.17674E+02 8.87758E+00-8.56023E+00-1.84506E+05 1.49991E+01 5.22948E+01
 -1       246-1.85633E+02-1.66840E+01-6.51673E+01-1.84956E+05-7.24207E+01 2.13769E+01
 -1       247-1.69299E+02-5.92722E+01-4.44691E+01-1.51982E+05 4.35843E+00 8.52229E+01
 -1       248 3.74735E+05-3.81632E+02-3.36017E+02-1.09461E+05 7.16627E+00 1.91401E+01
 -1       249-2.80016E+01 1.78805E+01-5.94053E+01-1.84965E+05 5.77240E+01 6.40773E+01
 -1       250-1.86683E+02-5.59671E+00-3.69203E+01-1.89391E+05-3.79987E+02-4.12703E+01
 -1       251-1.34324E+02-4.59840E+01-8.59741E+01-1.51587E+05 7.61374E+00-2.90965E+01
 -1       252 1.79469E+05-6.04523E+03-4.04427E+03-1.08176E+05-8.56773E+00-4.68858E+01
 -1       253 5.96294E+01 1.99776E+01 5.79305E+01-1.89419E+05 3.93411E+02-1.61767E+01
 -1       254 3.10376E+01-3.90100E+01 3.84306E+01-1.56918E+05 3.10376E+00-4.65537E+01
 -1       255-1.42434E+06-6.92172E+04-9.17342E+04-7.98051E+04-1.47367E+01 3.61209E+02
 -1       256-1.12835E+06-1.47272E+03 5.16033E+03-1.14879E+05 9.52512E+00 3.32171E+02
 -1       257-9.38330E+05 7.94001E+01-1.56839E+03-1.08172E+05-3.35303E+00 2.77997E+02
 -1       258-7.49789E+05 1.02746E+01 3.50129E+02-1.09909E+05-6.76415E+00 1.97023E+02
 -1       259-5.62821E+05-4.47318E+01-4.88879E+01-1.09503E+05-2.84887E+01 1.27835E+02
 -1       260-3.75040E+05 2.99609E+02 1.71338E+02-1.09479E+05 1.48165E+00 8.00427E+01
 -1       261-1.79495E+05 6.04148E+03 3.99786E+03-1.08191E+05-4.04183E+00-5.82066E+01
 -3
    1PSTEP                         3           1           1          
  100CL  101 1.000000000         261                     0    1           1
 -4  TOSTRAIN    6    1
 -5  EXX         1    4    1    1
 -5  EYY         1    4    2    2
 -5  EZZ         1    4    3    3
 -5  EXY         1    4    1    2
 -5  EYZ         1    4    2    3
 -5  EZX         1    4    3    1
 -1         1 1.28621E-05 6.72615E-11 5.45981E-11-1.11956E-06-1.77761E-12 3.56400E-06
 -1         2-1.28378E-05-6.71687E-11-5.44849E-11-1.11355E-06-1.77464E-12-3.56043E-06
 -1         3-1.44103E-07 3.15797E-07-3.15574E-08-3.31414E-07-7.54693E-09 4.02438E-08
 -1         4 1.44409E-07-3.15657E-07 3.21266E-08-3.32147E-07-7.54487E-09-4.06562E-08
 -1         5-1.45015E-07 3.16357E-07-3.10715E-08-3.32567E-07 8.47409E-09-4.06045E-08
 -1         6 1.45243E-07-3.16004E-07 3.12509E-08-3.32479E-07 7.92919E-09 4.03819E-08
 -1         7-1.28619E-05-6.72528E-11-5.45851E-11-1.12021E-06 1.77845E-12 3.56263E-06
 -1         8 1.28406E-05 6.71771E-11 5.44953E-11-1.11459E-06 1.77399E-12-3.55980E-06
 -1         9 1.11372E-08 4.71511E-14 5.56760E-14 1.37770E-06-2.05187E-12 2.77677E-09
 -1        10 6.28249E-06-7.11584E-11-5.90419E-11 3.55932E-07 5.47089E-12 1.79019E-06
 -1        11-6.25922E-06 7.10560E-11 5.89284E-11 3.58891E-07 5.46382E-12-1.78531E-06
 -1        12-1.26065E-05 3.79173E-06 3.57837E-06 3.01140E-08-2.00959E-07 5.86639E-07
 -1        13-1.06329E-05 2.83277E-06 2.93943E-06-2.30671E-07 3.00891E-08 6.69515E-08
 -1        14-8.94467E-06 2.53764E-06 2.50941E-06-3.00362E-07-8.58800E-09 6.94028E-08
 -1        15-7.13732E-06 1.98952E-06 1.99790E-06-2.91459E-07 1.83019E-09 6.39251E-08
 -1        16-5.36005E-06 1.50228E-06 1.50098E-06-2.93963E-07-2.19973E-10 6.50201E-08
 -1        17-3.57044E-06 1.00271E-06 9.98115E-07-2.90956E-07 8.75021E-11 6.51214E-08
 -1        18-1.78299E-06 5.10055E-07 5.11381E-07-2.53439E-07-4.13261E-09 5.30535E-08
 -1        19-1.28176E-05 3.07222E-06 3.18203E-06-3.51229E-07 3.78953E-07-1.06437E-06
 -1        20-1.15373E-05 3.43256E-06 3.32435E-06-1.26467E-07-6.81089E-08 1.19170E-07
 -1        21-9.78879E-06 2.70062E-06 2.72545E-06-1.61088E-07 1.42551E-08 5.19675E-08
 -1        22-8.04080E-06 2.26229E-06 2.25377E-06-1.56836E-07-3.54462E-09 6.63528E-08
 -1        23-6.24835E-06 1.74670E-06 1.74947E-06-1.57966E-07 8.00993E-10 6.43521E-08
 -1        24-4.46685E-06 1.25171E-06 1.24962E-06-1.56609E-07 1.83471E-10 6.46836E-08
 -1        25-2.68132E-06 7.49706E-07 7.52399E-07-1.60019E-07-1.64045E-09 6.42674E-08
 -1        26-9.47374E-07 2.29017E-07 2.52509E-07-1.43290E-07 1.45438E-08 4.46764E-08
 -1        27 1.72144E-10-5.76426E-10 1.89233E-10-1.15953E-06-1.07701E-07 2.45098E-10
 -1        28 2.16576E-08-2.83538E-07 5.14961E-08-7.67101E-07-5.82348E-08-1.92269E-08
 -1        29-2.12930E-08 2.83032E-07-5.12754E-08-7.67102E-07-5.86031E-08 1.92691E-08
 -1        30 1.26250E-05-3.79727E-06-3.58399E-06 3.08905E-08-2.01464E-07-5.85831E-07
 -1        31 1.06468E-05-2.83602E-06-2.94306E-06-2.29076E-07 3.01496E-08-6.63846E-08
 -1        32 8.94865E-06-2.53885E-06-2.51059E-06-3.00670E-07-8.59061E-09-6.82767E-08
 -1        33 7.14034E-06-1.98985E-06-1.99866E-06-2.90016E-07 2.28822E-09-6.46085E-08
 -1        34 5.35664E-06-1.50193E-06-1.50043E-06-2.94241E-07-3.99456E-10-6.42074E-08
 -1        35 3.56780E-06-1.00179E-06-9.97545E-07-2.91113E-07 8.59680E-10-6.51438E-08
 -1        36 1.78060E-06-5.09820E-07-5.10700E-07-2.53487E-07-3.83200E-09-5.32044E-08
 -1        37 1.28393E-05-3.07749E-06-3.18700E-06-3.53021E-07 3.79576E-07 1.06577E-06
 -1        38 1.15535E-05-3.43721E-06-3.32908E-06-1.25895E-07-6.83232E-08-1.18468E-07
 -1        39 9.79686E-06-2.70267E-06-2.72792E-06-1.60319E-07 1.41780E-08-5.15777E-08
 -1        40 8.04506E-06-2.26299E-06-2.25473E-06-1.56439E-07-3.36098E-09-6.64764E-08
 -1        41 6.24755E-06-1.74654E-06-1.74957E-06-1.57264E-07 7.85078E-10-6.45855E-08
 -1        42 4.46427E-06-1.25098E-06-1.24908E-06-1.56757E-07 3.37198E-10-6.41211E-08
 -1        43 2.67836E-06-7.49096E-07-7.51898E-07-1.60329E-07-9.90218E-10-6.45263E-08
 -1        44 9.46665E-07-2.28520E-07-2.52107E-07-1.43541E-07 1.43201E-08-4.48692E-08
 -1        45-2.06749E-07 3.07279E-07 7.48029E-08-3.08697E-07-4.16209E-10-5.13702E-10
 -1        46-1.82146E-07 3.32823E-07 2.18511E-08-2.76865E-07-3.94572E-09 3.09748E-08
 -1        47-1.82617E-07 3.33425E-07 2.16600E-08-2.77643E-07 4.10089E-09-3.17981E-08
 -1        48 4.56441E-11 2.45523E-11-5.22349E-10-1.15924E-06 1.06833E-07-5.25111E-10
 -1        49 2.19857E-08-2.82964E-07 5.05536E-08-7.67134E-07 5.84356E-08 1.91141E-08
 -1        50-2.19194E-08 2.83165E-07-5.07321E-08-7.67241E-07 5.83584E-08-1.94394E-08
 -1        51 2.06020E-07-3.07333E-07-7.45689E-08-3.08351E-07 1.41692E-10 7.14556E-12
 -1        52 1.81867E-07-3.32710E-07-2.13287E-08-2.77226E-07-3.84218E-09-3.14010E-08
 -1        53 1.81968E-07-3.32968E-07-2.15739E-08-2.77453E-07 4.23165E-09 3.13029E-08
 -1        54-1.78055E-06 5.09663E-07 5.10329E-07-2.53890E-07 3.35456E-09-5.36659E-08
 -1        55-3.56854E-06 1.00108E-06 9.97957E-07-2.90661E-07-4.49941E-10-6.53590E-08
 -1        56-5.35809E-06 1.50249E-06 1.50015E-06-2.93735E-07 8.29680E-10-6.39636E-08
 -1        57-7.14231E-06 1.99053E-06 1.99876E-06-2.90934E-07-2.34548E-09-6.31476E-08
 -1        58-8.94724E-06 2.53896E-06 2.51080E-06-3.00052E-07 9.02823E-09-6.83251E-08
 -1        59-1.06457E-05 2.83599E-06 2.94240E-06-2.29914E-07-3.08095E-08-6.60602E-08
 -1        60-1.26242E-05 3.79698E-06 3.58369E-06 3.12482E-08 2.01559E-07-5.86550E-07
 -1        61-9.47092E-07 2.28445E-07 2.52082E-07-1.43917E-07-1.41865E-08-4.49824E-08
 -1        62-2.67847E-06 7.48563E-07 7.52090E-07-1.60214E-07 9.59715E-10-6.48873E-08
 -1        63-4.46570E-06 1.25062E-06 1.24906E-06-1.56256E-07 3.73939E-12-6.44090E-08
 -1        64-6.24929E-06 1.74699E-06 1.74961E-06-1.57159E-07-5.77382E-10-6.38689E-08
 -1        65-8.04455E-06 2.26330E-06 2.25495E-06-1.56815E-07 3.47968E-09-6.54273E-08
 -1        66-9.79673E-06 2.70281E-06 2.72779E-06-1.60286E-07-1.43797E-08-5.15649E-08
 -1        67-1.15520E-05 3.43693E-06 3.32882E-06-1.25908E-07 6.79897E-08-1.18657E-07
 -1        68-1.28388E-05 3.07711E-06 3.18688E-06-3.53303E-07-3.79457E-07 1.06462E-06
 -1        69-1.03801E-08-3.78020E-14-4.61060E-14 1.37663E-06 2.05214E-12 2.48982E-09
 -1        70 6.26066E-06-7.10655E-11-5.89391E-11 3.57823E-07-5.46328E-12-1.78513E-06
 -1        71-6.28166E-06 7.11468E-11 5.90294E-11 3.55057E-07-5.47174E-12 1.78940E-06
 -1        72 1.78208E-06-5.09646E-07-5.11114E-07-2.54278E-07 4.01328E-09 5.29281E-08
 -1        73 3.56909E-06-1.00228E-06-9.97840E-07-2.90164E-07-9.17411E-10 6.53953E-08
 -1        74 5.35753E-06-1.50176E-06-1.50073E-06-2.94089E-07 4.42168E-10 6.43401E-08
 -1        75 7.13810E-06-1.99002E-06-1.99779E-06-2.89144E-07-2.54800E-09 6.49839E-08
 -1        76 8.94360E-06-2.53759E-06-2.50884E-06-3.01061E-07 8.61709E-09 6.88550E-08
 -1        77 1.06350E-05-2.83315E-06-2.93985E-06-2.30182E-07-3.00269E-08 6.68515E-08
 -1        78 1.26061E-05-3.79173E-06-3.57844E-06 3.01517E-08 2.01081E-07 5.87141E-07
 -1        79 9.47398E-07-2.28455E-07-2.51906E-07-1.44228E-07-1.40225E-08 4.44692E-08
 -1        80 2.67975E-06-7.49124E-07-7.52400E-07-1.60263E-07 9.53747E-10 6.42502E-08
 -1        81 4.46617E-06-1.25079E-06-1.24919E-06-1.56541E-07-1.66041E-10 6.46247E-08
 -1        82 6.24624E-06-1.74643E-06-1.74921E-06-1.56551E-07-8.77337E-10 6.46826E-08
 -1        83 8.04176E-06-2.26254E-06-2.25330E-06-1.56335E-07 3.36639E-09 6.63148E-08
 -1        84 9.78891E-06-2.70070E-06-2.72558E-06-1.60874E-07-1.40803E-08 5.19274E-08
 -1        85 1.15378E-05-3.43291E-06-3.32460E-06-1.26435E-07 6.81966E-08 1.19195E-07
 -1        86 1.28188E-05-3.07217E-06-3.18230E-06-3.51472E-07-3.78852E-07-1.06350E-06
 -1        87-1.16025E-05-6.72120E-11-5.49269E-11-2.48286E-06 1.94884E-15-1.02718E-09
 -1        88-1.21670E-05 6.65035E-11 5.82908E-11-2.00027E-06-4.07131E-12 1.75538E-06
 -1        89-1.21554E-05 6.64116E-11 5.81822E-11-1.99692E-06 4.06081E-12-1.75565E-06
 -1        90 1.16029E-05 6.72220E-11 5.49370E-11-2.48319E-06-1.82341E-15 1.35147E-10
 -1        91 1.21572E-05-6.64214E-11-5.81934E-11-1.99762E-06-4.06081E-12-1.75479E-06
 -1        92 1.21672E-05-6.65141E-11-5.83025E-11-2.00010E-06 4.07097E-12 1.75668E-06
 -1        93 1.00421E-08-2.28919E-09-3.23711E-09-1.29312E-06-6.82189E-08-4.46714E-11
 -1        94 6.78607E-09-1.94084E-09-1.34991E-09-1.32193E-06 4.88898E-08 7.92511E-11
 -1        95 1.72299E-09-5.61253E-10-6.06754E-10-1.28045E-06-9.98815E-09 3.81279E-10
 -1        96 1.75170E-09-6.71599E-10-3.67999E-10-1.28438E-06 2.52726E-09-2.76796E-10
 -1        97-1.71192E-09 2.71506E-10 4.58052E-11-1.28280E-06-4.37474E-11 2.58544E-10
 -1        98-1.29872E-09 5.10473E-10 2.51611E-10-1.28558E-06-1.30480E-09 8.00802E-11
 -1        99-1.79306E-09 4.66836E-10 3.60893E-10-1.31574E-06 1.06522E-09 1.69569E-10
 -1       100 6.22253E-06-1.52824E-06-1.81035E-06-5.63252E-07-1.14869E-07-3.36431E-07
 -1       101 1.11009E-08-2.39166E-09-2.59150E-09-1.28251E-07 4.07759E-07 1.11338E-09
 -1       102 5.31734E-06-1.47641E-06-1.47234E-06-8.24890E-07 3.52925E-08-1.06315E-08
 -1       103 7.90190E-09-2.24029E-09-2.44296E-09-1.00971E-06-1.16628E-08 5.37737E-11
 -1       104 4.48129E-06-1.25349E-06-1.25655E-06-8.08938E-07-8.27690E-09-1.62554E-08
 -1       105 4.09606E-09-1.16197E-09-1.09068E-09-1.16183E-06 1.45258E-08-6.26070E-11
 -1       106 3.56962E-06-9.99145E-07-9.99133E-07-8.14230E-07 2.12714E-09-1.35710E-08
 -1       107 2.07935E-09-5.81675E-10-4.49879E-10-1.14143E-06-3.51238E-09 8.51121E-11
 -1       108 2.67797E-06-7.50100E-07-7.50474E-07-8.12965E-07-2.48894E-11-1.32157E-08
 -1       109-3.98475E-10-1.21879E-10 1.17420E-10-1.14839E-06 1.13025E-09-1.18422E-10
 -1       110 1.78448E-06-5.01142E-07-4.98243E-07-8.13756E-07-7.05814E-10-1.35235E-08
 -1       111-1.15064E-09 4.39195E-10 3.08240E-10-1.14645E-06-5.21712E-10 2.09593E-10
 -1       112 8.65751E-07-2.63333E-07-2.56664E-07-8.07958E-07-1.08499E-09-1.51536E-08
 -1       113-1.90235E-09 5.03237E-10 3.79871E-10-1.14001E-06 5.10732E-10-1.34421E-10
 -1       114-5.71921E-10 9.94731E-11 2.77677E-10-1.13899E-06-2.50597E-08 2.78914E-10
 -1       115-6.20336E-06 1.52319E-06 1.80429E-06-5.63482E-07-1.14773E-07 3.36873E-07
 -1       116-5.30348E-06 1.47285E-06 1.46921E-06-8.25372E-07 3.51636E-08 1.10194E-08
 -1       117-4.47770E-06 1.25233E-06 1.25526E-06-8.09027E-07-8.11682E-09 1.68561E-08
 -1       118-3.56638E-06 9.98306E-07 9.98578E-07-8.14364E-07 1.95717E-09 1.31467E-08
 -1       119-2.68119E-06 7.50547E-07 7.50589E-07-8.13085E-07-6.84753E-11 1.36727E-08
 -1       120-1.78715E-06 5.02117E-07 4.99133E-07-8.13518E-07-5.14621E-10 1.37020E-08
 -1       121-8.68641E-07 2.63917E-07 2.57411E-07-8.08181E-07-1.13993E-09 1.53305E-08
 -1       122 2.90066E-10-3.17602E-10 4.53554E-10-1.03648E-06 3.11108E-10-3.63379E-10
 -1       123 4.83270E-08-2.81395E-07-1.79398E-09-6.94833E-07 2.82393E-10-1.28642E-10
 -1       124 2.42677E-10-4.12197E-10 4.06551E-10-1.04627E-06-7.55711E-08-1.82485E-10
 -1       125 2.50852E-10 7.25392E-12-1.19539E-10-1.04607E-06 7.55300E-08-3.31161E-10
 -1       126-4.84745E-08 2.81050E-07 2.36505E-09-6.94888E-07-2.43274E-11-4.89837E-10
 -1       127 3.21392E-10-2.29291E-12 1.62329E-10-1.31613E-06-9.18144E-10-2.07759E-11
 -1       128 4.50550E-10 1.62323E-10-2.75260E-10-1.28542E-06 8.85291E-10 4.96746E-10
 -1       129 3.49912E-10-1.46109E-10-1.79619E-10-1.28209E-06 2.09997E-10-1.91499E-11
 -1       130-2.58814E-09 8.18526E-10 5.53786E-10-1.28302E-06-2.31530E-09 7.50188E-10
 -1       131-1.14585E-09 5.34408E-10 6.28747E-10-1.27948E-06 9.89874E-09 8.41721E-11
 -1       132-6.17590E-09 2.04577E-09 1.48466E-09-1.32171E-06-4.90414E-08 4.23053E-10
 -1       133-8.89197E-09 2.19505E-09 2.71200E-09-1.29436E-06 6.79775E-08-7.44743E-11
 -1       134 8.67728E-07-2.64031E-07-2.57282E-07-8.08499E-07 9.12829E-10 1.51924E-08
 -1       135 3.12565E-10-8.61522E-11-2.37574E-10-1.13936E-06 2.46461E-08-3.17435E-10
 -1       136 1.78602E-06-5.01598E-07-4.98584E-07-8.13341E-07 2.26309E-10 1.36954E-08
 -1       137 4.60170E-10 9.56971E-11-1.58591E-10-1.13996E-06-8.16950E-10 4.57402E-10
 -1       138 2.67929E-06-7.50142E-07-7.50634E-07-8.12602E-07 2.02217E-10 1.34091E-08
 -1       139 4.01913E-10 3.92784E-11-1.84173E-10-1.14625E-06 3.36336E-10 4.01445E-10
 -1       140 3.56629E-06-9.98387E-07-9.98372E-07-8.13171E-07-2.10768E-09 1.40614E-08
 -1       141-1.41718E-09 3.06855E-10 1.07221E-10-1.14696E-06-9.49306E-10 1.51435E-11
 -1       142 4.47732E-06-1.25233E-06-1.25512E-06-8.08617E-07 8.09359E-09 1.68404E-08
 -1       143-1.53254E-09 5.84033E-10 3.86670E-10-1.14036E-06 3.60513E-09 2.57895E-10
 -1       144 5.30519E-06-1.47314E-06-1.46925E-06-8.25310E-07-3.53762E-08 1.09976E-08
 -1       145-4.03172E-09 1.29181E-09 1.03915E-09-1.16107E-06-1.46231E-08 5.50158E-11
 -1       146 6.20364E-06-1.52329E-06-1.80445E-06-5.64079E-07 1.14722E-07 3.36902E-07
 -1       147-6.88994E-09 2.10965E-09 2.17308E-09-1.01021E-06 1.14490E-08 1.44060E-10
 -1       148-1.01516E-08 2.25062E-09 2.22559E-09-1.29332E-07-4.07895E-07 1.05974E-09
 -1       149-8.66463E-07 2.64037E-07 2.56811E-07-8.08553E-07 9.87677E-10-1.54063E-08
 -1       150-1.78525E-06 5.01159E-07 4.98410E-07-8.13234E-07 2.85144E-10-1.35565E-08
 -1       151-2.67902E-06 7.50363E-07 7.50345E-07-8.12618E-07 4.05490E-10-1.32437E-08
 -1       152-3.57102E-06 9.99462E-07 9.99316E-07-8.13348E-07-2.05507E-09-1.27034E-08
 -1       153-4.48051E-06 1.25355E-06 1.25683E-06-8.08373E-07 8.44336E-09-1.62959E-08
 -1       154-5.31668E-06 1.47660E-06 1.47178E-06-8.24896E-07-3.55473E-08-1.05155E-08
 -1       155-6.22172E-06 1.52811E-06 1.80990E-06-5.63711E-07 1.14755E-07-3.36614E-07
 -1       156-1.23370E-12 4.81875E-15 5.78745E-15-4.38144E-08 3.12863E-16 7.04920E-10
 -1       157 5.57767E-06-7.05684E-11-5.94575E-11-1.02076E-06 3.57793E-15 5.53269E-10
 -1       158-4.79600E-09 4.15983E-14 4.79111E-14 4.64422E-07-3.73297E-12 1.42468E-09
 -1       159 5.21867E-09-5.15634E-14-5.97594E-14 4.64931E-07 3.73314E-12 1.54605E-09
 -1       160-5.57746E-06 7.05588E-11 5.94461E-11-1.02058E-06-3.53760E-15 1.86777E-11
 -1       161 1.32872E-05-4.12020E-06-3.07659E-06 2.66849E-07-3.84624E-11 2.94630E-09
 -1       162 1.06773E-05-2.81617E-06-3.06152E-06-1.92269E-07 5.90330E-11 2.37769E-09
 -1       163 8.93168E-06-2.54755E-06-2.48553E-06-2.29586E-07 5.26841E-11 1.18382E-09
 -1       164 7.14253E-06-1.98798E-06-2.00321E-06-2.20911E-07 4.30022E-11 2.23608E-10
 -1       165 5.35618E-06-1.50257E-06-1.49922E-06-2.24060E-07-1.62558E-11 3.67436E-10
 -1       166 3.56960E-06-9.99885E-07-1.00205E-06-2.19656E-07 8.89584E-11 1.63733E-10
 -1       167 1.78842E-06-5.11736E-07-4.97669E-07-1.84167E-07-2.89690E-11-2.98842E-10
 -1       168 1.29725E-05-3.94796E-06-3.32797E-06 3.54286E-08 5.49962E-08 1.90315E-07
 -1       169 1.28926E-05-3.16174E-06-2.93234E-06-1.12181E-06 4.18710E-10 1.58702E-09
 -1       170 1.07063E-05-2.83042E-06-3.00069E-06-1.43474E-07-7.89041E-09 7.28490E-08
 -1       171 1.15227E-05-3.54997E-06-3.13457E-06 1.16927E-08 4.25198E-11 2.25805E-09
 -1       172 8.93077E-06-2.53996E-06-2.49723E-06-2.21902E-07 3.19853E-09 5.67709E-08
 -1       173 9.82810E-06-2.68046E-06-2.77470E-06-1.03299E-07 1.26406E-10 1.72981E-09
 -1       174 7.14174E-06-1.98969E-06-2.00072E-06-2.06992E-07-1.06102E-09 5.50387E-08
 -1       175 8.03866E-06-2.26727E-06-2.24442E-06-8.50821E-08 1.89762E-11 4.35172E-10
 -1       176 5.35713E-06-1.50220E-06-1.50020E-06-2.11562E-07 8.88093E-11 5.53200E-08
 -1       177 6.24786E-06-1.74603E-06-1.75120E-06-8.74153E-08-8.67611E-11 2.67971E-10
 -1       178 3.56876E-06-1.00115E-06-1.00000E-06-2.07183E-07-5.71207E-10 5.58379E-08
 -1       179 4.46526E-06-1.25058E-06-1.25063E-06-8.68811E-08 5.03103E-11 3.18717E-10
 -1       180 1.78783E-06-5.10168E-07-5.04362E-07-1.76224E-07 5.08015E-09 4.54457E-08
 -1       181 2.67712E-06-7.49387E-07-7.47711E-07-9.21752E-08-2.62071E-11-6.65133E-11
 -1       182 9.87561E-07-2.41716E-07-2.98516E-07-9.67356E-08-1.62745E-10-3.37345E-10
 -1       183 1.29816E-05-3.95064E-06-3.33010E-06 3.58248E-08-5.51928E-08-1.86780E-07
 -1       184 1.07124E-05-2.83177E-06-3.00256E-06-1.43050E-07 8.00318E-09-7.01044E-08
 -1       185 8.93371E-06-2.54074E-06-2.49824E-06-2.21680E-07-3.13190E-09-5.52657E-08
 -1       186 7.14296E-06-1.98976E-06-2.00090E-06-2.07200E-07 9.28280E-10-5.45983E-08
 -1       187 5.35667E-06-1.50222E-06-1.49973E-06-2.11598E-07-1.32072E-10-5.48452E-08
 -1       188 3.56813E-06-1.00067E-06-9.99833E-07-2.07702E-07 6.09542E-10-5.55245E-08
 -1       189 1.78719E-06-5.10414E-07-5.04260E-07-1.76016E-07-5.01552E-09-4.58574E-08
 -1       190-1.32858E-05 4.11980E-06 3.07577E-06 2.66754E-07 1.08893E-10 1.76794E-09
 -1       191-1.06766E-05 2.81605E-06 3.06188E-06-1.92185E-07 2.71631E-10 2.28649E-09
 -1       192-8.93145E-06 2.54785E-06 2.48502E-06-2.29881E-07-3.55366E-10 2.15815E-09
 -1       193-7.14285E-06 1.98823E-06 2.00330E-06-2.21344E-07 5.38013E-11 1.66824E-09
 -1       194-5.35826E-06 1.50290E-06 1.49980E-06-2.23783E-07-4.24031E-10 1.21434E-09
 -1       195-3.57091E-06 1.00051E-06 1.00172E-06-2.19491E-07-1.53830E-10 7.18772E-10
 -1       196-1.78811E-06 5.11887E-07 4.97524E-07-1.83984E-07-6.19496E-12-2.39342E-10
 -1       197-1.28916E-05 3.16147E-06 2.93182E-06-1.12166E-06-2.60810E-10 3.19929E-10
 -1       198-1.29806E-05 3.95041E-06 3.32947E-06 3.60692E-08 5.52341E-08-1.87667E-07
 -1       199-1.15219E-05 3.54970E-06 3.13444E-06 1.17034E-08 1.84567E-10 1.69970E-09
 -1       200-1.07114E-05 2.83154E-06 3.00234E-06-1.43425E-07-8.01541E-09-7.00474E-08
 -1       201-9.82748E-06 2.68049E-06 2.77456E-06-1.03414E-07-1.83853E-11 1.96165E-09
 -1       202-8.93291E-06 2.54103E-06 2.49797E-06-2.21738E-07 3.13905E-09-5.48743E-08
 -1       203-8.03858E-06 2.26751E-06 2.24430E-06-8.53707E-08-9.01136E-11 1.82420E-09
 -1       204-7.14416E-06 1.99015E-06 2.00113E-06-2.07945E-07-9.77389E-10-5.35536E-08
 -1       205-6.24952E-06 1.74613E-06 1.75164E-06-8.76785E-08 2.45396E-11 1.30923E-09
 -1       206-5.35824E-06 1.50273E-06 1.50002E-06-2.11274E-07 2.17534E-10-5.42839E-08
 -1       207-4.46684E-06 1.25058E-06 1.25080E-06-8.65383E-08-2.42967E-10 8.13812E-10
 -1       208-3.56915E-06 1.00118E-06 9.99943E-07-2.07542E-07-6.41731E-10-5.51720E-08
 -1       209-2.67739E-06 7.50003E-07 7.47421E-07-9.19481E-08-1.74784E-11 2.10453E-10
 -1       210-1.78713E-06 5.10128E-07 5.03993E-07-1.76090E-07 4.68306E-09-4.58921E-08
 -1       211-9.87843E-07 2.41522E-07 2.98689E-07-9.68981E-08-9.07876E-11-3.52717E-10
 -1       212-1.29720E-05 3.94765E-06 3.32759E-06 3.52934E-08-5.48552E-08 1.89412E-07
 -1       213-1.07050E-05 2.82997E-06 3.00072E-06-1.43750E-07 7.93599E-09 7.29115E-08
 -1       214-8.93153E-06 2.54024E-06 2.49738E-06-2.21774E-07-3.26806E-09 5.76182E-08
 -1       215-7.14148E-06 1.98980E-06 2.00068E-06-2.08056E-07 7.84243E-10 5.56695E-08
 -1       216-5.35917E-06 1.50252E-06 1.50048E-06-2.11287E-07-3.55962E-10 5.60572E-08
 -1       217-3.56996E-06 1.00152E-06 9.99902E-07-2.07512E-07 3.19106E-10 5.57841E-08
 -1       218-1.78812E-06 5.10680E-07 5.04430E-07-1.75790E-07-5.11921E-09 4.53028E-08
 -1       219 1.05347E-09-3.55116E-10-4.14550E-11-1.37203E-06-9.23407E-11 2.29371E-09
 -1       220-5.08629E-11 9.43802E-11 1.16925E-10-1.09467E-06-1.20816E-10 2.01078E-09
 -1       221 6.00276E-10-2.47753E-10 7.19451E-11-1.05533E-06-9.49844E-12 1.47927E-09
 -1       222-4.04613E-10 1.68840E-10-2.60671E-11-1.06441E-06 2.44524E-11 9.21366E-10
 -1       223-1.42780E-09 5.66566E-10 2.81343E-10-1.06195E-06 4.82349E-11 5.17388E-10
 -1       224-4.54242E-10-7.83806E-11-2.98134E-10-1.06443E-06 1.24841E-10 2.29013E-10
 -1       225-7.58969E-11 2.93381E-12-1.13391E-11-1.08732E-06 2.72760E-11-4.18901E-10
 -1       226 5.37590E-09-1.33120E-09-1.28826E-09-1.44457E-06 6.11966E-08 1.05722E-09
 -1       227 4.55734E-10-2.10664E-10-7.24048E-11-1.00545E-06-2.05231E-11 1.56290E-09
 -1       228 6.56971E-06-1.69238E-06-1.55497E-06-4.86337E-07 1.68008E-11 2.55092E-09
 -1       229-3.78594E-09 9.29830E-10 9.84233E-10-1.44510E-06-6.14081E-08 1.11324E-09
 -1       230 3.42073E-09-9.80344E-10-6.86398E-10-1.13952E-06 1.56713E-08 1.14130E-09
 -1       231 4.31146E-10-1.31820E-10 3.82883E-13-1.00354E-06-8.79864E-11 1.93734E-09
 -1       232 5.37824E-06-1.49054E-06-1.53080E-06-7.00178E-07-2.20622E-11 2.15716E-09
 -1       233-3.22990E-09 9.45890E-10 8.70685E-10-1.13940E-06-1.58672E-08 1.26709E-09
 -1       234 1.20913E-09-4.29373E-10-2.00547E-10-1.12543E-06-1.05829E-09 1.12123E-09
 -1       235 4.84192E-10-1.03025E-10 2.94858E-11-9.36258E-07-1.61829E-11 1.48303E-09
 -1       236 4.46686E-06-1.25367E-06-1.24372E-06-6.59502E-07-1.40753E-10 1.38347E-09
 -1       237-4.13467E-10 2.64503E-10 2.83487E-10-1.12505E-06 1.00755E-09 6.38340E-10
 -1       238 7.76160E-10-2.11782E-10-2.63032E-10-1.12560E-06 4.45238E-10 4.92093E-10
 -1       239-1.23837E-10-5.74697E-11-6.06091E-11-9.22793E-07 1.54534E-11 9.52018E-10
 -1       240 3.57044E-06-9.99008E-07-1.00131E-06-6.69852E-07 1.62651E-10 5.88502E-10
 -1       241-1.51445E-09 5.35226E-10 3.29872E-10-1.12508E-06-3.32382E-10 7.14619E-10
 -1       242-1.45912E-09 4.00299E-10 1.10157E-10-1.12500E-06 6.12932E-12 3.49756E-10
 -1       243-8.79554E-10 2.71838E-10 2.26965E-10-9.27589E-07 3.88534E-11 5.68891E-10
 -1       244 2.67769E-06-7.49548E-07-7.49696E-07-6.67523E-07 1.26784E-11 4.25597E-10
 -1       245-5.60776E-10 2.10587E-10 1.04299E-10-1.12461E-06 9.14232E-11 3.18749E-10
 -1       246-7.74832E-10 2.54952E-10-4.05642E-11-1.12735E-06-4.41422E-10 1.30297E-10
 -1       247-6.67865E-10 2.77577E-12 9.30041E-11-9.26368E-07 2.65657E-11 5.19454E-10
 -1       248 1.78541E-06-5.01016E-07-5.00738E-07-6.67189E-07 4.36801E-11 1.16663E-10
 -1       249-7.79744E-11 2.01688E-10-2.69388E-10-1.12741E-06 3.51842E-10 3.90566E-10
 -1       250-8.32277E-10 2.71487E-10 8.05618E-11-1.15438E-06-2.31611E-09-2.51552E-10
 -1       251-4.63695E-10 7.47594E-11-1.68990E-10-9.23959E-07 4.64075E-11-1.77350E-10
 -1       252 8.68068E-07-2.62687E-07-2.50490E-07-6.59361E-07-5.22223E-11-2.85780E-10
 -1       253 1.80072E-10-6.16149E-11 1.69717E-10-1.15455E-06 2.39793E-09-9.86011E-11
 -1       254 1.48571E-10-2.78386E-10 1.93633E-10-9.56451E-07 1.89181E-11-2.83756E-10
 -1       255-6.56795E-06 1.69182E-06 1.55458E-06-4.86431E-07-8.98239E-11 2.20165E-09
 -1       256-5.37802E-06 1.49058E-06 1.53101E-06-7.00218E-07 5.80578E-11 2.02466E-09
 -1       257-4.46625E-06 1.25358E-06 1.24353E-06-6.59335E-07-2.04375E-11 1.69445E-09
 -1       258-3.57090E-06 9.99301E-07 1.00137E-06-6.69922E-07-4.12291E-11 1.20090E-09
 -1       259-2.67998E-06 7.50280E-07 7.50255E-07-6.67449E-07-1.73645E-10 7.79186E-10
 -1       260-1.78653E-06 5.01252E-07 5.00470E-07-6.67301E-07 9.03104E-12 4.87879E-10
 -1       261-8.68124E-07 2.62765E-07 2.50309E-07-6.59451E-07-2.46359E-11-3.54783E-10
 -3
    1PSTEP                         4           1           1          
  100CL  101 1.000000000         261                     0    1           1
 -4  FORC        4    1
 -5  F1          1    2    1    0
 -5  F2          1    2    2    0
 -5  F3          1    2    3    0
 -5  ALL         1    2    0    0    1ALL
 -1         1 4.78771E+01 1.90237E+02-1.33256E+02
 -1         2-4.78597E+01 1.90001E+02 1.32918E+02
 -1         3-3.08469E-11 2.08042E+01-2.92073E-11
 -1         4 2.50888E-11 2.08042E+01-3.14722E-11
 -1         5-2.15130E-11 2.08042E+01 9.48563E-12
 -1         6-1.97582E-12 2.08042E+01-9.83300E-12
 -1         7-4.78303E+01 1.90242E+02-1.33245E+02
 -1         8 4.78275E+01 1.90034E+02 1.32967E+02
 -1         9 8.45876E-02 1.65649E+02-3.40124E-01
 -1        10-1.14562E+03-3.12301E+02-2.88770E+02
 -1        11 1.14272E+03-3.12356E+02 2.88043E+02
 -1        12-4.82531E-13-7.64906E-12 1.41597E-12
 -1        13-4.33850E-02-1.05619E-02-1.45121E-02
 -1        14-6.63060E-02-3.16056E-03 3.75460E-02
 -1        15 5.63325E-02-4.27414E-03-2.07663E-02
 -1        16-8.27082E-02 3.86992E-02 3.45914E-02
 -1        17 6.51677E-02-2.44057E-03-4.71808E-02
 -1        18-1.60139E-02 8.98867E-03-2.02913E-02
 -1        19 1.68405E-01-5.71187E-03-5.16809E-02
 -1        20-1.24917E-02 3.45973E-02 5.58957E-02
 -1        21 2.39471E-01-2.49503E-02-3.23181E-02
 -1        22-2.02023E-01 2.24473E-02 2.75156E-02
 -1        23 3.08311E-01-5.73228E-02-5.70099E-02
 -1        24-1.53005E-01-2.50184E-03 4.42191E-02
 -1        25 2.51045E-03-3.17045E-02 5.11561E-02
 -1        26-5.54619E-02-5.18834E-02-1.96328E-02
 -1        27-8.59780E-03 4.16105E+01 5.02237E-03
 -1        28 2.17940E-02-8.32961E+01-5.99926E-02
 -1        29 7.75433E-03-8.32527E+01 1.49507E-02
 -1        30-3.00741E-12 1.68940E-12-1.43193E-12
 -1        31 9.12796E-02 3.10048E-02-8.23775E-03
 -1        32-9.37628E-03-2.57371E-02-2.74506E-02
 -1        33 2.03339E-02 2.98387E-02 4.47183E-03
 -1        34-6.92341E-02-1.15873E-03 1.55936E-02
 -1        35-1.60642E-02-4.86743E-03 1.67950E-02
 -1        36-1.45543E-02-2.24562E-02 1.72259E-02
 -1        37-7.16502E-02 3.59158E-02 5.30760E-02
 -1        38-2.03272E-01-3.87122E-02-3.70859E-02
 -1        39 1.17769E-01 5.51121E-02-2.65158E-03
 -1        40 2.56342E-02 2.86523E-02-1.10838E-02
 -1        41 8.34271E-02-3.04527E-02 1.14993E-02
 -1        42-3.56670E-02-3.25829E-02-5.22123E-03
 -1        43 3.67181E-02-4.61544E-02-9.01879E-03
 -1        44 1.14230E-02-5.63972E-03-2.03734E-02
 -1        45-7.84810E-03 4.16241E+01 1.08278E-02
 -1        46-1.46836E-02-8.33006E+01-2.60618E-02
 -1        47-1.59136E-02-8.33422E+01-5.49246E-02
 -1        48-9.66313E-03 4.16208E+01-3.77788E-02
 -1        49 7.14503E-02-8.32852E+01-8.43237E-03
 -1        50-9.31945E-02-8.32900E+01-8.78085E-03
 -1        51-8.56292E-03 4.16148E+01 9.28910E-03
 -1        52-3.56999E-03-8.33074E+01-2.63651E-03
 -1        53 7.59233E-03-8.33015E+01 3.63951E-02
 -1        54-1.43766E-02 2.62847E-02-1.87963E-02
 -1        55-2.22409E-02 6.90365E-02 6.03955E-03
 -1        56 8.20645E-02 9.51446E-03-5.71574E-02
 -1        57 4.04472E-02-5.85745E-03-8.07910E-03
 -1        58-7.89562E-02-2.67979E-02 4.64738E-02
 -1        59 4.32245E-02 3.37832E-02 2.12883E-03
 -1        60-1.62173E-02 3.85043E-02 7.40513E-03
 -1        61 1.47524E-02 1.18996E-02-1.33547E-02
 -1        62-4.66724E-02-7.81663E-02 4.89309E-02
 -1        63-2.26532E-02 2.23234E-02-5.52890E-02
 -1        64-9.51341E-02 7.59302E-03 8.24161E-03
 -1        65 2.38576E-01 2.29704E-02-4.11105E-02
 -1        66-1.80344E-01-3.96358E-02 1.54088E-02
 -1        67 1.22210E-01-3.44389E-02-6.46805E-02
 -1        68-1.64696E-02 1.93759E-02 1.79405E-02
 -1        69-1.58867E-02 1.65679E+02-3.04003E-01
 -1        70-1.14284E+03-3.12340E+02 2.88011E+02
 -1        71 1.14541E+03-3.12258E+02-2.88682E+02
 -1        72 1.91036E-02 2.88385E-02 2.86420E-02
 -1        73 6.28280E-02-1.37493E-02 4.37764E-02
 -1        74-6.59503E-02 6.48535E-03 3.51747E-02
 -1        75 5.41349E-02-4.31634E-02-2.34238E-02
 -1        76-7.34310E-02-1.18890E-02 2.53304E-02
 -1        77-1.90238E-02 2.66620E-02-3.67624E-02
 -1        78 5.74778E-03 2.55935E-02-3.97743E-02
 -1        79-5.67442E-02 2.95134E-02 5.01671E-02
 -1        80-9.00790E-02-8.50710E-03-5.99469E-02
 -1        81 1.02699E-01 5.95832E-03 1.31231E-02
 -1        82 2.56523E-03-1.77356E-02-2.88472E-02
 -1        83 1.45716E-01-1.73901E-02 2.38164E-02
 -1        84 3.07181E-02 1.11531E-02 9.33188E-03
 -1        85-8.35895E-02-3.04703E-02 8.41442E-02
 -1        86-1.79806E-02 5.42213E-03-2.81455E-02
 -1        87-1.61748E+02 3.91550E+02-1.41901E-01
 -1        88 1.55882E+03 3.19514E+02-3.05780E+01
 -1        89 1.55685E+03 3.18948E+02 3.11018E+01
 -1        90 1.61841E+02 3.91569E+02-1.17336E-01
 -1        91-1.55709E+03 3.19044E+02 3.09647E+01
 -1        92-1.55891E+03 3.19496E+02-3.06492E+01
 -1        93 1.37693E-02 1.47472E-03 5.72540E-03
 -1        94 2.58301E-02 4.47800E-02-3.51997E-02
 -1        95-5.95640E-02-3.13401E-02 4.36777E-03
 -1        96 5.02939E-02 3.18990E-02-2.65723E-02
 -1        97-1.55063E-01-1.72118E-03 4.57530E-02
 -1        98 5.95458E-02 2.93775E-02-5.01891E-02
 -1        99-6.89675E-02-8.80878E-02-3.16815E-02
 -1       100 3.90710E-02 1.87869E-02 1.55890E-02
 -1       101 9.20286E-02 4.82348E-02-2.02347E-02
 -1       102-7.56059E-02 1.47224E-02-4.42330E-02
 -1       103-1.37802E-01 8.33596E-03 2.96326E-03
 -1       104-7.49382E-03-4.83247E-02-1.34789E-02
 -1       105 3.01475E-01 1.05164E-03-4.74705E-02
 -1       106-2.55901E-02-2.95769E-02 1.93406E-02
 -1       107-1.74504E-01-4.87249E-02 3.29505E-02
 -1       108 3.53623E-02-1.00313E-01 2.70141E-02
 -1       109 3.91770E-01-4.05863E-03-3.10423E-02
 -1       110 1.04429E-02 1.01857E-01 8.79437E-03
 -1       111-1.84660E-01-4.70217E-04 4.57434E-02
 -1       112 1.44771E-03 6.97887E-02-4.10745E-02
 -1       113 1.12098E-01-6.19627E-03 8.18134E-02
 -1       114-1.10272E-01 1.18028E-01-3.84199E-02
 -1       115 2.93010E-02 4.88187E-03 1.25672E-02
 -1       116-3.60937E-02 8.06118E-02-7.08577E-03
 -1       117 2.99057E-02-6.08704E-02 2.89460E-02
 -1       118-7.41192E-02 9.55074E-02-1.13182E-01
 -1       119 5.88979E-02-1.39827E-01 5.73021E-02
 -1       120-4.26144E-02 5.23131E-02 4.87006E-02
 -1       121-6.29836E-02 7.79085E-02 7.16294E-02
 -1       122 2.78076E-02 8.32236E+01 1.28179E-02
 -1       123 1.46190E-02-1.66575E+02-5.45202E-02
 -1       124 1.65853E-02-1.66712E+02-6.16200E-02
 -1       125 3.87826E-02-1.66761E+02 5.63930E-03
 -1       126-5.45221E-02-1.66548E+02-7.97654E-02
 -1       127-2.36536E-02 1.00712E-01 5.36041E-02
 -1       128 2.83951E-02 5.43619E-02 5.46539E-02
 -1       129-1.98544E-02 1.41970E-02-3.15442E-02
 -1       130 2.10598E-02-9.37146E-03-4.50364E-02
 -1       131-1.49609E-01-2.55993E-02 7.94195E-02
 -1       132 3.37218E-02 5.49202E-02-3.17933E-02
 -1       133-5.93794E-02 5.37169E-02-1.53165E-02
 -1       134 1.00870E-01-9.70744E-02 2.26354E-02
 -1       135-2.86279E-02-5.94761E-02 2.47861E-02
 -1       136-6.10157E-02 8.93051E-03-3.65735E-03
 -1       137 1.10213E-02 1.75017E-03 3.90538E-04
 -1       138-3.44428E-02-3.18514E-02-3.33652E-02
 -1       139 1.54589E-01-1.16240E-01-6.23360E-02
 -1       140-2.53778E-02 1.12873E-01-6.15352E-02
 -1       141-1.05915E-01-1.37957E-02 4.59351E-02
 -1       142 8.68063E-02-5.49925E-02 4.85617E-02
 -1       143 4.44777E-01-7.02452E-02-6.85460E-02
 -1       144 8.67822E-04-6.80051E-03 5.31416E-02
 -1       145-2.38775E-01 8.35379E-03 3.43288E-02
 -1       146 2.36087E-03-2.52580E-02 3.06857E-02
 -1       147 2.00729E-01-4.22198E-02 1.35726E-03
 -1       148-1.28857E-01-1.00525E-02-2.45837E-02
 -1       149 3.14723E-02-9.39621E-02-5.94888E-02
 -1       150-1.49584E-02-9.73683E-02-6.49151E-02
 -1       151 7.08473E-03-3.09084E-02 1.36138E-02
 -1       152-3.62434E-02 5.87242E-02 1.27153E-02
 -1       153 5.34491E-02-1.85491E-02 2.28931E-02
 -1       154-4.96348E-02-6.86237E-02-8.34691E-02
 -1       155 1.90558E-02-1.25970E-01-3.87817E-02
 -1       156 1.42977E-01 3.98434E+02-3.09740E-01
 -1       157-1.99486E+03-4.81721E+02-8.15338E-02
 -1       158 1.51586E+00-1.68730E+02 2.92869E-01
 -1       159-1.81639E+00-1.68811E+02 3.39465E-01
 -1       160 1.99455E+03-4.81700E+02 9.15493E-02
 -1       161-2.44592E-02 1.90958E-02-2.54581E-02
 -1       162 1.05089E-01 1.26187E-02-4.94188E-02
 -1       163-1.57127E-02 6.00361E-02-5.16165E-02
 -1       164-3.20166E-02 2.40294E-02-4.08248E-02
 -1       165-1.98888E-01-9.71127E-03 4.48654E-02
 -1       166 6.48394E-02-3.11801E-03 6.48909E-02
 -1       167 8.02494E-02 4.19864E-02 2.29263E-02
 -1       168 3.56986E-03-2.28103E-02 4.49621E-02
 -1       169-1.78051E-01-5.54630E-02 1.53523E-03
 -1       170 1.20410E-02-8.95959E-03 1.08853E-01
 -1       171-1.40195E-01 4.87085E-02 3.49948E-02
 -1       172-3.25577E-03 2.29086E-02 4.69408E-02
 -1       173 1.98589E-02 7.74748E-02 4.25234E-02
 -1       174-7.63475E-03 1.69367E-02-1.71314E-02
 -1       175 1.41167E-01-7.01303E-02 8.47511E-02
 -1       176-1.01147E-02 5.83610E-02-1.69968E-01
 -1       177 1.78996E-01-5.71003E-02 8.28528E-02
 -1       178-4.73618E-02 3.90522E-02-4.96711E-02
 -1       179 7.10825E-02 3.86849E-03-3.35609E-02
 -1       180-5.36649E-03 7.21148E-02-3.67011E-02
 -1       181-1.90157E-01-1.37562E-02-3.93024E-02
 -1       182-7.99318E-02 7.31315E-03-1.16037E-01
 -1       183 3.10349E-02-1.83490E-02 2.22476E-02
 -1       184-1.01871E-02 4.32687E-02-4.21443E-03
 -1       185-1.74313E-02 6.18724E-02 5.73737E-02
 -1       186 6.52980E-03 3.37318E-02-1.12996E-02
 -1       187 5.26671E-02 8.98664E-03 3.81869E-02
 -1       188-4.12598E-02-2.33481E-03 1.47396E-02
 -1       189-3.34025E-02 5.23822E-03 4.73524E-02
 -1       190-1.22084E-02 4.58035E-02-1.59557E-02
 -1       191-1.37602E-01-2.90282E-02-3.76099E-02
 -1       192-1.04542E-01 6.15768E-02 4.92160E-02
 -1       193 6.02804E-02-2.99537E-03-3.50739E-02
 -1       194 1.13709E-02-1.45972E-02-2.11033E-02
 -1       195 4.43870E-02-1.52918E-02-5.12510E-02
 -1       196-2.92842E-02 2.72610E-02-2.30982E-02
 -1       197 7.68255E-02-3.17385E-02-1.02861E-02
 -1       198 1.77661E-02-3.92974E-02-2.11452E-02
 -1       199 2.13811E-01 9.51960E-02 9.37393E-03
 -1       200-4.70640E-02 7.24370E-02 3.20085E-02
 -1       201 1.27516E-01-1.43809E-03-3.03228E-02
 -1       202 1.12120E-01-9.47324E-02-1.02056E-01
 -1       203 3.23794E-02-3.00961E-02 2.33148E-02
 -1       204-4.66781E-02 1.96820E-02 4.61759E-02
 -1       205 2.28836E-01-7.82983E-02 2.38305E-02
 -1       206-3.86752E-02-2.31596E-03 1.81716E-01
 -1       207-1.65855E-01 2.07325E-01 4.80883E-02
 -1       208-4.75843E-03-3.16781E-02 3.64540E-02
 -1       209-6.61710E-02-4.40981E-02 3.52847E-02
 -1       210 1.65797E-01 4.24955E-02 1.05362E-01
 -1       211 7.95354E-02 1.14849E-01 5.05804E-02
 -1       212 7.48288E-02 3.80769E-02-3.50628E-02
 -1       213 2.12523E-02 1.95762E-02 5.22974E-02
 -1       214 8.18340E-02 5.16384E-03 2.56293E-02
 -1       215-5.06433E-02-5.63641E-02 7.05323E-02
 -1       216 5.50706E-02 6.19292E-02-7.70574E-02
 -1       217-1.02006E-01-4.78889E-02 1.57269E-01
 -1       218-3.28563E-02-2.88769E-02 2.26471E-02
 -1       219-1.14143E-01 7.23645E-03-3.01210E-02
 -1       220-7.69225E-02 1.06989E-01-3.60079E-02
 -1       221-5.74277E-02 3.67717E-02 2.26928E-02
 -1       222-9.00956E-02 1.12673E-01-1.67690E-01
 -1       223-2.00637E-01-1.70393E-01-8.79071E-02
 -1       224 1.27216E-01-2.49809E-02 9.05320E-03
 -1       225-1.57518E-02 1.05909E-02-4.76931E-02
 -1       226 1.03520E-01-1.88003E-03-8.17817E-02
 -1       227-1.74613E-01 1.08291E-01 1.12782E-02
 -1       228 5.44801E-02-3.81894E-02-4.47884E-02
 -1       229 4.09255E-02-8.49127E-03 3.29946E-02
 -1       230-8.55952E-02-1.58325E-01 5.44615E-02
 -1       231 2.81898E-01-1.67309E-01 1.37791E-02
 -1       232 1.16858E-02 3.58876E-02 1.65082E-02
 -1       233 1.97311E-02-1.33714E-01 1.33088E-01
 -1       234 4.30159E-02-2.79339E-02 7.41739E-02
 -1       235 1.45851E-02 3.08524E-03 5.34198E-02
 -1       236 5.67511E-02-1.73343E-01 1.14082E-01
 -1       237 1.27375E-01 3.68157E-03 3.69132E-02
 -1       238-2.75130E-02 9.47862E-02 9.53037E-02
 -1       239 3.85234E-01-1.37326E-01 1.53206E-01
 -1       240 1.08338E-01 1.14223E-01 1.73324E-01
 -1       241-2.12955E-02-3.77412E-02 6.47962E-02
 -1       242 9.57305E-02-2.21192E-02-3.89069E-02
 -1       243 4.42402E-01 6.77090E-02 1.85485E-01
 -1       244 7.82541E-02 8.58095E-02 2.14223E-02
 -1       245-3.13612E-02 8.51197E-03 2.97016E-02
 -1       246-5.63065E-03-5.13191E-02 3.05785E-01
 -1       247-1.62437E-01-2.41186E-02 5.78226E-03
 -1       248-4.04247E-02-1.21822E-01 3.86906E-02
 -1       249-1.31959E-01 1.40175E-01-8.23705E-02
 -1       250-9.56762E-02-1.96202E-02 1.03660E-01
 -1       251-2.52804E-01 2.07121E-01 7.25454E-02
 -1       252-1.13524E-01-1.73189E-01-1.41068E-02
 -1       253-3.55715E-02-2.67590E-03 4.55560E-02
 -1       254-1.21972E-01-5.12624E-02 1.40598E-02
 -1       255 5.63294E-02-9.50827E-02 2.02706E-02
 -1       256 5.61128E-03 2.56540E-02 1.86399E-01
 -1       257 1.82562E-01-1.03440E-01-8.36657E-02
 -1       258-9.18699E-02 1.68757E-01 1.55739E-01
 -1       259 5.86866E-02-5.54334E-02-2.03051E-02
 -1       260-1.60006E-01 4.89226E-02 6.39950E-02
 -1       261-2.80265E-02-3.04286E-02-1.12515E-02
 -3
 9999
