    1C
    1UHash: VR65Iah5, Date: 01/25/2026, Unit system: M_KG_S_C           
    1UUSER                                                              
    1UDATE              25.january.2026                                 
    1UTIME              23:55:49                                        
    1UHOST                                                              
    1UPGM               CalculiX                                        
    1UVERSION           Version 2.23                             
    1UCOMPILETIME       Sun Jan 11 00:39:44 CET 2026                    
    1UDIR                                                               
    1UDBN                                                               
    1UMAT    1S235                                                      
    2C                           261                                     1
 -1         1-2.50000E-01 7.00000E-02-5.00000E-02
 -1         2-2.50000E-01-7.00000E-02-5.00000E-02
 -1         3 2.50000E-01-7.00000E-02-5.00000E-02
 -1         4 2.50000E-01 7.00000E-02-5.00000E-02
 -1         5 2.50000E-01-7.00000E-02 5.00000E-02
 -1         6 2.50000E-01 7.00000E-02 5.00000E-02
 -1         7-2.50000E-01-7.00000E-02 5.00000E-02
 -1         8-2.50000E-01 7.00000E-02 5.00000E-02
 -1         9-2.50000E-01 1.94289E-16-5.00000E-02
 -1        10-2.50000E-01 3.50000E-02-5.00000E-02
 -1        11-2.50000E-01-3.50000E-02-5.00000E-02
 -1        12-1.87500E-01-7.00000E-02-5.00000E-02
 -1        13-1.25000E-01-7.00000E-02-5.00000E-02
 -1        14-6.25000E-02-7.00000E-02-5.00000E-02
 -1        15 0.00000E+00-7.00000E-02-5.00000E-02
 -1        16 6.25000E-02-7.00000E-02-5.00000E-02
 -1        17 1.25000E-01-7.00000E-02-5.00000E-02
 -1        18 1.87500E-01-7.00000E-02-5.00000E-02
 -1        19-2.18750E-01-7.00000E-02-5.00000E-02
 -1        20-1.56250E-01-7.00000E-02-5.00000E-02
 -1        21-9.37500E-02-7.00000E-02-5.00000E-02
 -1        22-3.12500E-02-7.00000E-02-5.00000E-02
 -1        23 3.12500E-02-7.00000E-02-5.00000E-02
 -1        24 9.37500E-02-7.00000E-02-5.00000E-02
 -1        25 1.56250E-01-7.00000E-02-5.00000E-02
 -1        26 2.18750E-01-7.00000E-02-5.00000E-02
 -1        27 2.50000E-01 1.94289E-16-5.00000E-02
 -1        28 2.50000E-01 3.50000E-02-5.00000E-02
 -1        29 2.50000E-01-3.50000E-02-5.00000E-02
 -1        30-1.87500E-01 7.00000E-02-5.00000E-02
 -1        31-1.25000E-01 7.00000E-02-5.00000E-02
 -1        32-6.25000E-02 7.00000E-02-5.00000E-02
 -1        33 0.00000E+00 7.00000E-02-5.00000E-02
 -1        34 6.25000E-02 7.00000E-02-5.00000E-02
 -1        35 1.25000E-01 7.00000E-02-5.00000E-02
 -1        36 1.87500E-01 7.00000E-02-5.00000E-02
 -1        37-2.18750E-01 7.00000E-02-5.00000E-02
 -1        38-1.56250E-01 7.00000E-02-5.00000E-02
 -1        39-9.37500E-02 7.00000E-02-5.00000E-02
 -1        40-3.12500E-02 7.00000E-02-5.00000E-02
 -1        41 3.12500E-02 7.00000E-02-5.00000E-02
 -1        42 9.37500E-02 7.00000E-02-5.00000E-02
 -1        43 1.56250E-01 7.00000E-02-5.00000E-02
 -1        44 2.18750E-01 7.00000E-02-5.00000E-02
 -1        45 2.50000E-01-7.00000E-02 3.46945E-17
 -1        46 2.50000E-01-7.00000E-02-2.50000E-02
 -1        47 2.50000E-01-7.00000E-02 2.50000E-02
 -1        48 2.50000E-01 1.94289E-16 5.00000E-02
 -1        49 2.50000E-01 3.50000E-02 5.00000E-02
 -1        50 2.50000E-01-3.50000E-02 5.00000E-02
 -1        51 2.50000E-01 7.00000E-02 3.46945E-17
 -1        52 2.50000E-01 7.00000E-02-2.50000E-02
 -1        53 2.50000E-01 7.00000E-02 2.50000E-02
 -1        54 1.87500E-01-7.00000E-02 5.00000E-02
 -1        55 1.25000E-01-7.00000E-02 5.00000E-02
 -1        56 6.25000E-02-7.00000E-02 5.00000E-02
 -1        57 0.00000E+00-7.00000E-02 5.00000E-02
 -1        58-6.25000E-02-7.00000E-02 5.00000E-02
 -1        59-1.25000E-01-7.00000E-02 5.00000E-02
 -1        60-1.87500E-01-7.00000E-02 5.00000E-02
 -1        61 2.18750E-01-7.00000E-02 5.00000E-02
 -1        62 1.56250E-01-7.00000E-02 5.00000E-02
 -1        63 9.37500E-02-7.00000E-02 5.00000E-02
 -1        64 3.12500E-02-7.00000E-02 5.00000E-02
 -1        65-3.12500E-02-7.00000E-02 5.00000E-02
 -1        66-9.37500E-02-7.00000E-02 5.00000E-02
 -1        67-1.56250E-01-7.00000E-02 5.00000E-02
 -1        68-2.18750E-01-7.00000E-02 5.00000E-02
 -1        69-2.50000E-01 1.94289E-16 5.00000E-02
 -1        70-2.50000E-01 3.50000E-02 5.00000E-02
 -1        71-2.50000E-01-3.50000E-02 5.00000E-02
 -1        72 1.87500E-01 7.00000E-02 5.00000E-02
 -1        73 1.25000E-01 7.00000E-02 5.00000E-02
 -1        74 6.25000E-02 7.00000E-02 5.00000E-02
 -1        75 0.00000E+00 7.00000E-02 5.00000E-02
 -1        76-6.25000E-02 7.00000E-02 5.00000E-02
 -1        77-1.25000E-01 7.00000E-02 5.00000E-02
 -1        78-1.87500E-01 7.00000E-02 5.00000E-02
 -1        79 2.18750E-01 7.00000E-02 5.00000E-02
 -1        80 1.56250E-01 7.00000E-02 5.00000E-02
 -1        81 9.37500E-02 7.00000E-02 5.00000E-02
 -1        82 3.12500E-02 7.00000E-02 5.00000E-02
 -1        83-3.12500E-02 7.00000E-02 5.00000E-02
 -1        84-9.37500E-02 7.00000E-02 5.00000E-02
 -1        85-1.56250E-01 7.00000E-02 5.00000E-02
 -1        86-2.18750E-01 7.00000E-02 5.00000E-02
 -1        87-2.50000E-01-7.00000E-02-3.46945E-17
 -1        88-2.50000E-01-7.00000E-02 2.50000E-02
 -1        89-2.50000E-01-7.00000E-02-2.50000E-02
 -1        90-2.50000E-01 7.00000E-02-3.46945E-17
 -1        91-2.50000E-01 7.00000E-02 2.50000E-02
 -1        92-2.50000E-01 7.00000E-02-2.50000E-02
 -1        93-1.87500E-01 1.94289E-16-5.00000E-02
 -1        94-1.25000E-01 1.94289E-16-5.00000E-02
 -1        95-6.25000E-02 1.94289E-16-5.00000E-02
 -1        96 0.00000E+00 1.94289E-16-5.00000E-02
 -1        97 6.25000E-02 1.94289E-16-5.00000E-02
 -1        98 1.25000E-01 1.94289E-16-5.00000E-02
 -1        99 1.87500E-01 1.94289E-16-5.00000E-02
 -1       100-1.87500E-01 3.50000E-02-5.00000E-02
 -1       101-2.18750E-01 1.94289E-16-5.00000E-02
 -1       102-1.25000E-01 3.50000E-02-5.00000E-02
 -1       103-1.56250E-01 1.94289E-16-5.00000E-02
 -1       104-6.25000E-02 3.50000E-02-5.00000E-02
 -1       105-9.37500E-02 1.94289E-16-5.00000E-02
 -1       106 0.00000E+00 3.50000E-02-5.00000E-02
 -1       107-3.12500E-02 1.94289E-16-5.00000E-02
 -1       108 6.25000E-02 3.50000E-02-5.00000E-02
 -1       109 3.12500E-02 1.94289E-16-5.00000E-02
 -1       110 1.25000E-01 3.50000E-02-5.00000E-02
 -1       111 9.37500E-02 1.94289E-16-5.00000E-02
 -1       112 1.87500E-01 3.50000E-02-5.00000E-02
 -1       113 1.56250E-01 1.94289E-16-5.00000E-02
 -1       114 2.18750E-01 1.94289E-16-5.00000E-02
 -1       115-1.87500E-01-3.50000E-02-5.00000E-02
 -1       116-1.25000E-01-3.50000E-02-5.00000E-02
 -1       117-6.25000E-02-3.50000E-02-5.00000E-02
 -1       118 0.00000E+00-3.50000E-02-5.00000E-02
 -1       119 6.25000E-02-3.50000E-02-5.00000E-02
 -1       120 1.25000E-01-3.50000E-02-5.00000E-02
 -1       121 1.87500E-01-3.50000E-02-5.00000E-02
 -1       122 2.50000E-01 1.80411E-16 4.16334E-17
 -1       123 2.50000E-01 3.50000E-02 3.81639E-17
 -1       124 2.50000E-01 1.87350E-16-2.50000E-02
 -1       125 2.50000E-01 1.87350E-16 2.50000E-02
 -1       126 2.50000E-01-3.50000E-02 3.81639E-17
 -1       127 1.87500E-01 1.94289E-16 5.00000E-02
 -1       128 1.25000E-01 1.94289E-16 5.00000E-02
 -1       129 6.25000E-02 1.94289E-16 5.00000E-02
 -1       130 0.00000E+00 1.94289E-16 5.00000E-02
 -1       131-6.25000E-02 1.94289E-16 5.00000E-02
 -1       132-1.25000E-01 1.94289E-16 5.00000E-02
 -1       133-1.87500E-01 1.94289E-16 5.00000E-02
 -1       134 1.87500E-01 3.50000E-02 5.00000E-02
 -1       135 2.18750E-01 1.94289E-16 5.00000E-02
 -1       136 1.25000E-01 3.50000E-02 5.00000E-02
 -1       137 1.56250E-01 1.94289E-16 5.00000E-02
 -1       138 6.25000E-02 3.50000E-02 5.00000E-02
 -1       139 9.37500E-02 1.94289E-16 5.00000E-02
 -1       140 0.00000E+00 3.50000E-02 5.00000E-02
 -1       141 3.12500E-02 1.94289E-16 5.00000E-02
 -1       142-6.25000E-02 3.50000E-02 5.00000E-02
 -1       143-3.12500E-02 1.94289E-16 5.00000E-02
 -1       144-1.25000E-01 3.50000E-02 5.00000E-02
 -1       145-9.37500E-02 1.94289E-16 5.00000E-02
 -1       146-1.87500E-01 3.50000E-02 5.00000E-02
 -1       147-1.56250E-01 1.94289E-16 5.00000E-02
 -1       148-2.18750E-01 1.94289E-16 5.00000E-02
 -1       149 1.87500E-01-3.50000E-02 5.00000E-02
 -1       150 1.25000E-01-3.50000E-02 5.00000E-02
 -1       151 6.25000E-02-3.50000E-02 5.00000E-02
 -1       152 0.00000E+00-3.50000E-02 5.00000E-02
 -1       153-6.25000E-02-3.50000E-02 5.00000E-02
 -1       154-1.25000E-01-3.50000E-02 5.00000E-02
 -1       155-1.87500E-01-3.50000E-02 5.00000E-02
 -1       156-2.50000E-01 1.80411E-16-4.16334E-17
 -1       157-2.50000E-01 3.50000E-02-3.81639E-17
 -1       158-2.50000E-01 1.87350E-16 2.50000E-02
 -1       159-2.50000E-01 1.87350E-16-2.50000E-02
 -1       160-2.50000E-01-3.50000E-02-3.81639E-17
 -1       161-1.87500E-01 7.00000E-02-2.42861E-17
 -1       162-1.25000E-01 7.00000E-02-1.73472E-17
 -1       163-6.25000E-02 7.00000E-02-1.04083E-17
 -1       164-5.78241E-18 7.00000E-02 4.45737E-30
 -1       165 6.25000E-02 7.00000E-02 6.93889E-18
 -1       166 1.25000E-01 7.00000E-02 1.73472E-17
 -1       167 1.87500E-01 7.00000E-02 2.60209E-17
 -1       168-1.87500E-01 7.00000E-02 2.50000E-02
 -1       169-2.18750E-01 7.00000E-02-2.94903E-17
 -1       170-1.25000E-01 7.00000E-02 2.50000E-02
 -1       171-1.56250E-01 7.00000E-02-2.08167E-17
 -1       172-6.25000E-02 7.00000E-02 2.50000E-02
 -1       173-9.37500E-02 7.00000E-02-1.38778E-17
 -1       174-2.89121E-18 7.00000E-02 2.50000E-02
 -1       175-3.12500E-02 7.00000E-02-5.20417E-18
 -1       176 6.25000E-02 7.00000E-02 2.50000E-02
 -1       177 3.12500E-02 7.00000E-02 3.46945E-18
 -1       178 1.25000E-01 7.00000E-02 2.50000E-02
 -1       179 9.37500E-02 7.00000E-02 1.21431E-17
 -1       180 1.87500E-01 7.00000E-02 2.50000E-02
 -1       181 1.56250E-01 7.00000E-02 2.16840E-17
 -1       182 2.18750E-01 7.00000E-02 3.03577E-17
 -1       183-1.87500E-01 7.00000E-02-2.50000E-02
 -1       184-1.25000E-01 7.00000E-02-2.50000E-02
 -1       185-6.25000E-02 7.00000E-02-2.50000E-02
 -1       186-2.89121E-18 7.00000E-02-2.50000E-02
 -1       187 6.25000E-02 7.00000E-02-2.50000E-02
 -1       188 1.25000E-01 7.00000E-02-2.50000E-02
 -1       189 1.87500E-01 7.00000E-02-2.50000E-02
 -1       190-1.87500E-01-7.00000E-02-2.77556E-17
 -1       191-1.25000E-01-7.00000E-02-1.73472E-17
 -1       192-6.25000E-02-7.00000E-02-6.93889E-18
 -1       193-5.78241E-18-7.00000E-02-4.45737E-30
 -1       194 6.25000E-02-7.00000E-02 1.21431E-17
 -1       195 1.25000E-01-7.00000E-02 1.73472E-17
 -1       196 1.87500E-01-7.00000E-02 2.25514E-17
 -1       197-2.18750E-01-7.00000E-02-3.12250E-17
 -1       198-1.87500E-01-7.00000E-02 2.50000E-02
 -1       199-1.56250E-01-7.00000E-02-2.25514E-17
 -1       200-1.25000E-01-7.00000E-02 2.50000E-02
 -1       201-9.37500E-02-7.00000E-02-1.21431E-17
 -1       202-6.25000E-02-7.00000E-02 2.50000E-02
 -1       203-3.12500E-02-7.00000E-02-3.46945E-18
 -1       204-2.89121E-18-7.00000E-02 2.50000E-02
 -1       205 3.12500E-02-7.00000E-02 6.07153E-18
 -1       206 6.25000E-02-7.00000E-02 2.50000E-02
 -1       207 9.37500E-02-7.00000E-02 1.47451E-17
 -1       208 1.25000E-01-7.00000E-02 2.50000E-02
 -1       209 1.56250E-01-7.00000E-02 1.99493E-17
 -1       210 1.87500E-01-7.00000E-02 2.50000E-02
 -1       211 2.18750E-01-7.00000E-02 2.86229E-17
 -1       212-1.87500E-01-7.00000E-02-2.50000E-02
 -1       213-1.25000E-01-7.00000E-02-2.50000E-02
 -1       214-6.25000E-02-7.00000E-02-2.50000E-02
 -1       215-2.89121E-18-7.00000E-02-2.50000E-02
 -1       216 6.25000E-02-7.00000E-02-2.50000E-02
 -1       217 1.25000E-01-7.00000E-02-2.50000E-02
 -1       218 1.87500E-01-7.00000E-02-2.50000E-02
 -1       219-1.87500E-01 1.83447E-16-3.44776E-17
 -1       220-1.25000E-01 1.84748E-16-2.21177E-17
 -1       221-6.25000E-02 1.72605E-16-1.47451E-17
 -1       222-6.93889E-18 1.80411E-16-6.07153E-18
 -1       223 6.25000E-02 1.71738E-16 8.67362E-18
 -1       224 1.25000E-01 1.71738E-16 1.56125E-17
 -1       225 1.87500E-01 1.70003E-16 2.94903E-17
 -1       226-1.87500E-01 1.88868E-16-2.50000E-02
 -1       227-2.18750E-01 1.81929E-16-3.80555E-17
 -1       228-1.87500E-01 3.50000E-02-2.93819E-17
 -1       229-1.87500E-01 1.88868E-16 2.50000E-02
 -1       230-1.25000E-01 1.89519E-16-2.50000E-02
 -1       231-1.56250E-01 1.84098E-16-2.82977E-17
 -1       232-1.25000E-01 3.50000E-02-1.97325E-17
 -1       233-1.25000E-01 1.89519E-16 2.50000E-02
 -1       234-6.25000E-02 1.83447E-16-2.50000E-02
 -1       235-9.37500E-02 1.78677E-16-1.84314E-17
 -1       236-6.25000E-02 3.50000E-02-1.25767E-17
 -1       237-6.25000E-02 1.83447E-16 2.50000E-02
 -1       238-3.46945E-18 1.87350E-16-2.50000E-02
 -1       239-3.12500E-02 1.76508E-16-1.04083E-17
 -1       240-6.36065E-18 3.50000E-02-3.03577E-18
 -1       241-3.46945E-18 1.87350E-16 2.50000E-02
 -1       242 6.25000E-02 1.83013E-16-2.50000E-02
 -1       243 3.12500E-02 1.76074E-16 1.30104E-18
 -1       244 6.25000E-02 3.50000E-02 7.80626E-18
 -1       245 6.25000E-02 1.83013E-16 2.50000E-02
 -1       246 1.25000E-01 1.83013E-16-2.50000E-02
 -1       247 9.37500E-02 1.71738E-16 1.21431E-17
 -1       248 1.25000E-01 3.50000E-02 1.64799E-17
 -1       249 1.25000E-01 1.83013E-16 2.50000E-02
 -1       250 1.87500E-01 1.82146E-16-2.50000E-02
 -1       251 1.56250E-01 1.70870E-16 2.25514E-17
 -1       252 1.87500E-01 3.50000E-02 2.77556E-17
 -1       253 1.87500E-01 1.82146E-16 2.50000E-02
 -1       254 2.18750E-01 1.75207E-16 3.55618E-17
 -1       255-1.87500E-01-3.50000E-02-3.11166E-17
 -1       256-1.25000E-01-3.50000E-02-1.97325E-17
 -1       257-6.25000E-02-3.50000E-02-1.08420E-17
 -1       258-6.36065E-18-3.50000E-02-3.03577E-18
 -1       259 6.25000E-02-3.50000E-02 1.04083E-17
 -1       260 1.25000E-01-3.50000E-02 1.64799E-17
 -1       261 1.87500E-01-3.50000E-02 2.60209E-17
 -3
    3C                            32                                     1
 -1         1    4    0    1
 -2         1         9        93        30        90       156       219       161        10       101
 -2       100        37        92       159       226       183       157       227       228       169
 -1         2    4    0    1
 -2        90       156       219       161         8        69       133        78       157       227
 -2       228       169        91       158       229       168        70       148       146        86
 -1         3    4    0    1
 -2        30        93        94        31       161       219       220       162       100       103
 -2       102        38       183       226       230       184       228       231       232       171
 -1         4    4    0    1
 -2       161       219       220       162        78       133       132        77       228       231
 -2       232       171       168       229       233       170       146       147       144        85
 -1         5    4    0    1
 -2        31        94        95        32       162       220       221       163       102       105
 -2       104        39       184       230       234       185       232       235       236       173
 -1         6    4    0    1
 -2       162       220       221       163        77       132       131        76       232       235
 -2       236       173       170       233       237       172       144       145       142        84
 -1         7    4    0    1
 -2        32        95        96        33       163       221       222       164       104       107
 -2       106        40       185       234       238       186       236       239       240       175
 -1         8    4    0    1
 -2       163       221       222       164        76       131       130        75       236       239
 -2       240       175       172       237       241       174       142       143       140        83
 -1         9    4    0    1
 -2        33        96        97        34       164       222       223       165       106       109
 -2       108        41       186       238       242       187       240       243       244       177
 -1        10    4    0    1
 -2       164       222       223       165        75       130       129        74       240       243
 -2       244       177       174       241       245       176       140       141       138        82
 -1        11    4    0    1
 -2        34        97        98        35       165       223       224       166       108       111
 -2       110        42       187       242       246       188       244       247       248       179
 -1        12    4    0    1
 -2       165       223       224       166        74       129       128        73       244       247
 -2       248       179       176       245       249       178       138       139       136        81
 -1        13    4    0    1
 -2        35        98        99        36       166       224       225       167       110       113
 -2       112        43       188       246       250       189       248       251       252       181
 -1        14    4    0    1
 -2       166       224       225       167        73       128       127        72       248       251
 -2       252       181       178       249       253       180       136       137       134        80
 -1        15    4    0    1
 -2        36        99        27         4       167       225       122        51       112       114
 -2        28        44       189       250       124        52       252       254       123       182
 -1        16    4    0    1
 -2       167       225       122        51        72       127        48         6       252       254
 -2       123       182       180       253       125        53       134       135        49        79
 -1        17    4    0    1
 -2         9         2        12        93       156        87       190       219        11        19
 -2       115       101       159        89       212       226       160       197       255       227
 -1        18    4    0    1
 -2       156        87       190       219        69         7        60       133       160       197
 -2       255       227       158        88       198       229        71        68       155       148
 -1        19    4    0    1
 -2        93        12        13        94       219       190       191       220       115        20
 -2       116       103       226       212       213       230       255       199       256       231
 -1        20    4    0    1
 -2       219       190       191       220       133        60        59       132       255       199
 -2       256       231       229       198       200       233       155        67       154       147
 -1        21    4    0    1
 -2        94        13        14        95       220       191       192       221       116        21
 -2       117       105       230       213       214       234       256       201       257       235
 -1        22    4    0    1
 -2       220       191       192       221       132        59        58       131       256       201
 -2       257       235       233       200       202       237       154        66       153       145
 -1        23    4    0    1
 -2        95        14        15        96       221       192       193       222       117        22
 -2       118       107       234       214       215       238       257       203       258       239
 -1        24    4    0    1
 -2       221       192       193       222       131        58        57       130       257       203
 -2       258       239       237       202       204       241       153        65       152       143
 -1        25    4    0    1
 -2        96        15        16        97       222       193       194       223       118        23
 -2       119       109       238       215       216       242       258       205       259       243
 -1        26    4    0    1
 -2       222       193       194       223       130        57        56       129       258       205
 -2       259       243       241       204       206       245       152        64       151       141
 -1        27    4    0    1
 -2        97        16        17        98       223       194       195       224       119        24
 -2       120       111       242       216       217       246       259       207       260       247
 -1        28    4    0    1
 -2       223       194       195       224       129        56        55       128       259       207
 -2       260       247       245       206       208       249       151        63       150       139
 -1        29    4    0    1
 -2        98        17        18        99       224       195       196       225       120        25
 -2       121       113       246       217       218       250       260       209       261       251
 -1        30    4    0    1
 -2       224       195       196       225       128        55        54       127       260       209
 -2       261       251       249       208       210       253       150        62       149       137
 -1        31    4    0    1
 -2        99        18         3        27       225       196        45       122       121        26
 -2        29       114       250       218        46       124       261       211       126       254
 -1        32    4    0    1
 -2       225       196        45       122       127        54         5        48       261       211
 -2       126       254       253       210        47       125       149        61        50       135
 -3
    1PSTEP                         1           1           1          
  100CL  101 1.000000000         261                     0    1           1
 -4  DISP        4    1
 -5  D1          1    2    1    0
 -5  D2          1    2    2    0
 -5  D3          1    2    3    0
 -5  ALL         1    2    0    0    1ALL
 -1         1 0.00000E+00 0.00000E+00 0.00000E+00
 -1         2 0.00000E+00 0.00000E+00 0.00000E+00
 -1         3-1.81102E-06-9.01539E-06-1.32078E-08
 -1         4 1.80695E-06-9.01540E-06-1.52531E-08
 -1         5-1.80691E-06-9.01532E-06-1.51868E-08
 -1         6 1.81102E-06-9.01535E-06-1.32966E-08
 -1         7 0.00000E+00 0.00000E+00 0.00000E+00
 -1         8 0.00000E+00 0.00000E+00 0.00000E+00
 -1         9 0.00000E+00 0.00000E+00 0.00000E+00
 -1        10 0.00000E+00 0.00000E+00 0.00000E+00
 -1        11 0.00000E+00 0.00000E+00 0.00000E+00
 -1        12-4.14078E-07-2.55935E-07-8.74257E-08
 -1        13-7.81555E-07-8.45006E-07-7.81932E-08
 -1        14-1.09396E-06-1.73994E-06-6.68190E-08
 -1        15-1.35065E-06-2.88775E-06-5.58176E-08
 -1        16-1.55017E-06-4.23935E-06-4.49876E-08
 -1        17-1.69274E-06-5.74330E-06-3.45722E-08
 -1        18-1.77866E-06-7.34888E-06-2.46629E-08
 -1        19-2.08286E-07-9.42710E-08-8.15888E-08
 -1        20-6.04891E-07-5.10418E-07-8.39605E-08
 -1        21-9.44436E-07-1.25777E-06-7.24610E-08
 -1        22-1.22942E-06-2.28518E-06-6.12906E-08
 -1        23-1.45741E-06-3.54132E-06-5.03721E-08
 -1        24-1.62853E-06-4.97545E-06-3.97419E-08
 -1        25-1.74275E-06-6.53646E-06-2.95628E-08
 -1        26-1.80093E-06-8.17395E-06-2.00820E-08
 -1        27-2.06235E-09-8.99872E-06-1.42637E-08
 -1        28 8.87343E-07-9.00650E-06-1.69455E-08
 -1        29-8.91428E-07-9.00649E-06-1.15384E-08
 -1        30 4.13019E-07-2.55679E-07 8.65484E-08
 -1        31 7.79745E-07-8.44802E-07 7.51737E-08
 -1        32 1.09154E-06-1.73979E-06 6.08554E-08
 -1        33 1.34776E-06-2.88759E-06 4.63579E-08
 -1        34 1.54676E-06-4.23920E-06 3.14670E-08
 -1        35 1.68889E-06-5.74316E-06 1.63764E-08
 -1        36 1.77459E-06-7.34884E-06 1.37997E-09
 -1        37 2.07755E-07-9.40491E-08 8.12982E-08
 -1        38 6.03407E-07-5.10197E-07 8.21305E-08
 -1        39 9.42326E-07-1.25758E-06 6.80628E-08
 -1        40 1.22675E-06-2.28503E-06 5.36300E-08
 -1        41 1.45427E-06-3.54116E-06 3.89483E-08
 -1        42 1.62487E-06-4.97532E-06 2.39361E-08
 -1        43 1.73877E-06-6.53638E-06 8.86111E-09
 -1        44 1.79685E-06-8.17392E-06-5.79835E-09
 -1        45-1.81428E-06-9.01795E-06-1.41809E-08
 -1        46-1.81455E-06-9.01735E-06-1.39156E-08
 -1        47-1.81250E-06-9.01732E-06-1.44686E-08
 -1        48 2.07201E-09-8.99867E-06-1.42680E-08
 -1        49 8.91463E-07-9.00645E-06-1.16047E-08
 -1        50-8.87324E-07-9.00642E-06-1.68887E-08
 -1        51 1.81430E-06-9.01794E-06-1.42784E-08
 -1        52 1.81253E-06-9.01736E-06-1.45425E-08
 -1        53 1.81457E-06-9.01733E-06-1.40067E-08
 -1        54-1.77454E-06-7.34876E-06 1.49453E-09
 -1        55-1.68889E-06-5.74306E-06 1.65502E-08
 -1        56-1.54674E-06-4.23916E-06 3.15223E-08
 -1        57-1.34770E-06-2.88766E-06 4.62775E-08
 -1        58-1.09145E-06-1.73995E-06 6.06215E-08
 -1        59-7.79591E-07-8.44995E-07 7.48867E-08
 -1        60-4.12908E-07-2.55774E-07 8.63939E-08
 -1        61-1.79680E-06-8.17385E-06-5.71032E-09
 -1        62-1.73874E-06-6.53629E-06 9.00774E-09
 -1        63-1.62487E-06-4.97523E-06 2.40690E-08
 -1        64-1.45423E-06-3.54117E-06 3.89472E-08
 -1        65-1.22668E-06-2.28514E-06 5.34890E-08
 -1        66-9.42190E-07-1.25778E-06 6.77797E-08
 -1        67-6.03276E-07-5.10344E-07 8.19078E-08
 -1        68-2.07676E-07-9.40884E-08 8.12198E-08
 -1        69 0.00000E+00 0.00000E+00 0.00000E+00
 -1        70 0.00000E+00 0.00000E+00 0.00000E+00
 -1        71 0.00000E+00 0.00000E+00 0.00000E+00
 -1        72 1.77865E-06-7.34879E-06-2.47908E-08
 -1        73 1.69275E-06-5.74317E-06-3.46934E-08
 -1        74 1.55024E-06-4.23929E-06-4.50548E-08
 -1        75 1.35078E-06-2.88779E-06-5.57594E-08
 -1        76 1.09412E-06-1.74010E-06-6.66009E-08
 -1        77 7.81623E-07-8.45219E-07-7.79015E-08
 -1        78 4.14090E-07-2.56045E-07-8.73004E-08
 -1        79 1.80091E-06-8.17387E-06-2.01679E-08
 -1        80 1.74276E-06-6.53637E-06-2.97069E-08
 -1        81 1.62852E-06-4.97535E-06-3.98411E-08
 -1        82 1.45756E-06-3.54129E-06-5.03840E-08
 -1        83 1.22954E-06-2.28528E-06-6.11380E-08
 -1        84 9.44591E-07-1.25796E-06-7.21971E-08
 -1        85 6.04901E-07-5.10605E-07-8.37374E-08
 -1        86 2.08294E-07-9.43342E-08-8.15311E-08
 -1        87 0.00000E+00 0.00000E+00 0.00000E+00
 -1        88 0.00000E+00 0.00000E+00 0.00000E+00
 -1        89 0.00000E+00 0.00000E+00 0.00000E+00
 -1        90 0.00000E+00 0.00000E+00 0.00000E+00
 -1        91 0.00000E+00 0.00000E+00 0.00000E+00
 -1        92 0.00000E+00 0.00000E+00 0.00000E+00
 -1        93-5.21285E-10-2.00486E-07-5.29865E-10
 -1        94-9.07685E-10-7.91616E-07-1.58622E-09
 -1        95-1.20402E-09-1.69509E-06-3.03545E-09
 -1        96-1.44984E-09-2.85201E-06-4.79083E-09
 -1        97-1.70871E-09-4.21247E-06-6.81901E-09
 -1        98-1.92696E-09-5.72542E-06-9.13885E-09
 -1        99-2.02694E-09-7.34006E-06-1.16632E-08
 -1       100 1.95341E-07-2.07948E-07 4.27250E-08
 -1       101-2.60301E-10-3.25276E-08-2.08524E-10
 -1       102 3.78169E-07-8.06027E-07 3.70130E-08
 -1       103-7.28090E-10-4.52683E-07-9.95267E-10
 -1       104 5.34706E-07-1.70599E-06 2.89021E-08
 -1       105-1.06851E-09-1.20833E-06-2.26371E-09
 -1       106 6.62518E-07-2.86094E-06 2.07541E-08
 -1       107-1.32530E-09-2.24496E-06-3.87902E-09
 -1       108 7.61933E-07-4.21912E-06 1.23167E-08
 -1       109-1.58104E-09-3.51000E-06-5.76736E-09
 -1       110 8.32923E-07-5.72981E-06 3.59478E-09
 -1       111-1.82487E-09-4.95305E-06-7.94297E-09
 -1       112 8.75276E-07-7.34224E-06-5.27698E-09
 -1       113-1.99396E-09-6.52326E-06-1.03789E-08
 -1       114-2.05532E-09-8.17076E-06-1.29561E-08
 -1       115-1.96385E-07-2.08063E-07-4.37383E-08
 -1       116-3.80007E-07-8.06138E-07-4.01239E-08
 -1       117-5.37123E-07-1.70607E-06-3.49382E-08
 -1       118-6.65438E-07-2.86102E-06-3.02988E-08
 -1       119-7.65341E-07-4.21920E-06-2.59267E-08
 -1       120-8.36755E-07-5.72988E-06-2.18522E-08
 -1       121-8.79335E-07-7.34227E-06-1.80374E-08
 -1       122 2.78428E-11-8.99994E-06-1.42630E-08
 -1       123 8.93196E-07-9.00836E-06-1.42605E-08
 -1       124-1.01321E-09-8.99883E-06-1.42664E-08
 -1       125 1.03627E-09-8.99880E-06-1.42646E-08
 -1       126-8.93177E-07-9.00836E-06-1.42055E-08
 -1       127 2.03287E-09-7.33997E-06-1.16772E-08
 -1       128 1.93882E-09-5.72534E-06-9.12177E-09
 -1       129 1.75391E-09-4.21245E-06-6.81314E-09
 -1       130 1.54963E-09-2.85205E-06-4.78590E-09
 -1       131 1.33134E-09-1.69524E-06-3.04743E-09
 -1       132 1.01998E-09-7.91786E-07-1.57544E-09
 -1       133 5.97608E-10-2.00584E-07-5.35698E-10
 -1       134 8.79339E-07-7.34219E-06-1.80913E-08
 -1       135 2.05714E-09-8.17068E-06-1.29623E-08
 -1       136 8.36782E-07-5.72978E-06-2.19013E-08
 -1       137 2.01333E-09-6.52317E-06-1.03836E-08
 -1       138 7.65418E-07-4.21917E-06-2.59494E-08
 -1       139 1.84476E-09-4.95299E-06-7.93094E-09
 -1       140 6.65550E-07-2.86106E-06-3.02547E-08
 -1       141 1.65807E-09-3.51001E-06-5.76469E-09
 -1       142 5.37262E-07-1.70622E-06-3.48365E-08
 -1       143 1.43378E-09-2.24506E-06-3.88016E-09
 -1       144 3.80098E-07-8.06315E-07-4.00004E-08
 -1       145 1.19769E-09-1.20849E-06-2.26988E-09
 -1       146 1.96411E-07-2.08171E-07-4.36799E-08
 -1       147 8.27353E-10-4.52820E-07-9.97203E-10
 -1       148 3.02048E-10-3.25869E-08-2.15772E-10
 -1       149-8.75257E-07-7.34216E-06-5.22022E-09
 -1       150-8.32912E-07-5.72973E-06 3.66526E-09
 -1       151-7.61906E-07-4.21910E-06 1.23400E-08
 -1       152-6.62465E-07-2.86100E-06 2.07213E-08
 -1       153-5.34617E-07-1.70613E-06 2.87956E-08
 -1       154-3.78052E-07-8.06210E-07 3.68825E-08
 -1       155-1.95243E-07-2.08052E-07 4.26403E-08
 -1       156 0.00000E+00 0.00000E+00 0.00000E+00
 -1       157 0.00000E+00 0.00000E+00 0.00000E+00
 -1       158 0.00000E+00 0.00000E+00 0.00000E+00
 -1       159 0.00000E+00 0.00000E+00 0.00000E+00
 -1       160 0.00000E+00 0.00000E+00 0.00000E+00
 -1       161 4.15136E-07-2.88680E-07-3.22824E-10
 -1       162 7.83033E-07-8.72224E-07-1.33342E-09
 -1       163 1.09615E-06-1.76275E-06-2.84883E-09
 -1       164 1.35245E-06-2.90593E-06-4.66669E-09
 -1       165 1.55172E-06-4.25291E-06-6.76941E-09
 -1       166 1.69404E-06-5.75229E-06-9.14059E-09
 -1       167 1.77995E-06-7.35381E-06-1.16874E-08
 -1       168 4.12570E-07-2.81846E-07-4.25644E-08
 -1       169 1.95884E-07-1.18813E-07-4.98849E-11
 -1       170 7.84042E-07-8.65189E-07-3.99848E-08
 -1       171 6.06340E-07-5.40598E-07-7.56988E-10
 -1       172 1.09624E-06-1.75717E-06-3.46508E-08
 -1       173 9.46698E-07-1.28262E-06-2.03478E-09
 -1       174 1.35284E-06-2.90141E-06-3.02219E-08
 -1       175 1.23135E-06-2.30568E-06-3.72159E-09
 -1       176 1.55218E-06-4.24953E-06-2.59029E-08
 -1       177 1.45910E-06-3.55720E-06-5.67975E-09
 -1       178 1.69460E-06-5.75001E-06-2.19209E-08
 -1       179 1.62991E-06-4.98672E-06-7.92972E-09
 -1       180 1.78047E-06-7.35253E-06-1.81995E-08
 -1       181 1.74397E-06-6.54335E-06-1.04000E-08
 -1       182 1.80310E-06-8.17727E-06-1.29918E-08
 -1       183 4.12045E-07-2.81653E-07 4.19064E-08
 -1       184 7.83110E-07-8.64991E-07 3.73022E-08
 -1       185 1.09498E-06-1.75702E-06 2.89435E-08
 -1       186 1.35135E-06-2.90131E-06 2.08614E-08
 -1       187 1.55046E-06-4.24947E-06 1.23530E-08
 -1       188 1.69268E-06-5.75000E-06 3.63538E-09
 -1       189 1.77845E-06-7.35255E-06-5.19692E-09
 -1       190-4.15066E-07-2.88660E-07-4.73093E-10
 -1       191-7.82917E-07-8.72215E-07-1.60776E-09
 -1       192-1.09602E-06-1.76275E-06-3.05472E-09
 -1       193-1.35237E-06-2.90594E-06-4.73460E-09
 -1       194-1.55164E-06-4.25292E-06-6.71222E-09
 -1       195-1.69404E-06-5.75230E-06-9.01146E-09
 -1       196-1.77994E-06-7.35382E-06-1.15866E-08
 -1       197-1.95856E-07-1.18810E-07-1.17168E-10
 -1       198-4.11973E-07-2.81694E-07 4.17499E-08
 -1       199-6.06242E-07-5.40579E-07-9.72573E-10
 -1       200-7.82995E-07-8.65071E-07 3.70232E-08
 -1       201-9.46560E-07-1.28261E-06-2.29746E-09
 -1       202-1.09487E-06-1.75710E-06 2.87237E-08
 -1       203-1.23124E-06-2.30569E-06-3.86256E-09
 -1       204-1.35126E-06-2.90135E-06 2.07901E-08
 -1       205-1.45903E-06-3.55720E-06-5.68597E-09
 -1       206-1.55040E-06-4.24947E-06 1.24015E-08
 -1       207-1.62985E-06-4.98673E-06-7.82114E-09
 -1       208-1.69267E-06-5.74997E-06 3.79391E-09
 -1       209-1.74398E-06-6.54336E-06-1.02706E-08
 -1       210-1.77843E-06-7.35251E-06-5.08894E-09
 -1       211-1.80308E-06-8.17726E-06-1.28922E-08
 -1       212-4.12509E-07-2.81777E-07-4.26998E-08
 -1       213-7.83945E-07-8.65088E-07-4.02700E-08
 -1       214-1.09612E-06-1.75711E-06-3.48605E-08
 -1       215-1.35275E-06-2.90140E-06-3.02829E-08
 -1       216-1.55211E-06-4.24955E-06-2.58334E-08
 -1       217-1.69459E-06-5.75008E-06-2.18059E-08
 -1       218-1.78046E-06-7.35257E-06-1.80824E-08
 -1       219 3.87412E-11-2.27989E-07-4.77281E-10
 -1       220 6.20844E-11-8.18721E-07-1.54290E-09
 -1       221 6.41375E-11-1.71795E-06-3.01229E-09
 -1       222 4.22043E-11-2.87025E-06-4.75647E-09
 -1       223 2.21830E-11-4.22615E-06-6.79037E-09
 -1       224-6.21416E-12-5.73448E-06-9.11322E-09
 -1       225 1.81600E-12-7.34461E-06-1.16729E-08
 -1       226-2.28073E-10-2.23539E-07-4.83220E-10
 -1       227 2.43193E-11-5.66070E-08-1.43726E-10
 -1       228 1.95024E-07-2.36871E-07-4.25978E-10
 -1       229 2.95605E-10-2.23588E-07-4.84962E-10
 -1       230-4.18610E-10-8.11638E-07-1.55701E-09
 -1       231 5.45345E-11-4.81454E-07-9.47264E-10
 -1       232 3.81339E-07-8.33579E-07-1.45516E-09
 -1       233 5.28139E-10-8.11721E-07-1.54972E-09
 -1       234-5.67618E-10-1.71233E-06-3.01534E-09
 -1       235 6.82461E-11-1.23354E-06-2.23422E-09
 -1       236 5.38475E-07-1.72884E-06-2.94003E-09
 -1       237 6.88182E-10-1.71240E-06-3.02434E-09
 -1       238-7.03011E-10-2.86566E-06-4.76827E-09
 -1       239 6.38120E-11-2.26550E-06-3.85291E-09
 -1       240 6.66464E-07-2.87924E-06-4.72530E-09
 -1       241 7.93776E-10-2.86568E-06-4.76325E-09
 -1       242-8.39510E-10-4.22273E-06-6.79949E-09
 -1       243 2.75976E-11-3.52595E-06-5.73377E-09
 -1       244 7.66111E-07-4.23281E-06-6.79492E-09
 -1       245 8.90351E-10-4.22271E-06-6.79320E-09
 -1       246-9.54584E-10-5.73223E-06-9.12306E-09
 -1       247 1.42634E-11-4.96440E-06-7.92438E-09
 -1       248 8.37275E-07-5.73893E-06-9.13289E-09
 -1       249 9.62175E-10-5.73219E-06-9.11483E-09
 -1       250-1.00535E-09-7.34345E-06-1.16597E-08
 -1       251-1.62484E-11-6.53004E-06-1.03748E-08
 -1       252 8.79859E-07-7.34695E-06-1.16811E-08
 -1       253 1.01074E-09-7.34341E-06-1.16805E-08
 -1       254 1.55167E-11-8.17261E-06-1.29582E-08
 -1       255-1.94964E-07-2.36862E-07-4.98072E-10
 -1       256-3.81234E-07-8.33570E-07-1.58329E-09
 -1       257-5.38362E-07-1.72884E-06-3.04143E-09
 -1       258-6.66376E-07-2.87925E-06-4.76260E-09
 -1       259-7.66063E-07-4.23281E-06-6.76948E-09
 -1       260-8.37259E-07-5.73893E-06-9.07970E-09
 -1       261-8.79852E-07-7.34695E-06-1.16238E-08
 -3
    1PSTEP                         2           1           1          
  100CL  101 1.000000000         261                     0    1           1
 -4  STRESS      6    1
 -5  SXX         1    4    1    1
 -5  SYY         1    4    2    2
 -5  SZZ         1    4    3    3
 -5  SXY         1    4    1    2
 -5  SYZ         1    4    2    3
 -5  SZX         1    4    3    1
 -1         1 1.79547E+06 6.98249E+05 6.98248E+05-1.58177E+05-1.09982E-01 3.13222E+05
 -1         2-1.80006E+06-7.00032E+05-7.00031E+05-1.59007E+05-1.10582E-01-3.13595E+05
 -1         3-9.99019E+03 5.53024E+04 4.88291E+03-3.95453E+04 3.59488E+02 3.24412E+03
 -1         4 1.02099E+04-5.52013E+04-4.75188E+03-3.96940E+04 3.89781E+02-3.24697E+03
 -1         5-1.02522E+04 5.53071E+04 4.77448E+03-3.96968E+04-2.28345E+02-3.27044E+03
 -1         6 1.03216E+04-5.51827E+04-4.75480E+03-3.98183E+04-3.47226E+02 3.12364E+03
 -1         7-1.79460E+06-6.97911E+05-6.97910E+05-1.58258E+05 1.10131E-01 3.13012E+05
 -1         8 1.80013E+06 7.00060E+05 7.00060E+05-1.59193E+05 1.11155E-01-3.13457E+05
 -1         9-2.23327E+03-8.68503E+02-8.68505E+02 9.23716E+04-1.35214E-01-3.99297E+02
 -1        10 8.49815E+05 3.30474E+05 3.30474E+05-6.48342E+03 3.50069E-01 1.56040E+05
 -1        11-8.54313E+05-3.32223E+05-3.32224E+05-6.88027E+03 3.51087E-01-1.56685E+05
 -1        12-1.33370E+06 4.14975E+04 2.43710E+04-2.05328E+03-1.29487E+04 5.70024E+04
 -1        13-1.14770E+06-1.81930E+04-1.10057E+04-2.04686E+04 1.52352E+03 3.21343E+03
 -1        14-9.56990E+05 4.69008E+03 2.44420E+03-2.68056E+04-5.16293E+02 3.85417E+03
 -1        15-7.66073E+05-1.09745E+03-3.76946E+02-2.63099E+04 9.89639E+01 3.37785E+03
 -1        16-5.75134E+05 1.17148E+02 2.69043E+01-2.63408E+04-5.13265E+01 3.60168E+03
 -1        17-3.83873E+05-1.99436E+02-4.24433E+02-2.60253E+04 8.31922E+01 3.35208E+03
 -1        18-1.91835E+05-2.74561E+02 1.83998E+03-1.75076E+04-2.99294E+02 1.12768E+03
 -1        19-1.45117E+06-1.25024E+05-8.86476E+04-6.65580E+04 2.45633E+04-8.75870E+04
 -1        20-1.21904E+06 3.24481E+04 2.37062E+04-1.32686E+04-4.60736E+03 1.10599E+04
 -1        21-1.05247E+06-5.77414E+03-4.07571E+03-1.82812E+04 7.74990E+02 2.13172E+03
 -1        22-8.61844E+05 1.44638E+03 8.77154E+02-1.79461E+04-2.18971E+02 3.67920E+03
 -1        23-6.70536E+05-3.93755E+02-9.13310E+01-1.82205E+04 4.02045E+01 3.51629E+03
 -1        24-4.78987E+05 2.24392E+02 3.76210E+01-1.80111E+04 8.75179E+00 3.57419E+03
 -1        25-2.89038E+05-1.22046E+03-6.46907E+00-1.67991E+04-2.47755E+01 3.21086E+03
 -1        26-1.11715E+05-6.32940E+03-4.35772E+03-1.80166E+04 2.09611E+03 1.46372E+03
 -1        27-1.65312E+01-7.38128E+01-7.29431E+01-1.20710E+05-1.02071E+04 3.88249E+00
 -1        28-1.86503E+04-5.75619E+04-8.21278E+03-8.23465E+04-4.83050E+03-2.46245E+03
 -1        29 1.88277E+04 5.75922E+04 8.31235E+03-8.23186E+04-4.91569E+03 2.43985E+03
 -1        30 1.33040E+06-4.14478E+04-2.42141E+04-2.23746E+03-1.29378E+04-5.70160E+04
 -1        31 1.14576E+06 1.81596E+04 1.09922E+04-2.03818E+04 1.42363E+03-3.37888E+03
 -1        32 9.55028E+05-4.76367E+03-2.48426E+03-2.68618E+04-4.96430E+02-3.93428E+03
 -1        33 7.64556E+05 1.14059E+03 3.59535E+02-2.61376E+04 1.44339E+02-3.40772E+03
 -1        34 5.73210E+05-2.20673E+02-8.33146E+01-2.64223E+04-1.64180E+01-3.61625E+03
 -1        35 3.82894E+05 2.93625E+02 4.17127E+02-2.61763E+04 1.19363E+02-3.37647E+03
 -1        36 1.91439E+05 1.88161E+02-1.95204E+03-1.75550E+04-2.53910E+02-1.18081E+03
 -1        37 1.44743E+06 1.24649E+05 8.83772E+04-6.62500E+04 2.44670E+04 8.74502E+04
 -1        38 1.21659E+06-3.23739E+04-2.34806E+04-1.33258E+04-4.65362E+03-1.11400E+04
 -1        39 1.05036E+06 5.66380E+03 3.97480E+03-1.82457E+04 7.17613E+02-2.23049E+03
 -1        40 8.60328E+05-1.37864E+03-7.47830E+02-1.78943E+04-1.84040E+02-3.67215E+03
 -1        41 6.68798E+05 3.95102E+02 9.85073E+01-1.81527E+04 2.75040E+01-3.54259E+03
 -1        42 4.77474E+05-2.82544E+02-4.45113E+01-1.81104E+04 5.11416E+01-3.53785E+03
 -1        43 2.88284E+05 1.17638E+03-6.57175E+01-1.69488E+04 2.55181E+01-3.28226E+03
 -1        44 1.11731E+05 6.41580E+03 4.38062E+03-1.80857E+04 2.06706E+03-1.45356E+03
 -1        45-1.48888E+04 6.02951E+04 1.22234E+04-3.78734E+04 2.58912E+01-1.07614E+01
 -1        46-1.37945E+04 6.11484E+04 9.17243E+03-3.57828E+04 5.76069E+02 3.14221E+03
 -1        47-1.38676E+04 6.11590E+04 9.01724E+03-3.58728E+04-4.80025E+02-3.17323E+03
 -1        48 2.67271E+00-1.55900E+02-7.86584E+01-1.20710E+05 1.00743E+04-1.13142E+01
 -1        49-1.85795E+04-5.75904E+04-8.33976E+03-8.24111E+04 4.85141E+03 2.39934E+03
 -1        50 1.86706E+04 5.75044E+04 8.24486E+03-8.23556E+04 4.86699E+03-2.43113E+03
 -1        51 1.47921E+04-6.03428E+04-1.23617E+04-3.77755E+04 1.05774E+01-1.37579E+01
 -1        52 1.38155E+04-6.11441E+04-9.15847E+03-3.58201E+04 6.12758E+02-3.15902E+03
 -1        53 1.39528E+04-6.10692E+04-9.06970E+03-3.58476E+04-5.73620E+02 3.09359E+03
 -1        54-1.91431E+05-2.15241E+02 1.99980E+03-1.77023E+04 3.04954E+02-1.11167E+03
 -1        55-3.82674E+05-4.06684E+02-3.17711E+02-2.61226E+04-1.28810E+02-3.46105E+03
 -1        56-5.73451E+05 7.82828E+01 9.69890E+01-2.63060E+04 6.37259E+01-3.52384E+03
 -1        57-7.64700E+05-1.15523E+03-5.05967E+02-2.60601E+04-9.13238E+01-3.39476E+03
 -1        58-9.55320E+05 4.84526E+03 2.30520E+03-2.67652E+04 5.25219E+02-3.79689E+03
 -1        59-1.14568E+06-1.80866E+04-1.10307E+04-2.05866E+04-1.44540E+03-3.29015E+03
 -1        60-1.33030E+06 4.14085E+04 2.42818E+04-2.41338E+03 1.29236E+04-5.70167E+04
 -1        61-1.11751E+05-6.34032E+03-4.34807E+03-1.81754E+04-1.98537E+03-1.43251E+03
 -1        62-2.88098E+05-1.22524E+03 1.15393E+02-1.69991E+04-8.25224E+00-3.27057E+03
 -1        63-4.77618E+05 8.94157E+01 5.79762E+01-1.79980E+04-2.49729E+01-3.52467E+03
 -1        64-6.68917E+05-4.56194E+02-8.71481E+01-1.80555E+04-1.46526E+01-3.48307E+03
 -1        65-8.60422E+05 1.44872E+03 7.15392E+02-1.78145E+04 2.23112E+02-3.60321E+03
 -1        66-1.05062E+06-5.61162E+03-4.13361E+03-1.82983E+04-7.30806E+02-2.11406E+03
 -1        67-1.21642E+06 3.24197E+04 2.35307E+04-1.35188E+04 4.62139E+03-1.11333E+04
 -1        68-1.44701E+06-1.24597E+05-8.82572E+04-6.64082E+04-2.44529E+04 8.73914E+04
 -1        69 2.62271E+03 1.01995E+03 1.01995E+03 9.21886E+04 1.35512E-01-4.29696E+02
 -1        70 8.54464E+05 3.32282E+05 3.32282E+05-7.07057E+03-3.51819E-01-1.56632E+05
 -1        71-8.49168E+05-3.30222E+05-3.30223E+05-6.62411E+03-3.50198E-01 1.55914E+05
 -1        72 1.91608E+05 3.30291E+02-1.95679E+03-1.75146E+04 2.22400E+02 1.19754E+03
 -1        73 3.84231E+05 4.61877E+02 4.59146E+02-2.61262E+04-6.16765E+01 3.28104E+03
 -1        74 5.74210E+05-2.54230E+02-2.43355E+02-2.63224E+04 1.02416E+02 3.56554E+03
 -1        75 7.66512E+05 1.26296E+03 5.39164E+02-2.60464E+04-1.63151E+02 3.28522E+03
 -1        76 9.56553E+05-4.89348E+03-2.53386E+03-2.66329E+04 4.40671E+02 3.92841E+03
 -1        77 1.14849E+06 1.81805E+04 1.12593E+04-2.05028E+04-1.46820E+03 3.14329E+03
 -1        78 1.33356E+06-4.15606E+04-2.44951E+04-2.22274E+03 1.29804E+04 5.70222E+04
 -1        79 1.11850E+05 6.51759E+03 4.51105E+03-1.81762E+04-2.06727E+03 1.42134E+03
 -1        80 2.88941E+05 1.24439E+03-1.39565E+02-1.68885E+04-4.67321E+01 3.23051E+03
 -1        81 4.78802E+05-1.21085E+02-4.59226E+01-1.80291E+04 2.27624E+01 3.43339E+03
 -1        82 6.70382E+05 5.14407E+02 8.45319E+01-1.80406E+04 1.38198E+01 3.54640E+03
 -1        83 8.61764E+05-1.46707E+03-8.20747E+02-1.77550E+04 1.48198E+02 3.60564E+03
 -1        84 1.05278E+06 5.70701E+03 4.14861E+03-1.81734E+04-7.60381E+02 2.12575E+03
 -1        85 1.21918E+06-3.26096E+04-2.36777E+04-1.34673E+04 4.64060E+03 1.10513E+04
 -1        86 1.45122E+06 1.25053E+05 8.86497E+04-6.66988E+04-2.45723E+04-8.75203E+04
 -1        87-1.58224E+06-6.15325E+05-6.15324E+05-2.44886E+05-2.36209E-04 5.81156E+00
 -1        88-1.67983E+06-6.53260E+05-6.53260E+05-2.14018E+05-2.61336E-01 1.54922E+05
 -1        89-1.68235E+06-6.54240E+05-6.54240E+05-2.14395E+05 2.62590E-01-1.55156E+05
 -1        90 1.58241E+06 6.15392E+05 6.15392E+05-2.44877E+05 5.82656E-04 1.61818E+02
 -1        91 1.68256E+06 6.54321E+05 6.54321E+05-2.14488E+05-2.63362E-01-1.55012E+05
 -1        92 1.68028E+06 6.53432E+05 6.53432E+05-2.13968E+05 2.61361E-01 1.55110E+05
 -1        93-1.63927E+03-1.38741E+02 6.49419E+01-1.49926E+05-5.45413E+03-1.88264E+01
 -1        94-1.12753E+03 4.18576E+01 4.77882E+00-1.40587E+05 4.00061E+03-6.68273E+01
 -1        95-8.08377E+02 6.80493E+00 1.61618E+01-1.37477E+05-8.14623E+02-4.13568E+01
 -1        96-8.75160E+02-4.56113E+00-1.15576E+01-1.37399E+05 1.78832E+02-2.07151E+01
 -1        97-8.49946E+02-1.25148E+01-3.38161E+01-1.37391E+05-7.30469E+01 6.76473E+00
 -1        98-5.86794E+02 4.66312E+01 6.42249E+00-1.37441E+05-5.55314E+00 1.47504E+01
 -1        99-1.36706E+02 8.67827E+01 8.54024E+01-1.46184E+05-1.53543E+02-2.62585E+01
 -1       100 6.59630E+05 1.87563E+04-1.25712E+03-6.80909E+04-7.01277E+03-3.10900E+04
 -1       101-1.87368E+03-2.77050E+02-1.59073E+02-4.49392E+04 2.48023E+04-1.85190E+02
 -1       102 5.69408E+05 2.03658E+02 1.18957E+03-8.62183E+04 2.26675E+03 1.66438E+02
 -1       103-1.28591E+03-2.46652E+01 6.90503E+01-1.19785E+05-1.71480E+03-4.54160E+01
 -1       104 4.79212E+05 7.90392E+01 2.68263E+01-8.43645E+04-5.40495E+02-7.85941E+02
 -1       105-9.96700E+02 1.30011E+01-1.65119E+01-1.31137E+05 1.22522E+03-1.57628E+01
 -1       106 3.81448E+05 5.56821E+01-2.05130E+01-8.49114E+04 1.48006E+02-3.11987E+02
 -1       107-8.31826E+02-1.13551E+01-9.50451E+00-1.28723E+05-3.03261E+02-1.46407E+01
 -1       108 2.86373E+05-1.36201E+01-1.36525E+01-8.47765E+04-3.43440E+01-4.31383E+02
 -1       109-8.72729E+02 3.07702E+00-1.35386E+01-1.29270E+05 7.19665E+01-7.86969E+00
 -1       110 1.90403E+05 8.95197E+01 5.09511E+01-8.47428E+04 1.33412E+01-4.27579E+02
 -1       111-7.64954E+02-3.54474E+01-7.73546E+01-1.29072E+05-2.59283E+01 2.42343E+01
 -1       112 8.62004E+04-3.33716E+03-3.98956E+03-8.44557E+04-1.08874E+02-5.61837E+02
 -1       113-3.03011E+02 7.05538E+01 4.70523E+01-1.29829E+05-7.08573E+01-5.48138E+00
 -1       114-1.09708E+02 2.17548E+01 1.12811E+01-1.30130E+05-2.14351E+03 2.11980E+01
 -1       115-6.62981E+05-1.88991E+04 1.35813E+03-6.80097E+04-7.04520E+03 3.10204E+04
 -1       116-5.71545E+05-2.07349E+02-1.25306E+03-8.62150E+04 2.28343E+03-2.82695E+02
 -1       117-4.81001E+05-1.06765E+02-2.36957E+01-8.43164E+04-5.74219E+02 6.79709E+02
 -1       118-3.83081E+05-4.69040E+01-3.02162E+01-8.49459E+04 1.09275E+02 3.21896E+02
 -1       119-2.88091E+05-1.74112E+01-2.36792E+01-8.47523E+04-4.29296E+01 4.06517E+02
 -1       120-1.91492E+05-4.30784E+00-6.53287E+01-8.47215E+04 3.37073E+00 4.45013E+02
 -1       121-8.65233E+04 3.40395E+03 4.09049E+03-8.44216E+04-1.31966E+02 5.26555E+02
 -1       122 1.16228E+02 6.20305E+01 7.37421E+01-1.10175E+05-1.11729E+01-1.17406E+02
 -1       123-1.62131E+04-6.20437E+04-1.25387E+04-7.62203E+04 5.04206E+01-3.88826E+01
 -1       124 3.96451E+01-1.40364E+01 1.00871E+01-1.11103E+05-7.51669E+03-3.70182E+01
 -1       125 2.72161E+01-5.21099E+01-2.77582E+01-1.11089E+05 7.44508E+03-9.06062E+01
 -1       126 1.62102E+04 6.20582E+04 1.25294E+04-7.61974E+04-3.43056E+01-6.32966E+01
 -1       127 5.81523E+01-1.06039E+02 6.13408E+01-1.46210E+05 2.06169E+02-1.62433E+01
 -1       128 7.48199E+02 1.34097E+02 1.66355E+02-1.37380E+05 6.06028E+01-2.80616E+01
 -1       129 5.41422E+02-9.69163E+01-1.14859E+02-1.37193E+05 1.64437E+01-1.50198E+01
 -1       130 7.93992E+02 1.77751E+01-2.97348E+01-1.37177E+05-1.04172E+02 1.15398E+01
 -1       131 6.28467E+02-1.40081E+02-1.03622E+02-1.37328E+05 8.01580E+02 2.16049E+01
 -1       132 1.31232E+03 1.01035E+02 1.00315E+02-1.40635E+05-4.03816E+03-3.63127E+01
 -1       133 1.86585E+03 2.03910E+02-2.74853E+01-1.50130E+05 5.46283E+03 4.76332E+01
 -1       134 8.64199E+04-3.39340E+03-3.96352E+03-8.44363E+04 1.23673E+02 5.59684E+02
 -1       135 1.17668E+02-8.15221E+01 3.19795E+01-1.30156E+05 2.12222E+03 1.55358E+01
 -1       136 1.91705E+05 1.93435E+02 1.11753E+02-8.47236E+04 1.39696E+01 3.82907E+02
 -1       137 3.25888E+02-3.35878E+01 6.88628E+01-1.29811E+05 1.19579E+02 1.10356E+01
 -1       138 2.87531E+05-6.18626E+01-1.10996E+02-8.46338E+04 2.94184E+01 4.18601E+02
 -1       139 6.53933E+02 4.31057E+01 7.33934E+01-1.28952E+05 2.46588E+01-2.09399E+01
 -1       140 3.83317E+05 1.55278E+02 1.50710E+02-8.47440E+04-9.33126E+01 2.81311E+02
 -1       141 6.48181E+02-3.87296E+01-9.77464E+01-1.29073E+05-7.89291E+01 1.37105E+01
 -1       142 4.80697E+05-2.96652E+01-5.37851E+01-8.41940E+04 5.50474E+02 7.91175E+02
 -1       143 7.05521E+02-5.45220E+01-4.53059E+01-1.28510E+05 3.18997E+02 4.22895E+00
 -1       144 5.72021E+05 2.34927E+02 1.34014E+03-8.62695E+04-2.27141E+03-2.75868E+02
 -1       145 1.06335E+03 3.05277E+01 3.07059E+01-1.31063E+05-1.23969E+03-5.34942E+00
 -1       146 6.63008E+05 1.88546E+04-1.41028E+03-6.82128E+04 7.04380E+03 3.10380E+04
 -1       147 1.42001E+03 5.87916E+01-5.59202E+01-1.19957E+05 1.70499E+03 1.96013E+01
 -1       148 2.16718E+03 3.47714E+02 2.20726E+02-4.51364E+04-2.48171E+04-1.73407E+02
 -1       149-8.62347E+04 3.37108E+03 4.10136E+03-8.45265E+04 1.29133E+02-5.02870E+02
 -1       150-1.90243E+05-8.16186E+01 1.20860E+01-8.47082E+04 5.25641E+00-5.05447E+02
 -1       151-2.86596E+05-1.13784E+02-5.73804E+01-8.46402E+04 2.67218E+01-4.08523E+02
 -1       152-3.81515E+05-1.29051E+01-1.36422E+01-8.47370E+04-9.39652E+01-3.56244E+02
 -1       153-4.79449E+05-1.16145E+02-1.01065E+02-8.42120E+04 5.53753E+02-6.92825E+02
 -1       154-5.69320E+05-1.06482E+02-1.17793E+03-8.63137E+04-2.27683E+03 2.37659E+02
 -1       155-6.59497E+05-1.87219E+04 1.27518E+03-6.82559E+04 7.01396E+03-3.10216E+04
 -1       156 2.51434E+02 9.77806E+01 9.77808E+01 2.05251E+03 1.47560E-04-1.28123E+02
 -1       157 7.37414E+05 2.86762E+05 2.86763E+05-9.32472E+04-8.18888E-04-1.71916E+01
 -1       158 1.34020E+03 5.21177E+02 5.21175E+02 3.49061E+04-2.37710E-01-2.50667E+02
 -1       159-9.34275E+02-3.63319E+02-3.63317E+02 3.49972E+04 2.37280E-01-2.37010E+02
 -1       160-7.37137E+05-2.86655E+05-2.86655E+05-9.32542E+04 3.79447E-04-9.12086E+01
 -1       161 1.45460E+06-1.60081E+04 5.83400E+04 1.05495E+04-2.79611E+01-1.34988E+02
 -1       162 1.14764E+06 1.77047E+04-1.45101E+03-1.50570E+04 1.64942E+01-1.76280E+02
 -1       163 9.54399E+05-5.55930E+03-8.53680E+02-2.12833E+04-1.16649E+01-2.44392E+02
 -1       164 7.65511E+05 1.19233E+03 2.82839E+01-2.03842E+04-1.41796E+01-1.33468E+02
 -1       165 5.73863E+05-1.98156E+02-2.41548E+01-2.04193E+04-2.18172E+01-1.72194E+02
 -1       166 3.83119E+05 3.60734E+02-4.97473E+01-2.02962E+04-3.84137E+01-1.31258E+02
 -1       167 1.95482E+05 7.57303E+01 4.94317E+02-1.26533E+04 2.02714E+01-1.42097E+02
 -1       168 1.39758E+06-2.80164E+04 1.81634E+04-2.45489E+03 3.73189E+03 2.02183E+04
 -1       169 1.46155E+06 1.25380E+05 1.12697E+05-1.19927E+05-7.81548E+01 2.04724E+00
 -1       170 1.15487E+06 2.05689E+04 7.52919E+03-1.33090E+04-8.25383E+01 4.42334E+03
 -1       171 1.22299E+06-3.77567E+04-9.30928E+03-2.04216E+03-8.98071E+00-1.27280E+02
 -1       172 9.54577E+05-5.37803E+03-1.99031E+03-2.14050E+04 1.44141E+02 3.04045E+03
 -1       173 1.05424E+06 7.53382E+03 1.57790E+02-1.29931E+04 1.33054E+01-2.00955E+02
 -1       174 7.66188E+05 1.18168E+03 2.68217E+02-2.02594E+04-8.87401E+01 2.97924E+03
 -1       175 8.60725E+05-1.68908E+03-2.99436E+01-1.20134E+04-3.68396E+00-1.82972E+02
 -1       176 5.73993E+05-2.99609E+02-1.68978E+02-2.04828E+04 1.46870E+01 3.02738E+03
 -1       177 6.69615E+05 3.25725E+02-1.01148E+02-1.22609E+04-7.81498E+00-1.12648E+02
 -1       178 3.83631E+05 3.78582E+02 1.98145E+02-2.03520E+04-5.25887E+01 2.93158E+03
 -1       179 4.78134E+05-1.58465E+02-1.71101E+02-1.22045E+04-1.68814E+01-1.63447E+02
 -1       180 1.94869E+05 3.63250E+02-3.70500E+02-1.26613E+04 2.61697E+02 1.51591E+03
 -1       181 2.88985E+05 7.64576E+02 3.93130E+02-1.17275E+04-1.95877E+01-1.10589E+02
 -1       182 1.16367E+05 1.90333E+03 1.42873E+03-1.47271E+04-7.21825E+00-8.89871E+01
 -1       183 1.39597E+06-2.79776E+04 1.81709E+04-2.49926E+03-3.73983E+03-2.03405E+04
 -1       184 1.15356E+06 2.05519E+04 7.41190E+03-1.32697E+04 7.40099E+01-4.73486E+03
 -1       185 9.53812E+05-5.33710E+03-1.99201E+03-2.14794E+04-1.83463E+02-3.29287E+03
 -1       186 7.65213E+05 1.14972E+03 2.72336E+02-2.02823E+04 5.76533E+01-3.17451E+03
 -1       187 5.73519E+05-2.07502E+02-7.01621E+01-2.05125E+04 6.08156E+00-3.22054E+03
 -1       188 3.82939E+05 2.88211E+02 1.29365E+02-2.03873E+04 5.23780E+01-3.12168E+03
 -1       189 1.94807E+05 3.24926E+02-2.47473E+02-1.26953E+04-2.64633E+02-1.65591E+03
 -1       190-1.45435E+06 1.59874E+04-5.83885E+04 1.05274E+04 2.81598E+01-3.88724E+02
 -1       191-1.14739E+06-1.75636E+04 1.60409E+03-1.51251E+04 8.53745E+01-2.77199E+02
 -1       192-9.54645E+05 5.43431E+03 6.98212E+02-2.14051E+04 5.43940E+01-2.20929E+01
 -1       193-7.65666E+05-1.21445E+03-1.16942E+02-2.02867E+04-1.66116E+01 8.07193E+01
 -1       194-5.73862E+05 2.29898E+02-1.17704E+02-2.05644E+04-5.76699E+01-1.58321E+00
 -1       195-3.83444E+05-3.45864E+02 2.18619E+02-2.02007E+04-4.14849E+01-8.86422E+01
 -1       196-1.95251E+05-4.26259E+01-4.68228E+02-1.26420E+04 2.32338E+01-2.12690E+02
 -1       197-1.46130E+06-1.25324E+05-1.12681E+05-1.19910E+05 6.94133E+01-1.99653E+02
 -1       198-1.39582E+06 2.79522E+04-1.81539E+04-2.58020E+03 3.72845E+03-2.04707E+04
 -1       199-1.22281E+06 3.77782E+04 9.35473E+03-2.11133E+03 4.19182E+01-2.96388E+02
 -1       200-1.15337E+06-2.04770E+04-7.39152E+03-1.33865E+04-3.15232E+01-4.76660E+03
 -1       201-1.05421E+06-7.54815E+03-1.87102E+02-1.30804E+04 7.09520E+01-1.20299E+02
 -1       202-9.54023E+05 5.30372E+03 1.80574E+03-2.15138E+04 2.04541E+02-3.14905E+03
 -1       203-8.60918E+05 1.65667E+03-1.41200E+01-1.20247E+04 1.41281E+01 5.67768E+01
 -1       204-7.65371E+05-1.18528E+03-3.79176E+02-2.02294E+04-3.58005E+01-3.03543E+03
 -1       205-6.69659E+05-3.64099E+02-8.36865E+00-1.22834E+04-2.36383E+01 3.17655E+01
 -1       206-5.73627E+05 2.16166E+02 3.42135E+01-2.05319E+04 4.30288E-01-3.12402E+03
 -1       207-4.78382E+05 1.68699E+02 1.84793E+02-1.22124E+04-6.59667E+01-3.35503E+01
 -1       208-3.82991E+05-2.87874E+02 4.37575E+01-2.03136E+04-1.31035E+02-3.11037E+03
 -1       209-2.88886E+05-6.88508E+02-2.76046E+02-1.16977E+04-2.62593E+01-1.46777E+02
 -1       210-1.94686E+05-3.05411E+02 3.44338E+02-1.27339E+04 2.91999E+02-1.67262E+03
 -1       211-1.16365E+05-1.95172E+03-1.47234E+03-1.47671E+04 5.03949E+01-7.99202E+01
 -1       212-1.39753E+06 2.79585E+04-1.82691E+04-2.42221E+03-3.70962E+03 2.00841E+04
 -1       213-1.15442E+06-2.04936E+04-7.30795E+03-1.33531E+04 1.59257E+02 4.43629E+03
 -1       214-9.54914E+05 5.27189E+03 1.91754E+03-2.15224E+04-1.48738E+02 3.15407E+03
 -1       215-7.66022E+05-1.09847E+03-2.39427E+02-2.03150E+04 2.47164E+01 3.10530E+03
 -1       216-5.74467E+05 1.64690E+02-4.35768E+01-2.05455E+04-5.10268E+01 3.16040E+03
 -1       217-3.83590E+05-2.31187E+02-1.11980E+02-2.02568E+04 6.11469E+01 2.95829E+03
 -1       218-1.94884E+05-3.29415E+02 2.62495E+02-1.26613E+04-2.61886E+02 1.45714E+03
 -1       219 1.15091E+02 2.23043E+01 3.60900E+01-1.50348E+05 1.73638E+00-2.96277E+02
 -1       220 6.17501E+01-9.42809E+00 5.32692E+01-1.26702E+05 7.37602E+00-1.89427E+02
 -1       221-1.24607E+01-2.71385E+00-5.46546E+01-1.23210E+05-1.08047E+01-9.93347E+01
 -1       222-1.87170E+02-2.37991E+01-2.72498E+01-1.23686E+05-4.82929E+00-7.07899E+00
 -1       223 1.03703E+01 1.80721E+01 4.84641E+01-1.23632E+05 1.98526E+01-5.55489E+01
 -1       224-2.02788E+02-7.08056E+01-4.33568E+01-1.23818E+05 7.77773E+00-1.10004E+02
 -1       225 1.45892E+02 5.29872E+01-8.99693E+01-1.30337E+05-1.60037E+01-1.16872E+02
 -1       226-7.78143E+02-7.26611E+01-1.73608E+01-1.56789E+05 3.83388E+03-1.36761E+02
 -1       227 1.61409E+02 5.98762E+01 5.16710E+01-9.91337E+04-1.22413E+01-2.23819E+02
 -1       228 7.24797E+05 3.22976E+04 4.08384E+04-6.21195E+04-1.61456E+01-2.47516E+02
 -1       229 9.88015E+02 1.20691E+02 6.50725E+01-1.56867E+05-3.82680E+03-1.33980E+02
 -1       230-5.52114E+02 1.14260E+01 3.05504E+01-1.29349E+05 1.50429E+03-1.16748E+02
 -1       231 8.58436E+01-5.03024E+00 3.14833E+01-1.18180E+05 3.93008E+00-2.09392E+02
 -1       232 5.75278E+05-5.45041E+02-3.95031E+03-7.74360E+04 3.02000E+01-1.50572E+02
 -1       233 7.10153E+02 5.05685E+01 7.63476E+01-1.29359E+05-1.51541E+03-1.42528E+02
 -1       234-4.09966E+02 1.74410E+01-1.26157E+01-1.27743E+05-1.22899E+02-5.95128E+01
 -1       235-1.15903E+01-3.52925E+01-3.07422E+01-1.17372E+05 7.66287E+00-1.17108E+02
 -1       236 4.79064E+05-4.44877E+01 8.17244E+02-7.42710E+04 6.65882E+00-1.70917E+02
 -1       237 3.28332E+02-6.78893E+01-7.46576E+01-1.27691E+05 1.04156E+02-5.21204E+01
 -1       238-5.20366E+02-1.63152E+00-1.84087E+00-1.27530E+05 4.24917E+00-2.02062E+01
 -1       239-7.90941E+01 5.59234E+00-2.48641E+01-1.14967E+05-1.24411E+01-5.02566E+01
 -1       240 3.82236E+05-5.32204E+01-2.04851E+02-7.51831E+04-1.26052E+01-5.55102E+01
 -1       241 3.18479E+02-1.13157E+01-3.76230E+01-1.27430E+05 2.53547E+01 8.33732E+00
 -1       242-3.99325E+02 5.93850E+00 1.01701E+01-1.27620E+05-4.38554E+01-3.62554E+01
 -1       243-7.48471E+01-2.85250E+01 1.48075E+00-1.15558E+05 5.54349E+00-1.96226E+01
 -1       244 2.87110E+05 1.34724E+02 1.01154E+02-7.49176E+04-1.60866E+01-9.84098E+01
 -1       245 2.71064E+02-4.55316E+01-3.24909E+01-1.27527E+05 3.56365E+01-2.84699E+01
 -1       246-3.76351E+02 9.63219E+00 4.99098E+00-1.27703E+05 1.86674E+01-6.84550E+01
 -1       247-1.00377E+02-2.15922E+01 3.88064E+00-1.15396E+05 1.13789E+01-6.73359E+01
 -1       248 1.90750E+05-7.86831E+01-2.47580E+02-7.49547E+04-2.49848E+01-1.16373E+02
 -1       249 2.53635E+02 3.38642E+01 4.45694E+01-1.27685E+05 1.85177E+01-5.53839E+01
 -1       250-2.01706E+01 5.72978E+01-3.03563E+01-1.35072E+05-2.40570E+02-7.74361E+01
 -1       251 1.02168E+01 5.21014E+00-6.50819E+01-1.16148E+05-8.65855E+00-1.21497E+02
 -1       252 8.89226E+04-3.45630E+03-2.69096E+03-7.40408E+04 1.39235E+01-1.16221E+02
 -1       253 9.19674E+01-2.14901E+01 1.89544E+00-1.35069E+05 2.49177E+02-6.57886E+01
 -1       254 8.95138E+01 2.89168E+01-2.15511E+01-1.16058E+05-1.17655E+01-7.77609E+01
 -1       255-7.24590E+05-3.23040E+04-4.08545E+04-6.20891E+04 9.17244E+00-3.49504E+02
 -1       256-5.75111E+05 5.84972E+02 4.02614E+03-7.74312E+04 3.94692E+01-2.16427E+02
 -1       257-4.79137E+05 1.30875E+01-8.91096E+02-7.43007E+04 1.68875E+01-7.87643E+01
 -1       258-3.82477E+05 3.86172E+01 1.82147E+02-7.51433E+04-7.15506E+00 3.10836E+01
 -1       259-2.87068E+05-8.80228E+01-1.09928E+02-7.49772E+04-1.06689E+01-3.84315E+01
 -1       260-1.91115E+05 1.43885E+00 2.38790E+02-7.49698E+04-1.97598E+01-9.45275E+01
 -1       261-8.87247E+04 3.51608E+03 2.64285E+03-7.40389E+04-2.20422E+01-1.50955E+02
 -3
    1PSTEP                         3           1           1          
  100CL  101 1.000000000         261                     0    1           1
 -4  TOSTRAIN    6    1
 -5  EXX         1    4    1    1
 -5  EYY         1    4    2    2
 -5  EZZ         1    4    3    3
 -5  EXY         1    4    1    2
 -5  EYZ         1    4    2    3
 -5  EZX         1    4    3    1
 -1         1 6.68788E-06 3.18550E-11 2.86033E-11-9.64128E-07-6.70364E-13 1.90916E-06
 -1         2-6.70495E-06-3.19117E-11-2.86871E-11-9.69183E-07-6.74024E-13-1.91144E-06
 -1         3-1.27819E-07 2.70154E-07-3.71643E-08-2.41038E-07 2.19117E-09 1.97737E-08
 -1         4 1.28556E-07-2.70141E-07 3.73605E-08-2.41944E-07 2.37581E-09-1.97910E-08
 -1         5-1.28929E-07 2.70671E-07-3.73376E-08-2.41961E-07-1.39182E-09-1.99341E-08
 -1         6 1.29067E-07-2.70197E-07 3.71728E-08-2.42702E-07-2.11643E-09 1.90394E-08
 -1         7-6.68464E-06-3.18510E-11-2.85955E-11-9.64623E-07 6.71275E-13 1.90789E-06
 -1         8 6.70523E-06 3.19161E-11 2.86948E-11-9.70320E-07 6.77515E-13-1.91059E-06
 -1         9-8.31860E-09-2.91572E-14-4.28646E-14 5.63027E-07-8.24160E-13-2.43381E-09
 -1        10 3.16547E-06-3.31624E-11-3.10255E-11-3.95180E-08 2.13376E-12 9.51099E-07
 -1        11-3.18223E-06 3.32219E-11 3.11084E-11-4.19369E-08 2.13996E-12-9.55030E-07
 -1        12-6.43880E-06 1.94338E-06 1.83899E-06-1.25152E-08-7.89257E-08 3.47443E-07
 -1        13-5.42630E-06 1.45831E-06 1.50211E-06-1.24761E-07 9.28625E-09 1.95866E-08
 -1        14-4.56661E-06 1.29506E-06 1.28137E-06-1.63387E-07-3.14693E-09 2.34921E-08
 -1        15-3.64600E-06 1.01671E-06 1.02110E-06-1.60365E-07 6.03209E-10 2.05888E-08
 -1        16-2.73893E-06 7.67368E-07 7.66817E-07-1.60553E-07-3.12847E-10 2.19531E-08
 -1        17-1.82713E-06 5.11446E-07 5.10075E-07-1.58630E-07 5.07076E-10 2.04317E-08
 -1        18-9.15585E-07 2.52019E-07 2.64907E-07-1.06713E-07-1.82427E-09 6.87349E-09
 -1        19-6.62541E-06 1.45773E-06 1.67945E-06-4.05687E-07 1.49719E-07-5.33864E-07
 -1        20-5.87980E-06 1.74829E-06 1.69500E-06-8.08753E-08-2.80830E-08 6.74125E-08
 -1        21-4.99862E-06 1.38123E-06 1.39158E-06-1.11428E-07 4.72375E-09 1.29933E-08
 -1        22-4.10712E-06 1.15484E-06 1.15137E-06-1.09386E-07-1.33468E-09 2.24256E-08
 -1        23-3.19238E-06 8.92295E-07 8.94138E-07-1.11058E-07 2.45056E-10 2.14326E-08
 -1        24-2.28124E-06 6.39668E-07 6.38529E-07-1.09782E-07 5.33443E-11 2.17855E-08
 -1        25-1.37473E-06 3.79581E-07 3.86980E-07-1.02394E-07-1.51012E-10 1.95710E-08
 -1        26-5.17727E-07 1.24624E-07 1.36642E-07-1.09816E-07 1.27763E-08 8.92175E-09
 -1        27 1.16954E-10-2.32190E-10-2.26889E-10-7.35754E-07-6.22144E-08 2.36647E-11
 -1        28-1.11146E-09-2.38287E-07 6.25079E-08-5.01922E-07-2.94430E-08-1.50092E-08
 -1        29 1.78312E-09 2.38062E-07-6.23106E-08-5.01752E-07-2.99623E-08 1.48715E-08
 -1        30 6.42281E-06-1.93896E-06-1.83391E-06-1.36378E-08-7.88592E-08-3.47526E-07
 -1        31 5.41715E-06-1.45587E-06-1.49955E-06-1.24232E-07 8.67737E-09-2.05951E-08
 -1        32 4.55741E-06-1.29274E-06-1.27885E-06-1.63729E-07-3.02586E-09-2.39804E-08
 -1        33 3.63874E-06-1.01446E-06-1.01922E-06-1.59315E-07 8.79778E-10-2.07709E-08
 -1        34 2.72998E-06-7.65220E-07-7.64382E-07-1.61050E-07-1.00072E-10-2.20419E-08
 -1        35 1.82236E-06-5.09683E-07-5.08930E-07-1.59551E-07 7.27545E-10-2.05804E-08
 -1        36 9.13968E-07-2.51754E-07-2.64799E-07-1.07002E-07-1.54764E-09-7.19734E-09
 -1        37 6.60848E-06-1.45417E-06-1.67526E-06-4.03809E-07 1.49132E-07 5.33030E-07
 -1        38 5.86777E-06-1.74498E-06-1.69077E-06-8.12242E-08-2.83649E-08-6.79009E-08
 -1        39 4.98886E-06-1.37881E-06-1.38910E-06-1.11212E-07 4.37402E-09-1.35953E-08
 -1        40 4.09964E-06-1.15267E-06-1.14883E-06-1.09070E-07-1.12177E-09-2.23826E-08
 -1        41 3.18410E-06-8.89981E-07-8.91789E-07-1.10645E-07 1.67643E-10-2.15929E-08
 -1        42 2.27412E-06-6.37918E-07-6.36467E-07-1.10387E-07 3.11720E-10-2.15640E-08
 -1        43 1.37130E-06-3.78690E-07-3.86261E-07-1.03307E-07 1.55539E-10-2.00062E-08
 -1        44 5.17657E-07-1.24264E-07-1.36669E-07-1.10237E-07 1.25993E-08-8.85982E-09
 -1        45-1.67590E-07 2.90673E-07-2.33491E-09-2.30847E-07 1.57813E-10-6.55930E-11
 -1        46-1.59449E-07 2.97345E-07-1.94603E-08-2.18105E-07 3.51128E-09 1.91525E-08
 -1        47-1.59605E-07 2.97701E-07-2.01159E-08-2.18653E-07-2.92586E-09-1.93416E-08
 -1        48 3.25472E-10-6.41069E-10-1.70260E-10-7.35756E-07 6.14053E-08-6.89626E-11
 -1        49-5.66939E-10-2.38348E-07 6.18467E-08-5.02315E-07 2.95705E-08 1.46245E-08
 -1        50 1.24202E-09 2.37943E-07-6.23055E-08-5.01977E-07 2.96655E-08-1.48183E-08
 -1        51 1.67378E-07-2.90587E-07 1.86876E-09-2.30250E-07 6.44716E-11-8.38576E-11
 -1        52 1.59525E-07-2.97372E-07 1.94930E-08-2.18332E-07 3.73490E-09-1.92549E-08
 -1        53 1.59961E-07-2.97317E-07 1.96328E-08-2.18500E-07-3.49635E-09 1.88562E-08
 -1        54-9.13957E-07 2.51550E-07 2.65052E-07-1.07900E-07 1.85877E-09-6.77586E-09
 -1        55-1.82129E-06 5.08719E-07 5.09261E-07-1.59224E-07-7.85127E-10-2.10959E-08
 -1        56-2.73095E-06 7.64845E-07 7.64959E-07-1.60341E-07 3.88424E-10-2.14786E-08
 -1        57-3.63921E-06 1.01477E-06 1.01873E-06-1.58842E-07-5.56640E-10-2.06919E-08
 -1        58-4.55868E-06 1.29376E-06 1.27828E-06-1.63141E-07 3.20134E-09-2.31430E-08
 -1        59-5.41679E-06 1.45615E-06 1.49916E-06-1.25480E-07-8.81009E-09-2.00543E-08
 -1        60-6.42236E-06 1.93855E-06 1.83415E-06-1.47101E-08 7.87722E-08-3.47531E-07
 -1        61-5.17895E-07 1.24606E-07 1.36750E-07-1.10784E-07-1.21013E-08-8.73150E-09
 -1        62-1.37042E-06 3.78142E-07 3.86314E-07-1.03614E-07-5.02994E-11-1.99349E-08
 -1        63-2.27457E-06 6.37172E-07 6.36980E-07-1.09702E-07-1.52216E-10-2.14837E-08
 -1        64-3.18459E-06 8.89833E-07 8.92083E-07-1.10052E-07-8.93109E-11-2.12301E-08
 -1        65-4.10013E-06 1.15317E-06 1.14870E-06-1.08584E-07 1.35992E-09-2.19624E-08
 -1        66-4.98994E-06 1.37961E-06 1.38862E-06-1.11533E-07-4.45443E-09-1.28857E-08
 -1        67-5.86709E-06 1.74490E-06 1.69072E-06-8.24005E-08 2.81684E-08-6.78604E-08
 -1        68-6.60670E-06 1.45370E-06 1.67520E-06-4.04774E-07-1.49046E-07 5.32672E-07
 -1        69 9.76920E-09 3.30312E-14 4.90155E-14 5.61912E-07 8.25981E-13-2.61910E-09
 -1        70 3.18279E-06-3.32261E-11-3.11154E-11-4.30968E-08-2.14442E-12-9.54710E-07
 -1        71-3.16306E-06 3.31560E-11 3.10163E-11-4.03755E-08-2.13454E-12 9.50332E-07
 -1        72 9.14589E-07-2.51296E-07-2.65236E-07-1.06755E-07 1.35558E-09 7.29930E-09
 -1        73 1.82844E-06-5.10720E-07-5.10737E-07-1.59246E-07-3.75933E-10 1.99987E-08
 -1        74 2.73500E-06-7.66500E-07-7.66434E-07-1.60441E-07 6.24252E-10 2.17328E-08
 -1        75 3.64765E-06-1.01672E-06-1.02113E-06-1.58759E-07-9.94445E-10 2.00242E-08
 -1        76 4.56492E-06-1.29533E-06-1.28095E-06-1.62334E-07 2.68600E-09 2.39446E-08
 -1        77 5.42975E-06-1.45976E-06-1.50195E-06-1.24970E-07-8.94904E-09 1.91591E-08
 -1        78 6.43835E-06-1.94332E-06-1.83931E-06-1.35481E-08 7.91187E-08 3.47564E-07
 -1        79 5.17916E-07-1.24112E-07-1.36343E-07-1.10789E-07-1.26005E-08 8.66340E-09
 -1        80 1.37444E-06-3.79143E-07-3.87579E-07-1.02940E-07-2.84843E-10 1.96907E-08
 -1        81 2.28023E-06-6.38918E-07-6.38460E-07-1.09892E-07 1.38742E-10 2.09273E-08
 -1        82 3.19150E-06-8.91506E-07-8.94126E-07-1.09962E-07 8.42351E-11 2.16162E-08
 -1        83 4.10669E-06-1.15491E-06-1.15097E-06-1.08221E-07 9.03304E-10 2.19772E-08
 -1        84 5.00007E-06-1.38206E-06-1.39155E-06-1.10771E-07-4.63470E-09 1.29569E-08
 -1        85 5.88068E-06-1.74929E-06-1.69485E-06-8.20866E-08 2.82856E-08 6.73602E-08
 -1        86 6.62562E-06-1.45766E-06-1.67955E-06-4.06545E-07-1.49774E-07-5.33457E-07
 -1        87-5.89361E-06-3.18581E-11-2.87940E-11-1.49264E-06-1.43975E-15 3.54228E-11
 -1        88-6.25718E-06 3.08488E-11 3.06900E-11-1.30449E-06-1.59291E-12 9.44285E-07
 -1        89-6.26657E-06 3.09146E-11 3.07886E-11-1.30679E-06 1.60055E-12-9.45714E-07
 -1        90 5.89426E-06 3.18633E-11 2.88008E-11-1.49258E-06 3.55143E-15 9.86319E-10
 -1        91 6.26735E-06-3.09189E-11-3.07951E-11-1.30736E-06-1.60525E-12-9.44835E-07
 -1        92 6.25883E-06-3.08537E-11-3.06986E-11-1.30419E-06 1.59306E-12 9.45431E-07
 -1        93-7.70764E-09 1.43843E-09 2.67992E-09-9.13833E-07-3.32442E-08-1.14752E-10
 -1        94-5.43139E-09 1.69633E-09 1.47033E-09-8.56913E-07 2.43846E-08-4.07328E-10
 -1        95-3.88003E-09 1.08869E-09 1.14572E-09-8.37957E-07-4.96532E-09-2.52080E-10
 -1        96-4.14594E-09 1.16057E-09 1.11793E-09-8.37479E-07 1.09002E-09-1.26263E-10
 -1        97-3.98559E-09 1.11876E-09 9.88918E-10-8.37432E-07-4.45238E-10 4.12327E-11
 -1        98-2.86500E-09 9.95882E-10 7.50801E-10-8.37738E-07-3.38477E-11 8.99072E-11
 -1        99-8.80561E-10 4.81655E-10 4.73243E-10-8.91029E-07-9.35881E-10-1.60052E-10
 -1       100 3.11776E-06-7.88515E-07-9.10501E-07-4.15030E-07-4.27445E-08-1.89501E-07
 -1       101-8.34077E-09 1.39105E-09 2.11014E-09-2.73915E-07 1.51176E-07-1.12878E-09
 -1       102 2.70961E-06-7.59827E-07-7.53818E-07-5.25521E-07 1.38164E-08 1.01448E-09
 -1       103-6.18257E-09 1.50503E-09 2.07625E-09-7.30118E-07-1.04521E-08-2.76821E-10
 -1       104 2.28182E-06-6.38609E-07-6.38927E-07-5.14222E-07-3.29444E-09-4.79050E-09
 -1       105-4.74151E-09 1.41286E-09 1.23297E-09-7.99311E-07 7.46800E-09-9.60783E-11
 -1       106 1.81637E-06-5.08305E-07-5.08769E-07-5.17555E-07 9.02131E-10-1.90163E-09
 -1       107-3.93326E-09 1.06770E-09 1.07898E-09-7.84595E-07-1.84845E-09-8.92383E-11
 -1       108 1.36372E-06-3.81878E-07-3.81878E-07-5.16733E-07-2.09335E-10-2.62938E-09
 -1       109-4.14191E-09 1.19634E-09 1.09507E-09-7.87933E-07 4.38653E-10-4.79676E-11
 -1       110 9.06493E-07-2.53512E-07-2.53747E-07-5.16527E-07 8.13176E-11-2.60620E-09
 -1       111-3.49224E-09 9.54281E-10 6.98846E-10-7.86723E-07-1.58039E-10 1.47714E-10
 -1       112 4.20247E-07-1.25506E-07-1.29482E-07-5.14777E-07-6.63613E-10-3.42453E-09
 -1       113-1.59972E-09 6.77249E-10 5.34001E-10-7.91341E-07-4.31892E-10-3.34103E-11
 -1       114-5.66467E-10 2.34830E-10 1.70990E-10-7.93171E-07-1.30652E-08 1.29207E-10
 -1       115-3.13366E-06 7.92167E-07 9.15640E-07-4.14536E-07-4.29422E-08 1.89077E-07
 -1       116-2.71970E-06 7.62743E-07 7.56370E-07-5.25501E-07 1.39181E-08-1.72309E-09
 -1       117-2.29031E-06 6.40858E-07 6.41364E-07-5.13928E-07-3.50000E-09 4.14299E-09
 -1       118-1.82409E-06 5.10591E-07 5.10693E-07-5.17766E-07 6.66055E-10 1.96203E-09
 -1       119-1.37181E-06 3.84070E-07 3.84032E-07-5.16585E-07-2.61666E-10 2.47782E-09
 -1       120-9.11775E-07 2.55390E-07 2.55018E-07-5.16398E-07 2.05454E-11 2.71246E-09
 -1       121-4.22008E-07 1.26120E-07 1.30304E-07-5.14570E-07-8.04364E-10 3.20948E-09
 -1       122 3.72438E-10 4.20894E-11 1.13475E-10-6.71543E-07-6.81016E-11-7.15621E-10
 -1       123 2.22378E-08-2.57110E-07 4.46343E-08-4.64581E-07 3.07326E-10-2.36999E-10
 -1       124 1.94052E-10-1.33150E-10 1.38887E-11-6.77198E-07-4.58160E-08-2.25635E-10
 -1       125 2.36091E-10-2.47420E-10-9.89901E-11-6.77117E-07 4.53795E-08-5.52266E-10
 -1       126-2.22585E-08 2.57196E-07-4.46940E-08-4.64441E-07-2.09101E-10-3.85808E-10
 -1       127 3.36514E-10-6.64273E-10 3.55948E-10-8.91186E-07 1.25665E-09-9.90067E-11
 -1       128 3.16225E-09-5.80846E-10-3.84227E-10-8.37362E-07 3.69389E-10-1.71042E-10
 -1       129 2.86057E-09-1.03026E-09-1.13962E-09-8.36226E-07 1.00228E-10-9.15490E-11
 -1       130 3.79686E-09-9.34365E-10-1.22395E-09-8.36129E-07-6.34954E-10 7.03381E-11
 -1       131 3.31764E-09-1.36685E-09-1.14462E-09-8.37049E-07 4.88582E-09 1.31687E-10
 -1       132 5.98069E-09-1.40240E-09-1.40678E-09-8.57204E-07-2.46135E-08-2.21334E-10
 -1       133 8.64978E-09-1.48016E-09-2.89056E-09-9.15079E-07 3.32973E-08 2.90336E-10
 -1       134 4.21333E-07-1.26101E-07-1.29576E-07-5.14659E-07 7.53817E-10 3.41141E-09
 -1       135 6.26381E-10-5.87731E-10 1.04089E-10-7.93329E-07 1.29354E-08 9.46942E-11
 -1       136 9.12474E-07-2.54835E-07-2.55332E-07-5.16410E-07 8.51483E-11 2.33391E-09
 -1       137 1.50481E-09-6.86276E-10-6.18156E-11-7.91231E-07 7.28863E-10 6.72643E-11
 -1       138 1.36942E-06-3.83521E-07-3.83820E-07-5.15863E-07 1.79312E-10 2.55147E-09
 -1       139 2.95863E-09-7.64503E-10-5.79892E-10-7.85996E-07 1.50301E-10-1.27633E-10
 -1       140 1.82491E-06-5.10551E-07-5.10579E-07-5.16535E-07-5.68762E-10 1.71466E-09
 -1       141 3.26854E-09-9.18339E-10-1.27806E-09-7.86733E-07-4.81092E-10 8.35686E-11
 -1       142 2.28914E-06-6.40998E-07-6.41145E-07-5.13182E-07 3.35527E-09 4.82240E-09
 -1       143 3.49273E-09-1.13992E-09-1.08374E-09-7.83299E-07 1.94436E-09 2.57764E-11
 -1       144 2.72181E-06-7.63363E-07-7.56626E-07-5.25833E-07-1.38448E-08-1.68148E-09
 -1       145 4.98192E-09-1.31337E-09-1.31228E-09-7.98862E-07-7.55621E-09-3.26060E-11
 -1       146 3.13392E-06-7.92346E-07-9.15866E-07-4.15773E-07 4.29337E-08 1.89184E-07
 -1       147 6.75812E-09-1.53882E-09-2.23802E-09-7.31165E-07 1.03923E-08 1.19474E-10
 -1       148 9.56199E-09-1.52810E-09-2.30211E-09-2.75117E-07-1.51266E-07-1.05696E-09
 -1       149-4.20605E-07 1.25564E-07 1.30015E-07-5.15209E-07 7.87094E-10-3.06511E-09
 -1       150-9.05828E-07 2.53253E-07 2.53824E-07-5.16317E-07 3.20391E-11-3.08082E-09
 -1       151-1.36452E-06 3.81663E-07 3.82007E-07-5.15902E-07 1.62876E-10-2.49005E-09
 -1       152-1.81670E-06 5.08643E-07 5.08639E-07-5.16492E-07-5.72740E-10-2.17139E-09
 -1       153-2.28280E-06 6.38847E-07 6.38939E-07-5.13292E-07 3.37526E-09-4.22293E-09
 -1       154-2.70933E-06 7.60157E-07 7.53626E-07-5.26102E-07-1.38778E-08 1.44859E-09
 -1       155-3.11720E-06 7.88477E-07 9.10363E-07-4.16036E-07 4.27517E-08-1.89084E-07
 -1       156 9.36555E-10 2.47796E-15 3.82205E-15 1.25105E-08 8.99415E-16-7.80941E-10
 -1       157 2.74679E-06-3.29591E-11-3.12521E-11-5.68364E-07-4.99131E-15-1.04787E-10
 -1       158 4.99210E-09-3.59874E-14-5.23092E-14 2.12761E-07-1.44890E-12-1.52788E-09
 -1       159-3.48008E-09 3.10852E-14 4.44271E-14 2.13316E-07 1.44628E-12-1.44463E-09
 -1       160-2.74576E-06 3.29548E-11 3.12444E-11-5.68406E-07 2.31282E-15-5.55938E-10
 -1       161 6.87025E-06-2.09349E-06-1.64032E-06 6.43020E-08-1.70429E-10-8.22785E-10
 -1       162 5.44327E-06-1.44394E-06-1.56070E-06-9.17761E-08 1.00536E-10-1.07447E-09
 -1       163 4.55331E-06-1.29787E-06-1.26918E-06-1.29727E-07-7.11004E-11-1.48963E-09
 -1       164 3.64366E-06-1.01504E-06-1.02214E-06-1.24247E-07-8.64283E-11-8.13516E-10
 -1       165 2.73298E-06-7.66062E-07-7.65001E-07-1.24461E-07-1.32981E-10-1.04956E-09
 -1       166 1.82396E-06-5.09041E-07-5.11543E-07-1.23710E-07-2.34141E-10-8.00051E-10
 -1       167 9.30106E-07-2.60941E-07-2.58389E-07-7.71250E-08 1.23559E-10-8.66115E-10
 -1       168 6.66829E-06-2.02107E-06-1.73960E-06-1.49632E-08 2.27468E-08 1.23235E-07
 -1       169 6.64235E-06-1.50196E-06-1.57926E-06-7.30985E-07-4.76372E-10 1.24784E-11
 -1       170 5.46194E-06-1.45192E-06-1.53140E-06-8.11215E-08-5.03091E-10 2.69613E-08
 -1       171 5.88651E-06-1.79803E-06-1.62464E-06-1.24474E-08-5.47396E-11-7.75802E-10
 -1       172 4.55543E-06-1.29573E-06-1.27508E-06-1.30468E-07 8.78574E-10 1.85323E-08
 -1       173 5.00994E-06-1.36999E-06-1.41495E-06-7.91962E-08 8.10996E-11-1.22487E-09
 -1       174 3.64658E-06-1.01631E-06-1.02188E-06-1.23486E-07-5.40892E-10 1.81592E-08
 -1       175 4.10098E-06-1.15564E-06-1.14552E-06-7.32245E-08-2.24546E-11-1.11526E-09
 -1       176 2.73392E-06-7.66525E-07-7.65729E-07-1.24848E-07 8.95207E-11 1.84526E-08
 -1       177 3.18834E-06-8.91134E-07-8.93736E-07-7.47328E-08-4.76342E-11-6.86618E-10
 -1       178 1.82605E-06-5.09970E-07-5.11070E-07-1.24050E-07-3.20540E-10 1.78687E-08
 -1       179 2.27727E-06-6.38038E-07-6.38115E-07-7.43890E-08-1.02896E-10-9.96249E-10
 -1       180 9.27959E-07-2.57602E-07-2.62074E-07-7.71735E-08 1.59510E-09 9.23983E-09
 -1       181 1.37457E-06-3.82196E-07-3.84460E-07-7.14821E-08-1.19392E-10-6.74066E-10
 -1       182 5.49688E-07-1.47998E-07-1.50891E-07-8.97650E-08-4.39970E-11-5.42398E-10
 -1       183 6.66057E-06-2.01875E-06-1.73747E-06-1.52336E-08-2.27952E-08-1.23980E-07
 -1       184 5.45585E-06-1.45009E-06-1.53018E-06-8.08822E-08 4.51108E-10-2.88601E-08
 -1       185 4.55174E-06-1.29451E-06-1.27412E-06-1.30922E-07-1.11825E-09-2.00708E-08
 -1       186 3.64198E-06-1.01517E-06-1.02052E-06-1.23626E-07 3.51411E-10-1.93494E-08
 -1       187 2.73141E-06-7.65587E-07-7.64750E-07-1.25029E-07 3.70685E-11-1.96300E-08
 -1       188 1.82296E-06-5.09385E-07-5.10353E-07-1.24266E-07 3.19256E-10-1.90274E-08
 -1       189 9.27550E-07-2.57866E-07-2.61355E-07-7.73806E-08-1.61300E-09-1.00932E-08
 -1       190-6.86892E-06 2.09311E-06 1.63977E-06 6.41671E-08 1.71640E-10-2.36937E-09
 -1       191-5.44246E-06 1.44407E-06 1.56090E-06-9.21913E-08 5.20378E-10-1.68959E-09
 -1       192-4.55411E-06 1.29781E-06 1.26894E-06-1.30469E-07 3.31544E-10-1.34662E-10
 -1       193-3.64425E-06 1.01526E-06 1.02195E-06-1.23652E-07-1.01252E-10 4.92003E-10
 -1       194-2.73283E-06 7.66401E-07 7.64282E-07-1.25345E-07-3.51512E-10-9.65003E-12
 -1       195-1.82575E-06 5.09320E-07 5.12761E-07-1.23128E-07-2.52861E-10-5.40295E-10
 -1       196-9.29083E-07 2.60755E-07 2.58161E-07-7.70558E-08 1.41615E-10-1.29640E-09
 -1       197-6.64123E-06 1.50186E-06 1.57892E-06-7.30881E-07 4.23091E-10-1.21693E-09
 -1       198-6.65985E-06 2.01841E-06 1.73738E-06-1.57270E-08 2.27258E-08-1.24774E-07
 -1       199-5.88577E-06 1.79784E-06 1.62459E-06-1.28690E-08 2.55502E-10-1.80656E-09
 -1       200-5.45507E-06 1.45017E-06 1.52993E-06-8.15938E-08-1.92142E-10-2.90536E-08
 -1       201-5.00975E-06 1.36992E-06 1.41479E-06-7.97283E-08 4.32469E-10-7.33253E-10
 -1       202-4.55245E-06 1.29488E-06 1.27356E-06-1.31132E-07 1.24672E-09-1.91942E-08
 -1       203-4.10180E-06 1.15580E-06 1.14561E-06-7.32933E-08 8.61144E-11 3.46068E-10
 -1       204-3.64254E-06 1.01536E-06 1.02027E-06-1.23303E-07-2.18213E-10-1.85017E-08
 -1       205-3.18836E-06 8.91156E-07 8.93325E-07-7.48703E-08-1.44081E-10 1.93618E-10
 -1       206-2.73189E-06 7.65820E-07 7.64711E-07-1.25147E-07 2.62271E-12-1.90417E-08
 -1       207-2.27848E-06 6.38400E-07 6.38498E-07-7.44376E-08-4.02083E-10-2.04497E-10
 -1       208-1.82344E-06 5.09226E-07 5.11247E-07-1.23816E-07-7.98692E-10-1.89585E-08
 -1       209-1.37436E-06 3.82270E-07 3.84784E-07-7.13004E-08-1.60057E-10-8.94640E-10
 -1       210-9.27129E-07 2.57668E-07 2.61628E-07-7.76161E-08 1.77980E-09-1.01950E-08
 -1       211-5.49554E-07 1.47823E-07 1.50745E-07-9.00090E-08 3.07169E-10-4.87133E-10
 -1       212-6.66781E-06 2.02086E-06 1.73910E-06-1.47640E-08-2.26110E-08 1.22417E-07
 -1       213-5.46016E-06 1.45138E-06 1.53175E-06-8.13906E-08 9.70712E-10 2.70403E-08
 -1       214-4.55680E-06 1.29577E-06 1.27532E-06-1.31184E-07-9.06593E-10 1.92248E-08
 -1       215-3.64594E-06 1.01645E-06 1.02169E-06-1.23825E-07 1.50653E-10 1.89275E-08
 -1       216-2.73572E-06 7.66798E-07 7.65529E-07-1.25229E-07-3.11020E-10 1.92634E-08
 -1       217-1.82616E-06 5.10501E-07 5.11228E-07-1.23470E-07 3.72705E-10 1.80315E-08
 -1       218-9.27929E-07 2.57927E-07 2.61534E-07-7.71736E-08-1.59626E-09 8.88162E-09
 -1       219 4.70196E-10-9.53644E-11-1.13374E-11-9.16407E-07 1.05837E-11-1.80588E-09
 -1       220 2.35593E-10-1.98255E-10 1.83900E-10-7.72280E-07 4.49586E-11-1.15460E-09
 -1       221 1.71546E-11 7.65639E-11-2.40027E-10-7.50993E-07-6.58570E-11-6.05468E-10
 -1       222-8.23219E-10 1.72563E-10 1.51531E-10-7.53894E-07-2.94357E-11-4.31481E-11
 -1       223-3.93327E-11 7.61203E-12 1.92858E-10-7.53570E-07 1.21006E-10-3.38584E-10
 -1       224-8.13442E-10-8.97617E-12 1.58331E-10-7.54699E-07 4.74071E-11-6.70501E-10
 -1       225 7.44031E-10 1.77757E-10-6.93597E-10-7.94433E-07-9.75464E-11-7.12361E-10
 -1       226-3.58542E-09 7.14667E-10 1.05174E-09-9.55664E-07 2.33684E-08-8.33592E-10
 -1       227 6.19883E-10 1.01825E-12-4.89940E-11-6.04244E-07-7.46138E-11-1.36423E-09
 -1       228 3.35390E-06-8.67049E-07-8.14991E-07-3.78633E-07-9.84115E-11-1.50867E-09
 -1       229 4.45715E-09-8.29399E-10-1.16840E-09-9.56142E-07-2.33252E-08-8.16641E-10
 -1       230-2.68508E-09 7.49828E-10 8.66396E-10-7.88415E-07 9.16900E-09-7.11609E-10
 -1       231 3.73508E-10-1.80389E-10 4.21695E-11-7.20334E-07 2.39548E-11-1.27630E-09
 -1       232 2.74541E-06-7.64365E-07-7.85121E-07-4.71991E-07 1.84076E-10-9.17774E-10
 -1       233 3.21246E-09-8.07865E-10-6.50735E-10-7.88476E-07-9.23677E-09-8.68744E-10
 -1       234-1.95865E-09 6.46495E-10 4.63292E-10-7.78622E-07-7.49098E-10-3.62745E-10
 -1       235 3.28541E-11-1.11616E-10-8.38811E-11-7.15408E-07 4.67070E-11-7.13803E-10
 -1       236 2.28022E-06-6.40053E-07-6.34800E-07-4.52700E-07 4.05871E-11-1.04178E-09
 -1       237 1.75355E-09-6.61515E-10-7.02770E-10-7.78307E-07 6.34858E-10-3.17686E-10
 -1       238-2.47330E-09 6.88507E-10 6.87231E-10-7.77326E-07 2.58997E-11-1.23162E-10
 -1       239-3.50943E-10 1.65241E-10-2.03984E-11-7.00749E-07-7.58312E-11-3.06326E-10
 -1       240 1.82052E-06-5.09629E-07-5.10553E-07-4.58259E-07-7.68317E-11-3.38348E-10
 -1       241 1.58182E-09-4.28359E-10-5.88708E-10-7.76714E-07 1.54543E-10 5.08180E-11
 -1       242-1.92303E-09 5.47152E-10 5.72944E-10-7.77876E-07-2.67309E-10-2.20985E-10
 -1       243-3.20356E-10-3.80118E-11 1.44881E-10-7.04351E-07 3.37889E-11-1.19604E-10
 -1       244 1.36688E-06-3.82307E-07-3.82512E-07-4.56641E-07-9.80518E-11-5.99831E-10
 -1       245 1.39481E-09-5.34915E-10-4.55429E-10-7.77308E-07 2.17213E-10-1.73531E-10
 -1       246-1.81164E-09 5.41014E-10 5.12725E-10-7.78378E-07 1.13782E-10-4.17249E-10
 -1       247-4.54369E-10 2.58415E-11 1.81104E-10-7.03366E-07 6.93573E-11-4.10428E-10
 -1       248 9.08767E-07-2.54378E-07-2.55407E-07-4.56867E-07-1.52288E-10-7.09320E-10
 -1       249 1.10321E-09-2.36347E-10-1.71097E-10-7.78273E-07 1.12870E-10-3.37578E-10
 -1       250-1.31972E-10 3.40216E-10-1.94057E-10-8.23299E-07-1.46633E-09-4.71992E-10
 -1       251 1.28480E-10 9.79636E-11-3.30483E-10-7.07953E-07-5.27759E-11-7.40554E-10
 -1       252 4.31637E-07-1.31434E-07-1.26769E-07-4.51296E-07 8.48668E-11-7.08392E-10
 -1       253 4.64066E-10-2.27484E-10-8.49438E-11-8.23280E-07 1.51880E-09-4.00997E-10
 -1       254 4.16435E-10 4.70822E-11-2.60532E-10-7.07404E-07-7.17136E-11-4.73971E-10
 -1       255-3.35288E-06 8.66764E-07 8.14647E-07-3.78448E-07 5.59082E-11-2.13031E-09
 -1       256-2.74477E-06 7.64232E-07 7.85207E-07-4.71961E-07 2.40574E-10-1.31917E-09
 -1       257-2.28043E-06 6.40100E-07 6.34589E-07-4.52880E-07 1.02934E-10-4.80087E-10
 -1       258-1.82162E-06 5.09911E-07 5.10786E-07-4.58017E-07-4.36118E-11 1.89462E-10
 -1       259-1.36672E-06 3.82484E-07 3.82351E-07-4.57004E-07-6.50293E-11-2.34249E-10
 -1       260-9.10391E-07 2.54508E-07 2.55955E-07-4.56959E-07-1.20441E-10-5.76167E-10
 -1       261-4.30711E-07 1.31519E-07 1.26197E-07-4.51285E-07-1.34352E-10-9.20108E-10
 -3
    1PSTEP                         4           1           1          
  100CL  101 1.000000000         261                     0    1           1
 -4  FORC        4    1
 -5  F1          1    2    1    0
 -5  F2          1    2    2    0
 -5  F3          1    2    3    0
 -5  ALL         1    2    0    0    1ALL
 -1         1 2.46782E+01 9.26624E+01-1.00683E+02
 -1         2-2.47723E+01 9.28818E+01 1.01030E+02
 -1         3-1.21771E-11 2.07925E+01 1.21674E-11
 -1         4-5.37169E-12 2.07925E+01 4.61187E-13
 -1         5 6.36213E-12 2.07925E+01-9.49574E-12
 -1         6-2.09650E-12 2.07925E+01 2.52529E-12
 -1         7-2.47220E+01 9.26565E+01-1.00636E+02
 -1         8 2.48084E+01 9.28624E+01 1.01022E+02
 -1         9-9.71576E-02 5.82295E+01 3.96572E-01
 -1        10-8.17109E+02-1.24437E+02-2.02877E+02
 -1        11 8.20161E+02-1.24338E+02 2.03617E+02
 -1        12 1.42933E-12 3.47850E-13-8.88664E-13
 -1        13 3.01405E-02-3.08373E-02-8.62641E-03
 -1        14-2.66947E-02-3.37727E-03 3.43734E-02
 -1        15 5.96815E-02-2.18672E-02 8.21012E-03
 -1        16-3.95490E-02 4.28791E-03 8.81574E-03
 -1        17 8.14193E-02-5.45952E-02-3.87884E-02
 -1        18-3.46606E-03 7.95808E-03 4.74974E-02
 -1        19-2.76859E-02-1.84485E-04-3.12635E-02
 -1        20-1.41444E-01 2.90609E-02 3.23713E-02
 -1        21 5.63661E-02 1.40103E-02-2.45962E-02
 -1        22-6.28598E-02 5.07662E-02-8.65598E-02
 -1        23 2.02963E-01-1.31127E-02-3.10951E-02
 -1        24-1.95251E-01 1.92229E-02 3.69265E-02
 -1        25-1.13701E-01 5.47626E-03 2.58549E-02
 -1        26-7.62955E-02-6.19128E-02-4.68597E-02
 -1        27-1.26851E-02 4.15920E+01 1.16775E-02
 -1        28 5.91575E-02-8.32703E+01-6.99746E-02
 -1        29 2.05233E-02-8.31720E+01-3.51146E-03
 -1        30 2.86164E-12-1.14359E-12 1.21798E-12
 -1        31 1.58066E-02 2.74079E-02-2.21612E-02
 -1        32-9.74977E-02-4.43761E-02 3.81724E-04
 -1        33-5.88932E-02 1.52205E-03 3.82104E-02
 -1        34 1.31178E-02-6.90381E-03 2.91689E-03
 -1        35-6.94955E-02-5.26693E-02 2.22901E-02
 -1        36 4.44654E-02-4.02019E-02-2.63030E-02
 -1        37 1.49751E-01 3.55264E-02-9.78281E-03
 -1        38 4.84637E-02-4.45357E-02-6.28760E-02
 -1        39 2.38072E-01 6.05423E-02 4.55740E-02
 -1        40 8.27348E-02 1.38716E-02 7.23777E-04
 -1        41-9.87458E-02 9.62323E-04 2.36602E-02
 -1        42 8.11242E-02-1.79738E-02-7.73134E-03
 -1        43-7.10358E-03-7.10705E-04-1.23224E-02
 -1        44 4.59843E-03 2.73780E-03-1.56052E-02
 -1        45-1.85441E-02 4.16016E+01 9.38827E-03
 -1        46 2.46572E-02-8.33306E+01 4.12480E-02
 -1        47-1.02571E-02-8.33676E+01-1.72767E-01
 -1        48 6.81537E-03 4.15820E+01-2.30221E-02
 -1        49 1.28939E-01-8.33065E+01 3.03799E-02
 -1        50-4.72401E-02-8.31994E+01 2.87680E-02
 -1        51-6.17009E-04 4.16018E+01 8.38141E-03
 -1        52 1.33883E-02-8.33290E+01-2.52739E-02
 -1        53 6.79374E-02-8.33182E+01-3.27600E-02
 -1        54 8.10172E-03 1.91853E-02 6.38908E-03
 -1        55-7.88456E-03 3.87057E-02 3.68441E-02
 -1        56 3.61980E-02 1.76035E-02-5.74289E-02
 -1        57 1.19459E-02-2.22169E-02-3.00710E-02
 -1        58 9.67777E-03-6.32715E-02-4.45954E-02
 -1        59 1.82181E-02 6.95744E-03 7.30706E-03
 -1        60 3.49118E-03 6.08029E-02 4.58786E-02
 -1        61 5.97201E-02 1.31491E-02-1.64878E-02
 -1        62 6.36133E-02-1.41527E-02 1.91578E-02
 -1        63-1.73011E-01-1.28634E-02 1.00442E-01
 -1        64 9.16097E-02 7.02162E-02-2.25376E-03
 -1        65-6.59148E-02 3.46479E-02 4.29083E-02
 -1        66 6.82399E-02 1.72295E-02-6.96488E-02
 -1        67-1.78271E-02-6.24970E-02-5.56920E-02
 -1        68 6.45080E-02-2.09689E-02-1.27735E-03
 -1        69 8.36935E-02 5.82267E+01 4.09135E-01
 -1        70-8.20283E+02-1.24205E+02 2.03631E+02
 -1        71 8.16673E+02-1.24329E+02-2.02696E+02
 -1        72 3.62539E-02 4.26028E-02 4.26352E-02
 -1        73-9.25245E-03 4.31448E-02 2.46636E-02
 -1        74 3.79996E-02-2.29508E-03-2.62042E-03
 -1        75-8.87539E-02 2.37340E-02 9.53022E-02
 -1        76 9.33138E-02-9.73727E-02-9.98415E-03
 -1        77-1.53784E-01-1.20435E-02 6.18771E-02
 -1        78 4.87259E-02 2.77662E-02-8.26757E-02
 -1        79-9.46156E-02 5.44091E-02 1.14109E-01
 -1        80 1.73841E-01-7.12827E-02-8.69747E-02
 -1        81-2.38865E-01 7.26630E-02 1.63901E-02
 -1        82 2.48313E-01 4.01676E-02-1.17941E-01
 -1        83-2.09124E-01 4.12217E-02 2.85102E-03
 -1        84 4.02407E-01 1.84383E-02-4.30994E-02
 -1        85-1.26646E-01-6.27399E-02 8.26127E-02
 -1        86 7.60451E-02-9.28703E-03 1.44618E-02
 -1        87-1.24782E+02 1.89743E+02 1.74114E-01
 -1        88 1.10688E+03 2.21098E+02-2.03874E+01
 -1        89 1.10912E+03 2.21546E+02 1.99402E+01
 -1        90 1.24850E+02 1.89687E+02 1.42119E-01
 -1        91-1.10939E+03 2.21709E+02 1.98521E+01
 -1        92-1.10715E+03 2.21117E+02-2.04016E+01
 -1        93 4.66077E-03-1.24356E-03 7.18980E-03
 -1        94 3.10470E-02 5.39553E-02-4.65814E-02
 -1        95-7.04314E-02-5.16228E-02 1.19696E-02
 -1        96-4.14695E-02-8.32262E-02 4.62997E-02
 -1        97-2.00545E-02-2.02137E-03 8.52273E-03
 -1        98-3.95173E-03-5.76678E-02-4.42420E-02
 -1        99 1.18115E-01-4.30441E-02-5.32270E-02
 -1       100 3.04541E-02 1.76010E-02-2.18432E-02
 -1       101 1.03087E-01 8.40175E-02-7.98131E-02
 -1       102-4.01552E-02-7.49117E-03-3.44720E-04
 -1       103 4.65240E-02-5.75506E-02-8.19844E-03
 -1       104 3.48056E-02 4.11523E-02 5.11714E-02
 -1       105 1.23064E-01-7.45694E-02 4.72900E-02
 -1       106 7.60578E-03 2.86701E-02 6.41648E-02
 -1       107 1.44094E-01 1.29864E-01-7.11208E-02
 -1       108-1.26537E-03-1.92421E-02-2.62313E-02
 -1       109 2.18584E-02 2.04200E-02 1.13000E-02
 -1       110 8.60758E-04 4.08522E-02 3.12843E-03
 -1       111-4.04509E-02-3.31803E-02 4.43944E-02
 -1       112 1.52968E-02 9.72660E-02-9.33744E-02
 -1       113-1.80259E-01-6.73517E-02 4.34027E-02
 -1       114-7.60331E-02 2.55900E-02-7.44094E-02
 -1       115 5.06803E-03-1.69268E-02 3.13324E-02
 -1       116-1.77392E-02-3.76954E-03 3.48766E-02
 -1       117 6.93366E-03 1.79720E-02-3.63111E-02
 -1       118-2.38405E-02 1.23362E-01-8.48458E-02
 -1       119 2.38082E-02-3.79700E-02 6.82627E-02
 -1       120-3.36727E-02 3.45666E-03 7.40502E-02
 -1       121-9.33038E-02 5.65533E-02-4.14620E-02
 -1       122 5.88874E-02 8.32819E+01-2.69777E-02
 -1       123 1.45247E-01-1.66513E+02-4.55299E-02
 -1       124 7.06835E-02-1.66667E+02-1.06236E-01
 -1       125 2.53108E-02-1.66705E+02-1.77454E-01
 -1       126-5.96050E-02-1.66520E+02 1.07927E-01
 -1       127-5.34679E-02 1.02481E-01 7.57445E-02
 -1       128-2.18863E-02 5.68021E-02 1.25460E-01
 -1       129 5.21220E-02-2.57722E-02-7.81598E-02
 -1       130-5.16406E-03 1.32496E-02 2.85108E-02
 -1       131 7.90099E-02-1.05311E-01-4.44631E-02
 -1       132-1.43849E-01 8.71240E-03 9.48629E-02
 -1       133-1.49304E-02 6.98267E-02-1.50629E-02
 -1       134 4.50371E-02-5.39095E-02 1.00798E-01
 -1       135 1.19814E-02-9.70201E-03 5.79379E-02
 -1       136 5.34656E-02-4.05948E-02 2.99891E-02
 -1       137 2.70563E-01-4.27516E-02-4.88620E-02
 -1       138-3.56516E-02-3.74359E-02-2.07083E-02
 -1       139-2.83225E-01-1.66505E-03 1.03614E-01
 -1       140-3.46906E-02 3.58421E-02-4.95974E-02
 -1       141 2.25415E-01-2.01714E-02-1.12301E-01
 -1       142-6.61386E-02 6.78560E-02-3.01968E-02
 -1       143-2.33213E-01 4.59537E-02 3.27145E-02
 -1       144 2.50292E-02 1.69566E-03 4.98408E-02
 -1       145 4.01081E-01-8.31109E-02-1.04047E-01
 -1       146 3.62915E-02-7.72424E-03 3.85174E-02
 -1       147-1.47755E-02-2.09137E-02 2.94004E-02
 -1       148 1.76051E-01 5.65139E-02 3.06216E-02
 -1       149-4.27990E-02 4.09049E-02 2.97210E-03
 -1       150 1.15929E-02-8.24146E-02 7.44553E-04
 -1       151-5.10382E-02-2.94430E-02-2.18255E-02
 -1       152 3.76838E-02 9.78604E-02 4.54848E-02
 -1       153-7.90339E-03 9.99086E-02-1.72660E-03
 -1       154 2.01030E-02-8.15895E-02-3.44532E-02
 -1       155 6.81706E-03-1.06134E-01-5.06809E-02
 -1       156 7.17733E-03 1.52698E+02 4.08100E-01
 -1       157-1.42237E+03-1.68641E+02-6.96474E-02
 -1       158-2.25649E+00-3.52835E+01-3.41163E-01
 -1       159 1.72377E+00-3.54894E+01-3.62356E-01
 -1       160 1.42183E+03-1.68754E+02 7.24578E-02
 -1       161-6.22938E-03-1.44251E-02-4.01129E-02
 -1       162-4.12519E-02 3.50327E-02 1.11329E-02
 -1       163-1.00570E-01-1.02964E-01 1.97161E-02
 -1       164-2.37201E-01-6.55827E-03 1.02883E-01
 -1       165 1.21675E-01 5.56453E-02-2.62165E-03
 -1       166-1.89781E-02 3.77027E-02-8.15729E-03
 -1       167 2.01524E-01-1.09651E-02 6.60620E-02
 -1       168 1.33598E-03-4.62193E-02 1.07166E-01
 -1       169 2.25011E-01 5.78065E-02-4.27907E-02
 -1       170 5.88981E-02 3.72040E-02-4.51349E-02
 -1       171 2.56328E-02-7.89265E-03 1.59062E-02
 -1       172-3.95117E-02 4.08541E-02-5.00022E-02
 -1       173 5.65797E-01 1.02049E-02 4.58271E-02
 -1       174 8.30318E-02-1.33206E-02-2.48752E-01
 -1       175 2.31527E-01 7.86167E-02-3.82513E-02
 -1       176-6.66808E-02-8.92294E-02 7.26864E-02
 -1       177-2.11015E-01-1.48364E-01 7.78517E-02
 -1       178 5.56875E-02-4.15401E-04-7.68696E-03
 -1       179-1.08762E-02 9.59381E-02-7.92221E-02
 -1       180-1.23412E-01 8.58491E-03-1.89041E-01
 -1       181-2.30188E-01-6.56021E-02 4.88569E-02
 -1       182-5.44613E-02 8.61631E-02-6.27125E-02
 -1       183-3.35190E-02 1.78474E-02 3.96731E-03
 -1       184-4.55467E-02 4.00406E-02-1.67902E-03
 -1       185 5.17287E-02 6.18662E-02-1.99616E-02
 -1       186 7.92911E-02 4.61617E-03-3.91193E-02
 -1       187-2.67220E-02 2.10721E-02 3.85624E-02
 -1       188-6.66658E-02 5.00265E-02-2.14916E-02
 -1       189-1.08320E-01 1.25381E-02 3.21012E-02
 -1       190 3.34222E-02 5.57031E-02 2.93473E-02
 -1       191-8.04552E-02-7.27704E-02 2.32592E-02
 -1       192-1.27976E-02-4.34370E-02 1.93884E-02
 -1       193 1.12710E-01-6.27880E-02 1.66793E-02
 -1       194-9.98126E-02-1.03787E-02-2.94685E-02
 -1       195-8.57670E-03 8.71985E-02-1.93411E-02
 -1       196 8.17343E-02 2.00883E-02-2.05325E-02
 -1       197-1.23355E-01-8.55477E-02-3.50853E-02
 -1       198 6.14543E-02-4.08215E-02-1.07863E-01
 -1       199-2.69472E-02 9.49362E-02-1.19601E-02
 -1       200 1.79838E-02 2.29776E-02-8.91569E-02
 -1       201 1.19655E-01 1.14291E-01-8.60065E-02
 -1       202-9.04014E-02 4.67078E-02-5.65778E-02
 -1       203-1.76415E-01-6.75145E-02-3.51761E-03
 -1       204 1.90319E-03-1.40633E-02-7.91326E-03
 -1       205 2.50255E-01 5.09974E-02 6.96197E-02
 -1       206-3.95350E-02-1.44175E-02 1.04931E-01
 -1       207 2.01362E-01 8.61691E-03 2.96719E-03
 -1       208 8.26512E-02-6.02571E-02 5.17962E-02
 -1       209-2.21205E-01-4.30637E-02 9.08729E-02
 -1       210 3.64867E-02-7.51910E-02-6.15900E-02
 -1       211 6.76040E-02 2.40859E-02 1.09564E-02
 -1       212-1.54181E-02 1.16473E-02-5.03937E-03
 -1       213-6.12578E-03 9.41993E-02-1.90871E-01
 -1       214-1.53311E-02-1.11062E-02-8.89550E-02
 -1       215 1.23999E-02-3.36537E-02 3.66907E-02
 -1       216 1.10303E-01-5.10236E-03 4.39728E-02
 -1       217-8.04304E-02-7.19069E-02 9.20712E-02
 -1       218-1.13805E-03-7.24248E-02-1.31901E-01
 -1       219-5.49708E-02-3.90491E-02 2.95095E-02
 -1       220-9.61087E-02 1.84357E-01 6.70803E-03
 -1       221-1.69388E-01-2.23762E-02 4.04969E-02
 -1       222-9.94431E-02-4.63462E-02 5.75746E-02
 -1       223-6.33533E-02-2.05031E-01-2.66884E-02
 -1       224-4.22304E-02-1.13881E-02 8.14590E-02
 -1       225 2.91887E-01 7.82737E-02-8.13061E-02
 -1       226 3.31757E-03-1.56660E-02-9.08273E-02
 -1       227 2.96657E-01 1.20630E-01-8.82134E-02
 -1       228-2.20689E-02 1.88090E-02 2.27489E-02
 -1       229 5.67878E-02 2.66852E-02-3.47913E-02
 -1       230-7.66635E-02-1.20069E-01-1.27346E-01
 -1       231 1.61815E-01-1.86158E-01-8.75132E-02
 -1       232-2.38276E-02-8.35757E-02-5.20051E-02
 -1       233 5.02563E-02-1.26605E-01-1.36063E-01
 -1       234 3.54857E-02 8.55432E-02-8.05453E-02
 -1       235 5.31111E-01-3.40276E-02-7.40958E-02
 -1       236 1.21643E-02 8.15676E-02 2.53747E-03
 -1       237-1.16454E-01-7.02908E-03-1.07601E-01
 -1       238 6.69574E-02 1.75528E-01-5.03758E-02
 -1       239 2.88391E-01 1.86887E-01-1.52155E-01
 -1       240 1.80294E-01 3.16560E-02-7.68954E-02
 -1       241 9.66305E-02-2.14426E-02-1.33772E-01
 -1       242 1.38204E-02-1.44287E-01-2.28205E-02
 -1       243-1.19557E-01 3.09520E-02 1.72975E-01
 -1       244-1.32460E-01-2.35838E-02 1.20641E-01
 -1       245-6.99084E-02-1.32391E-02 2.42184E-01
 -1       246-5.13567E-02 7.84071E-02 1.19807E-01
 -1       247 1.58826E-01 1.08784E-01-1.46939E-01
 -1       248-6.33284E-02-1.29631E-02 3.29898E-02
 -1       249 1.14300E-01 1.80525E-02-2.12519E-01
 -1       250-4.97731E-02-9.14338E-02 4.52835E-02
 -1       251-5.83404E-01 8.27534E-02 4.20876E-02
 -1       252-2.47711E-01 1.96119E-02 3.91365E-04
 -1       253-1.85083E-01-1.64465E-01-3.56160E-01
 -1       254 2.24500E-02-2.00836E-01-1.62511E-02
 -1       255 4.30586E-02-6.92162E-02-4.68203E-02
 -1       256 8.86742E-02 6.89893E-02-5.40639E-02
 -1       257-7.60816E-02 6.95803E-03 6.21945E-03
 -1       258-4.02116E-02 7.00450E-02 3.04570E-02
 -1       259-1.47707E-02 5.69301E-03-3.92949E-02
 -1       260 1.20178E-01 1.10949E-01-9.57494E-02
 -1       261-4.51066E-02-2.22744E-02 5.22995E-02
 -3
 9999
