    1C
    1UHash: HGmr4Q6g, Date: 01/25/2026, Unit system: M_KG_S_C           
    1UUSER                                                              
    1UDATE              25.january.2026                                 
    1UTIME              23:54:22                                        
    1UHOST                                                              
    1UPGM               CalculiX                                        
    1UVERSION           Version 2.23                             
    1UCOMPILETIME       Sun Jan 11 00:39:44 CET 2026                    
    1UDIR                                                               
    1UDBN                                                               
    1UMAT    1S235                                                      
    2C                           261                                     1
 -1         1-2.50000E-01 6.00000E-02-5.00000E-02
 -1         2-2.50000E-01-6.00000E-02-5.00000E-02
 -1         3 2.50000E-01-6.00000E-02-5.00000E-02
 -1         4 2.50000E-01 6.00000E-02-5.00000E-02
 -1         5 2.50000E-01-6.00000E-02 5.00000E-02
 -1         6 2.50000E-01 6.00000E-02 5.00000E-02
 -1         7-2.50000E-01-6.00000E-02 5.00000E-02
 -1         8-2.50000E-01 6.00000E-02 5.00000E-02
 -1         9-2.50000E-01-2.01228E-16-5.00000E-02
 -1        10-2.50000E-01 3.00000E-02-5.00000E-02
 -1        11-2.50000E-01-3.00000E-02-5.00000E-02
 -1        12-1.87500E-01-6.00000E-02-5.00000E-02
 -1        13-1.25000E-01-6.00000E-02-5.00000E-02
 -1        14-6.25000E-02-6.00000E-02-5.00000E-02
 -1        15 0.00000E+00-6.00000E-02-5.00000E-02
 -1        16 6.25000E-02-6.00000E-02-5.00000E-02
 -1        17 1.25000E-01-6.00000E-02-5.00000E-02
 -1        18 1.87500E-01-6.00000E-02-5.00000E-02
 -1        19-2.18750E-01-6.00000E-02-5.00000E-02
 -1        20-1.56250E-01-6.00000E-02-5.00000E-02
 -1        21-9.37500E-02-6.00000E-02-5.00000E-02
 -1        22-3.12500E-02-6.00000E-02-5.00000E-02
 -1        23 3.12500E-02-6.00000E-02-5.00000E-02
 -1        24 9.37500E-02-6.00000E-02-5.00000E-02
 -1        25 1.56250E-01-6.00000E-02-5.00000E-02
 -1        26 2.18750E-01-6.00000E-02-5.00000E-02
 -1        27 2.50000E-01-2.01228E-16-5.00000E-02
 -1        28 2.50000E-01 3.00000E-02-5.00000E-02
 -1        29 2.50000E-01-3.00000E-02-5.00000E-02
 -1        30-1.87500E-01 6.00000E-02-5.00000E-02
 -1        31-1.25000E-01 6.00000E-02-5.00000E-02
 -1        32-6.25000E-02 6.00000E-02-5.00000E-02
 -1        33 0.00000E+00 6.00000E-02-5.00000E-02
 -1        34 6.25000E-02 6.00000E-02-5.00000E-02
 -1        35 1.25000E-01 6.00000E-02-5.00000E-02
 -1        36 1.87500E-01 6.00000E-02-5.00000E-02
 -1        37-2.18750E-01 6.00000E-02-5.00000E-02
 -1        38-1.56250E-01 6.00000E-02-5.00000E-02
 -1        39-9.37500E-02 6.00000E-02-5.00000E-02
 -1        40-3.12500E-02 6.00000E-02-5.00000E-02
 -1        41 3.12500E-02 6.00000E-02-5.00000E-02
 -1        42 9.37500E-02 6.00000E-02-5.00000E-02
 -1        43 1.56250E-01 6.00000E-02-5.00000E-02
 -1        44 2.18750E-01 6.00000E-02-5.00000E-02
 -1        45 2.50000E-01-6.00000E-02 3.46945E-17
 -1        46 2.50000E-01-6.00000E-02-2.50000E-02
 -1        47 2.50000E-01-6.00000E-02 2.50000E-02
 -1        48 2.50000E-01-2.01228E-16 5.00000E-02
 -1        49 2.50000E-01 3.00000E-02 5.00000E-02
 -1        50 2.50000E-01-3.00000E-02 5.00000E-02
 -1        51 2.50000E-01 6.00000E-02 3.46945E-17
 -1        52 2.50000E-01 6.00000E-02-2.50000E-02
 -1        53 2.50000E-01 6.00000E-02 2.50000E-02
 -1        54 1.87500E-01-6.00000E-02 5.00000E-02
 -1        55 1.25000E-01-6.00000E-02 5.00000E-02
 -1        56 6.25000E-02-6.00000E-02 5.00000E-02
 -1        57 0.00000E+00-6.00000E-02 5.00000E-02
 -1        58-6.25000E-02-6.00000E-02 5.00000E-02
 -1        59-1.25000E-01-6.00000E-02 5.00000E-02
 -1        60-1.87500E-01-6.00000E-02 5.00000E-02
 -1        61 2.18750E-01-6.00000E-02 5.00000E-02
 -1        62 1.56250E-01-6.00000E-02 5.00000E-02
 -1        63 9.37500E-02-6.00000E-02 5.00000E-02
 -1        64 3.12500E-02-6.00000E-02 5.00000E-02
 -1        65-3.12500E-02-6.00000E-02 5.00000E-02
 -1        66-9.37500E-02-6.00000E-02 5.00000E-02
 -1        67-1.56250E-01-6.00000E-02 5.00000E-02
 -1        68-2.18750E-01-6.00000E-02 5.00000E-02
 -1        69-2.50000E-01-2.01228E-16 5.00000E-02
 -1        70-2.50000E-01 3.00000E-02 5.00000E-02
 -1        71-2.50000E-01-3.00000E-02 5.00000E-02
 -1        72 1.87500E-01 6.00000E-02 5.00000E-02
 -1        73 1.25000E-01 6.00000E-02 5.00000E-02
 -1        74 6.25000E-02 6.00000E-02 5.00000E-02
 -1        75 0.00000E+00 6.00000E-02 5.00000E-02
 -1        76-6.25000E-02 6.00000E-02 5.00000E-02
 -1        77-1.25000E-01 6.00000E-02 5.00000E-02
 -1        78-1.87500E-01 6.00000E-02 5.00000E-02
 -1        79 2.18750E-01 6.00000E-02 5.00000E-02
 -1        80 1.56250E-01 6.00000E-02 5.00000E-02
 -1        81 9.37500E-02 6.00000E-02 5.00000E-02
 -1        82 3.12500E-02 6.00000E-02 5.00000E-02
 -1        83-3.12500E-02 6.00000E-02 5.00000E-02
 -1        84-9.37500E-02 6.00000E-02 5.00000E-02
 -1        85-1.56250E-01 6.00000E-02 5.00000E-02
 -1        86-2.18750E-01 6.00000E-02 5.00000E-02
 -1        87-2.50000E-01-6.00000E-02-3.46945E-17
 -1        88-2.50000E-01-6.00000E-02 2.50000E-02
 -1        89-2.50000E-01-6.00000E-02-2.50000E-02
 -1        90-2.50000E-01 6.00000E-02-3.46945E-17
 -1        91-2.50000E-01 6.00000E-02 2.50000E-02
 -1        92-2.50000E-01 6.00000E-02-2.50000E-02
 -1        93-1.87500E-01-2.01228E-16-5.00000E-02
 -1        94-1.25000E-01-2.08167E-16-5.00000E-02
 -1        95-6.25000E-02-2.08167E-16-5.00000E-02
 -1        96 0.00000E+00-2.01228E-16-5.00000E-02
 -1        97 6.25000E-02-1.94289E-16-5.00000E-02
 -1        98 1.25000E-01-2.08167E-16-5.00000E-02
 -1        99 1.87500E-01-2.01228E-16-5.00000E-02
 -1       100-1.87500E-01 3.00000E-02-5.00000E-02
 -1       101-2.18750E-01-2.01228E-16-5.00000E-02
 -1       102-1.25000E-01 3.00000E-02-5.00000E-02
 -1       103-1.56250E-01-2.04697E-16-5.00000E-02
 -1       104-6.25000E-02 3.00000E-02-5.00000E-02
 -1       105-9.37500E-02-2.08167E-16-5.00000E-02
 -1       106 0.00000E+00 3.00000E-02-5.00000E-02
 -1       107-3.12500E-02-2.04697E-16-5.00000E-02
 -1       108 6.25000E-02 3.00000E-02-5.00000E-02
 -1       109 3.12500E-02-1.97758E-16-5.00000E-02
 -1       110 1.25000E-01 3.00000E-02-5.00000E-02
 -1       111 9.37500E-02-2.01228E-16-5.00000E-02
 -1       112 1.87500E-01 3.00000E-02-5.00000E-02
 -1       113 1.56250E-01-2.04697E-16-5.00000E-02
 -1       114 2.18750E-01-2.01228E-16-5.00000E-02
 -1       115-1.87500E-01-3.00000E-02-5.00000E-02
 -1       116-1.25000E-01-3.00000E-02-5.00000E-02
 -1       117-6.25000E-02-3.00000E-02-5.00000E-02
 -1       118 0.00000E+00-3.00000E-02-5.00000E-02
 -1       119 6.25000E-02-3.00000E-02-5.00000E-02
 -1       120 1.25000E-01-3.00000E-02-5.00000E-02
 -1       121 1.87500E-01-3.00000E-02-5.00000E-02
 -1       122 2.50000E-01-1.94289E-16 4.16334E-17
 -1       123 2.50000E-01 3.00000E-02 3.81639E-17
 -1       124 2.50000E-01-1.97758E-16-2.50000E-02
 -1       125 2.50000E-01-1.97758E-16 2.50000E-02
 -1       126 2.50000E-01-3.00000E-02 3.81639E-17
 -1       127 1.87500E-01-2.01228E-16 5.00000E-02
 -1       128 1.25000E-01-2.08167E-16 5.00000E-02
 -1       129 6.25000E-02-2.08167E-16 5.00000E-02
 -1       130 0.00000E+00-2.01228E-16 5.00000E-02
 -1       131-6.25000E-02-1.94289E-16 5.00000E-02
 -1       132-1.25000E-01-2.08167E-16 5.00000E-02
 -1       133-1.87500E-01-2.01228E-16 5.00000E-02
 -1       134 1.87500E-01 3.00000E-02 5.00000E-02
 -1       135 2.18750E-01-2.01228E-16 5.00000E-02
 -1       136 1.25000E-01 3.00000E-02 5.00000E-02
 -1       137 1.56250E-01-2.04697E-16 5.00000E-02
 -1       138 6.25000E-02 3.00000E-02 5.00000E-02
 -1       139 9.37500E-02-2.08167E-16 5.00000E-02
 -1       140 0.00000E+00 3.00000E-02 5.00000E-02
 -1       141 3.12500E-02-2.04697E-16 5.00000E-02
 -1       142-6.25000E-02 3.00000E-02 5.00000E-02
 -1       143-3.12500E-02-1.97758E-16 5.00000E-02
 -1       144-1.25000E-01 3.00000E-02 5.00000E-02
 -1       145-9.37500E-02-2.01228E-16 5.00000E-02
 -1       146-1.87500E-01 3.00000E-02 5.00000E-02
 -1       147-1.56250E-01-2.04697E-16 5.00000E-02
 -1       148-2.18750E-01-2.01228E-16 5.00000E-02
 -1       149 1.87500E-01-3.00000E-02 5.00000E-02
 -1       150 1.25000E-01-3.00000E-02 5.00000E-02
 -1       151 6.25000E-02-3.00000E-02 5.00000E-02
 -1       152 0.00000E+00-3.00000E-02 5.00000E-02
 -1       153-6.25000E-02-3.00000E-02 5.00000E-02
 -1       154-1.25000E-01-3.00000E-02 5.00000E-02
 -1       155-1.87500E-01-3.00000E-02 5.00000E-02
 -1       156-2.50000E-01-2.15106E-16-3.46945E-17
 -1       157-2.50000E-01 3.00000E-02-3.46945E-17
 -1       158-2.50000E-01-2.08167E-16 2.50000E-02
 -1       159-2.50000E-01-2.08167E-16-2.50000E-02
 -1       160-2.50000E-01-3.00000E-02-3.46945E-17
 -1       161-1.87500E-01 6.00000E-02-2.42861E-17
 -1       162-1.25000E-01 6.00000E-02-1.73472E-17
 -1       163-6.25000E-02 6.00000E-02-1.04083E-17
 -1       164-5.78241E-18 6.00000E-02 4.45737E-30
 -1       165 6.25000E-02 6.00000E-02 6.93889E-18
 -1       166 1.25000E-01 6.00000E-02 1.73472E-17
 -1       167 1.87500E-01 6.00000E-02 2.60209E-17
 -1       168-1.87500E-01 6.00000E-02 2.50000E-02
 -1       169-2.18750E-01 6.00000E-02-2.94903E-17
 -1       170-1.25000E-01 6.00000E-02 2.50000E-02
 -1       171-1.56250E-01 6.00000E-02-2.08167E-17
 -1       172-6.25000E-02 6.00000E-02 2.50000E-02
 -1       173-9.37500E-02 6.00000E-02-1.38778E-17
 -1       174-2.89121E-18 6.00000E-02 2.50000E-02
 -1       175-3.12500E-02 6.00000E-02-5.20417E-18
 -1       176 6.25000E-02 6.00000E-02 2.50000E-02
 -1       177 3.12500E-02 6.00000E-02 3.46945E-18
 -1       178 1.25000E-01 6.00000E-02 2.50000E-02
 -1       179 9.37500E-02 6.00000E-02 1.21431E-17
 -1       180 1.87500E-01 6.00000E-02 2.50000E-02
 -1       181 1.56250E-01 6.00000E-02 2.16840E-17
 -1       182 2.18750E-01 6.00000E-02 3.03577E-17
 -1       183-1.87500E-01 6.00000E-02-2.50000E-02
 -1       184-1.25000E-01 6.00000E-02-2.50000E-02
 -1       185-6.25000E-02 6.00000E-02-2.50000E-02
 -1       186-2.89121E-18 6.00000E-02-2.50000E-02
 -1       187 6.25000E-02 6.00000E-02-2.50000E-02
 -1       188 1.25000E-01 6.00000E-02-2.50000E-02
 -1       189 1.87500E-01 6.00000E-02-2.50000E-02
 -1       190-1.87500E-01-6.00000E-02-2.77556E-17
 -1       191-1.25000E-01-6.00000E-02-1.73472E-17
 -1       192-6.25000E-02-6.00000E-02-6.93889E-18
 -1       193-5.78241E-18-6.00000E-02-4.45737E-30
 -1       194 6.25000E-02-6.00000E-02 1.21431E-17
 -1       195 1.25000E-01-6.00000E-02 1.73472E-17
 -1       196 1.87500E-01-6.00000E-02 2.25514E-17
 -1       197-2.18750E-01-6.00000E-02-3.12250E-17
 -1       198-1.87500E-01-6.00000E-02 2.50000E-02
 -1       199-1.56250E-01-6.00000E-02-2.25514E-17
 -1       200-1.25000E-01-6.00000E-02 2.50000E-02
 -1       201-9.37500E-02-6.00000E-02-1.21431E-17
 -1       202-6.25000E-02-6.00000E-02 2.50000E-02
 -1       203-3.12500E-02-6.00000E-02-3.46945E-18
 -1       204-2.89121E-18-6.00000E-02 2.50000E-02
 -1       205 3.12500E-02-6.00000E-02 6.07153E-18
 -1       206 6.25000E-02-6.00000E-02 2.50000E-02
 -1       207 9.37500E-02-6.00000E-02 1.47451E-17
 -1       208 1.25000E-01-6.00000E-02 2.50000E-02
 -1       209 1.56250E-01-6.00000E-02 1.99493E-17
 -1       210 1.87500E-01-6.00000E-02 2.50000E-02
 -1       211 2.18750E-01-6.00000E-02 2.86229E-17
 -1       212-1.87500E-01-6.00000E-02-2.50000E-02
 -1       213-1.25000E-01-6.00000E-02-2.50000E-02
 -1       214-6.25000E-02-6.00000E-02-2.50000E-02
 -1       215-2.89121E-18-6.00000E-02-2.50000E-02
 -1       216 6.25000E-02-6.00000E-02-2.50000E-02
 -1       217 1.25000E-01-6.00000E-02-2.50000E-02
 -1       218 1.87500E-01-6.00000E-02-2.50000E-02
 -1       219-1.87500E-01-2.01662E-16-2.21177E-17
 -1       220-1.25000E-01-2.05565E-16-1.47451E-17
 -1       221-6.25000E-02-2.03830E-16-6.93889E-18
 -1       222 0.00000E+00-2.04697E-16 1.73472E-18
 -1       223 6.25000E-02-2.06432E-16 1.38778E-17
 -1       224 1.25000E-01-2.09902E-16 2.08167E-17
 -1       225 1.87500E-01-2.08167E-16 3.46945E-17
 -1       226-1.87500E-01-2.01445E-16-2.50000E-02
 -1       227-2.18750E-01-2.08384E-16-2.84061E-17
 -1       228-1.87500E-01 3.00000E-02-2.32019E-17
 -1       229-1.87500E-01-2.01445E-16 2.50000E-02
 -1       230-1.25000E-01-2.06866E-16-2.50000E-02
 -1       231-1.56250E-01-2.03613E-16-1.84314E-17
 -1       232-1.25000E-01 3.00000E-02-1.60462E-17
 -1       233-1.25000E-01-2.06866E-16 2.50000E-02
 -1       234-6.25000E-02-2.05998E-16-2.50000E-02
 -1       235-9.37500E-02-2.04697E-16-1.08420E-17
 -1       236-6.25000E-02 3.00000E-02-8.67362E-18
 -1       237-6.25000E-02-1.99060E-16 2.50000E-02
 -1       238 0.00000E+00-2.02963E-16-2.50000E-02
 -1       239-3.12500E-02-2.04264E-16-2.60209E-18
 -1       240-2.89121E-18 3.00000E-02 8.67362E-19
 -1       241 0.00000E+00-2.02963E-16 2.50000E-02
 -1       242 6.25000E-02-2.00361E-16-2.50000E-02
 -1       243 3.12500E-02-2.05565E-16 7.80626E-18
 -1       244 6.25000E-02 3.00000E-02 1.04083E-17
 -1       245 6.25000E-02-2.07299E-16 2.50000E-02
 -1       246 1.25000E-01-2.09034E-16-2.50000E-02
 -1       247 9.37500E-02-2.08167E-16 1.73472E-17
 -1       248 1.25000E-01 3.00000E-02 1.90820E-17
 -1       249 1.25000E-01-2.09034E-16 2.50000E-02
 -1       250 1.87500E-01-2.04697E-16-2.50000E-02
 -1       251 1.56250E-01-2.09034E-16 2.77556E-17
 -1       252 1.87500E-01 3.00000E-02 3.03577E-17
 -1       253 1.87500E-01-2.04697E-16 2.50000E-02
 -1       254 2.18750E-01-2.01228E-16 3.81639E-17
 -1       255-1.87500E-01-3.00000E-02-2.49366E-17
 -1       256-1.25000E-01-3.00000E-02-1.60462E-17
 -1       257-6.25000E-02-3.00000E-02-6.93889E-18
 -1       258-2.89121E-18-3.00000E-02 8.67362E-19
 -1       259 6.25000E-02-3.00000E-02 1.30104E-17
 -1       260 1.25000E-01-3.00000E-02 1.90820E-17
 -1       261 1.87500E-01-3.00000E-02 2.86229E-17
 -3
    3C                            32                                     1
 -1         1    4    0    1
 -2         1         9        93        30        90       156       219       161        10       101
 -2       100        37        92       159       226       183       157       227       228       169
 -1         2    4    0    1
 -2        90       156       219       161         8        69       133        78       157       227
 -2       228       169        91       158       229       168        70       148       146        86
 -1         3    4    0    1
 -2        30        93        94        31       161       219       220       162       100       103
 -2       102        38       183       226       230       184       228       231       232       171
 -1         4    4    0    1
 -2       161       219       220       162        78       133       132        77       228       231
 -2       232       171       168       229       233       170       146       147       144        85
 -1         5    4    0    1
 -2        31        94        95        32       162       220       221       163       102       105
 -2       104        39       184       230       234       185       232       235       236       173
 -1         6    4    0    1
 -2       162       220       221       163        77       132       131        76       232       235
 -2       236       173       170       233       237       172       144       145       142        84
 -1         7    4    0    1
 -2        32        95        96        33       163       221       222       164       104       107
 -2       106        40       185       234       238       186       236       239       240       175
 -1         8    4    0    1
 -2       163       221       222       164        76       131       130        75       236       239
 -2       240       175       172       237       241       174       142       143       140        83
 -1         9    4    0    1
 -2        33        96        97        34       164       222       223       165       106       109
 -2       108        41       186       238       242       187       240       243       244       177
 -1        10    4    0    1
 -2       164       222       223       165        75       130       129        74       240       243
 -2       244       177       174       241       245       176       140       141       138        82
 -1        11    4    0    1
 -2        34        97        98        35       165       223       224       166       108       111
 -2       110        42       187       242       246       188       244       247       248       179
 -1        12    4    0    1
 -2       165       223       224       166        74       129       128        73       244       247
 -2       248       179       176       245       249       178       138       139       136        81
 -1        13    4    0    1
 -2        35        98        99        36       166       224       225       167       110       113
 -2       112        43       188       246       250       189       248       251       252       181
 -1        14    4    0    1
 -2       166       224       225       167        73       128       127        72       248       251
 -2       252       181       178       249       253       180       136       137       134        80
 -1        15    4    0    1
 -2        36        99        27         4       167       225       122        51       112       114
 -2        28        44       189       250       124        52       252       254       123       182
 -1        16    4    0    1
 -2       167       225       122        51        72       127        48         6       252       254
 -2       123       182       180       253       125        53       134       135        49        79
 -1        17    4    0    1
 -2         9         2        12        93       156        87       190       219        11        19
 -2       115       101       159        89       212       226       160       197       255       227
 -1        18    4    0    1
 -2       156        87       190       219        69         7        60       133       160       197
 -2       255       227       158        88       198       229        71        68       155       148
 -1        19    4    0    1
 -2        93        12        13        94       219       190       191       220       115        20
 -2       116       103       226       212       213       230       255       199       256       231
 -1        20    4    0    1
 -2       219       190       191       220       133        60        59       132       255       199
 -2       256       231       229       198       200       233       155        67       154       147
 -1        21    4    0    1
 -2        94        13        14        95       220       191       192       221       116        21
 -2       117       105       230       213       214       234       256       201       257       235
 -1        22    4    0    1
 -2       220       191       192       221       132        59        58       131       256       201
 -2       257       235       233       200       202       237       154        66       153       145
 -1        23    4    0    1
 -2        95        14        15        96       221       192       193       222       117        22
 -2       118       107       234       214       215       238       257       203       258       239
 -1        24    4    0    1
 -2       221       192       193       222       131        58        57       130       257       203
 -2       258       239       237       202       204       241       153        65       152       143
 -1        25    4    0    1
 -2        96        15        16        97       222       193       194       223       118        23
 -2       119       109       238       215       216       242       258       205       259       243
 -1        26    4    0    1
 -2       222       193       194       223       130        57        56       129       258       205
 -2       259       243       241       204       206       245       152        64       151       141
 -1        27    4    0    1
 -2        97        16        17        98       223       194       195       224       119        24
 -2       120       111       242       216       217       246       259       207       260       247
 -1        28    4    0    1
 -2       223       194       195       224       129        56        55       128       259       207
 -2       260       247       245       206       208       249       151        63       150       139
 -1        29    4    0    1
 -2        98        17        18        99       224       195       196       225       120        25
 -2       121       113       246       217       218       250       260       209       261       251
 -1        30    4    0    1
 -2       224       195       196       225       128        55        54       127       260       209
 -2       261       251       249       208       210       253       150        62       149       137
 -1        31    4    0    1
 -2        99        18         3        27       225       196        45       122       121        26
 -2        29       114       250       218        46       124       261       211       126       254
 -1        32    4    0    1
 -2       225       196        45       122       127        54         5        48       261       211
 -2       126       254       253       210        47       125       149        61        50       135
 -3
    1PSTEP                         1           1           1          
  100CL  101 1.000000000         261                     0    1           1
 -4  DISP        4    1
 -5  D1          1    2    1    0
 -5  D2          1    2    2    0
 -5  D3          1    2    3    0
 -5  ALL         1    2    0    0    1ALL
 -1         1 0.00000E+00 0.00000E+00 0.00000E+00
 -1         2 0.00000E+00 0.00000E+00 0.00000E+00
 -1         3-2.45943E-06-1.41035E-05-1.11572E-08
 -1         4 2.45619E-06-1.41035E-05-1.21077E-08
 -1         5-2.45611E-06-1.41034E-05-1.19705E-08
 -1         6 2.45954E-06-1.41034E-05-1.12836E-08
 -1         7 0.00000E+00 0.00000E+00 0.00000E+00
 -1         8 0.00000E+00 0.00000E+00 0.00000E+00
 -1         9 0.00000E+00 0.00000E+00 0.00000E+00
 -1        10 0.00000E+00 0.00000E+00 0.00000E+00
 -1        11 0.00000E+00 0.00000E+00 0.00000E+00
 -1        12-5.60018E-07-3.64927E-07-1.17217E-07
 -1        13-1.06066E-06-1.27657E-06-1.05201E-07
 -1        14-1.48593E-06-2.67397E-06-8.88839E-08
 -1        15-1.83531E-06-4.47340E-06-7.31717E-08
 -1        16-2.10665E-06-6.59626E-06-5.75842E-08
 -1        17-2.30052E-06-8.96120E-06-4.21557E-08
 -1        18-2.41701E-06-1.14877E-05-2.70647E-08
 -1        19-2.81092E-07-1.24687E-07-1.08776E-07
 -1        20-8.19932E-07-7.56625E-07-1.13075E-07
 -1        21-1.28232E-06-1.92011E-06-9.70007E-08
 -1        22-1.67027E-06-3.52820E-06-8.09831E-08
 -1        23-1.98048E-06-5.49953E-06-6.53511E-08
 -1        24-2.21313E-06-7.75349E-06-4.98576E-08
 -1        25-2.36826E-06-1.02092E-05-3.45399E-08
 -1        26-2.44675E-06-1.27856E-05-2.01392E-08
 -1        27-1.62810E-09-1.40879E-05-1.16525E-08
 -1        28 1.21261E-06-1.40952E-05-1.38807E-08
 -1        29-1.21586E-06-1.40952E-05-9.39487E-09
 -1        30 5.59318E-07-3.64745E-07 1.16747E-07
 -1        31 1.05925E-06-1.27638E-06 1.03258E-07
 -1        32 1.48390E-06-2.67383E-06 8.45789E-08
 -1        33 1.83280E-06-4.47330E-06 6.57971E-08
 -1        34 2.10378E-06-6.59617E-06 4.66271E-08
 -1        35 2.29743E-06-8.96114E-06 2.72863E-08
 -1        36 2.41380E-06-1.14877E-05 8.03517E-09
 -1        37 2.80761E-07-1.24533E-07 1.08647E-07
 -1        38 8.18862E-07-7.56437E-07 1.11986E-07
 -1        39 1.28060E-06-1.91995E-06 9.39769E-08
 -1        40 1.66796E-06-3.52808E-06 7.52274E-08
 -1        41 1.97780E-06-5.49944E-06 5.62411E-08
 -1        42 2.21013E-06-7.75342E-06 3.69758E-08
 -1        43 2.36510E-06-1.02092E-05 1.76014E-08
 -1        44 2.44351E-06-1.27856E-05-1.02577E-09
 -1        45-2.46385E-06-1.41068E-05-1.15662E-08
 -1        46-2.46385E-06-1.41059E-05-1.17352E-08
 -1        47-2.46218E-06-1.41058E-05-1.13924E-08
 -1        48 1.72757E-09-1.40878E-05-1.16366E-08
 -1        49 1.21596E-06-1.40951E-05-9.44990E-09
 -1        50-1.21252E-06-1.40951E-05-1.38122E-08
 -1        51 2.46398E-06-1.41068E-05-1.16863E-08
 -1        52 2.46229E-06-1.41059E-05-1.15205E-08
 -1        53 2.46396E-06-1.41058E-05-1.18597E-08
 -1        54-2.41370E-06-1.14876E-05 8.12183E-09
 -1        55-2.29736E-06-8.96114E-06 2.72829E-08
 -1        56-2.10369E-06-6.59620E-06 4.65983E-08
 -1        57-1.83269E-06-4.47333E-06 6.57649E-08
 -1        58-1.48380E-06-2.67383E-06 8.45788E-08
 -1        59-1.05918E-06-1.27635E-06 1.03302E-07
 -1        60-5.59290E-07-3.64718E-07 1.16751E-07
 -1        61-2.44343E-06-1.27855E-05-9.05394E-10
 -1        62-2.36501E-06-1.02092E-05 1.76584E-08
 -1        63-2.21005E-06-7.75345E-06 3.69488E-08
 -1        64-1.97770E-06-5.49948E-06 5.62079E-08
 -1        65-1.66786E-06-3.52809E-06 7.51965E-08
 -1        66-1.28053E-06-1.91994E-06 9.39984E-08
 -1        67-8.18812E-07-7.56397E-07 1.12020E-07
 -1        68-2.80746E-07-1.24520E-07 1.08638E-07
 -1        69 0.00000E+00 0.00000E+00 0.00000E+00
 -1        70 0.00000E+00 0.00000E+00 0.00000E+00
 -1        71 0.00000E+00 0.00000E+00 0.00000E+00
 -1        72 2.41713E-06-1.14876E-05-2.71857E-08
 -1        73 2.30067E-06-8.96119E-06-4.21844E-08
 -1        74 2.10674E-06-6.59628E-06-5.75497E-08
 -1        75 1.83540E-06-4.47345E-06-7.31329E-08
 -1        76 1.48600E-06-2.67398E-06-8.88714E-08
 -1        77 1.06074E-06-1.27652E-06-1.05257E-07
 -1        78 5.60093E-07-3.64918E-07-1.17253E-07
 -1        79 2.44686E-06-1.27855E-05-2.02562E-08
 -1        80 2.36839E-06-1.02092E-05-3.46128E-08
 -1        81 2.21325E-06-7.75349E-06-4.98394E-08
 -1        82 1.98059E-06-5.49957E-06-6.53110E-08
 -1        83 1.67033E-06-3.52823E-06-8.09498E-08
 -1        84 1.28242E-06-1.92010E-06-9.70267E-08
 -1        85 8.20003E-07-7.56597E-07-1.13125E-07
 -1        86 2.81148E-07-1.24689E-07-1.08791E-07
 -1        87 0.00000E+00 0.00000E+00 0.00000E+00
 -1        88 0.00000E+00 0.00000E+00 0.00000E+00
 -1        89 0.00000E+00 0.00000E+00 0.00000E+00
 -1        90 0.00000E+00 0.00000E+00 0.00000E+00
 -1        91 0.00000E+00 0.00000E+00 0.00000E+00
 -1        92 0.00000E+00 0.00000E+00 0.00000E+00
 -1        93-3.51964E-10-3.00560E-07-2.89291E-10
 -1        94-7.05845E-10-1.21460E-06-1.03152E-09
 -1        95-1.01281E-09-2.62167E-06-2.19244E-09
 -1        96-1.25307E-09-4.43174E-06-3.71294E-09
 -1        97-1.43131E-09-6.56497E-06-5.49931E-09
 -1        98-1.53911E-09-8.94033E-06-7.45271E-09
 -1        99-1.61478E-09-1.14770E-05-9.52644E-09
 -1       100 2.68956E-07-3.09094E-07 5.83569E-08
 -1       101-1.64297E-10-4.82563E-08-1.02801E-10
 -1       102 5.17797E-07-1.23131E-06 5.12453E-08
 -1       103-5.31951E-10-6.89146E-07-6.05744E-10
 -1       104 7.30839E-07-2.63438E-06 4.11975E-08
 -1       105-8.63063E-10-1.86252E-06-1.56296E-09
 -1       106 9.04932E-07-4.44219E-06 3.10217E-08
 -1       107-1.14610E-09-3.48129E-06-2.91120E-09
 -1       108 1.04040E-06-6.57274E-06 2.05684E-08
 -1       109-1.34004E-09-5.46303E-06-4.58166E-09
 -1       110 1.13715E-06-8.94552E-06 9.89833E-09
 -1       111-1.50484E-09-7.72742E-06-6.45779E-09
 -1       112 1.19520E-06-1.14798E-05-7.57206E-10
 -1       113-1.57839E-09-1.01937E-05-8.47783E-09
 -1       114-1.62628E-09-1.27821E-05-1.05854E-08
 -1       115-2.69662E-07-3.09177E-07-5.89188E-08
 -1       116-5.19216E-07-1.23140E-06-5.32782E-08
 -1       117-7.32866E-07-2.63445E-06-4.55632E-08
 -1       118-9.07447E-07-4.44224E-06-3.84416E-08
 -1       119-1.04326E-06-6.57278E-06-3.15407E-08
 -1       120-1.14024E-06-8.94555E-06-2.47997E-08
 -1       121-1.19842E-06-1.14798E-05-1.82878E-08
 -1       122 5.27201E-11-1.40905E-05-1.16439E-08
 -1       123 1.21866E-06-1.40982E-05-1.16581E-08
 -1       124-7.79096E-10-1.40888E-05-1.16527E-08
 -1       125 8.96344E-10-1.40888E-05-1.16374E-08
 -1       126-1.21856E-06-1.40982E-05-1.16060E-08
 -1       127 1.72373E-09-1.14769E-05-9.54193E-09
 -1       128 1.66013E-09-8.94030E-06-7.46453E-09
 -1       129 1.52971E-09-6.56498E-06-5.49478E-09
 -1       130 1.35319E-09-4.43177E-06-3.72169E-09
 -1       131 1.10621E-09-2.62168E-06-2.19049E-09
 -1       132 7.82354E-10-1.21458E-06-1.02523E-09
 -1       133 4.00632E-10-3.00545E-07-3.05955E-10
 -1       134 1.19855E-06-1.14797E-05-1.83505E-08
 -1       135 1.73071E-09-1.27820E-05-1.05882E-08
 -1       136 1.14037E-06-8.94553E-06-2.48135E-08
 -1       137 1.70107E-09-1.01936E-05-8.49147E-09
 -1       138 1.04336E-06-6.57279E-06-3.15334E-08
 -1       139 1.61056E-09-7.72742E-06-6.45750E-09
 -1       140 9.07542E-07-4.44227E-06-3.84241E-08
 -1       141 1.44404E-09-5.46305E-06-4.57995E-09
 -1       142 7.32946E-07-2.63446E-06-4.55646E-08
 -1       143 1.24009E-09-3.48131E-06-2.92088E-09
 -1       144 5.19285E-07-1.23137E-06-5.32947E-08
 -1       145 9.53279E-10-1.86251E-06-1.55822E-09
 -1       146 2.69717E-07-3.09166E-07-5.89421E-08
 -1       147 5.99288E-10-6.89123E-07-6.10005E-10
 -1       148 1.87282E-10-4.82504E-08-1.16835E-10
 -1       149-1.19511E-06-1.14797E-05-7.20960E-10
 -1       150-1.13705E-06-8.94551E-06 9.90179E-09
 -1       151-1.04030E-06-6.57276E-06 2.05566E-08
 -1       152-9.04837E-07-4.44221E-06 3.10041E-08
 -1       153-7.30740E-07-2.63438E-06 4.11963E-08
 -1       154-5.17725E-07-1.23129E-06 5.12598E-08
 -1       155-2.68920E-07-3.09069E-07 5.83566E-08
 -1       156 0.00000E+00 0.00000E+00 0.00000E+00
 -1       157 0.00000E+00 0.00000E+00 0.00000E+00
 -1       158 0.00000E+00 0.00000E+00 0.00000E+00
 -1       159 0.00000E+00 0.00000E+00 0.00000E+00
 -1       160 0.00000E+00 0.00000E+00 0.00000E+00
 -1       161 5.62096E-07-4.15153E-07-2.14608E-10
 -1       162 1.06253E-06-1.31982E-06-9.53999E-10
 -1       163 1.48894E-06-2.71011E-06-2.11696E-09
 -1       164 1.83793E-06-4.50230E-06-3.64656E-09
 -1       165 2.10910E-06-6.61793E-06-5.43842E-09
 -1       166 2.30291E-06-8.97565E-06-7.44208E-09
 -1       167 2.41933E-06-1.14952E-05-9.57229E-09
 -1       168 5.58268E-07-4.04735E-07-5.68443E-08
 -1       169 2.65895E-07-1.62599E-07-2.69962E-11
 -1       170 1.06391E-06-1.30854E-06-5.36112E-08
 -1       171 8.22038E-07-8.03949E-07-5.23677E-10
 -1       172 1.48900E-06-2.70118E-06-4.53857E-08
 -1       173 1.28534E-06-1.95958E-06-1.49516E-09
 -1       174 1.83827E-06-4.49508E-06-3.84032E-08
 -1       175 1.67297E-06-3.56072E-06-2.83564E-09
 -1       176 2.10954E-06-6.61253E-06-3.14860E-08
 -1       177 1.98305E-06-5.52481E-06-4.51550E-09
 -1       178 2.30339E-06-8.97204E-06-2.48305E-08
 -1       179 2.21554E-06-7.77155E-06-6.41446E-09
 -1       180 2.41979E-06-1.14933E-05-1.83156E-08
 -1       181 2.37061E-06-1.02201E-05-8.50102E-09
 -1       182 2.44998E-06-1.27903E-05-1.06416E-08
 -1       183 5.57894E-07-4.04649E-07 5.64040E-08
 -1       184 1.06318E-06-1.30847E-06 5.16770E-08
 -1       185 1.48795E-06-2.70110E-06 4.11418E-08
 -1       186 1.83698E-06-4.49501E-06 3.11017E-08
 -1       187 2.10807E-06-6.61248E-06 2.05913E-08
 -1       188 2.30180E-06-8.97201E-06 9.94074E-09
 -1       189 2.41815E-06-1.14933E-05-8.27803E-10
 -1       190-5.62030E-07-4.15143E-07-1.93639E-10
 -1       191-1.06245E-06-1.31981E-06-9.22296E-10
 -1       192-1.48887E-06-2.71010E-06-2.11999E-09
 -1       193-1.83783E-06-4.50230E-06-3.68662E-09
 -1       194-2.10901E-06-6.61795E-06-5.46387E-09
 -1       195-2.30281E-06-8.97567E-06-7.41707E-09
 -1       196-2.41923E-06-1.14952E-05-9.46582E-09
 -1       197-2.65860E-07-1.62585E-07-2.06488E-11
 -1       198-5.57844E-07-4.04630E-07 5.64146E-08
 -1       199-8.21961E-07-8.03944E-07-4.94689E-10
 -1       200-1.06311E-06-1.30845E-06 5.17156E-08
 -1       201-1.28526E-06-1.95958E-06-1.46927E-09
 -1       202-1.48787E-06-2.70110E-06 4.11373E-08
 -1       203-1.67289E-06-3.56071E-06-2.86670E-09
 -1       204-1.83688E-06-4.49503E-06 3.10640E-08
 -1       205-1.98296E-06-5.52482E-06-4.54771E-09
 -1       206-2.10797E-06-6.61250E-06 2.05695E-08
 -1       207-2.21545E-06-7.77155E-06-6.42572E-09
 -1       208-2.30170E-06-8.97201E-06 9.95562E-09
 -1       209-2.37050E-06-1.02201E-05-8.43166E-09
 -1       210-2.41803E-06-1.14933E-05-7.36499E-10
 -1       211-2.44986E-06-1.27903E-05-1.05234E-08
 -1       212-5.58215E-07-4.04732E-07-5.68137E-08
 -1       213-1.06384E-06-1.30855E-06-5.35696E-08
 -1       214-1.48891E-06-2.70117E-06-4.53943E-08
 -1       215-1.83818E-06-4.49507E-06-3.84449E-08
 -1       216-2.10944E-06-6.61254E-06-3.15150E-08
 -1       217-2.30328E-06-8.97205E-06-2.48004E-08
 -1       218-2.41969E-06-1.14933E-05-1.81985E-08
 -1       219 2.88578E-11-3.44242E-07-2.54714E-10
 -1       220 3.77082E-11-1.25753E-06-9.89324E-10
 -1       221 4.68957E-11-2.65786E-06-2.15984E-09
 -1       222 4.98754E-11-4.46066E-06-3.69650E-09
 -1       223 4.84586E-11-6.58668E-06-5.47375E-09
 -1       224 5.83236E-11-8.95480E-06-7.45194E-09
 -1       225 5.45762E-11-1.14844E-05-9.53216E-09
 -1       226-1.57294E-10-3.37135E-07-2.55676E-10
 -1       227 1.04095E-11-8.57913E-08-6.14398E-11
 -1       228 2.67917E-07-3.54538E-07-2.53265E-10
 -1       229 2.09304E-10-3.37128E-07-2.66302E-10
 -1       230-3.30458E-10-1.24632E-06-1.00427E-09
 -1       231 4.28290E-11-7.34616E-07-5.62536E-10
 -1       232 5.21427E-07-1.27483E-06-9.84861E-10
 -1       233 4.05746E-10-1.24631E-06-9.95882E-10
 -1       234-4.80422E-10-2.64898E-06-2.16722E-09
 -1       235 3.72640E-11-1.90241E-06-1.52652E-09
 -1       236 7.35085E-07-2.67053E-06-2.14920E-09
 -1       237 5.66860E-10-2.64899E-06-2.16673E-09
 -1       238-5.97254E-10-4.45339E-06-3.69788E-09
 -1       239 4.87445E-11-3.51384E-06-2.88899E-09
 -1       240 9.09370E-07-4.47117E-06-3.67738E-09
 -1       241 6.97414E-10-4.45341E-06-3.70575E-09
 -1       242-6.88875E-10-6.58125E-06-5.48303E-09
 -1       243 5.58395E-11-5.48836E-06-4.55810E-09
 -1       244 1.04503E-06-6.59446E-06-5.46615E-09
 -1       245 7.87126E-10-6.58126E-06-5.47864E-09
 -1       246-7.40258E-10-8.95119E-06-7.44972E-09
 -1       247 5.09567E-11-7.74551E-06-6.44369E-09
 -1       248 1.14191E-06-8.96002E-06-7.45326E-09
 -1       249 8.49046E-10-8.95118E-06-7.45587E-09
 -1       250-7.72258E-10-1.14825E-05-9.52719E-09
 -1       251 5.64485E-11-1.02045E-05-8.47608E-09
 -1       252 1.20006E-06-1.14872E-05-9.54876E-09
 -1       253 8.81007E-10-1.14824E-05-9.53796E-09
 -1       254 5.58437E-11-1.27856E-05-1.05810E-08
 -1       255-2.67867E-07-3.54533E-07-2.41395E-10
 -1       256-5.21353E-07-1.27483E-06-9.70578E-10
 -1       257-7.34998E-07-2.67052E-06-2.15232E-09
 -1       258-9.09270E-07-4.47117E-06-3.69332E-09
 -1       259-1.04493E-06-6.59448E-06-5.47863E-09
 -1       260-1.14180E-06-8.96003E-06-7.43827E-09
 -1       261-1.19995E-06-1.14872E-05-9.50225E-09
 -3
    1PSTEP                         2           1           1          
  100CL  101 1.000000000         261                     0    1           1
 -4  STRESS      6    1
 -5  SXX         1    4    1    1
 -5  SYY         1    4    2    2
 -5  SZZ         1    4    3    3
 -5  SXY         1    4    1    2
 -5  SYZ         1    4    2    3
 -5  SZX         1    4    3    1
 -1         1 2.42143E+06 9.41679E+05 9.41678E+05-1.75067E+05-1.72000E-01 4.17165E+05
 -1         2-2.42411E+06-9.42724E+05-9.42723E+05-1.75638E+05-1.72588E-01-4.17229E+05
 -1         3-9.26944E+03 6.03395E+04 6.30598E+03-4.49647E+04-1.00637E+02 4.53527E+03
 -1         4 9.40006E+03-6.02713E+04-6.14795E+03-4.50396E+04-9.35534E+01-4.50033E+03
 -1         5-9.31864E+03 6.03278E+04 6.26865E+03-4.49833E+04 4.06728E+01-4.55209E+03
 -1         6 9.26008E+03-6.03701E+04-6.32255E+03-4.49542E+04 7.26624E+01 4.53281E+03
 -1         7-2.42130E+06-9.41629E+05-9.41628E+05-1.75035E+05 1.72043E-01 4.17113E+05
 -1         8 2.42475E+06 9.42972E+05 9.42971E+05-1.75659E+05 1.72363E-01-4.17259E+05
 -1         9-1.31105E+03-5.09858E+02-5.09860E+02 1.41145E+05-2.06539E-01-1.60009E+02
 -1        10 1.16491E+06 4.53006E+05 4.53007E+05 1.39532E+04 5.39584E-01 2.08673E+05
 -1        11-1.16758E+06-4.54045E+05-4.54046E+05 1.36780E+04 5.40584E-01-2.08914E+05
 -1        12-1.81490E+06 5.56333E+04 3.06755E+04 1.62892E+03-1.98785E+04 7.28919E+04
 -1        13-1.56364E+06-2.68561E+04-1.59160E+04-2.69795E+04 2.59241E+03 5.70507E+03
 -1        14-1.30291E+06 6.37794E+03 3.18056E+03-3.51227E+04-7.98194E+02 6.30230E+03
 -1        15-1.04249E+06-1.61666E+03-7.81149E+02-3.40123E+04 1.98768E+02 5.78584E+03
 -1        16-7.81678E+05 3.02440E+02 2.67650E+02-3.43143E+04-3.51557E+01 5.85420E+03
 -1        17-5.21120E+05 3.21608E+01-2.39766E+02-3.41858E+04 8.87701E+00 5.81722E+03
 -1        18-2.59162E+05 1.66013E+03 2.93552E+03-2.65475E+04-4.63685E+02 3.52534E+03
 -1        19-1.95559E+06-1.47618E+05-1.16224E+05-6.61167E+04 3.77249E+04-1.19638E+05
 -1        20-1.66089E+06 4.43003E+04 3.18268E+04-1.61283E+04-6.98660E+03 1.41856E+04
 -1        21-1.43285E+06-8.27719E+03-5.63706E+03-2.17544E+04 1.27110E+03 4.15469E+03
 -1        22-1.17313E+06 1.93724E+03 9.35521E+02-2.11331E+04-3.04547E+02 6.08529E+03
 -1        23-9.11899E+05-4.59264E+02-1.35178E+02-2.12761E+04 8.64795E+01 5.81384E+03
 -1        24-6.51359E+05 1.63027E+02 4.20379E+01-2.12875E+04 2.79026E+01 5.85071E+03
 -1        25-3.91463E+05-5.02744E+02 3.50590E+02-2.10692E+04-1.02197E+02 5.67977E+03
 -1        26-1.46635E+05-8.88715E+03-5.73537E+03-2.03662E+04 2.32792E+03 3.37913E+03
 -1        27 3.07351E+00-1.82875E+01-4.34553E+01-1.48744E+05-1.33055E+04 1.94200E+00
 -1        28-1.91988E+04-6.28424E+04-1.05123E+04-9.96301E+04-6.68313E+03-2.70319E+03
 -1        29 1.93183E+04 6.28738E+04 1.05525E+04-9.96234E+04-6.73396E+03 2.71661E+03
 -1        30 1.81231E+06-5.56057E+04-3.06430E+04 1.62389E+03-1.98541E+04-7.29023E+04
 -1        31 1.56151E+06 2.68681E+04 1.58773E+04-2.69510E+04 2.58124E+03-5.77611E+03
 -1        32 1.30082E+06-6.47674E+03-3.19864E+03-3.52177E+04-8.21648E+02-6.30066E+03
 -1        33 1.04139E+06 1.73884E+03 8.61984E+02-3.39824E+04 2.25461E+02-5.93853E+03
 -1        34 7.80534E+05-3.32368E+02-2.66150E+02-3.44140E+04-7.62817E+01-5.89405E+03
 -1        35 5.20634E+05 2.77256E+01 2.41133E+02-3.42016E+04 5.74105E+01-5.87070E+03
 -1        36 2.58898E+05-1.60568E+03-2.90349E+03-2.65071E+04-4.29253E+02-3.57324E+03
 -1        37 1.95316E+06 1.47498E+05 1.16102E+05-6.58714E+04 3.76481E+04 1.19612E+05
 -1        38 1.65855E+06-4.42417E+04-3.17828E+04-1.60977E+04-6.96975E+03-1.42165E+04
 -1        39 1.43070E+06 8.22098E+03 5.56340E+03-2.17818E+04 1.25939E+03-4.20468E+03
 -1        40 1.17155E+06-1.93526E+03-9.07456E+02-2.11771E+04-2.97788E+02-6.11392E+03
 -1        41 9.10686E+05 4.75770E+02 1.37533E+02-2.12997E+04 7.77655E+01-5.91331E+03
 -1        42 6.50675E+05-9.64964E+01 4.83822E+01-2.13211E+04 3.62815E-01-5.84091E+03
 -1        43 3.91072E+05 5.56089E+02-3.18643E+02-2.10741E+04-9.16684E+01-5.70616E+03
 -1        44 1.46569E+05 8.96080E+03 5.82623E+03-2.03847E+04 2.30032E+03-3.38483E+03
 -1        45-1.47969E+04 6.46332E+04 1.85405E+04-4.21694E+04-3.93216E+01 2.15231E+01
 -1        46-1.27876E+04 6.65766E+04 1.33440E+04-3.91194E+04 1.90451E+02 3.95111E+03
 -1        47-1.27715E+04 6.66184E+04 1.33797E+04-3.91316E+04-2.65302E+02-3.93788E+03
 -1        48-4.96697E+01 3.87801E+01-1.92159E+01-1.48678E+05 1.32557E+04-4.77969E+01
 -1        49-1.93592E+04-6.28373E+04-1.06169E+04-9.95598E+04 6.69353E+03 2.69888E+03
 -1        50 1.92631E+04 6.28425E+04 1.05435E+04-9.95686E+04 6.64684E+03-2.74647E+03
 -1        51 1.48019E+04-6.45809E+04-1.85174E+04-4.20827E+04-2.32992E+00 1.70593E+01
 -1        52 1.27668E+04-6.65513E+04-1.32904E+04-3.91465E+04 2.19214E+02-3.87532E+03
 -1        53 1.27530E+04-6.66017E+04-1.33870E+04-3.91025E+04-2.27316E+02 3.90539E+03
 -1        54-2.59030E+05 1.54081E+03 2.85360E+03-2.65211E+04 4.79594E+02-3.61608E+03
 -1        55-5.20568E+05 1.30968E+01-3.99664E+02-3.40311E+04-5.93499E+01-5.85692E+03
 -1        56-7.80598E+05 4.28972E+02 1.71347E+02-3.43397E+04 7.15957E+01-5.90335E+03
 -1        57-1.04140E+06-1.63115E+03-7.74082E+02-3.40853E+04-2.58761E+02-5.85599E+03
 -1        58-1.30059E+06 6.45403E+03 3.31719E+03-3.52334E+04 8.28031E+02-6.36275E+03
 -1        59-1.56150E+06-2.69323E+04-1.58612E+04-2.69992E+04-2.63711E+03-5.78603E+03
 -1        60-1.81218E+06 5.56341E+04 3.06405E+04 1.68974E+03 1.98868E+04-7.28956E+04
 -1        61-1.46628E+05-9.01726E+03-5.79989E+03-2.03595E+04-2.32056E+03-3.43646E+03
 -1        62-3.91009E+05-5.54646E+02 2.94358E+02-2.09765E+04 9.57035E+01-5.69583E+03
 -1        63-6.50760E+05 1.45506E+02-2.04505E+02-2.12275E+04-2.42353E+01-5.87439E+03
 -1        64-9.10700E+05-3.41808E+02-1.39100E+02-2.13001E+04-1.11825E+02-5.87586E+03
 -1        65-1.17148E+06 1.96390E+03 9.74322E+02-2.12541E+04 2.88776E+02-6.09688E+03
 -1        66-1.43064E+06-8.29041E+03-5.56770E+03-2.17766E+04-1.27840E+03-4.25964E+03
 -1        67-1.65839E+06 4.42313E+04 3.18522E+04-1.60814E+04 6.97186E+03-1.42028E+04
 -1        68-1.95307E+06-1.47484E+05-1.16123E+05-6.58299E+04-3.76409E+04 1.19574E+05
 -1        69 1.49693E+03 5.82148E+02 5.82149E+02 1.41156E+05 2.06463E-01-2.11817E+02
 -1        70 1.16796E+06 4.54193E+05 4.54194E+05 1.36710E+04-5.40316E-01-2.08951E+05
 -1        71-1.16476E+06-4.52949E+05-4.52950E+05 1.39785E+04-5.39642E-01 2.08629E+05
 -1        72 2.59175E+05-1.48790E+03-2.88874E+03-2.65264E+04 4.43287E+02 3.56569E+03
 -1        73 5.21092E+05-1.10007E+02 2.50163E+02-3.40220E+04-7.04108E+01 5.83082E+03
 -1        74 7.81690E+05-3.96441E+02-2.36429E+02-3.43062E+04 6.61255E+01 5.84158E+03
 -1        75 1.04274E+06 1.60583E+03 8.05668E+02-3.40140E+04-2.96829E+02 5.81298E+03
 -1        76 1.30259E+06-6.46673E+03-3.26819E+03-3.52211E+04 8.73055E+02 6.26861E+03
 -1        77 1.56386E+06 2.69687E+04 1.58637E+04-2.69495E+04-2.58726E+03 5.74769E+03
 -1        78 1.81483E+06-5.56652E+04-3.07335E+04 1.75365E+03 1.98851E+04 7.29652E+04
 -1        79 1.46637E+05 9.01684E+03 5.81590E+03-2.03606E+04-2.32875E+03 3.41812E+03
 -1        80 3.91432E+05 5.96279E+02-2.92122E+02-2.09537E+04 9.99112E+01 5.66799E+03
 -1        81 6.51593E+05-1.20992E+02 1.00056E+02-2.12333E+04 8.00200E+00 5.85542E+03
 -1        82 9.11854E+05 3.33449E+02 1.10346E+02-2.12564E+04-1.21730E+02 5.84450E+03
 -1        83 1.17322E+06-1.96630E+03-9.35059E+02-2.12244E+04 3.03493E+02 6.03766E+03
 -1        84 1.43277E+06 8.25757E+03 5.58085E+03-2.17805E+04-1.25666E+03 4.22670E+03
 -1        85 1.66089E+06-4.42854E+04-3.19139E+04-1.60340E+04 6.98027E+03 1.42046E+04
 -1        86 1.95589E+06 1.47714E+05 1.16317E+05-6.60396E+04-3.77050E+04-1.19595E+05
 -1        87-2.15374E+06-8.37579E+05-8.37578E+05-3.08692E+05-3.32154E-04 1.45748E+02
 -1        88-2.27551E+06-8.84909E+05-8.84909E+05-2.61163E+05-4.02958E-01 2.06185E+05
 -1        89-2.27695E+06-8.85467E+05-8.85467E+05-2.61462E+05 4.04135E-01-2.06061E+05
 -1        90 2.15406E+06 8.37703E+05 8.37702E+05-3.08752E+05 2.06997E-04 1.39945E+02
 -1        91 2.27735E+06 8.85624E+05 8.85625E+05-2.61506E+05-4.03838E-01-2.06082E+05
 -1        92 2.27575E+06 8.85000E+05 8.85001E+05-2.61210E+05 4.02813E-01 2.06210E+05
 -1        93-1.30230E+03-9.16920E+01 2.91838E+01-1.77635E+05-7.61932E+03 9.44659E+00
 -1        94-1.12185E+03 6.63100E+00-3.17234E+01-1.70454E+05 5.61158E+03-2.01644E+01
 -1        95-9.91827E+02-3.26605E+01-6.79919E-02-1.65861E+05-1.19253E+03-2.41962E+01
 -1        96-5.98309E+02-7.71436E+00 1.43649E+01-1.66047E+05 3.16412E+02-4.86757E+01
 -1        97-6.39192E+02-2.41770E+01-1.96374E+01-1.65998E+05 2.92519E+00-2.61316E+01
 -1        98-1.67253E+02 5.22133E+01 1.48466E+01-1.66242E+05-1.48867E+02-3.81129E+01
 -1        99-2.00007E+02-4.24523E+01-5.64345E+01-1.73712E+05 7.48193E+01 1.41066E+01
 -1       100 9.06690E+05 2.93274E+04 4.04828E+02-7.87089E+04-1.11248E+04-4.06553E+04
 -1       101-1.23651E+03-1.22713E+02-6.97178E+01-3.91883E+04 3.91038E+04-7.90928E+01
 -1       102 7.75309E+05 1.58034E+03 2.61144E+03-1.05405E+05 3.53332E+03-3.19418E+02
 -1       103-1.18338E+03-1.45508E+01 3.48687E+01-1.39566E+05-1.92341E+03-5.35549E+00
 -1       104 6.52400E+05 9.73905E+01-4.07771E+01-1.03075E+05-8.69392E+02-1.30563E+03
 -1       105-1.03423E+03-2.78575E-02-9.92674E+00-1.55158E+05 1.68644E+03-2.64447E+01
 -1       106 5.19849E+05 1.32941E+02 1.31428E+02-1.03674E+05 2.27020E+02-9.83161E+02
 -1       107-8.23687E+02-4.19121E+01-1.66721E+01-1.52360E+05-4.25914E+02-1.27909E+01
 -1       108 3.90105E+05-1.53348E+01-1.21698E+02-1.03564E+05-9.54407E-01-9.43695E+02
 -1       109-5.93086E+02 7.97864E-01 1.99810E+01-1.53121E+05 1.36177E+02-3.18757E+01
 -1       110 2.60026E+05-2.72470E+01 9.74995E+01-1.03692E+05-6.12870E+01-9.68692E+02
 -1       111-3.47168E+02 3.16116E+01 2.21490E+01-1.52936E+05-6.58895E+01-2.53720E+00
 -1       112 1.20720E+05-4.94324E+03-4.98864E+03-1.03227E+05-9.97715E+01-1.00887E+03
 -1       113-2.71685E+02-2.59502E+01-3.63298E+01-1.52989E+05-2.37379E+00-1.34244E+01
 -1       114-4.91499E+01-2.88904E-01-1.54201E+01-1.53732E+05-2.80357E+03 2.32119E+01
 -1       115-9.09303E+05-2.94094E+04-3.57113E+02-7.86989E+04-1.11201E+04 4.06276E+04
 -1       116-7.77480E+05-1.55757E+03-2.64472E+03-1.05401E+05 3.53824E+03 2.89508E+02
 -1       117-6.54439E+05-1.83632E+02 1.94966E+01-1.03025E+05-8.49937E+02 1.28895E+03
 -1       118-5.20959E+05-4.89980E+01-6.61549E+00-1.03666E+05 2.23866E+02 8.93616E+02
 -1       119-3.91362E+05-7.40355E+01-3.10149E+01-1.03536E+05-3.23836E+01 8.97292E+02
 -1       120-2.60462E+05 1.04490E+02-7.39494E+01-1.03663E+05-7.41748E+01 8.94669E+02
 -1       121-1.21018E+05 4.94634E+03 4.97957E+03-1.03243E+05-1.26477E+02 1.03835E+03
 -1       122-1.29228E+01-7.40162E+00 8.89088E+01-1.34651E+05 2.86201E+01-6.37842E+01
 -1       123-1.69113E+04-6.65135E+04-1.71798E+04-9.11897E+04 3.88251E+01-2.26558E+01
 -1       124 2.53030E+00-7.24306E+00 3.47586E+01-1.35818E+05-9.59213E+03-6.13981E+01
 -1       125 2.79424E+01 4.00444E+01 4.98760E+01-1.35778E+05 9.59537E+03-2.90940E+01
 -1       126 1.68270E+04 6.64984E+04 1.72336E+04-9.12228E+04-2.42368E+01-2.03062E+01
 -1       127 7.04433E+01-3.85371E+01-1.66578E+01-1.73619E+05-2.98080E+01 2.60074E+01
 -1       128 2.82801E+02 1.20159E+01-1.01022E+01-1.66133E+05 1.11125E+02 1.15507E+01
 -1       129 6.14206E+02 3.87524E+01-1.74726E-02-1.65964E+05 1.62851E+01-2.93242E+01
 -1       130 6.54498E+02-2.92424E+01 1.30852E+01-1.66043E+05-2.86669E+02-2.13125E+01
 -1       131 9.82689E+02 3.63592E+01 1.48327E+01-1.65933E+05 1.15942E+03-5.85735E+00
 -1       132 1.21460E+03 6.07483E+01 1.48824E+01-1.70486E+05-5.57224E+03-2.53794E+00
 -1       133 1.47260E+03 8.12541E+01-1.58697E+01-1.77590E+05 7.60637E+03 2.38854E+01
 -1       134 1.20953E+05-4.94831E+03-5.01308E+03-1.03190E+05 1.30521E+02 1.05917E+03
 -1       135-8.49223E+00-2.19108E+01-5.44163E+01-1.53685E+05 2.78443E+03 4.98829E+00
 -1       136 2.60510E+05-1.20778E+02 1.17846E+02-1.03552E+05 4.74823E+01 9.40439E+02
 -1       137 2.08719E+02 4.83402E-01-1.82656E+01-1.52860E+05-3.54074E+00 3.17683E+01
 -1       138 3.91322E+05 6.87231E+00-3.04633E+01-1.03496E+05 3.78545E+01 8.95926E+02
 -1       139 4.61111E+02 6.06988E+01 2.09532E+01-1.52870E+05 6.88224E+01 1.32525E+01
 -1       140 5.21141E+05 3.74881E+01 7.16556E+01-1.03675E+05-2.44527E+02 9.11813E+02
 -1       141 5.90425E+02-6.05123E+00-3.49109E+00-1.53083E+05-1.12060E+02-2.97237E+01
 -1       142 6.54265E+05 1.06984E+02-1.11211E+02-1.03111E+05 8.61510E+02 1.27407E+03
 -1       143 8.30623E+02 2.32109E+00 3.19763E-01-1.52411E+05 4.38426E+02-9.82429E+00
 -1       144 7.77662E+05 1.65340E+03 2.64803E+03-1.05418E+05-3.53274E+03 2.96682E+02
 -1       145 1.10455E+03 3.82084E+01 2.01998E+01-1.55204E+05-1.68488E+03 1.92952E+01
 -1       146 9.09348E+05 2.94027E+04 3.55824E+02-7.86258E+04 1.11279E+04 4.06840E+04
 -1       147 1.27004E+03 9.71133E+00-5.46335E+01-1.39551E+05 1.92833E+03 8.06852E-01
 -1       148 1.40560E+03 1.32223E+02 8.00496E+01-3.91469E+04-3.91033E+04-9.35330E+01
 -1       149-1.20803E+05 4.94176E+03 4.99153E+03-1.03180E+05 1.36372E+02-1.07094E+03
 -1       150-2.59950E+05 1.07793E+02-1.34496E+02-1.03540E+05 2.17819E+01-9.27828E+02
 -1       151-3.90134E+05 7.64054E+01 7.08332E+01-1.03531E+05 4.24450E+01-9.43463E+02
 -1       152-5.19821E+05-8.99599E+01-7.54099E+01-1.03704E+05-2.33637E+02-9.44725E+02
 -1       153-6.52300E+05-9.43745E+01 1.05855E+02-1.03110E+05 8.53237E+02-1.31437E+03
 -1       154-7.75255E+05-1.57601E+03-2.64683E+03-1.05434E+05-3.53558E+03-3.21654E+02
 -1       155-9.06540E+05-2.93230E+04-3.79821E+02-7.86457E+04 1.11256E+04-4.06369E+04
 -1       156 5.48935E+01 2.13485E+01 2.13486E+01 1.41797E+03-1.91017E-05 1.17542E+01
 -1       157 1.02066E+06 3.96909E+05 3.96910E+05-1.20652E+05-3.58032E-04 5.14284E+01
 -1       158 7.52592E+02 2.92665E+02 2.92664E+02 5.19411E+04-3.67164E-01-8.16172E+01
 -1       159-6.09818E+02-2.37144E+02-2.37143E+02 5.19352E+04 3.67291E-01-5.27015E+01
 -1       160-1.02049E+06-3.96845E+05-3.96846E+05-1.20621E+05 4.64562E-04 5.61485E+01
 -1       161 1.96858E+06-2.56611E+04 8.41378E+04 2.29290E+04 1.42779E+01-8.68323E+01
 -1       162 1.56281E+06 2.53070E+04-1.85727E+03-2.09486E+04-9.39141E+00-1.10415E+02
 -1       163 1.29990E+06-7.55700E+03-7.23221E+02-2.73961E+04-1.03003E+01-4.72141E+01
 -1       164 1.04247E+06 1.92246E+03 3.45722E+02-2.59377E+04 2.62266E+00-1.19932E+02
 -1       165 7.80997E+05-4.36095E+02-1.16920E+02-2.63561E+04-1.12276E+00-1.06483E+02
 -1       166 5.20659E+05-2.08082E+02-4.61149E+02-2.59369E+04 1.20811E+01-1.84669E+02
 -1       167 2.62647E+05-9.47155E+02 3.43901E+02-1.91809E+04-3.22560E+01-1.77433E+02
 -1       168 1.89676E+06-3.85852E+04 2.87139E+04 1.67116E+03 5.56028E+03 2.48929E+04
 -1       169 1.97412E+06 1.50958E+05 1.54149E+05-1.45436E+05-3.02987E+01 1.35535E+01
 -1       170 1.57254E+06 2.92351E+04 1.04137E+04-1.71799E+04-4.53097E+02 7.06675E+03
 -1       171 1.66392E+06-5.26284E+04-1.01537E+04-6.60094E+02 1.18850E+00-7.19123E+01
 -1       172 1.30002E+06-7.18705E+03-2.38610E+03-2.71407E+04 3.15327E+02 5.17164E+03
 -1       173 1.43603E+06 1.09953E+04 5.50927E+02-1.48399E+04-2.83972E+01-5.77185E+01
 -1       174 1.04282E+06 1.77877E+03 6.36513E+02-2.53551E+04-1.07303E+02 4.92813E+03
 -1       175 1.17203E+06-2.25707E+03 2.18958E+02-1.30112E+04 3.16973E+00-8.91428E+01
 -1       176 7.81358E+05-4.36868E+02-2.15406E+02-2.57727E+04 1.86649E+01 5.03067E+03
 -1       177 9.11301E+05 5.08984E+02-8.06746E+01-1.32364E+04-5.35219E+00-9.72181E+01
 -1       178 5.20789E+05-1.83602E+02-1.52385E+02-2.54276E+04-3.31300E+01 4.98909E+03
 -1       179 6.51130E+05-1.73260E+02-1.53234E+02-1.32334E+04 2.01732E+01-1.27912E+02
 -1       180 2.62118E+05-9.33088E+02-8.46521E+02-1.88442E+04 4.62027E+02 3.44682E+03
 -1       181 3.91374E+05 3.09168E+02 3.83089E+02-1.34363E+04-1.24184E+01-1.75734E+02
 -1       182 1.51412E+05 4.39521E+03 6.01101E+02-1.52889E+04-4.50938E+01-7.56434E+01
 -1       183 1.89548E+06-3.85790E+04 2.86807E+04 1.61468E+03-5.53474E+03-2.49357E+04
 -1       184 1.57137E+06 2.92055E+04 1.04563E+04-1.71781E+04 4.42866E+02-7.19668E+03
 -1       185 1.29911E+06-7.19746E+03-2.39614E+03-2.71562E+04-2.97403E+02-5.23893E+03
 -1       186 1.04213E+06 1.78991E+03 6.25909E+02-2.53393E+04 7.80611E+01-5.12016E+03
 -1       187 7.80841E+05-3.60913E+02-1.46932E+02-2.58104E+04-3.05001E+01-5.17105E+03
 -1       188 5.20603E+05-7.04273E+01-1.14259E+02-2.55020E+04 3.37249E+01-5.19424E+03
 -1       189 2.61933E+05-1.02177E+03-8.98018E+02-1.88238E+04-4.83161E+02-3.62777E+03
 -1       190-1.96844E+06 2.56490E+04-8.42037E+04 2.28248E+04-1.28079E+01-2.11454E+01
 -1       191-1.56287E+06-2.53948E+04 1.81900E+03-2.09492E+04-2.13041E+01-1.30345E+02
 -1       192-1.29985E+06 7.58070E+03 7.52290E+02-2.73512E+04-1.62660E+01-1.78515E+02
 -1       193-1.04246E+06-1.92416E+03-3.24655E+02-2.59345E+04 5.98710E+01-1.08674E+02
 -1       194-7.80977E+05 4.41155E+02 1.72972E+02-2.62863E+04 1.38990E+01-9.18906E+01
 -1       195-5.20613E+05 2.34474E+02 4.20562E+02-2.59711E+04 1.10174E+01-3.66836E+01
 -1       196-2.62603E+05 9.29445E+02-4.80842E+02-1.91348E+04-3.96030E+01-5.54477E+01
 -1       197-1.97390E+06-1.50942E+05-1.54148E+05-1.45473E+05 3.07779E+01 3.98620E+01
 -1       198-1.89536E+06 3.85820E+04-2.87204E+04 1.58807E+03 5.55575E+03-2.49334E+04
 -1       199-1.66391E+06 5.25946E+04 1.01143E+04-6.81501E+02-8.50011E+00-5.07909E+01
 -1       200-1.57138E+06-2.92597E+04-1.04250E+04-1.72005E+04-4.84956E+02-7.21805E+03
 -1       201-1.43603E+06-1.10112E+04-5.59538E+02-1.48343E+04-2.32980E+01-1.62101E+02
 -1       202-1.29898E+06 7.21246E+03 2.44951E+03-2.71468E+04 2.79005E+02-5.30517E+03
 -1       203-1.17196E+06 2.27579E+03-1.92874E+02-1.30067E+04 1.99084E+01-1.31499E+02
 -1       204-1.04215E+06-1.78108E+03-5.95726E+02-2.53723E+04-6.24246E+01-5.08267E+03
 -1       205-9.11312E+05-5.35210E+02 1.05674E+02-1.32063E+04 2.96283E+01-8.83103E+01
 -1       206-7.80827E+05 3.96846E+02 1.46615E+02-2.57353E+04 4.63643E+01-5.16251E+03
 -1       207-6.51104E+05 1.21420E+02 1.49046E+02-1.32138E+04 1.02740E+01-5.41061E+01
 -1       208-5.20519E+05 9.94087E+01 2.63500E+01-2.54732E+04-4.67590E+00-5.11403E+03
 -1       209-3.91428E+05-3.68340E+02-4.81005E+02-1.34115E+04 1.51032E+00-1.52186E+01
 -1       210-2.62007E+05 9.74793E+02 7.81021E+02-1.88383E+04 4.61373E+02-3.57008E+03
 -1       211-1.51314E+05-4.35492E+03-5.99047E+02-1.52970E+04-1.49596E+01-2.48817E+01
 -1       212-1.89673E+06 3.85499E+04-2.87797E+04 1.58394E+03-5.56059E+03 2.49220E+04
 -1       213-1.57242E+06-2.92411E+04-1.04839E+04-1.71980E+04 4.41091E+02 7.03926E+03
 -1       214-1.30015E+06 7.15039E+03 2.37752E+03-2.71135E+04-2.77748E+02 5.09077E+03
 -1       215-1.04270E+06-1.73599E+03-5.95911E+02-2.53485E+04 9.37870E+01 4.93619E+03
 -1       216-7.81356E+05 4.03655E+02 2.44720E+02-2.57346E+04-1.72291E+01 5.04579E+03
 -1       217-5.20811E+05 1.18904E+02 1.12411E+02-2.55217E+04-1.46846E+01 5.05157E+03
 -1       218-2.62073E+05 1.03664E+03 8.27121E+02-1.88221E+04-4.94510E+02 3.46508E+03
 -1       219 1.60974E+02 2.52252E+01-2.13007E+00-1.81319E+05-4.92129E+00-8.05961E+01
 -1       220-5.99951E+01-1.01040E+01 3.76305E+01-1.48403E+05 1.93847E+00-8.53296E+01
 -1       221 4.90400E+01-3.21615E+01 4.77557E+00-1.43805E+05 5.35140E+00-1.01776E+02
 -1       222 4.32639E+01 2.28762E+01-2.92649E+01-1.44715E+05-1.62524E+01-9.64741E+01
 -1       223-7.58500E+00 9.02360E+01 5.05540E+01-1.44502E+05-3.83305E+00-7.09947E+01
 -1       224 3.44638E+01 3.52936E+01-7.30300E+00-1.44664E+05 1.45387E+01-8.11658E+01
 -1       225-1.87572E+01-1.78791E+01-6.82185E+01-1.50080E+05-2.01624E+00-8.82811E+01
 -1       226-5.83775E+02-5.45605E+01-3.35028E+01-1.90055E+05 6.12917E+03-2.58916E+01
 -1       227 9.18497E+01-3.81483E+00-1.44589E+01-1.24247E+05-9.52763E-01-6.18234E+01
 -1       228 9.88829E+05 4.51728E+04 5.89299E+04-7.01319E+04-4.73385E+00-9.49913E+01
 -1       229 8.25567E+02 6.65609E+01 3.45719E+01-1.90046E+05-6.14078E+03-2.65310E+01
 -1       230-5.93986E+02-7.93973E+00 8.68588E+00-1.52693E+05 1.91960E+03-5.69519E+01
 -1       231 3.89340E+01 1.44499E+01 1.83876E+01-1.37748E+05-2.34940E+00-6.50766E+01
 -1       232 7.83132E+05-6.72215E+00-4.57560E+03-9.23627E+04-9.34490E+00-9.30752E+01
 -1       233 5.63000E+02 1.48630E+01 1.09952E+01-1.52705E+05-1.89701E+03-4.82682E+01
 -1       234-4.72342E+02-3.31377E+01-4.59901E+00-1.50753E+05-1.73727E+02-5.06332E+01
 -1       235 4.58882E+01 8.46505E+00 4.51673E+01-1.33373E+05-3.70817E+00-7.93555E+01
 -1       236 6.51885E+05-4.89587E+01 1.13268E+03-8.79283E+04-7.45399E+00-7.14209E+01
 -1       237 5.21964E+02 1.18530E+01 2.07262E+01-1.50779E+05 1.65085E+02-7.10079E+01
 -1       238-2.75543E+02 1.19379E+01-4.73769E+00-1.50699E+05 6.22215E+01-7.66578E+01
 -1       239-1.42531E+01-3.56349E+01-5.10285E+01-1.31007E+05 4.57233E-01-9.33981E+01
 -1       240 5.20674E+05-9.25252E+00-2.39758E+02-8.90224E+04 6.45925E+00-1.01958E+02
 -1       241 3.67166E+02 8.22979E+00-7.13143E-01-1.50698E+05-6.09491E+01-6.02270E+01
 -1       242-3.21474E+02 4.94203E+01 3.12035E+01-1.50705E+05 2.94040E+00-5.29300E+01
 -1       243 1.28274E+01 4.79584E+01 1.48553E+01-1.31680E+05-1.27089E+01-7.01110E+01
 -1       244 3.90659E+05 2.50625E+01 2.79961E+01-8.87790E+04-1.11868E+01-8.90894E+01
 -1       245 2.76679E+02 3.26728E+01-1.71874E+00-1.50682E+05-1.47733E+00-4.92233E+01
 -1       246-5.91784E+01 4.28845E+01-1.30808E+00-1.50860E+05-3.90471E+01-4.58647E+01
 -1       247 5.74828E+01 4.86486E+01 3.82639E+01-1.31469E+05 1.00505E+01-6.50995E+01
 -1       248 2.60186E+05-2.02360E+02-2.54700E+02-8.87508E+04 1.68857E+01-1.24299E+02
 -1       249 1.39825E+02-1.07652E+00-1.40387E+01-1.50823E+05 2.96509E+01-5.37929E+01
 -1       250-8.91263E+01-1.71041E+01-5.37710E+01-1.57111E+05-2.30894E+02-4.11620E+01
 -1       251-3.69481E+01-2.67676E+01-6.02225E+01-1.31600E+05 3.59415E+00-8.32756E+01
 -1       252 1.22889E+05-4.52754E+03-3.30399E+03-8.77384E+04-1.37328E+01-1.12726E+02
 -1       253 6.48220E+01-5.38831E+00-2.43631E+01-1.57082E+05 2.52691E+02-3.14371E+01
 -1       254-1.10443E+01-2.03369E+01 3.16752E+00-1.33873E+05 2.20137E+00-4.80538E+01
 -1       255-9.88595E+05-4.51448E+04-5.89407E+04-7.01595E+04 1.54397E+00-5.92625E+01
 -1       256-7.83194E+05-3.78629E+01 4.60066E+03-9.23575E+04-9.42880E+00-9.76600E+01
 -1       257-6.51815E+05 2.01604E+01-1.13950E+03-8.78993E+04-6.52374E+00-1.29509E+02
 -1       258-5.20611E+05 4.03474E+01 2.38796E+02-8.90304E+04 1.28647E+01-1.00885E+02
 -1       259-3.90689E+05 4.74793E+01 1.08959E+01-8.87582E+04 2.10465E+01-8.42616E+01
 -1       260-2.60107E+05 2.70344E+02 2.75438E+02-8.87363E+04 1.08429E+01-5.16605E+01
 -1       261-1.22880E+05 4.50694E+03 3.18352E+03-8.77287E+04-3.38824E+01-7.50490E+01
 -3
    1PSTEP                         3           1           1          
  100CL  101 1.000000000         261                     0    1           1
 -4  TOSTRAIN    6    1
 -5  EXX         1    4    1    1
 -5  EYY         1    4    2    2
 -5  EZZ         1    4    3    3
 -5  EXY         1    4    1    2
 -5  EYZ         1    4    2    3
 -5  EZX         1    4    3    1
 -1         1 9.01946E-06 4.50447E-11 3.84693E-11-1.06708E-06-1.04838E-12 2.54272E-06
 -1         2-9.02947E-06-4.50874E-11-3.85274E-11-1.07055E-06-1.05196E-12-2.54311E-06
 -1         3-1.33001E-07 2.91282E-07-3.80649E-08-2.74070E-07-6.13405E-10 2.76435E-08
 -1         4 1.33321E-07-2.91342E-07 3.85523E-08-2.74527E-07-5.70230E-10-2.74306E-08
 -1         5-1.33170E-07 2.91342E-07-3.81615E-08-2.74184E-07 2.47910E-10-2.77461E-08
 -1         6 1.33019E-07-2.91393E-07 3.80393E-08-2.74006E-07 4.42895E-10 2.76286E-08
 -1         7-9.01898E-06-4.50382E-11-3.84605E-11-1.06688E-06 1.04864E-12 2.54240E-06
 -1         8 9.03185E-06 4.50938E-11 3.85346E-11-1.07068E-06 1.05059E-12-2.54329E-06
 -1         9-4.88346E-09-2.17084E-14-2.88147E-14 8.60312E-07-1.25890E-12-9.75295E-10
 -1        10 4.33916E-06-4.72776E-11-4.16813E-11 8.50483E-08 3.28889E-12 1.27191E-06
 -1        11-4.34911E-06 4.73222E-11 4.17370E-11 8.33706E-08 3.29499E-12-1.27338E-06
 -1        12-8.75744E-06 2.64388E-06 2.49176E-06 9.92863E-09-1.21164E-07 4.44293E-07
 -1        13-7.38889E-06 1.97819E-06 2.04487E-06-1.64447E-07 1.58013E-08 3.47738E-08
 -1        14-6.21708E-06 1.76334E-06 1.74386E-06-2.14081E-07-4.86518E-09 3.84140E-08
 -1        15-4.96103E-06 1.38333E-06 1.38842E-06-2.07313E-07 1.21154E-09 3.52661E-08
 -1        16-3.72304E-06 1.04332E-06 1.04311E-06-2.09154E-07-2.14282E-10 3.56827E-08
 -1        17-2.48125E-06 6.95300E-07 6.93642E-07-2.08371E-07 5.41075E-11 3.54574E-08
 -1        18-1.24023E-06 3.49541E-07 3.57315E-07-1.61813E-07-2.82627E-09 2.14878E-08
 -1        19-8.96053E-06 2.05947E-06 2.25083E-06-4.02997E-07 2.29942E-07-7.29224E-07
 -1        20-8.01048E-06 2.38303E-06 2.30700E-06-9.83057E-08-4.25850E-08 8.64648E-08
 -1        21-6.80454E-06 1.87857E-06 1.89466E-06-1.32598E-07 7.74767E-09 2.53238E-08
 -1        22-5.59017E-06 1.57215E-06 1.56605E-06-1.28811E-07-1.85628E-09 3.70913E-08
 -1        23-4.34158E-06 1.21386E-06 1.21583E-06-1.29683E-07 5.27113E-10 3.54368E-08
 -1        24-3.10198E-06 8.69199E-07 8.68462E-07-1.29753E-07 1.70073E-10 3.56615E-08
 -1        25-1.86391E-06 5.19089E-07 5.24291E-07-1.28422E-07-6.22915E-10 3.46196E-08
 -1        26-6.78766E-07 1.60841E-07 1.80052E-07-1.24137E-07 1.41892E-08 2.05966E-08
 -1        27 9.69595E-11-3.32407E-11-1.86645E-10-9.06628E-07-8.11004E-08 1.18370E-11
 -1        28 6.38339E-09-2.59635E-07 5.93297E-08-6.07269E-07-4.07352E-08-1.64766E-08
 -1        29-5.90989E-09 2.59571E-07-5.93395E-08-6.07228E-07-4.10451E-08 1.65584E-08
 -1        30 8.74504E-06-2.64034E-06-2.48819E-06 9.89802E-09-1.21015E-07-4.44357E-07
 -1        31 7.37875E-06-1.97524E-06-2.04223E-06-1.64273E-07 1.57333E-08-3.52068E-08
 -1        32 6.20729E-06-1.76100E-06-1.74102E-06-2.14660E-07-5.00814E-09-3.84040E-08
 -1        33 4.95552E-06-1.38139E-06-1.38673E-06-2.07131E-07 1.37424E-09-3.61967E-08
 -1        34 3.71763E-06-1.04194E-06-1.04154E-06-2.09761E-07-4.64955E-10-3.59256E-08
 -1        35 2.47885E-06-6.94368E-07-6.93067E-07-2.08467E-07 3.49931E-10-3.57833E-08
 -1        36 1.23886E-06-3.48972E-07-3.56883E-07-1.61567E-07-2.61640E-09-2.17797E-08
 -1        37 8.94932E-06-2.05665E-06-2.24802E-06-4.01502E-07 2.29474E-07 7.29065E-07
 -1        38 7.99920E-06-2.37969E-06-2.30375E-06-9.81195E-08-4.24823E-08-8.66532E-08
 -1        39 6.79448E-06-1.87587E-06-1.89207E-06-1.32766E-07 7.67627E-09-2.56285E-08
 -1        40 5.58262E-06-1.57008E-06-1.56381E-06-1.29080E-07-1.81509E-09-3.72658E-08
 -1        41 4.33578E-06-1.21217E-06-1.21423E-06-1.29827E-07 4.73999E-10-3.60430E-08
 -1        42 3.09851E-06-8.68090E-07-8.67207E-07-1.29957E-07 2.21145E-12-3.56017E-08
 -1        43 1.86193E-06-5.18356E-07-5.23688E-07-1.28452E-07-5.58741E-10-3.47804E-08
 -1        44 6.78234E-07-1.60524E-07-1.79630E-07-1.24250E-07 1.40210E-08-2.06314E-08
 -1        45-1.81360E-07 3.02786E-07 2.18399E-08-2.57033E-07-2.39674E-10 1.31188E-10
 -1        46-1.67454E-07 3.16290E-07-8.17609E-09-2.38442E-07 1.16084E-09 2.40829E-08
 -1        47-1.67481E-07 3.16419E-07-8.08283E-09-2.38517E-07-1.61708E-09-2.40023E-08
 -1        48-2.62608E-10 2.76514E-10-7.69849E-11-9.06230E-07 8.07964E-08-2.91333E-10
 -1        49 5.75234E-09-2.59257E-07 5.90385E-08-6.06841E-07 4.07986E-08 1.64503E-08
 -1        50-6.11890E-09 2.59508E-07-5.92671E-08-6.06894E-07 4.05141E-08-1.67404E-08
 -1        51 1.81283E-07-3.02574E-07-2.18059E-08-2.56504E-07-1.42014E-11 1.03981E-10
 -1        52 1.67250E-07-3.16213E-07 8.42484E-09-2.38607E-07 1.33616E-09-2.36210E-08
 -1        53 1.67380E-07-3.16305E-07 8.05071E-09-2.38339E-07-1.38554E-09 2.38043E-08
 -1        54-1.23933E-06 3.48906E-07 3.56907E-07-1.61652E-07 2.92324E-09-2.20409E-08
 -1        55-2.47838E-06 6.94686E-07 6.92170E-07-2.07428E-07-3.61752E-10-3.56993E-08
 -1        56-3.71793E-06 1.04261E-06 1.04104E-06-2.09309E-07 4.36393E-10-3.59823E-08
 -1        57-4.95584E-06 1.38180E-06 1.38702E-06-2.07758E-07-1.57721E-09-3.56937E-08
 -1        58-6.20634E-06 1.76044E-06 1.74132E-06-2.14756E-07 5.04705E-09-3.87825E-08
 -1        59-7.37865E-06 1.97490E-06 2.04238E-06-1.64567E-07-1.60738E-08-3.52672E-08
 -1        60-8.74448E-06 2.64032E-06 2.48797E-06 1.02994E-08 1.21215E-07-4.44316E-07
 -1        61-6.78475E-07 1.60299E-07 1.79909E-07-1.24096E-07-1.41444E-08-2.09460E-08
 -1        62-1.86160E-06 5.18312E-07 5.23487E-07-1.27857E-07 5.83336E-10-3.47174E-08
 -1        63-3.09878E-06 8.68646E-07 8.66513E-07-1.29387E-07-1.47720E-10-3.58058E-08
 -1        64-4.33603E-06 1.21282E-06 1.21406E-06-1.29829E-07-6.81602E-10-3.58148E-08
 -1        65-5.58241E-06 1.57003E-06 1.56400E-06-1.29549E-07 1.76016E-09-3.71619E-08
 -1        66-6.79408E-06 1.87546E-06 1.89206E-06-1.32733E-07-7.79217E-09-2.59635E-08
 -1        67-7.99854E-06 2.37934E-06 2.30389E-06-9.80201E-08 4.24951E-08-8.65695E-08
 -1        68-8.94887E-06 2.05662E-06 2.24778E-06-4.01249E-07-2.29430E-07 7.28832E-07
 -1        69 5.57583E-09 2.80366E-14 3.68481E-14 8.60380E-07 1.25844E-12-1.29108E-09
 -1        70 4.35053E-06-4.73292E-11-4.17451E-11 8.33278E-08-3.29335E-12-1.27361E-06
 -1        71-4.33861E-06 4.72710E-11 4.16711E-11 8.52020E-08-3.28925E-12 1.27164E-06
 -1        72 1.24000E-06-3.48800E-07-3.57338E-07-1.61685E-07 2.70194E-09 2.17337E-08
 -1        73 2.48120E-06-6.95647E-07-6.93452E-07-2.07372E-07-4.29170E-10 3.55402E-08
 -1        74 3.72318E-06-1.04383E-06-1.04285E-06-2.09105E-07 4.03050E-10 3.56058E-08
 -1        75 4.96221E-06-1.38375E-06-1.38862E-06-2.07324E-07-1.80924E-09 3.54315E-08
 -1        76 6.21580E-06-1.76323E-06-1.74373E-06-2.14681E-07 5.32148E-09 3.82086E-08
 -1        77 7.38987E-06-1.97788E-06-2.04557E-06-1.64263E-07-1.57700E-08 3.50335E-08
 -1        78 8.75725E-06-2.64387E-06-2.49190E-06 1.06889E-08 1.21204E-07 4.44740E-07
 -1        79 6.78495E-07-1.60334E-07-1.79844E-07-1.24103E-07-1.41943E-08 2.08342E-08
 -1        80 1.86356E-06-5.18681E-07-5.24096E-07-1.27717E-07 6.08982E-10 3.45477E-08
 -1        81 3.10285E-06-8.69501E-07-8.68153E-07-1.29422E-07 4.87741E-11 3.56902E-08
 -1        82 4.34157E-06-1.21437E-06-1.21573E-06-1.29563E-07-7.41976E-10 3.56236E-08
 -1        83 5.59062E-06-1.57241E-06-1.56612E-06-1.29368E-07 1.84986E-09 3.68010E-08
 -1        84 6.80426E-06-1.87848E-06-1.89479E-06-1.32757E-07-7.65966E-09 2.57627E-08
 -1        85 8.01061E-06-2.38285E-06-2.30745E-06-9.77307E-08 4.25464E-08 8.65805E-08
 -1        86 8.96173E-06-2.05954E-06-2.25092E-06-4.02527E-07-2.29821E-07-7.28960E-07
 -1        87-8.02237E-06-4.50540E-11-3.87262E-11-1.88155E-06-2.02456E-15 8.88366E-10
 -1        88-8.47601E-06 4.40874E-11 4.11892E-11-1.59185E-06-2.45612E-12 1.25675E-06
 -1        89-8.48136E-06 4.41395E-11 4.12598E-11-1.59367E-06 2.46330E-12-1.25599E-06
 -1        90 8.02356E-06 4.50598E-11 3.87349E-11-1.88192E-06 1.26170E-15 8.52999E-10
 -1        91 8.48287E-06-4.41468E-11-4.12677E-11-1.59394E-06-2.46149E-12-1.25612E-06
 -1        92 8.47689E-06-4.40944E-11-4.11994E-11-1.59214E-06 2.45524E-12 1.25690E-06
 -1        93-6.11809E-09 1.26086E-09 1.99763E-09-1.08273E-06-4.64416E-08 5.75792E-11
 -1        94-5.30871E-09 1.56968E-09 1.33590E-09-1.03896E-06 3.42039E-08-1.22907E-10
 -1        95-4.67935E-09 1.16700E-09 1.36566E-09-1.01096E-06-7.26876E-09-1.47482E-10
 -1        96-2.85796E-09 7.41857E-10 8.76435E-10-1.01210E-06 1.92860E-09-2.96690E-10
 -1        97-2.98535E-09 7.63311E-10 7.90981E-10-1.01180E-06 1.78298E-11-1.59278E-10
 -1        98-8.85854E-10 4.51843E-10 2.24084E-10-1.01328E-06-9.07381E-10-2.32307E-10
 -1        99-8.20565E-10 1.39768E-10 5.45432E-11-1.05882E-06 4.56042E-10 8.59830E-11
 -1       100 4.27793E-06-1.06981E-06-1.24609E-06-4.79749E-07-6.78081E-08-2.47804E-07
 -1       101-5.63157E-09 1.15729E-09 1.48031E-09-2.38862E-07 2.38347E-07-4.82089E-10
 -1       102 3.68636E-06-1.02970E-06-1.02342E-06-6.42466E-07 2.15364E-08-1.94693E-09
 -1       103-5.66225E-09 1.46206E-09 1.76329E-09-8.50685E-07-1.17236E-08-3.26430E-11
 -1       104 3.10659E-06-8.69348E-07-8.70190E-07-6.28267E-07-5.29915E-09-7.95810E-09
 -1       105-4.91164E-09 1.39208E-09 1.33174E-09-9.45722E-07 1.02792E-08-1.61187E-10
 -1       106 2.47512E-06-6.92674E-07-6.92683E-07-6.31921E-07 1.38374E-09-5.99260E-09
 -1       107-3.84421E-09 9.20898E-10 1.07474E-09-9.28671E-07-2.59605E-09-7.79636E-11
 -1       108 1.85783E-06-5.20051E-07-5.20699E-07-6.31244E-07-5.81734E-12-5.75205E-09
 -1       109-2.85192E-09 7.67939E-10 8.84865E-10-9.33307E-07 8.30033E-10-1.94290E-10
 -1       110 1.23812E-06-3.46961E-07-3.46200E-07-6.32028E-07-3.73559E-10-5.90441E-09
 -1       111-1.72486E-09 5.83890E-10 5.26213E-10-9.32181E-07-4.01612E-10-1.54648E-11
 -1       112 5.88101E-07-1.77848E-07-1.78125E-07-6.29195E-07-6.08131E-10-6.14932E-09
 -1       113-1.21070E-09 2.87114E-10 2.23848E-10-9.32506E-07-1.44688E-11-8.18249E-11
 -1       114-2.13102E-10 8.47176E-11-7.51059E-12-9.37035E-07-1.70884E-08 1.41482E-10
 -1       115-4.29033E-06 1.07284E-06 1.24992E-06-4.79688E-07-6.77798E-08 2.47635E-07
 -1       116-3.69669E-06 1.03275E-06 1.02612E-06-6.42443E-07 2.15664E-08 1.76462E-09
 -1       117-3.11616E-06 8.71685E-07 8.72923E-07-6.27961E-07-5.18057E-09 7.85644E-09
 -1       118-2.48068E-06 6.94387E-07 6.94645E-07-6.31870E-07 1.36451E-09 5.44680E-09
 -1       119-1.86349E-06 5.21505E-07 5.21767E-07-6.31078E-07-1.97386E-10 5.46921E-09
 -1       120-1.24034E-06 3.47879E-07 3.46791E-07-6.31849E-07-4.52113E-10 5.45322E-09
 -1       121-5.89512E-07 1.78272E-07 1.78475E-07-6.29292E-07-7.70910E-10 6.32901E-09
 -1       122-1.70213E-10-1.36561E-10 4.50474E-10-8.20730E-07 1.74446E-10-3.88780E-10
 -1       123 3.10608E-08-2.71276E-07 2.94244E-08-5.55823E-07 2.36649E-10-1.38093E-10
 -1       124-2.46384E-11-8.42093E-11 1.71801E-10-8.27841E-07-5.84663E-08-3.74236E-10
 -1       125 1.31650E-11 8.69298E-11 1.46856E-10-8.27601E-07 5.84861E-08-1.77335E-10
 -1       126-3.15143E-08 2.71245E-07-2.90355E-08-5.56025E-07-1.47729E-10-1.23771E-10
 -1       127 4.09038E-10-2.55224E-10-1.21865E-10-1.05825E-06-1.81687E-10 1.58522E-10
 -1       128 1.34412E-09-3.06380E-10-4.41195E-10-1.01262E-06 6.77333E-10 7.04042E-11
 -1       129 2.87314E-09-6.34383E-10-8.70695E-10-1.01159E-06 9.92618E-11-1.78738E-10
 -1       130 3.13820E-09-1.02936E-09-7.71364E-10-1.01207E-06-1.74732E-09-1.29904E-10
 -1       131 4.61122E-09-1.15689E-09-1.28810E-09-1.01140E-06 7.06693E-09-3.57019E-11
 -1       132 5.68298E-09-1.35004E-09-1.62960E-09-1.03915E-06-3.39642E-08-1.54694E-11
 -1       133 6.92522E-09-1.55539E-09-2.14738E-09-1.08245E-06 4.63626E-08 1.45587E-10
 -1       134 5.89249E-07-1.78150E-07-1.78545E-07-6.28965E-07 7.95556E-10 6.45592E-09
 -1       135 6.13303E-11-2.04590E-11-2.18588E-10-9.36745E-07 1.69717E-08 3.04048E-11
 -1       136 1.24053E-06-3.48079E-07-3.46625E-07-6.31174E-07 2.89416E-10 5.73220E-09
 -1       137 1.01761E-09-2.51636E-10-3.65916E-10-9.31721E-07-2.15816E-11 1.93635E-10
 -1       138 1.86347E-06-5.21690E-07-5.21917E-07-6.30834E-07 2.30732E-10 5.46088E-09
 -1       139 2.08690E-09-3.53711E-10-5.95970E-10-9.31779E-07 4.19489E-10 8.07773E-11
 -1       140 2.48148E-06-6.94771E-07-6.94563E-07-6.31923E-07-1.49045E-09 5.55772E-09
 -1       141 2.82427E-09-8.11395E-10-7.95790E-10-9.33077E-07-6.83034E-10-1.81173E-10
 -1       142 3.11555E-06-8.71695E-07-8.73025E-07-6.28485E-07 5.25111E-09 7.76577E-09
 -1       143 3.95183E-09-1.09687E-09-1.10907E-09-9.28984E-07 2.67231E-09-5.98814E-11
 -1       144 3.69742E-06-1.03254E-06-1.02648E-06-6.42548E-07-2.15329E-08 1.80834E-09
 -1       145 5.18186E-09-1.31772E-09-1.42748E-09-9.46008E-07-1.02698E-08 1.17609E-10
 -1       146 4.29055E-06-1.07293E-06-1.24997E-06-4.79243E-07 6.78274E-08 2.47979E-07
 -1       147 6.10772E-09-1.57430E-09-1.96650E-09-8.50599E-07 1.17536E-08 4.91796E-12
 -1       148 6.41030E-09-1.35123E-09-1.66924E-09-2.38610E-07-2.38344E-07-5.70106E-10
 -1       149-5.88498E-07 1.77948E-07 1.78251E-07-6.28904E-07 8.31220E-10-6.52762E-09
 -1       150-1.23782E-06 3.47292E-07 3.45815E-07-6.31103E-07 1.32766E-10-5.65534E-09
 -1       151-1.85798E-06 5.20448E-07 5.20414E-07-6.31044E-07 2.58712E-10-5.75063E-09
 -1       152-2.47512E-06 6.92767E-07 6.92856E-07-6.32099E-07-1.42407E-09-5.75832E-09
 -1       153-3.10621E-06 8.69143E-07 8.70364E-07-6.28482E-07 5.20068E-09-8.01142E-09
 -1       154-3.68606E-06 1.02970E-06 1.02317E-06-6.42643E-07-2.15502E-08-1.96056E-09
 -1       155-4.27726E-06 1.06959E-06 1.24601E-06-4.79364E-07 6.78135E-08-2.47691E-07
 -1       156 2.04468E-10 3.22843E-15 4.25915E-15 8.64285E-09-1.16429E-16 7.16444E-11
 -1       157 3.80185E-06-4.69509E-11-4.19906E-11-7.35402E-07-2.18229E-15 3.13468E-10
 -1       158 2.80333E-09-2.99069E-14-3.91455E-14 3.16594E-07-2.23795E-12-4.97476E-10
 -1       159-2.27151E-09 2.30197E-14 2.99519E-14 3.16557E-07 2.23872E-12-3.21228E-10
 -1       160-3.80123E-06 4.69438E-11 4.19821E-11-7.35215E-07 2.83161E-15 3.42239E-10
 -1       161 9.29620E-06-2.85915E-06-2.18990E-06 1.39757E-07 8.70271E-11-5.29263E-10
 -1       162 7.41069E-06-1.96076E-06-2.12634E-06-1.27686E-07-5.72429E-11-6.73008E-10
 -1       163 6.20103E-06-1.76822E-06-1.72657E-06-1.66986E-07-6.27827E-11-2.87781E-10
 -1       164 4.96111E-06-1.38126E-06-1.39087E-06-1.58096E-07 1.59858E-11-7.31017E-10
 -1       165 3.71977E-06-1.04325E-06-1.04131E-06-1.60647E-07-6.84347E-12-6.49038E-10
 -1       166 2.48022E-06-6.94589E-07-6.96131E-07-1.58092E-07 7.36370E-11-1.12560E-09
 -1       167 1.25150E-06-3.55165E-07-3.47296E-07-1.16912E-07-1.96608E-10-1.08149E-09
 -1       168 9.04533E-06-2.75103E-06-2.34083E-06 1.01861E-08 3.38913E-08 1.51728E-07
 -1       169 8.99377E-06-2.11885E-06-2.09939E-06-8.86464E-07-1.84678E-10 8.26120E-11
 -1       170 7.43544E-06-1.97140E-06-2.08612E-06-1.04716E-07-2.76173E-09 4.30735E-08
 -1       171 8.00715E-06-2.45564E-06-2.19674E-06-4.02343E-09 7.24419E-12-4.38322E-10
 -1       172 6.20332E-06-1.76440E-06-1.73514E-06-1.65429E-07 1.92200E-09 3.15224E-08
 -1       173 6.82284E-06-1.86308E-06-1.92674E-06-9.04528E-08-1.73088E-10-3.51808E-10
 -1       174 4.96258E-06-1.38280E-06-1.38976E-06-1.54545E-07-6.54038E-10 3.00381E-08
 -1       175 5.58383E-06-1.57375E-06-1.55866E-06-7.93065E-08 1.93202E-11-5.43347E-10
 -1       176 3.72162E-06-1.04360E-06-1.04225E-06-1.57090E-07 1.13767E-10 3.06631E-08
 -1       177 4.33896E-06-1.21254E-06-1.21613E-06-8.06792E-08-3.26228E-11-5.92568E-10
 -1       178 2.48039E-06-6.95056E-07-6.94866E-07-1.54987E-07-2.01936E-10 3.04097E-08
 -1       179 3.10105E-06-8.68794E-07-8.68672E-07-8.06606E-08 1.22961E-10-7.79655E-10
 -1       180 1.25056E-06-3.52806E-07-3.52278E-07-1.14860E-07 2.81617E-09 2.10092E-08
 -1       181 1.86276E-06-5.20871E-07-5.20420E-07-8.18972E-08-7.56933E-11-1.07114E-09
 -1       182 7.14347E-07-1.81754E-07-2.04880E-07-9.31894E-08-2.74857E-10-4.61064E-10
 -1       183 9.03930E-06-2.74926E-06-2.33930E-06 9.84187E-09-3.37356E-08-1.51989E-07
 -1       184 7.42982E-06-1.97002E-06-2.08430E-06-1.04705E-07 2.69938E-09-4.38655E-08
 -1       185 6.19904E-06-1.76323E-06-1.73396E-06-1.65524E-07-1.81274E-09-3.19325E-08
 -1       186 4.95929E-06-1.38182E-06-1.38891E-06-1.54449E-07 4.75801E-10-3.12086E-08
 -1       187 3.71897E-06-1.04264E-06-1.04134E-06-1.57320E-07-1.85906E-10-3.15188E-08
 -1       188 2.47931E-06-6.94320E-07-6.94587E-07-1.55441E-07 2.05561E-10-3.16601E-08
 -1       189 1.24986E-06-3.52913E-07-3.52159E-07-1.14736E-07-2.94498E-09-2.21121E-08
 -1       190-9.29547E-06 2.85900E-06 2.18942E-06 1.39123E-07-7.80670E-11-1.28886E-10
 -1       191-7.41080E-06 1.96047E-06 2.12635E-06-1.27690E-07-1.29854E-10-7.94483E-10
 -1       192-6.20087E-06 1.76823E-06 1.72661E-06-1.66712E-07-9.91449E-11-1.08809E-09
 -1       193-4.96108E-06 1.38121E-06 1.39096E-06-1.58077E-07 3.64928E-10-6.62392E-10
 -1       194-3.71976E-06 1.04317E-06 1.04154E-06-1.60221E-07 8.47176E-11-5.60095E-10
 -1       195-2.47998E-06 6.94707E-07 6.95841E-07-1.58300E-07 6.71539E-11-2.23595E-10
 -1       196-1.25109E-06 3.55204E-07 3.46608E-07-1.16631E-07-2.41390E-10-3.37967E-10
 -1       197-8.99272E-06 2.11862E-06 2.09908E-06-8.86690E-07 1.87599E-10 2.42969E-10
 -1       198-9.03869E-06 2.74917E-06 2.33895E-06 9.67965E-09 3.38636E-08-1.51975E-07
 -1       199-8.00700E-06 2.45551E-06 2.19659E-06-4.15391E-09-5.18102E-11-3.09583E-10
 -1       200-7.42983E-06 1.96974E-06 2.08454E-06-1.04841E-07-2.95592E-09-4.39957E-08
 -1       201-6.82283E-06 1.86302E-06 1.92673E-06-9.04185E-08-1.42007E-10-9.88045E-10
 -1       202-6.19851E-06 1.76305E-06 1.73402E-06-1.65466E-07 1.70060E-09-3.23362E-08
 -1       203-5.58352E-06 1.57370E-06 1.55865E-06-7.92789E-08 1.21347E-10-8.01518E-10
 -1       204-4.95944E-06 1.38184E-06 1.38907E-06-1.54650E-07-3.80493E-10-3.09801E-08
 -1       205-4.33901E-06 1.21239E-06 1.21630E-06-8.04955E-08 1.80592E-10-5.38272E-10
 -1       206-3.71895E-06 1.04280E-06 1.04127E-06-1.56863E-07 2.82602E-10-3.14667E-08
 -1       207-3.10085E-06 8.68518E-07 8.68686E-07-8.05411E-08 6.26227E-11-3.29789E-10
 -1       208-2.47883E-06 6.94463E-07 6.94018E-07-1.55265E-07-2.85007E-11-3.11712E-08
 -1       209-1.86281E-06 5.20791E-07 5.20105E-07-8.17464E-08 9.20573E-12-9.27608E-11
 -1       210-1.24999E-06 3.52943E-07 3.51762E-07-1.14824E-07 2.81218E-09-2.17605E-08
 -1       211-7.13936E-07 1.81813E-07 2.04706E-07-9.32390E-08-9.11826E-11-1.51660E-10
 -1       212-9.04506E-06 2.75091E-06 2.34052E-06 9.65447E-09-3.38931E-08 1.51906E-07
 -1       213-7.43473E-06 1.97129E-06 2.08562E-06-1.04826E-07 2.68856E-09 4.29059E-08
 -1       214-6.20391E-06 1.76442E-06 1.73533E-06-1.65263E-07-1.69294E-09 3.10295E-08
 -1       215-4.96211E-06 1.38279E-06 1.38974E-06-1.54505E-07 5.71654E-10 3.00873E-08
 -1       216-3.72161E-06 1.04340E-06 1.04244E-06-1.56859E-07-1.05015E-10 3.07553E-08
 -1       217-2.48036E-06 6.94831E-07 6.94792E-07-1.55561E-07-8.95061E-11 3.07905E-08
 -1       218-1.25045E-06 3.53264E-07 3.51987E-07-1.14725E-07-3.01416E-09 2.11205E-08
 -1       219 7.35747E-10-9.16713E-11-2.58408E-10-1.10518E-06-2.99964E-11-4.91253E-10
 -1       220-3.22393E-10-1.82947E-11 2.72658E-10-9.04550E-07 1.18154E-11-5.20105E-10
 -1       221 2.70038E-10-2.24904E-10 2.36180E-13-8.76524E-07 3.26180E-11-6.20348E-10
 -1       222 2.14537E-10 9.02691E-11-2.27544E-10-8.82072E-07-9.90625E-11-5.88033E-10
 -1       223-2.23839E-10 3.72403E-10 1.30532E-10-8.80773E-07-2.33634E-11-4.32730E-10
 -1       224 1.26793E-10 1.31851E-10-1.27786E-10-8.81762E-07 8.86169E-11-4.94725E-10
 -1       225 2.54769E-11 3.08291E-11-2.76002E-10-9.14776E-07-1.22895E-11-5.38094E-10
 -1       226-2.66246E-09 5.63225E-10 6.91577E-10-1.15843E-06 3.73587E-08-1.57816E-10
 -1       227 4.61744E-10-1.21354E-10-1.86232E-10-7.57317E-07-5.80732E-12-3.76828E-10
 -1       228 4.56991E-06-1.18190E-06-1.09805E-06-4.27471E-07-2.88539E-11-5.78995E-10
 -1       229 3.79643E-09-8.29896E-10-1.02488E-09-1.15838E-06-3.74295E-08-1.61713E-10
 -1       230-2.82950E-09 7.42592E-10 8.43929E-10-9.30700E-07 1.17004E-08-3.47136E-10
 -1       231 1.41617E-10-7.61963E-12 1.63813E-11-8.39609E-07-1.43202E-11-3.96657E-10
 -1       232 3.73531E-06-1.03811E-06-1.06596E-06-5.62973E-07-5.69594E-11-5.67316E-10
 -1       233 2.64647E-09-6.94550E-10-7.18125E-10-9.30771E-07-1.15627E-08-2.94206E-10
 -1       234-2.19893E-09 4.78122E-10 6.52072E-10-9.18876E-07-1.05891E-09-3.08622E-10
 -1       235 1.47005E-10-8.10976E-11 1.42611E-10-8.12941E-07-2.26022E-11-4.83691E-10
 -1       236 3.10277E-06-8.70923E-07-8.63721E-07-5.35944E-07-4.54338E-11-4.35327E-10
 -1       237 2.44210E-09-6.67143E-10-6.13059E-10-9.19037E-07 1.00623E-09-4.32810E-10
 -1       238-1.32171E-09 4.30555E-10 3.28913E-10-9.18544E-07 3.79255E-10-4.67248E-10
 -1       239 4.76792E-11-8.26477E-11-1.76476E-10-7.98518E-07 2.78695E-12-5.69284E-10
 -1       240 2.47973E-06-6.93957E-07-6.95362E-07-5.42613E-07 3.93707E-11-6.21460E-10
 -1       241 1.73839E-09-4.49414E-10-5.03923E-10-9.18541E-07-3.71499E-10-3.67098E-10
 -1       242-1.63833E-09 6.22362E-10 5.11327E-10-9.18583E-07 1.79224E-11-3.22621E-10
 -1       243-2.26689E-11 1.91463E-10-1.03079E-11-8.02623E-07-7.74639E-11-4.27344E-10
 -1       244 1.86021E-06-5.20797E-07-5.20779E-07-5.41129E-07-6.81861E-11-5.43021E-10
 -1       245 1.27625E-09-2.11029E-10-4.20653E-10-9.18443E-07-9.00468E-12-3.00028E-10
 -1       246-3.37237E-10 2.84860E-10 1.54962E-11-9.19525E-07-2.38001E-10-2.79556E-10
 -1       247 1.57844E-10 1.03998E-10 4.07006E-11-8.01336E-07 6.12603E-11-3.96797E-10
 -1       248 1.23959E-06-3.47539E-07-3.47858E-07-5.40957E-07 1.02922E-10-7.57630E-10
 -1       249 6.85985E-10-1.72841E-10-2.51848E-10-9.19303E-07 1.80729E-10-3.27880E-10
 -1       250-3.29911E-10 1.09082E-10-1.14412E-10-9.57631E-07-1.40735E-09-2.50892E-10
 -1       251-5.99567E-11 2.09617E-12-2.01820E-10-8.02132E-07 2.19072E-11-5.07584E-10
 -1       252 5.95628E-07-1.81006E-07-1.73549E-07-5.34786E-07-8.37045E-11-6.87093E-10
 -1       253 3.48345E-10-7.96038E-11-1.95260E-10-9.57452E-07 1.54021E-09-1.91616E-10
 -1       254-2.96991E-11-8.63403E-11 5.69251E-11-8.15988E-07 1.34179E-11-2.92899E-10
 -1       255-4.56881E-06 1.18174E-06 1.09765E-06-4.27639E-07 9.41084E-12-3.61219E-10
 -1       256-3.73558E-06 1.03794E-06 1.06622E-06-5.62941E-07-5.74708E-11-5.95261E-10
 -1       257-3.10239E-06 8.70702E-07 8.63634E-07-5.35767E-07-3.97638E-11-7.89390E-10
 -1       258-2.47947E-06 6.94022E-07 6.95232E-07-5.42661E-07 7.84135E-11-6.14920E-10
 -1       259-1.86050E-06 5.21130E-07 5.20907E-07-5.41002E-07 1.28283E-10-5.13595E-10
 -1       260-1.23933E-06 3.47730E-07 3.47761E-07-5.40869E-07 6.60902E-11-3.14883E-10
 -1       261-5.95397E-07 1.81057E-07 1.72990E-07-5.34727E-07-2.06521E-10-4.57442E-10
 -3
    1PSTEP                         4           1           1          
  100CL  101 1.000000000         261                     0    1           1
 -4  FORC        4    1
 -5  F1          1    2    1    0
 -5  F2          1    2    2    0
 -5  F3          1    2    3    0
 -5  ALL         1    2    0    0    1ALL
 -1         1 3.35208E+01 1.29434E+02-1.14626E+02
 -1         2-3.36152E+01 1.29536E+02 1.14817E+02
 -1         3-1.79483E-11 2.08383E+01 2.19078E-11
 -1         4 7.50952E-12 2.08383E+01-1.55245E-11
 -1         5-1.46700E-11 2.08383E+01-1.00812E-11
 -1         6-1.64891E-11 2.08383E+01-1.05343E-11
 -1         7-3.34924E+01 1.29428E+02-1.14610E+02
 -1         8 3.35823E+01 1.29584E+02 1.14850E+02
 -1         9-8.37817E-02 9.77885E+01 2.02704E-01
 -1        10-9.53873E+02-1.95113E+02-2.38285E+02
 -1        11 9.55430E+02-1.95042E+02 2.38565E+02
 -1        12-5.92471E-13-1.59338E-13-5.94622E-13
 -1        13-1.94544E-02 1.02974E-02 1.79554E-03
 -1        14-4.29276E-02 8.81945E-03 5.30239E-03
 -1        15-2.25643E-02-4.72524E-03 2.83364E-04
 -1        16-3.87741E-03 2.32114E-02 2.75972E-02
 -1        17 7.23021E-02 4.15776E-03-2.44804E-02
 -1        18 1.48305E-02-4.53198E-02-1.52610E-02
 -1        19 1.83367E-01 3.14900E-03-3.66562E-02
 -1        20 2.64350E-02-1.55451E-02 1.42547E-02
 -1        21 9.89660E-02-1.99313E-02 2.01826E-02
 -1        22-1.16187E-01 3.65549E-02 6.80055E-02
 -1        23 8.30159E-02-3.43147E-02-4.42954E-02
 -1        24-1.37686E-01 1.84322E-02-3.59515E-02
 -1        25 5.00889E-02-6.50093E-03-3.00909E-02
 -1        26-1.13830E-02-9.75186E-03-1.04931E-02
 -1        27-4.94116E-03 4.16801E+01 5.28498E-03
 -1        28-1.75295E-02-8.34006E+01-2.74554E-02
 -1        29 2.26192E-02-8.33526E+01 1.08443E-02
 -1        30 9.65635E-13-1.36091E-12 1.89293E-12
 -1        31 1.83118E-03 5.35778E-03-7.77948E-04
 -1        32 1.90559E-02 4.46794E-03-2.29500E-02
 -1        33 5.81763E-02 1.69642E-02-3.88639E-02
 -1        34-5.69731E-02-1.27444E-02 9.88990E-03
 -1        35-9.63424E-03 2.26099E-02 2.56072E-02
 -1        36-4.05005E-02-2.59856E-02 1.05689E-03
 -1        37-6.15910E-02 1.70244E-02 3.13336E-02
 -1        38-2.77445E-02-2.14508E-02-2.10250E-04
 -1        39 2.02806E-02 3.96424E-03-2.06322E-02
 -1        40-5.15685E-02-1.16536E-02-2.10834E-02
 -1        41 1.51464E-01 2.02263E-02-5.14404E-04
 -1        42-2.74183E-02 1.41272E-02 7.68360E-03
 -1        43 5.11819E-03-1.91110E-02 2.88287E-02
 -1        44-3.71945E-02 3.52138E-02-4.17620E-02
 -1        45-8.73870E-03 4.16782E+01 3.37977E-03
 -1        46 2.32300E-02-8.33361E+01-1.10810E-02
 -1        47 3.81464E-02-8.33144E+01 4.68163E-02
 -1        48-1.39800E-02 4.16882E+01-7.23299E-03
 -1        49-3.19703E-02-8.33503E+01-9.72883E-04
 -1        50-9.37083E-03-8.33745E+01-3.09846E-02
 -1        51 1.76986E-02 4.17035E+01 1.57251E-03
 -1        52-4.67075E-02-8.33290E+01 3.18139E-02
 -1        53-4.34602E-02-8.32985E+01-4.22630E-02
 -1        54-1.84638E-02 1.14732E-02-2.64293E-02
 -1        55-6.30867E-02-7.40083E-03-2.72997E-02
 -1        56 5.22373E-02-2.43020E-03-2.63365E-02
 -1        57-1.17371E-02-5.14009E-03 3.41126E-02
 -1        58 2.38079E-03 3.67745E-02 5.37724E-02
 -1        59 5.05201E-02 4.74406E-02-5.71722E-03
 -1        60-3.48791E-02-5.10520E-03-1.20824E-02
 -1        61-4.15764E-02-7.36280E-03 1.07240E-02
 -1        62 9.04119E-02 1.53262E-02 4.90008E-02
 -1        63-4.79901E-02-1.22010E-02-4.77732E-02
 -1        64-1.37156E-01-5.53855E-02 2.01282E-02
 -1        65 1.02693E-01 6.87613E-03-7.94071E-02
 -1        66-1.44418E-01-5.26751E-02-2.41652E-03
 -1        67 6.59762E-02 6.41268E-03 3.55800E-02
 -1        68 3.91077E-02 1.18647E-02 1.07190E-02
 -1        69 1.40816E-01 9.78170E+01 2.45875E-01
 -1        70-9.55626E+02-1.95101E+02 2.38614E+02
 -1        71 9.53714E+02-1.95131E+02-2.38254E+02
 -1        72 2.21595E-02 2.08170E-02 3.11699E-02
 -1        73 4.58269E-02-2.98806E-02-1.27470E-02
 -1        74-6.75556E-02-1.50245E-02 6.34265E-03
 -1        75 5.15122E-02-2.04572E-02-3.42430E-02
 -1        76-3.40132E-02 4.25997E-02-3.03177E-02
 -1        77-4.46987E-02 4.59973E-02-1.35519E-02
 -1        78 2.28397E-02 3.76220E-03 1.29408E-05
 -1        79 3.12051E-02-7.47693E-04-8.10558E-03
 -1        80-7.82268E-02 3.58804E-02-2.86466E-02
 -1        81 1.36486E-01 9.97228E-03 2.28647E-02
 -1        82 4.75763E-02-6.34113E-02-1.76646E-02
 -1        83-6.69194E-02-1.17194E-03 7.71787E-02
 -1        84 1.27731E-01-4.08940E-02 1.01581E-02
 -1        85-1.76929E-02-3.62916E-03-1.96475E-02
 -1        86-1.43970E-02-2.06320E-03-1.06714E-02
 -1        87-1.41926E+02 2.65442E+02 9.26426E-02
 -1        88 1.29440E+03 2.58990E+02-2.45225E+01
 -1        89 1.29568E+03 2.59315E+02 2.41658E+01
 -1        90 1.41948E+02 2.65499E+02 1.05782E-01
 -1        91-1.29586E+03 2.59322E+02 2.41342E+01
 -1        92-1.29456E+03 2.59028E+02-2.45311E+01
 -1        93 2.77794E-03 3.07675E-03 1.46740E-03
 -1        94-4.41658E-02-2.85387E-03 1.24847E-02
 -1        95 6.89603E-03 3.13078E-02-2.12959E-02
 -1        96-5.32337E-04 1.90938E-02-3.22785E-02
 -1        97-3.37479E-02-2.50755E-02 4.51607E-02
 -1        98 9.66753E-02 4.42695E-02-2.61898E-03
 -1        99-9.23458E-02-1.47680E-01-8.66764E-03
 -1       100-2.33641E-03 1.24546E-02 8.42078E-04
 -1       101 4.76895E-02 1.86401E-02 1.55017E-02
 -1       102-1.28228E-02-2.81451E-02-2.59383E-02
 -1       103 6.65421E-02 1.70097E-02-2.17838E-02
 -1       104 1.95743E-02-8.06851E-03-1.57731E-02
 -1       105 7.92375E-02-1.58019E-02-9.73780E-03
 -1       106-2.51022E-02-3.42154E-02-2.34573E-02
 -1       107-1.20225E-01-7.44644E-02 7.21591E-02
 -1       108 6.04545E-02-2.90303E-02 3.92427E-02
 -1       109 2.50825E-01-2.34984E-02-6.33251E-02
 -1       110 2.04208E-02 5.37184E-02 1.67908E-02
 -1       111-2.27357E-01-6.17164E-03-1.98594E-02
 -1       112-2.18532E-02 1.49297E-03 4.53234E-02
 -1       113 9.57847E-02 1.77939E-03 2.83259E-02
 -1       114-1.93228E-02 8.56726E-02-2.28244E-02
 -1       115-2.85419E-03 8.06119E-04-1.93279E-03
 -1       116-5.73653E-04-4.12281E-02 1.94006E-02
 -1       117 3.94550E-02-3.74714E-02 6.66210E-02
 -1       118-4.40837E-02 1.72432E-02-3.12483E-02
 -1       119 2.47382E-02-5.09935E-02-2.18679E-02
 -1       120-6.73420E-03 6.01847E-02-4.85482E-02
 -1       121-2.71130E-02 7.33687E-02 1.33886E-03
 -1       122-6.06334E-02 8.32582E+01-1.47848E-02
 -1       123-4.88024E-02-1.66722E+02 3.04048E-02
 -1       124 4.11998E-02-1.66720E+02-8.81990E-02
 -1       125 2.71037E-02-1.66676E+02-2.15155E-02
 -1       126 3.38963E-02-1.66663E+02-6.88383E-02
 -1       127 2.80897E-03-6.64719E-03 8.21199E-03
 -1       128-3.57633E-02 1.62813E-02-2.53451E-02
 -1       129-6.80586E-02-3.33075E-02-1.72058E-02
 -1       130 1.54319E-02 1.96468E-02 1.00312E-02
 -1       131-9.99388E-03 8.02029E-02 2.57561E-02
 -1       132-1.23956E-02 5.60716E-02-3.11964E-02
 -1       133-2.56414E-02 1.54476E-03-5.96366E-03
 -1       134 6.15096E-02-5.23328E-02-6.74601E-02
 -1       135 4.25097E-02-4.40206E-02-2.75393E-02
 -1       136-2.93219E-02 7.10370E-02 2.01541E-03
 -1       137 5.43753E-02 7.68452E-03-2.19510E-02
 -1       138-9.33896E-03 3.88732E-02-1.90913E-02
 -1       139 1.58867E-01 1.18817E-02 9.96790E-03
 -1       140 3.56477E-02-7.35457E-03 4.33897E-02
 -1       141-7.00464E-02 7.36297E-03 2.27703E-02
 -1       142 2.75850E-02-4.08084E-02 2.44471E-02
 -1       143 2.75957E-02-6.10932E-02-4.70376E-02
 -1       144-1.70178E-03-4.59904E-02 1.23083E-02
 -1       145 1.34212E-02-1.15319E-02 3.38596E-02
 -1       146-3.43290E-03 1.74941E-02-1.25233E-02
 -1       147 9.19941E-02 2.27566E-02 1.38310E-02
 -1       148-2.97724E-02-1.83310E-02-2.29711E-02
 -1       149 1.06968E-03-4.05838E-02 4.44171E-03
 -1       150 4.10396E-02 5.85244E-04 1.08433E-03
 -1       151 3.70839E-02-2.51252E-02 3.68855E-02
 -1       152-4.42343E-02-1.28690E-02-4.55006E-02
 -1       153 2.21112E-02-6.61211E-02-3.17119E-02
 -1       154-2.55431E-02-1.03847E-01-3.61413E-02
 -1       155 4.76996E-03 3.26447E-02 2.83754E-02
 -1       156 9.35651E-02 2.43807E+02 2.40179E-01
 -1       157-1.66136E+03-2.85396E+02-1.40323E-01
 -1       158-1.27445E+00-8.68884E+01-3.01176E-01
 -1       159 9.70909E-01-8.68361E+01-2.57702E-01
 -1       160 1.66104E+03-2.85338E+02-1.18854E-01
 -1       161 5.93269E-03 7.32837E-03-4.02683E-03
 -1       162-5.47977E-02-1.00733E-02-4.13628E-03
 -1       163 1.95008E-02 2.32859E-02-5.55064E-02
 -1       164 8.99894E-02 2.96007E-02-6.72848E-02
 -1       165-1.94983E-01-2.76662E-02 3.45474E-02
 -1       166-2.48424E-02-5.78895E-02 3.01986E-02
 -1       167-1.28382E-01 1.32208E-02-1.79456E-02
 -1       168-3.20058E-03-7.71127E-04 1.32846E-02
 -1       169-1.26354E-01-4.69520E-02-7.09711E-03
 -1       170-1.16684E-03-2.11526E-02-5.95085E-03
 -1       171 9.40097E-02-8.67017E-03 4.20639E-02
 -1       172-2.83439E-02-1.49237E-02 1.17462E-01
 -1       173 2.59200E-02 3.24593E-02-9.17487E-02
 -1       174 4.10327E-02 4.97135E-02 2.04379E-02
 -1       175-2.07931E-02-5.29441E-03 5.27932E-02
 -1       176 1.49693E-02-1.37198E-02-1.05992E-01
 -1       177 2.85595E-01 2.19045E-02 1.25125E-02
 -1       178-3.30547E-03-2.43238E-02 4.29260E-02
 -1       179 1.80153E-01-3.42734E-02 5.87686E-02
 -1       180-9.18818E-03 2.60780E-02-8.90578E-02
 -1       181-1.15151E-02 2.12257E-03-1.96357E-02
 -1       182 5.24171E-02-2.88067E-02-7.13283E-02
 -1       183 2.13255E-02-1.87115E-02 4.33318E-03
 -1       184 4.32877E-03-2.96531E-02 1.51814E-02
 -1       185-5.90367E-02-1.12924E-03 1.21767E-02
 -1       186-7.52145E-02 6.13474E-02 4.54112E-02
 -1       187 1.58866E-03 7.18853E-02 1.28013E-02
 -1       188 1.37846E-02 3.46733E-02-7.71525E-02
 -1       189 9.76613E-02 2.65002E-02 1.01761E-02
 -1       190-2.60049E-02-3.05019E-03-1.17868E-02
 -1       191 1.02583E-02 7.21609E-02-7.74709E-03
 -1       192-6.82394E-02 9.92131E-03 4.33961E-02
 -1       193-5.62138E-02 1.89702E-02-3.64762E-03
 -1       194 1.56907E-01 2.79957E-02-8.34775E-03
 -1       195 9.27413E-02-1.09034E-01-4.69568E-02
 -1       196 1.73087E-02-2.26923E-02-6.32987E-03
 -1       197 2.46169E-01 1.50707E-02-4.14125E-03
 -1       198 1.25744E-02-1.91017E-02-2.35261E-02
 -1       199 1.19007E-01-6.09756E-02 1.60224E-02
 -1       200-2.40273E-02-3.82972E-02 6.98092E-02
 -1       201-6.32780E-02 1.42346E-02-4.45953E-03
 -1       202 9.35657E-02-8.49977E-03-6.44131E-02
 -1       203-1.71240E-02 7.84243E-02-2.51840E-02
 -1       204 5.04097E-03 5.87896E-02-5.99410E-02
 -1       205-2.21393E-01-6.55426E-02 3.31397E-03
 -1       206-1.47337E-02-5.72784E-03 8.12946E-02
 -1       207-3.18507E-01 2.97651E-02 2.45058E-02
 -1       208-2.87159E-02 5.23865E-02-2.64145E-02
 -1       209 5.27335E-02 4.84107E-02 4.06703E-02
 -1       210 7.20825E-03-8.92126E-03 2.05422E-02
 -1       211 2.00025E-02 2.01640E-02-2.46802E-02
 -1       212 1.99102E-02 8.09779E-03 3.83625E-02
 -1       213 3.65966E-03-2.04745E-02 3.81209E-02
 -1       214 9.34937E-02 6.34459E-02-3.02741E-02
 -1       215-7.51958E-02-2.53336E-03-1.48075E-02
 -1       216-3.92954E-02-2.01549E-02-1.12372E-01
 -1       217-2.51406E-02-2.11138E-02 1.22462E-01
 -1       218-3.94709E-02-1.17914E-02 8.09401E-02
 -1       219-7.14942E-02 5.37485E-02-1.90388E-02
 -1       220-7.53094E-02-9.71499E-02-4.72447E-03
 -1       221 5.12140E-02 5.12437E-02-3.36719E-03
 -1       222-4.49862E-02 1.95060E-01-4.88346E-02
 -1       223-8.78622E-02-1.59986E-02 2.32369E-02
 -1       224 9.52732E-02-8.45311E-02-3.80424E-02
 -1       225-1.10191E-01-6.30467E-02-2.68417E-02
 -1       226 3.10845E-02 4.40404E-03 3.69250E-02
 -1       227-1.82651E-02-1.25886E-02 2.38624E-03
 -1       228 2.21233E-02 3.62614E-02-6.35199E-03
 -1       229 1.61075E-02 7.84068E-03 9.07767E-03
 -1       230-5.66750E-03 6.20111E-03-1.29075E-02
 -1       231 3.35513E-01 1.31595E-02 6.20900E-02
 -1       232-3.88400E-02-1.81411E-02 9.36722E-03
 -1       233 2.66486E-03-1.89970E-03 1.01928E-01
 -1       234 4.56803E-02-5.60600E-02 2.72956E-02
 -1       235-7.59097E-02 3.96593E-02-2.50451E-02
 -1       236-7.02086E-02-6.76296E-02 4.00092E-02
 -1       237 2.60557E-02 1.59894E-02 3.73539E-02
 -1       238-1.13013E-01-1.32089E-02 4.88067E-02
 -1       239-1.41801E-02-2.09207E-01 1.59950E-02
 -1       240 4.89803E-02-3.33001E-02 4.29335E-02
 -1       241 2.74330E-02-1.03923E-01-6.27906E-02
 -1       242-3.33020E-02 5.95378E-02-1.17628E-01
 -1       243 1.98327E-01-7.71234E-03 4.31022E-02
 -1       244 5.00898E-02 6.82393E-02-1.01936E-02
 -1       245 4.61678E-02 5.83479E-02 2.40488E-02
 -1       246 7.34489E-03-1.73289E-02 1.16696E-02
 -1       247-8.05006E-02-2.89025E-02 1.86740E-02
 -1       248 5.21987E-02 1.53689E-01 3.90115E-03
 -1       249-4.21253E-02 1.03101E-01-2.46333E-02
 -1       250 6.16021E-02 1.34306E-01 1.76149E-02
 -1       251 9.95624E-02 1.10396E-01 3.92782E-02
 -1       252 1.51329E-01-4.98776E-02-1.17213E-02
 -1       253-2.66036E-02 5.55552E-02-1.33537E-01
 -1       254 4.53916E-02 1.24522E-01 5.14509E-03
 -1       255 8.65301E-03-1.53542E-02-2.83997E-03
 -1       256 3.56027E-02-1.05491E-01 9.47205E-03
 -1       257 1.71634E-01 1.60555E-02-7.47382E-02
 -1       258-7.59369E-02-7.59014E-02 9.27166E-02
 -1       259 4.10941E-02-1.91120E-01-2.82809E-02
 -1       260-1.16633E-01 7.56538E-02 2.61494E-02
 -1       261-7.31098E-02 4.46133E-02-2.93946E-02
 -3
 9999
