    1C
    1UHash: 3lWUJp8H, Date: 01/25/2026, Unit system: M_KG_S_C           
    1UUSER                                                              
    1UDATE              25.january.2026                                 
    1UTIME              23:49:56                                        
    1UHOST                                                              
    1UPGM               CalculiX                                        
    1UVERSION           Version 2.23                             
    1UCOMPILETIME       Sun Jan 11 00:39:44 CET 2026                    
    1UDIR                                                               
    1UDBN                                                               
    1UMAT    1S235                                                      
    2C                           261                                     1
 -1         1-2.50000E-01 3.00000E-02-5.00000E-02
 -1         2-2.50000E-01-3.00000E-02-5.00000E-02
 -1         3 2.50000E-01-3.00000E-02-5.00000E-02
 -1         4 2.50000E-01 3.00000E-02-5.00000E-02
 -1         5 2.50000E-01-3.00000E-02 5.00000E-02
 -1         6 2.50000E-01 3.00000E-02 5.00000E-02
 -1         7-2.50000E-01-3.00000E-02 5.00000E-02
 -1         8-2.50000E-01 3.00000E-02 5.00000E-02
 -1         9-2.50000E-01-1.00614E-16-5.00000E-02
 -1        10-2.50000E-01 1.50000E-02-5.00000E-02
 -1        11-2.50000E-01-1.50000E-02-5.00000E-02
 -1        12-1.87500E-01-3.00000E-02-5.00000E-02
 -1        13-1.25000E-01-3.00000E-02-5.00000E-02
 -1        14-6.25000E-02-3.00000E-02-5.00000E-02
 -1        15 0.00000E+00-3.00000E-02-5.00000E-02
 -1        16 6.25000E-02-3.00000E-02-5.00000E-02
 -1        17 1.25000E-01-3.00000E-02-5.00000E-02
 -1        18 1.87500E-01-3.00000E-02-5.00000E-02
 -1        19-2.18750E-01-3.00000E-02-5.00000E-02
 -1        20-1.56250E-01-3.00000E-02-5.00000E-02
 -1        21-9.37500E-02-3.00000E-02-5.00000E-02
 -1        22-3.12500E-02-3.00000E-02-5.00000E-02
 -1        23 3.12500E-02-3.00000E-02-5.00000E-02
 -1        24 9.37500E-02-3.00000E-02-5.00000E-02
 -1        25 1.56250E-01-3.00000E-02-5.00000E-02
 -1        26 2.18750E-01-3.00000E-02-5.00000E-02
 -1        27 2.50000E-01-1.00614E-16-5.00000E-02
 -1        28 2.50000E-01 1.50000E-02-5.00000E-02
 -1        29 2.50000E-01-1.50000E-02-5.00000E-02
 -1        30-1.87500E-01 3.00000E-02-5.00000E-02
 -1        31-1.25000E-01 3.00000E-02-5.00000E-02
 -1        32-6.25000E-02 3.00000E-02-5.00000E-02
 -1        33 0.00000E+00 3.00000E-02-5.00000E-02
 -1        34 6.25000E-02 3.00000E-02-5.00000E-02
 -1        35 1.25000E-01 3.00000E-02-5.00000E-02
 -1        36 1.87500E-01 3.00000E-02-5.00000E-02
 -1        37-2.18750E-01 3.00000E-02-5.00000E-02
 -1        38-1.56250E-01 3.00000E-02-5.00000E-02
 -1        39-9.37500E-02 3.00000E-02-5.00000E-02
 -1        40-3.12500E-02 3.00000E-02-5.00000E-02
 -1        41 3.12500E-02 3.00000E-02-5.00000E-02
 -1        42 9.37500E-02 3.00000E-02-5.00000E-02
 -1        43 1.56250E-01 3.00000E-02-5.00000E-02
 -1        44 2.18750E-01 3.00000E-02-5.00000E-02
 -1        45 2.50000E-01-3.00000E-02 3.46945E-17
 -1        46 2.50000E-01-3.00000E-02-2.50000E-02
 -1        47 2.50000E-01-3.00000E-02 2.50000E-02
 -1        48 2.50000E-01-1.00614E-16 5.00000E-02
 -1        49 2.50000E-01 1.50000E-02 5.00000E-02
 -1        50 2.50000E-01-1.50000E-02 5.00000E-02
 -1        51 2.50000E-01 3.00000E-02 3.46945E-17
 -1        52 2.50000E-01 3.00000E-02-2.50000E-02
 -1        53 2.50000E-01 3.00000E-02 2.50000E-02
 -1        54 1.87500E-01-3.00000E-02 5.00000E-02
 -1        55 1.25000E-01-3.00000E-02 5.00000E-02
 -1        56 6.25000E-02-3.00000E-02 5.00000E-02
 -1        57 0.00000E+00-3.00000E-02 5.00000E-02
 -1        58-6.25000E-02-3.00000E-02 5.00000E-02
 -1        59-1.25000E-01-3.00000E-02 5.00000E-02
 -1        60-1.87500E-01-3.00000E-02 5.00000E-02
 -1        61 2.18750E-01-3.00000E-02 5.00000E-02
 -1        62 1.56250E-01-3.00000E-02 5.00000E-02
 -1        63 9.37500E-02-3.00000E-02 5.00000E-02
 -1        64 3.12500E-02-3.00000E-02 5.00000E-02
 -1        65-3.12500E-02-3.00000E-02 5.00000E-02
 -1        66-9.37500E-02-3.00000E-02 5.00000E-02
 -1        67-1.56250E-01-3.00000E-02 5.00000E-02
 -1        68-2.18750E-01-3.00000E-02 5.00000E-02
 -1        69-2.50000E-01-1.00614E-16 5.00000E-02
 -1        70-2.50000E-01 1.50000E-02 5.00000E-02
 -1        71-2.50000E-01-1.50000E-02 5.00000E-02
 -1        72 1.87500E-01 3.00000E-02 5.00000E-02
 -1        73 1.25000E-01 3.00000E-02 5.00000E-02
 -1        74 6.25000E-02 3.00000E-02 5.00000E-02
 -1        75 0.00000E+00 3.00000E-02 5.00000E-02
 -1        76-6.25000E-02 3.00000E-02 5.00000E-02
 -1        77-1.25000E-01 3.00000E-02 5.00000E-02
 -1        78-1.87500E-01 3.00000E-02 5.00000E-02
 -1        79 2.18750E-01 3.00000E-02 5.00000E-02
 -1        80 1.56250E-01 3.00000E-02 5.00000E-02
 -1        81 9.37500E-02 3.00000E-02 5.00000E-02
 -1        82 3.12500E-02 3.00000E-02 5.00000E-02
 -1        83-3.12500E-02 3.00000E-02 5.00000E-02
 -1        84-9.37500E-02 3.00000E-02 5.00000E-02
 -1        85-1.56250E-01 3.00000E-02 5.00000E-02
 -1        86-2.18750E-01 3.00000E-02 5.00000E-02
 -1        87-2.50000E-01-3.00000E-02-3.46945E-17
 -1        88-2.50000E-01-3.00000E-02 2.50000E-02
 -1        89-2.50000E-01-3.00000E-02-2.50000E-02
 -1        90-2.50000E-01 3.00000E-02-3.46945E-17
 -1        91-2.50000E-01 3.00000E-02 2.50000E-02
 -1        92-2.50000E-01 3.00000E-02-2.50000E-02
 -1        93-1.87500E-01-1.00614E-16-5.00000E-02
 -1        94-1.25000E-01-1.04083E-16-5.00000E-02
 -1        95-6.25000E-02-1.04083E-16-5.00000E-02
 -1        96 0.00000E+00-1.00614E-16-5.00000E-02
 -1        97 6.25000E-02-9.71445E-17-5.00000E-02
 -1        98 1.25000E-01-1.04083E-16-5.00000E-02
 -1        99 1.87500E-01-1.00614E-16-5.00000E-02
 -1       100-1.87500E-01 1.50000E-02-5.00000E-02
 -1       101-2.18750E-01-1.00614E-16-5.00000E-02
 -1       102-1.25000E-01 1.50000E-02-5.00000E-02
 -1       103-1.56250E-01-1.02349E-16-5.00000E-02
 -1       104-6.25000E-02 1.50000E-02-5.00000E-02
 -1       105-9.37500E-02-1.04083E-16-5.00000E-02
 -1       106 0.00000E+00 1.50000E-02-5.00000E-02
 -1       107-3.12500E-02-1.02349E-16-5.00000E-02
 -1       108 6.25000E-02 1.50000E-02-5.00000E-02
 -1       109 3.12500E-02-9.88792E-17-5.00000E-02
 -1       110 1.25000E-01 1.50000E-02-5.00000E-02
 -1       111 9.37500E-02-1.00614E-16-5.00000E-02
 -1       112 1.87500E-01 1.50000E-02-5.00000E-02
 -1       113 1.56250E-01-1.02349E-16-5.00000E-02
 -1       114 2.18750E-01-1.00614E-16-5.00000E-02
 -1       115-1.87500E-01-1.50000E-02-5.00000E-02
 -1       116-1.25000E-01-1.50000E-02-5.00000E-02
 -1       117-6.25000E-02-1.50000E-02-5.00000E-02
 -1       118 0.00000E+00-1.50000E-02-5.00000E-02
 -1       119 6.25000E-02-1.50000E-02-5.00000E-02
 -1       120 1.25000E-01-1.50000E-02-5.00000E-02
 -1       121 1.87500E-01-1.50000E-02-5.00000E-02
 -1       122 2.50000E-01-9.02056E-17 3.46945E-17
 -1       123 2.50000E-01 1.50000E-02 3.46945E-17
 -1       124 2.50000E-01-9.54098E-17-2.50000E-02
 -1       125 2.50000E-01-9.54098E-17 2.50000E-02
 -1       126 2.50000E-01-1.50000E-02 3.46945E-17
 -1       127 1.87500E-01-1.00614E-16 5.00000E-02
 -1       128 1.25000E-01-1.04083E-16 5.00000E-02
 -1       129 6.25000E-02-1.04083E-16 5.00000E-02
 -1       130 0.00000E+00-1.00614E-16 5.00000E-02
 -1       131-6.25000E-02-9.71445E-17 5.00000E-02
 -1       132-1.25000E-01-1.04083E-16 5.00000E-02
 -1       133-1.87500E-01-1.00614E-16 5.00000E-02
 -1       134 1.87500E-01 1.50000E-02 5.00000E-02
 -1       135 2.18750E-01-1.00614E-16 5.00000E-02
 -1       136 1.25000E-01 1.50000E-02 5.00000E-02
 -1       137 1.56250E-01-1.02349E-16 5.00000E-02
 -1       138 6.25000E-02 1.50000E-02 5.00000E-02
 -1       139 9.37500E-02-1.04083E-16 5.00000E-02
 -1       140 0.00000E+00 1.50000E-02 5.00000E-02
 -1       141 3.12500E-02-1.02349E-16 5.00000E-02
 -1       142-6.25000E-02 1.50000E-02 5.00000E-02
 -1       143-3.12500E-02-9.88792E-17 5.00000E-02
 -1       144-1.25000E-01 1.50000E-02 5.00000E-02
 -1       145-9.37500E-02-1.00614E-16 5.00000E-02
 -1       146-1.87500E-01 1.50000E-02 5.00000E-02
 -1       147-1.56250E-01-1.02349E-16 5.00000E-02
 -1       148-2.18750E-01-1.00614E-16 5.00000E-02
 -1       149 1.87500E-01-1.50000E-02 5.00000E-02
 -1       150 1.25000E-01-1.50000E-02 5.00000E-02
 -1       151 6.25000E-02-1.50000E-02 5.00000E-02
 -1       152 0.00000E+00-1.50000E-02 5.00000E-02
 -1       153-6.25000E-02-1.50000E-02 5.00000E-02
 -1       154-1.25000E-01-1.50000E-02 5.00000E-02
 -1       155-1.87500E-01-1.50000E-02 5.00000E-02
 -1       156-2.50000E-01-1.07553E-16-4.16334E-17
 -1       157-2.50000E-01 1.50000E-02-3.81639E-17
 -1       158-2.50000E-01-1.04083E-16 2.50000E-02
 -1       159-2.50000E-01-1.04083E-16-2.50000E-02
 -1       160-2.50000E-01-1.50000E-02-3.81639E-17
 -1       161-1.87500E-01 3.00000E-02-2.68882E-17
 -1       162-1.25000E-01 3.00000E-02-1.56125E-17
 -1       163-6.25000E-02 3.00000E-02-8.67362E-18
 -1       164-5.78241E-18 3.00000E-02 2.28030E-31
 -1       165 6.25000E-02 3.00000E-02 8.67362E-18
 -1       166 1.25000E-01 3.00000E-02 1.73472E-17
 -1       167 1.87500E-01 3.00000E-02 2.60209E-17
 -1       168-1.87500E-01 3.00000E-02 2.50000E-02
 -1       169-2.18750E-01 3.00000E-02-3.07913E-17
 -1       170-1.25000E-01 3.00000E-02 2.50000E-02
 -1       171-1.56250E-01 3.00000E-02-2.12504E-17
 -1       172-6.25000E-02 3.00000E-02 2.50000E-02
 -1       173-9.37500E-02 3.00000E-02-1.21431E-17
 -1       174-2.89121E-18 3.00000E-02 2.50000E-02
 -1       175-3.12500E-02 3.00000E-02-4.33681E-18
 -1       176 6.25000E-02 3.00000E-02 2.50000E-02
 -1       177 3.12500E-02 3.00000E-02 4.33681E-18
 -1       178 1.25000E-01 3.00000E-02 2.50000E-02
 -1       179 9.37500E-02 3.00000E-02 1.30104E-17
 -1       180 1.87500E-01 3.00000E-02 2.50000E-02
 -1       181 1.56250E-01 3.00000E-02 2.16840E-17
 -1       182 2.18750E-01 3.00000E-02 3.03577E-17
 -1       183-1.87500E-01 3.00000E-02-2.50000E-02
 -1       184-1.25000E-01 3.00000E-02-2.50000E-02
 -1       185-6.25000E-02 3.00000E-02-2.50000E-02
 -1       186-2.89121E-18 3.00000E-02-2.50000E-02
 -1       187 6.25000E-02 3.00000E-02-2.50000E-02
 -1       188 1.25000E-01 3.00000E-02-2.50000E-02
 -1       189 1.87500E-01 3.00000E-02-2.50000E-02
 -1       190-1.87500E-01-3.00000E-02-2.51535E-17
 -1       191-1.25000E-01-3.00000E-02-1.90820E-17
 -1       192-6.25000E-02-3.00000E-02-8.67362E-18
 -1       193-5.78241E-18-3.00000E-02-2.28030E-31
 -1       194 6.25000E-02-3.00000E-02 1.04083E-17
 -1       195 1.25000E-01-3.00000E-02 1.38778E-17
 -1       196 1.87500E-01-3.00000E-02 2.60209E-17
 -1       197-2.18750E-01-3.00000E-02-2.99240E-17
 -1       198-1.87500E-01-3.00000E-02 2.50000E-02
 -1       199-1.56250E-01-3.00000E-02-2.21177E-17
 -1       200-1.25000E-01-3.00000E-02 2.50000E-02
 -1       201-9.37500E-02-3.00000E-02-1.38778E-17
 -1       202-6.25000E-02-3.00000E-02 2.50000E-02
 -1       203-3.12500E-02-3.00000E-02-4.33681E-18
 -1       204-2.89121E-18-3.00000E-02 2.50000E-02
 -1       205 3.12500E-02-3.00000E-02 5.20417E-18
 -1       206 6.25000E-02-3.00000E-02 2.50000E-02
 -1       207 9.37500E-02-3.00000E-02 1.21431E-17
 -1       208 1.25000E-01-3.00000E-02 2.50000E-02
 -1       209 1.56250E-01-3.00000E-02 1.99493E-17
 -1       210 1.87500E-01-3.00000E-02 2.50000E-02
 -1       211 2.18750E-01-3.00000E-02 3.03577E-17
 -1       212-1.87500E-01-3.00000E-02-2.50000E-02
 -1       213-1.25000E-01-3.00000E-02-2.50000E-02
 -1       214-6.25000E-02-3.00000E-02-2.50000E-02
 -1       215-2.89121E-18-3.00000E-02-2.50000E-02
 -1       216 6.25000E-02-3.00000E-02-2.50000E-02
 -1       217 1.25000E-01-3.00000E-02-2.50000E-02
 -1       218 1.87500E-01-3.00000E-02-2.50000E-02
 -1       219-1.87500E-01-9.64940E-17-3.25261E-17
 -1       220-1.25000E-01-1.01048E-16-2.86229E-17
 -1       221-6.25000E-02-9.67108E-17-1.04083E-17
 -1       222 0.00000E+00-9.88792E-17-5.20417E-18
 -1       223 6.25000E-02-9.97466E-17 1.04083E-17
 -1       224 1.25000E-01-1.03216E-16 1.38778E-17
 -1       225 1.87500E-01-1.01481E-16 2.77556E-17
 -1       226-1.87500E-01-9.85540E-17-2.50000E-02
 -1       227-2.18750E-01-1.02023E-16-3.70797E-17
 -1       228-1.87500E-01 1.50000E-02-2.97071E-17
 -1       229-1.87500E-01-9.85540E-17 2.50000E-02
 -1       230-1.25000E-01-1.02566E-16-2.50000E-02
 -1       231-1.56250E-01-9.87708E-17-3.05745E-17
 -1       232-1.25000E-01 1.50000E-02-2.21177E-17
 -1       233-1.25000E-01-1.02566E-16 2.50000E-02
 -1       234-6.25000E-02-1.00397E-16-2.50000E-02
 -1       235-9.37500E-02-9.88792E-17-1.95156E-17
 -1       236-6.25000E-02 1.50000E-02-9.54098E-18
 -1       237-6.25000E-02-9.69277E-17 2.50000E-02
 -1       238 0.00000E+00-9.97466E-17-2.50000E-02
 -1       239-3.12500E-02-9.77950E-17-7.80626E-18
 -1       240-2.89121E-18 1.50000E-02-2.60209E-18
 -1       241 0.00000E+00-9.97466E-17 2.50000E-02
 -1       242 6.25000E-02-9.84456E-17-2.50000E-02
 -1       243 3.12500E-02-9.93129E-17 2.60209E-18
 -1       244 6.25000E-02 1.50000E-02 9.54098E-18
 -1       245 6.25000E-02-1.01915E-16 2.50000E-02
 -1       246 1.25000E-01-1.03650E-16-2.50000E-02
 -1       247 9.37500E-02-1.01481E-16 1.21431E-17
 -1       248 1.25000E-01 1.50000E-02 1.56125E-17
 -1       249 1.25000E-01-1.03650E-16 2.50000E-02
 -1       250 1.87500E-01-1.01048E-16-2.50000E-02
 -1       251 1.56250E-01-1.02349E-16 2.08167E-17
 -1       252 1.87500E-01 1.50000E-02 2.68882E-17
 -1       253 1.87500E-01-1.01048E-16 2.50000E-02
 -1       254 2.18750E-01-9.58435E-17 3.12250E-17
 -1       255-1.87500E-01-1.50000E-02-2.88398E-17
 -1       256-1.25000E-01-1.50000E-02-2.38524E-17
 -1       257-6.25000E-02-1.50000E-02-9.54098E-18
 -1       258-2.89121E-18-1.50000E-02-2.60209E-18
 -1       259 6.25000E-02-1.50000E-02 1.04083E-17
 -1       260 1.25000E-01-1.50000E-02 1.38778E-17
 -1       261 1.87500E-01-1.50000E-02 2.68882E-17
 -3
    3C                            32                                     1
 -1         1    4    0    1
 -2         1         9        93        30        90       156       219       161        10       101
 -2       100        37        92       159       226       183       157       227       228       169
 -1         2    4    0    1
 -2        90       156       219       161         8        69       133        78       157       227
 -2       228       169        91       158       229       168        70       148       146        86
 -1         3    4    0    1
 -2        30        93        94        31       161       219       220       162       100       103
 -2       102        38       183       226       230       184       228       231       232       171
 -1         4    4    0    1
 -2       161       219       220       162        78       133       132        77       228       231
 -2       232       171       168       229       233       170       146       147       144        85
 -1         5    4    0    1
 -2        31        94        95        32       162       220       221       163       102       105
 -2       104        39       184       230       234       185       232       235       236       173
 -1         6    4    0    1
 -2       162       220       221       163        77       132       131        76       232       235
 -2       236       173       170       233       237       172       144       145       142        84
 -1         7    4    0    1
 -2        32        95        96        33       163       221       222       164       104       107
 -2       106        40       185       234       238       186       236       239       240       175
 -1         8    4    0    1
 -2       163       221       222       164        76       131       130        75       236       239
 -2       240       175       172       237       241       174       142       143       140        83
 -1         9    4    0    1
 -2        33        96        97        34       164       222       223       165       106       109
 -2       108        41       186       238       242       187       240       243       244       177
 -1        10    4    0    1
 -2       164       222       223       165        75       130       129        74       240       243
 -2       244       177       174       241       245       176       140       141       138        82
 -1        11    4    0    1
 -2        34        97        98        35       165       223       224       166       108       111
 -2       110        42       187       242       246       188       244       247       248       179
 -1        12    4    0    1
 -2       165       223       224       166        74       129       128        73       244       247
 -2       248       179       176       245       249       178       138       139       136        81
 -1        13    4    0    1
 -2        35        98        99        36       166       224       225       167       110       113
 -2       112        43       188       246       250       189       248       251       252       181
 -1        14    4    0    1
 -2       166       224       225       167        73       128       127        72       248       251
 -2       252       181       178       249       253       180       136       137       134        80
 -1        15    4    0    1
 -2        36        99        27         4       167       225       122        51       112       114
 -2        28        44       189       250       124        52       252       254       123       182
 -1        16    4    0    1
 -2       167       225       122        51        72       127        48         6       252       254
 -2       123       182       180       253       125        53       134       135        49        79
 -1        17    4    0    1
 -2         9         2        12        93       156        87       190       219        11        19
 -2       115       101       159        89       212       226       160       197       255       227
 -1        18    4    0    1
 -2       156        87       190       219        69         7        60       133       160       197
 -2       255       227       158        88       198       229        71        68       155       148
 -1        19    4    0    1
 -2        93        12        13        94       219       190       191       220       115        20
 -2       116       103       226       212       213       230       255       199       256       231
 -1        20    4    0    1
 -2       219       190       191       220       133        60        59       132       255       199
 -2       256       231       229       198       200       233       155        67       154       147
 -1        21    4    0    1
 -2        94        13        14        95       220       191       192       221       116        21
 -2       117       105       230       213       214       234       256       201       257       235
 -1        22    4    0    1
 -2       220       191       192       221       132        59        58       131       256       201
 -2       257       235       233       200       202       237       154        66       153       145
 -1        23    4    0    1
 -2        95        14        15        96       221       192       193       222       117        22
 -2       118       107       234       214       215       238       257       203       258       239
 -1        24    4    0    1
 -2       221       192       193       222       131        58        57       130       257       203
 -2       258       239       237       202       204       241       153        65       152       143
 -1        25    4    0    1
 -2        96        15        16        97       222       193       194       223       118        23
 -2       119       109       238       215       216       242       258       205       259       243
 -1        26    4    0    1
 -2       222       193       194       223       130        57        56       129       258       205
 -2       259       243       241       204       206       245       152        64       151       141
 -1        27    4    0    1
 -2        97        16        17        98       223       194       195       224       119        24
 -2       120       111       242       216       217       246       259       207       260       247
 -1        28    4    0    1
 -2       223       194       195       224       129        56        55       128       259       207
 -2       260       247       245       206       208       249       151        63       150       139
 -1        29    4    0    1
 -2        98        17        18        99       224       195       196       225       120        25
 -2       121       113       246       217       218       250       260       209       261       251
 -1        30    4    0    1
 -2       224       195       196       225       128        55        54       127       260       209
 -2       261       251       249       208       210       253       150        62       149       137
 -1        31    4    0    1
 -2        99        18         3        27       225       196        45       122       121        26
 -2        29       114       250       218        46       124       261       211       126       254
 -1        32    4    0    1
 -2       225       196        45       122       127        54         5        48       261       211
 -2       126       254       253       210        47       125       149        61        50       135
 -3
    1PSTEP                         1           1           1          
  100CL  101 1.000000000         261                     0    1           1
 -4  DISP        4    1
 -5  D1          1    2    1    0
 -5  D2          1    2    2    0
 -5  D3          1    2    3    0
 -5  ALL         1    2    0    0    1ALL
 -1         1 0.00000E+00 0.00000E+00 0.00000E+00
 -1         2 0.00000E+00 0.00000E+00 0.00000E+00
 -1         3-9.79745E-06-1.09215E-04-1.67102E-08
 -1         4 9.79759E-06-1.09215E-04 1.69505E-08
 -1         5-9.79758E-06-1.09215E-04 1.69222E-08
 -1         6 9.79748E-06-1.09215E-04-1.66913E-08
 -1         7 0.00000E+00 0.00000E+00 0.00000E+00
 -1         8 0.00000E+00 0.00000E+00 0.00000E+00
 -1         9 0.00000E+00 0.00000E+00 0.00000E+00
 -1        10 0.00000E+00 0.00000E+00 0.00000E+00
 -1        11 0.00000E+00 0.00000E+00 0.00000E+00
 -1        12-2.20353E-06-2.23407E-06-4.46508E-07
 -1        13-4.21695E-06-9.11087E-06-4.13474E-07
 -1        14-5.91716E-06-1.98766E-05-3.46892E-07
 -1        15-7.31330E-06-3.38698E-05-2.77728E-07
 -1        16-8.39803E-06-5.04474E-05-2.08304E-07
 -1        17-9.17328E-06-6.89625E-05-1.38997E-07
 -1        18-9.63855E-06-8.87688E-05-7.08564E-08
 -1        19-1.08731E-06-5.55136E-07-3.90601E-07
 -1        20-3.24798E-06-5.14781E-06-4.44096E-07
 -1        21-5.10119E-06-1.40514E-05-3.80691E-07
 -1        22-6.65190E-06-2.65097E-05-3.12449E-07
 -1        23-7.89190E-06-4.18762E-05-2.43009E-07
 -1        24-8.82201E-06-5.95030E-05-1.73637E-07
 -1        25-9.44193E-06-7.87445E-05-1.04450E-07
 -1        26-9.75285E-06-9.89498E-05-4.02653E-08
 -1        27 7.33704E-11-1.09204E-04 1.27681E-10
 -1        28 4.88600E-06-1.09209E-04 7.06716E-09
 -1        29-4.88585E-06-1.09209E-04-6.81859E-09
 -1        30 2.20355E-06-2.23408E-06 4.46516E-07
 -1        31 4.21699E-06-9.11084E-06 4.13475E-07
 -1        32 5.91722E-06-1.98765E-05 3.46914E-07
 -1        33 7.31331E-06-3.38698E-05 2.77800E-07
 -1        34 8.39798E-06-5.04474E-05 2.08420E-07
 -1        35 9.17330E-06-6.89624E-05 1.39055E-07
 -1        36 9.63866E-06-8.87688E-05 7.09398E-08
 -1        37 1.08732E-06-5.55136E-07 3.90610E-07
 -1        38 3.24801E-06-5.14781E-06 4.44093E-07
 -1        39 5.10125E-06-1.40514E-05 3.80686E-07
 -1        40 6.65195E-06-2.65096E-05 3.12498E-07
 -1        41 7.89187E-06-4.18762E-05 2.43106E-07
 -1        42 8.82198E-06-5.95030E-05 1.73722E-07
 -1        43 9.44198E-06-7.87445E-05 1.04498E-07
 -1        44 9.75298E-06-9.89498E-05 4.04144E-08
 -1        45-9.80503E-06-1.09240E-04 1.06520E-10
 -1        46-9.80466E-06-1.09232E-04-1.12126E-08
 -1        47-9.80472E-06-1.09232E-04 1.14314E-08
 -1        48-4.23907E-11-1.09204E-04 1.11366E-10
 -1        49 4.88588E-06-1.09209E-04-6.81752E-09
 -1        50-4.88597E-06-1.09209E-04 7.04102E-09
 -1        51 9.80507E-06-1.09240E-04 1.27299E-10
 -1        52 9.80473E-06-1.09232E-04 1.14569E-08
 -1        53 9.80469E-06-1.09232E-04-1.12077E-08
 -1        54-9.63862E-06-8.87688E-05 7.09385E-08
 -1        55-9.17327E-06-6.89625E-05 1.39048E-07
 -1        56-8.39802E-06-5.04476E-05 2.08347E-07
 -1        57-7.31335E-06-3.38698E-05 2.77814E-07
 -1        58-5.91721E-06-1.98764E-05 3.47007E-07
 -1        59-4.21692E-06-9.11091E-06 4.13435E-07
 -1        60-2.20354E-06-2.23432E-06 4.46378E-07
 -1        61-9.75295E-06-9.89498E-05 4.03990E-08
 -1        62-9.44195E-06-7.87445E-05 1.04493E-07
 -1        63-8.82198E-06-5.95031E-05 1.73681E-07
 -1        64-7.89193E-06-4.18762E-05 2.43082E-07
 -1        65-6.65197E-06-2.65095E-05 3.12560E-07
 -1        66-5.10120E-06-1.40513E-05 3.80735E-07
 -1        67-3.24797E-06-5.14796E-06 4.44002E-07
 -1        68-1.08733E-06-5.55266E-07 3.90525E-07
 -1        69 0.00000E+00 0.00000E+00 0.00000E+00
 -1        70 0.00000E+00 0.00000E+00 0.00000E+00
 -1        71 0.00000E+00 0.00000E+00 0.00000E+00
 -1        72 9.63855E-06-8.87688E-05-7.08635E-08
 -1        73 9.17329E-06-6.89625E-05-1.39003E-07
 -1        74 8.39799E-06-5.04475E-05-2.08248E-07
 -1        75 7.31328E-06-3.38698E-05-2.77737E-07
 -1        76 5.91717E-06-1.98764E-05-3.46995E-07
 -1        77 4.21693E-06-9.11087E-06-4.13468E-07
 -1        78 2.20355E-06-2.23431E-06-4.46379E-07
 -1        79 9.75286E-06-9.89498E-05-4.02354E-08
 -1        80 9.44193E-06-7.87445E-05-1.04464E-07
 -1        81 8.82198E-06-5.95031E-05-1.73610E-07
 -1        82 7.89187E-06-4.18762E-05-2.42994E-07
 -1        83 6.65191E-06-2.65095E-05-3.12515E-07
 -1        84 5.10117E-06-1.40513E-05-3.80750E-07
 -1        85 3.24798E-06-5.14795E-06-4.44011E-07
 -1        86 1.08733E-06-5.55261E-07-3.90527E-07
 -1        87 0.00000E+00 0.00000E+00 0.00000E+00
 -1        88 0.00000E+00 0.00000E+00 0.00000E+00
 -1        89 0.00000E+00 0.00000E+00 0.00000E+00
 -1        90 0.00000E+00 0.00000E+00 0.00000E+00
 -1        91 0.00000E+00 0.00000E+00 0.00000E+00
 -1        92 0.00000E+00 0.00000E+00 0.00000E+00
 -1        93 1.17983E-11-2.11090E-06 2.75298E-12
 -1        94 2.45463E-11-8.98971E-06-7.46007E-12
 -1        95 3.52333E-11-1.97724E-05 2.76820E-12
 -1        96 4.30974E-12-3.37866E-05 3.83696E-11
 -1        97-3.19503E-11-5.03849E-05 5.03541E-11
 -1        98 5.41117E-12-6.89207E-05 1.95830E-11
 -1        99 4.85910E-11-8.87467E-05 4.85658E-11
 -1       100 1.09722E-06-2.12482E-06 2.27419E-07
 -1       101 5.70725E-12-3.76892E-07 4.85057E-12
 -1       102 2.09430E-06-9.02201E-06 2.06065E-07
 -1       103 2.51477E-11-5.01202E-06-3.10629E-12
 -1       104 2.94656E-06-1.97976E-05 1.73691E-07
 -1       105 3.81452E-11-1.39363E-05-4.45845E-12
 -1       106 3.64392E-06-3.38076E-05 1.38852E-07
 -1       107 2.01909E-11-2.64159E-05 2.07706E-11
 -1       108 4.18644E-06-5.04005E-05 1.04260E-07
 -1       109-2.10744E-11-4.18032E-05 5.79447E-11
 -1       110 4.57398E-06-6.89311E-05 6.94952E-08
 -1       111-1.29517E-11-5.94509E-05 2.91908E-11
 -1       112 4.80716E-06-8.87526E-05 3.55976E-08
 -1       113 2.52177E-11-7.87133E-05 2.13145E-11
 -1       114 6.91139E-11-9.89408E-05 7.49997E-11
 -1       115-1.09720E-06-2.12481E-06-2.27412E-07
 -1       116-2.09426E-06-9.02203E-06-2.06075E-07
 -1       117-2.94650E-06-1.97976E-05-1.73683E-07
 -1       118-3.64390E-06-3.38076E-05-1.38775E-07
 -1       119-4.18650E-06-5.04005E-05-1.04162E-07
 -1       120-4.57397E-06-6.89312E-05-6.94461E-08
 -1       121-4.80706E-06-8.87526E-05-3.55079E-08
 -1       122 2.55303E-11-1.09233E-04 1.22911E-10
 -1       123 4.89190E-06-1.09237E-04 1.27672E-10
 -1       124 3.82246E-11-1.09222E-04 1.23099E-10
 -1       125-9.02291E-12-1.09222E-04 1.22131E-10
 -1       126-4.89185E-06-1.09237E-04 1.12865E-10
 -1       127-3.28278E-11-8.87467E-05 3.49126E-11
 -1       128 1.83432E-11-6.89207E-05 2.07286E-11
 -1       129-5.99978E-12-5.03850E-05 5.66794E-11
 -1       130-3.37360E-11-3.37866E-05 3.09393E-11
 -1       131-1.08933E-11-1.97722E-05 8.61664E-12
 -1       132-1.93227E-13-8.98974E-06-1.30059E-11
 -1       133 3.18095E-12-2.11113E-06-4.74239E-12
 -1       134 4.80707E-06-8.87526E-05-3.55196E-08
 -1       135-4.67371E-11-9.89408E-05 7.00644E-11
 -1       136 4.57398E-06-6.89312E-05-6.94513E-08
 -1       137 4.26969E-12-7.87133E-05 1.52346E-11
 -1       138 4.18646E-06-5.04006E-05-1.04123E-07
 -1       139 2.65152E-12-5.94510E-05 3.60830E-11
 -1       140 3.64388E-06-3.38076E-05-1.38779E-07
 -1       141-2.36047E-11-4.18033E-05 5.47748E-11
 -1       142 2.94651E-06-1.97975E-05-1.73720E-07
 -1       143-2.40920E-11-2.64158E-05 2.05016E-11
 -1       144 2.09428E-06-9.02203E-06-2.06071E-07
 -1       145-9.72387E-12-1.39363E-05-2.07477E-12
 -1       146 1.09721E-06-2.12506E-06-2.27360E-07
 -1       147 5.17058E-12-5.01216E-06-4.50121E-12
 -1       148 2.53586E-12-3.77007E-07 1.38579E-12
 -1       149-4.80714E-06-8.87526E-05 3.55904E-08
 -1       150-4.57395E-06-6.89311E-05 6.94871E-08
 -1       151-4.18647E-06-5.04006E-05 1.04226E-07
 -1       152-3.64394E-06-3.38076E-05 1.38854E-07
 -1       153-2.94655E-06-1.97975E-05 1.73739E-07
 -1       154-2.09427E-06-9.02206E-06 2.06047E-07
 -1       155-1.09720E-06-2.12506E-06 2.27354E-07
 -1       156 0.00000E+00 0.00000E+00 0.00000E+00
 -1       157 0.00000E+00 0.00000E+00 0.00000E+00
 -1       158 0.00000E+00 0.00000E+00 0.00000E+00
 -1       159 0.00000E+00 0.00000E+00 0.00000E+00
 -1       160 0.00000E+00 0.00000E+00 0.00000E+00
 -1       161 2.22057E-06-2.59291E-06 4.35526E-11
 -1       162 4.21515E-06-9.45521E-06-9.57141E-12
 -1       163 5.92000E-06-2.01655E-05-3.00997E-11
 -1       164 7.31529E-06-3.41013E-05 3.57321E-11
 -1       165 8.40016E-06-5.06211E-05 7.42372E-11
 -1       166 9.17542E-06-6.90784E-05 1.76647E-11
 -1       167 9.64046E-06-8.88288E-05 3.85417E-11
 -1       168 2.20153E-06-2.52280E-06-2.08898E-07
 -1       169 1.07493E-06-8.24645E-07 3.53651E-11
 -1       170 4.22286E-06-9.36672E-06-2.08978E-07
 -1       171 3.25106E-06-5.51218E-06 2.70176E-11
 -1       172 5.92350E-06-2.00938E-05-1.72886E-07
 -1       173 5.10343E-06-1.43680E-05-2.13220E-11
 -1       174 7.31958E-06-3.40433E-05-1.38991E-07
 -1       175 6.65406E-06-2.67700E-05 1.33820E-12
 -1       176 8.40434E-06-5.05777E-05-1.04042E-07
 -1       177 7.89403E-06-4.20787E-05 7.38856E-11
 -1       178 9.17958E-06-6.90494E-05-6.95595E-08
 -1       179 8.82412E-06-5.96478E-05 4.19279E-11
 -1       180 9.64455E-06-8.88131E-05-3.53788E-08
 -1       181 9.44424E-06-7.88319E-05 1.62801E-11
 -1       182 9.75651E-06-9.89861E-05 8.32003E-11
 -1       183 2.20153E-06-2.52271E-06 2.09007E-07
 -1       184 4.22292E-06-9.36671E-06 2.08967E-07
 -1       185 5.92353E-06-2.00939E-05 1.72815E-07
 -1       186 7.31957E-06-3.40433E-05 1.39059E-07
 -1       187 8.40434E-06-5.05777E-05 1.04204E-07
 -1       188 9.17960E-06-6.90494E-05 6.96045E-08
 -1       189 9.64459E-06-8.88131E-05 3.54483E-08
 -1       190-2.22056E-06-2.59295E-06-4.54375E-11
 -1       191-4.21513E-06-9.45520E-06-4.06213E-12
 -1       192-5.92000E-06-2.01655E-05 4.60299E-11
 -1       193-7.31531E-06-3.41013E-05 4.28963E-11
 -1       194-8.40020E-06-5.06210E-05 3.13754E-11
 -1       195-9.17544E-06-6.90784E-05 1.40046E-11
 -1       196-9.64043E-06-8.88288E-05 2.25842E-11
 -1       197-1.07492E-06-8.24642E-07-2.82371E-11
 -1       198-2.20153E-06-2.52281E-06 2.08902E-07
 -1       199-3.25105E-06-5.51218E-06-3.25412E-11
 -1       200-4.22286E-06-9.36674E-06 2.08947E-07
 -1       201-5.10342E-06-1.43680E-05 1.24174E-11
 -1       202-5.92351E-06-2.00938E-05 1.72899E-07
 -1       203-6.65407E-06-2.67700E-05 4.89017E-11
 -1       204-7.31961E-06-3.40433E-05 1.39072E-07
 -1       205-7.89407E-06-4.20787E-05 4.26434E-11
 -1       206-8.40436E-06-5.05777E-05 1.04144E-07
 -1       207-8.82415E-06-5.96478E-05 1.71910E-11
 -1       208-9.17959E-06-6.90494E-05 6.95959E-08
 -1       209-9.44422E-06-7.88319E-05 1.28327E-11
 -1       210-9.64458E-06-8.88131E-05 3.54471E-08
 -1       211-9.75647E-06-9.89861E-05 5.83495E-11
 -1       212-2.20151E-06-2.52272E-06-2.09008E-07
 -1       213-4.22288E-06-9.36672E-06-2.08973E-07
 -1       214-5.92350E-06-2.00939E-05-1.72800E-07
 -1       215-7.31958E-06-3.40433E-05-1.38981E-07
 -1       216-8.40436E-06-5.05777E-05-1.04088E-07
 -1       217-9.17959E-06-6.90494E-05-6.95594E-08
 -1       218-9.64453E-06-8.88131E-05-3.53838E-08
 -1       219 9.79903E-12-2.45677E-06 1.28607E-12
 -1       220 1.39939E-11-9.33262E-06-9.82470E-12
 -1       221 4.58618E-12-2.00610E-05 3.75010E-12
 -1       222-1.25461E-11-3.40181E-05 3.97250E-11
 -1       223-2.06631E-11-5.05585E-05 5.47087E-11
 -1       224 9.35419E-12-6.90366E-05 1.27636E-11
 -1       225 1.05455E-11-8.88072E-05 3.08120E-11
 -1       226 7.99986E-12-2.39534E-06 4.20395E-12
 -1       227 1.00233E-11-6.43753E-07 1.00208E-12
 -1       228 1.09169E-06-2.47353E-06 2.22788E-11
 -1       229 5.32341E-12-2.39543E-06-4.04222E-12
 -1       230 1.73832E-11-9.24376E-06-9.83177E-12
 -1       231 3.28454E-12-5.36997E-06-5.59516E-12
 -1       232 2.10045E-06-9.36636E-06-1.36912E-11
 -1       233 4.25418E-12-9.24377E-06-1.04810E-11
 -1       234 1.27231E-11-1.99900E-05 1.58609E-12
 -1       235 1.37293E-11-1.42540E-05-2.82418E-12
 -1       236 2.95220E-06-2.00862E-05-1.27651E-11
 -1       237-9.30828E-12-1.99899E-05 7.10181E-12
 -1       238-3.10533E-12-3.39600E-05 4.38657E-11
 -1       239-1.53775E-12-2.66760E-05 2.14397E-11
 -1       240 3.64983E-06-3.40391E-05 3.75819E-11
 -1       241-1.76625E-11-3.39600E-05 3.45567E-11
 -1       242-1.04280E-11-5.05152E-05 4.87068E-11
 -1       243-1.95445E-11-4.20058E-05 5.00659E-11
 -1       244 4.19234E-06-5.05741E-05 6.49568E-11
 -1       245-1.05635E-11-5.05152E-05 5.91986E-11
 -1       246-1.36046E-12-6.90076E-05 1.53585E-11
 -1       247-1.14285E-11-5.95957E-05 3.81161E-11
 -1       248 4.57987E-06-6.90471E-05 1.56234E-11
 -1       249 1.77244E-12-6.90076E-05 7.68265E-12
 -1       250 2.89564E-11-8.87914E-05 4.19265E-11
 -1       251 1.26628E-11-7.88007E-05 1.50601E-11
 -1       252 4.81259E-06-8.88128E-05 3.69732E-11
 -1       253-1.72290E-12-8.87914E-05 2.93083E-11
 -1       254 1.15778E-11-9.89777E-05 7.34349E-11
 -1       255-1.09167E-06-2.47356E-06-2.02353E-11
 -1       256-2.10042E-06-9.36636E-06-4.88926E-12
 -1       257-2.95218E-06-2.00862E-05 2.41411E-11
 -1       258-3.64985E-06-3.40391E-05 3.97804E-11
 -1       259-4.19238E-06-5.05741E-05 4.47329E-11
 -1       260-4.57987E-06-6.90471E-05 1.29662E-11
 -1       261-4.81257E-06-8.88128E-05 2.85790E-11
 -3
    1PSTEP                         2           1           1          
  100CL  101 1.000000000         261                     0    1           1
 -4  STRESS      6    1
 -5  SXX         1    4    1    1
 -5  SYY         1    4    2    2
 -5  SZZ         1    4    3    3
 -5  SXY         1    4    1    2
 -5  SYZ         1    4    2    3
 -5  SZX         1    4    3    1
 -1         1 9.21669E+06 3.58432E+06 3.58431E+06 1.77722E+04-1.20041E+00 1.46465E+06
 -1         2-9.21662E+06-3.58430E+06-3.58429E+06 1.77519E+04-1.19977E+00-1.46461E+06
 -1         3-3.33249E+04 8.00877E+04 3.48190E+04-1.24980E+05-6.17995E+03 1.77158E+04
 -1         4 3.33325E+04-8.02277E+04-3.47611E+04-1.25066E+05-6.09741E+03-1.77164E+04
 -1         5-3.35711E+04 8.00440E+04 3.46279E+04-1.24988E+05 6.14342E+03-1.76796E+04
 -1         6 3.35395E+04-8.01659E+04-3.45381E+04-1.25114E+05 6.16124E+03 1.76179E+04
 -1         7-9.21698E+06-3.58444E+06-3.58443E+06 1.74013E+04 1.20139E+00 1.46438E+06
 -1         8 9.21697E+06 3.58443E+06 3.58442E+06 1.74162E+04 1.20129E+00-1.46440E+06
 -1         9 4.73808E+01 1.84259E+01 1.84263E+01 7.91883E+05-1.23955E+00 2.18521E+01
 -1        10 4.58902E+06 1.78456E+06 1.78457E+06 4.67374E+05 3.57239E+00 7.37806E+05
 -1        11-4.58895E+06-1.78453E+06-1.78454E+06 4.67371E+05 3.57195E+00-7.37763E+05
 -1        12-7.36152E+06 1.63524E+05 9.93967E+04-1.52421E+03-1.30062E+05 1.72122E+05
 -1        13-6.28496E+06-1.48991E+05-1.02494E+05-1.07900E+05 2.37834E+04 5.91430E+04
 -1        14-5.20617E+06 2.75949E+04 1.75696E+04-1.43082E+05-6.34444E+03 5.31175E+04
 -1        15-4.16887E+06-8.84370E+03-5.47877E+03-1.38254E+05 1.50968E+03 5.34021E+04
 -1        16-3.12435E+06 2.40036E+03 1.65558E+03-1.40560E+05-4.70478E+02 5.30796E+04
 -1        17-2.08124E+06 1.60435E+03 3.93381E+02-1.38785E+05 1.82650E+02 5.35610E+04
 -1        18-1.03375E+06 1.26401E+04 1.23303E+04-1.34356E+05 5.44749E+01 5.20317E+04
 -1        19-7.63814E+06-3.57504E+05-4.78477E+05 6.58625E+04 2.44808E+05-5.31155E+05
 -1        20-6.67015E+06 1.88374E+05 1.51313E+05-4.19107E+04-3.55126E+04 5.04496E+04
 -1        21-5.73130E+06-3.63295E+04-2.94757E+04-3.76856E+04 1.00687E+04 4.51413E+04
 -1        22-4.68612E+06 1.05277E+04 7.42273E+03-4.16611E+04-2.22922E+03 5.37595E+04
 -1        23-3.64591E+06-2.45084E+03-1.46038E+03-4.05379E+04 5.36771E+02 5.30389E+04
 -1        24-2.60485E+06 2.88664E+02-7.99175E+01-4.05190E+04-2.26428E+02 5.30693E+04
 -1        25-1.56357E+06-1.18588E+03 3.28854E+02-4.19482E+04-2.00050E+02 5.19685E+04
 -1        26-5.41614E+05-1.64247E+04-1.10596E+04-3.02163E+04-1.87800E+03 3.73470E+04
 -1        27-6.80907E+01-5.79068E+01-9.22259E+01-3.83053E+05-3.75340E+04 2.05806E+01
 -1        28 7.37812E+02-7.98573E+04-2.68102E+04-2.60469E+05-2.25262E+04-7.33571E+03
 -1        29-7.87106E+02 7.97352E+04 2.67527E+04-2.60454E+05-2.25353E+04 7.35055E+03
 -1        30 7.36156E+06-1.63484E+05-9.94790E+04-1.53251E+03-1.30001E+05-1.72148E+05
 -1        31 6.28517E+06 1.49200E+05 1.02555E+05-1.07919E+05 2.37401E+04-5.91477E+04
 -1        32 5.20621E+06-2.74950E+04-1.76187E+04-1.42966E+05-6.37338E+03-5.31262E+04
 -1        33 4.16843E+06 8.76426E+03 5.39331E+03-1.38365E+05 1.51067E+03-5.34041E+04
 -1        34 3.12439E+06-2.34313E+03-1.59235E+03-1.40526E+05-3.20512E+02-5.29523E+04
 -1        35 2.08156E+06-1.48606E+03-3.77423E+02-1.38779E+05-2.68321E+00-5.36269E+04
 -1        36 1.03412E+06-1.23921E+04-1.23809E+04-1.34308E+05-1.39814E+01-5.20841E+04
 -1        37 7.63824E+06 3.57616E+05 4.78495E+05 6.58464E+04 2.44788E+05 5.31175E+05
 -1        38 6.67023E+06-1.88306E+05-1.51309E+05-4.18897E+04-3.55278E+04-5.04487E+04
 -1        39 5.73132E+06 3.62193E+04 2.94054E+04-3.76724E+04 1.00672E+04-4.51750E+04
 -1        40 4.68595E+06-1.04719E+04-7.46482E+03-4.17015E+04-2.25204E+03-5.38132E+04
 -1        41 3.64575E+06 2.50057E+03 1.56753E+03-4.05291E+04 5.34324E+02-5.29313E+04
 -1        42 2.60509E+06-2.81379E+02 7.93491E+01-4.04709E+04-1.86062E+02-5.30606E+04
 -1        43 1.56386E+06 1.19418E+03-3.87381E+02-4.20025E+04-2.92548E+02-5.19920E+04
 -1        44 5.41749E+05 1.64903E+04 1.10796E+04-3.02721E+04-1.84813E+03-3.73789E+04
 -1        45-4.26154E+04 7.48579E+04 1.28606E+05-1.18100E+05 1.56928E+01 3.66832E+01
 -1        46-2.84157E+04 8.68655E+04 8.69999E+04-9.85849E+04-3.32570E+03 1.00602E+04
 -1        47-2.85041E+04 8.68394E+04 8.69638E+04-9.85420E+04 3.31354E+03-9.99658E+03
 -1        48 7.36942E+01 4.02647E+01-1.00458E+02-3.83084E+05 3.75912E+04 8.94513E+00
 -1        49 8.85236E+02-7.98111E+04-2.67392E+04-2.60511E+05 2.25774E+04 7.30407E+03
 -1        50-7.84185E+02 7.98020E+04 2.66820E+04-2.60473E+05 2.25571E+04-7.31639E+03
 -1        51 4.25458E+04-7.47827E+04-1.28757E+05-1.18156E+05-5.35995E+01 7.11511E+01
 -1        52 2.84323E+04-8.67348E+04-8.69859E+04-9.85937E+04-3.33152E+03-9.95313E+03
 -1        53 2.84967E+04-8.67879E+04-8.69635E+04-9.86170E+04 3.28128E+03 9.97445E+03
 -1        54-1.03406E+06 1.25336E+04 1.23778E+04-1.34443E+05 2.08868E+01-5.19763E+04
 -1        55-2.08134E+06 1.78369E+03 5.70865E+02-1.38732E+05-8.28149E+01-5.35620E+04
 -1        56-3.12414E+06 2.30348E+03 1.55147E+03-1.40454E+05 2.36437E+02-5.30695E+04
 -1        57-4.16862E+06-8.69629E+03-5.44051E+03-1.38351E+05-1.56690E+03-5.35027E+04
 -1        58-5.20644E+06 2.75408E+04 1.76629E+04-1.43031E+05 6.42813E+03-5.31526E+04
 -1        59-6.28510E+06-1.48981E+05-1.02617E+05-1.07882E+05-2.37819E+04-5.89907E+04
 -1        60-7.36138E+06 1.63474E+05 9.91727E+04-1.47099E+03 1.29852E+05-1.72109E+05
 -1        61-5.41846E+05-1.65228E+04-1.11301E+04-3.03424E+04 1.89444E+03-3.73180E+04
 -1        62-1.56377E+06-1.00158E+03 4.30734E+02-4.20099E+04 2.48132E+02-5.19403E+04
 -1        63-2.60483E+06 3.23231E+02-1.91123E+01-4.03150E+04 1.35591E+02-5.29823E+04
 -1        64-3.64574E+06-2.53916E+03-1.55083E+03-4.05572E+04-6.26589E+02-5.30963E+04
 -1        65-4.68616E+06 1.04349E+04 7.44823E+03-4.17881E+04 2.22782E+03-5.39220E+04
 -1        66-5.73149E+06-3.62801E+04-2.93704E+04-3.75662E+04-1.00304E+04-4.50254E+04
 -1        67-6.67006E+06 1.88364E+05 1.51194E+05-4.17767E+04 3.54365E+04-5.03205E+04
 -1        68-7.63825E+06-3.57560E+05-4.78647E+05 6.56211E+04-2.44870E+05 5.30971E+05
 -1        69 2.99064E+01 1.16301E+01 1.16309E+01 7.91583E+05 1.24098E+00 1.35001E+01
 -1        70 4.58914E+06 1.78461E+06 1.78462E+06 4.67044E+05-3.57295E+00-7.37671E+05
 -1        71-4.58911E+06-1.78460E+06-1.78461E+06 4.67038E+05-3.57301E+00 7.37678E+05
 -1        72 1.03377E+06-1.25927E+04-1.24189E+04-1.34401E+05 5.02164E+01 5.20806E+04
 -1        73 2.08132E+06-1.56105E+03-4.17369E+02-1.38798E+05-1.19239E+02 5.35386E+04
 -1        74 3.12449E+06-2.22831E+03-1.45357E+03-1.40606E+05 3.73513E+02 5.29887E+04
 -1        75 4.16865E+06 8.88980E+03 5.44534E+03-1.38364E+05-1.47660E+03 5.34057E+04
 -1        76 5.20634E+06-2.75595E+04-1.76888E+04-1.43004E+05 6.42171E+03 5.31606E+04
 -1        77 6.28493E+06 1.49045E+05 1.02625E+05-1.07868E+05-2.37502E+04 5.90097E+04
 -1        78 7.36146E+06-1.63364E+05-9.92174E+04-1.50330E+03 1.29931E+05 1.72139E+05
 -1        79 5.41780E+05 1.64976E+04 1.12681E+04-3.03494E+04 1.97434E+03 3.73361E+04
 -1        80 1.56350E+06 1.08710E+03-4.63602E+02-4.20439E+04 2.48489E+02 5.19384E+04
 -1        81 2.60504E+06-2.32793E+02 1.76429E+02-4.04451E+04 1.65433E+02 5.29596E+04
 -1        82 3.64587E+06 2.58433E+03 1.45987E+03-4.06023E+04-5.69975E+02 5.30157E+04
 -1        83 4.68601E+06-1.04453E+04-7.52710E+03-4.18052E+04 2.26308E+03 5.38862E+04
 -1        84 5.73132E+06 3.61729E+04 2.93404E+04-3.75984E+04-1.00750E+04 4.50531E+04
 -1        85 6.67004E+06-1.88406E+05-1.51218E+05-4.17427E+04 3.54804E+04 5.03259E+04
 -1        86 7.63826E+06 3.57593E+05 4.78567E+05 6.56173E+04-2.44822E+05-5.30969E+05
 -1        87-8.93062E+06-3.47307E+06-3.47306E+06-9.26128E+05 5.72302E-04-8.86068E+01
 -1        88-9.02893E+06-3.51120E+06-3.51120E+06-5.97673E+05-2.57272E+00 7.13436E+05
 -1        89-9.02871E+06-3.51111E+06-3.51112E+06-5.97546E+05 2.57124E+00-7.13632E+05
 -1        90 8.93070E+06 3.47310E+06 3.47310E+06-9.26192E+05 2.43144E-04 1.28503E+02
 -1        91 9.02895E+06 3.51120E+06 3.51121E+06-5.97716E+05-2.57222E+00-7.13414E+05
 -1        92 9.02880E+06 3.51115E+06 3.51115E+06-5.97571E+05 2.57143E+00 7.13667E+05
 -1        93 6.74814E+01-9.97790E+01 2.14946E+01-2.92336E+05-3.27751E+04-3.76378E+01
 -1        94 1.28396E+02 2.19681E+02 6.75486E+01-4.60591E+05 1.86472E+04-3.32542E+01
 -1        95-6.79244E+00 2.43051E+02 4.21686E+01-4.38023E+05-3.31701E+03-6.12927E+01
 -1        96-2.38668E+02-2.22608E+02-4.25162E+01-4.44248E+05 8.32142E+02 4.53461E+01
 -1        97 5.58827E+01 3.24702E+01-2.12252E+01-4.42340E+05-3.31400E+01 5.95723E+01
 -1        98 2.74627E+02 4.01123E+02 1.46880E+02-4.44101E+05-6.91537E+02-7.04088E+01
 -1        99 1.46445E+02-9.90329E+01-2.36981E+01-4.38841E+05 7.92631E+02 3.54977E+00
 -1       100 3.75930E+06 1.99657E+05 3.35294E+04-1.28407E+05-7.54048E+04-1.09553E+05
 -1       101 3.35742E+01-2.59864E+01 4.30980E+00 1.77597E+05 2.87120E+05 1.51103E+00
 -1       102 3.11405E+06 3.36185E+04 3.45334E+04-2.97961E+05 2.00213E+04-2.05675E+04
 -1       103 5.12627E+01 1.39386E+01 1.61611E+01-2.49859E+05 9.25738E+03-6.46507E+01
 -1       104 2.61135E+06 9.96031E+02-3.41079E+03-2.95552E+05-4.50048E+03-1.92086E+04
 -1       105 8.31241E+01 1.26979E+02 4.16484E+01-3.47265E+05 5.99647E+03-5.64067E+01
 -1       106 2.08222E+06 1.04145E+03 1.49011E+03-2.98620E+05 1.09472E+03-1.87413E+04
 -1       107-8.84437E+01 3.96539E+01 1.55698E+01-3.40524E+05-9.08159E+02-9.17935E+00
 -1       108 1.56268E+06-4.60037E+02-6.18857E+02-2.98137E+05-1.71818E+02-1.85554E+04
 -1       109-1.94001E+02-1.39584E+02-1.18146E+02-3.44035E+05 3.07933E+02 7.36657E+01
 -1       110 1.04160E+06-7.22668E+02 1.83513E+02-2.98373E+05-3.66532E+02-1.88758E+04
 -1       111 2.15140E+02 2.04105E+02 1.15904E+02-3.43449E+05-3.38448E+02-1.44768E+01
 -1       112 5.13968E+05-1.34087E+04-9.53007E+03-2.93250E+05 4.05212E+02-1.95146E+04
 -1       113 1.78955E+02 6.65323E+01 5.44174E+01-3.39781E+05 8.20216E+01-1.32544E+01
 -1       114 7.25099E+01-4.09894E+01 2.59269E+00-3.19343E+05-1.57619E+04-2.93976E+01
 -1       115-3.75922E+06-1.99737E+05-3.35452E+04-1.28390E+05-7.54614E+04 1.09507E+05
 -1       116-3.11383E+06-3.32959E+04-3.44318E+04-2.97929E+05 2.00469E+04 2.05272E+04
 -1       117-2.61131E+06-6.82753E+02 3.46677E+03-2.95546E+05-4.45968E+03 1.91684E+04
 -1       118-2.08267E+06-1.30486E+03-1.58868E+03-2.98600E+05 1.06467E+03 1.87727E+04
 -1       119-1.56259E+06 5.38925E+02 6.87292E+02-2.98182E+05-2.01821E+02 1.86740E+04
 -1       120-1.04116E+06 1.18231E+03-3.09263E+01-2.98369E+05-2.87477E+02 1.87818E+04
 -1       121-5.13612E+05 1.34487E+04 9.51163E+03-2.93287E+05 4.38056E+02 1.94913E+04
 -1       122 1.23719E+02-8.50192E+01 3.69699E+01-3.35449E+05 3.93464E+01 7.87970E+01
 -1       123-3.40450E+03-7.76879E+04-7.63811E+04-2.33816E+05-1.20854E+01 7.51688E+01
 -1       124 1.29382E+01-6.60068E+00-1.82628E+01-3.35163E+05-2.34373E+04 7.14968E+01
 -1       125 7.14430E+01-2.24680E+00-2.91120E+01-3.35149E+05 2.34862E+04 2.74641E+01
 -1       126 3.48732E+03 7.76354E+04 7.63307E+04-2.33743E+05 3.35571E+01 5.53100E+01
 -1       127-2.67875E+02-7.72350E+01-1.97004E+01-4.38846E+05-7.36087E+02-4.85200E+01
 -1       128 1.66282E+01-2.58433E+02 1.18014E+02-4.44020E+05 7.20219E+02 5.35565E+01
 -1       129 2.28503E+02 3.78931E+02 1.19482E+02-4.42416E+05 3.86921E+01-3.64723E+01
 -1       130-2.56099E+01-3.34018E+01-4.03964E+01-4.44462E+05-7.98543E+02-1.22918E+01
 -1       131-5.96136E+00 9.29231E+01 2.93588E+01-4.38076E+05 3.51032E+03 4.54187E+01
 -1       132 3.40726E+00 2.44760E+02 4.04293E+01-4.60182E+05-1.86688E+04-8.30718E+00
 -1       133 4.00274E+01 4.20299E+01 3.65330E+01-2.92405E+05 3.25144E+04-1.01198E+01
 -1       134 5.13570E+05-1.34893E+04-9.57565E+03-2.93318E+05-3.62770E+02 1.94954E+04
 -1       135-3.95522E+01 8.44912E+00-3.49507E+01-3.19398E+05 1.58488E+04-2.42860E+01
 -1       136 1.04138E+06-1.02001E+03 1.64622E+02-2.98345E+05 3.01972E+02 1.88316E+04
 -1       137-2.24808E+02-1.81716E+02-7.10645E+00-3.39754E+05-4.91100E+01 1.35683E+01
 -1       138 1.56280E+06-3.32519E+02-5.27922E+02-2.98225E+05 1.64634E+02 1.85766E+04
 -1       139 9.98824E+01-1.19109E+00 6.57889E+01-3.43372E+05 3.48960E+02 6.45659E+00
 -1       140 2.08243E+06 1.17087E+03 1.53420E+03-2.98742E+05-1.03163E+03 1.87348E+04
 -1       141 1.76191E+02 1.95492E+02 1.00923E+02-3.44223E+05-3.13274E+02 6.46979E-02
 -1       142 2.61139E+06 9.40340E+02-3.42147E+03-2.95592E+05 4.62589E+03 1.92208E+04
 -1       143-9.43892E+01-2.45421E+01-3.84422E+01-3.40736E+05 9.80597E+02-5.48569E+00
 -1       144 3.11391E+06 3.36133E+04 3.46210E+04-2.97709E+05-2.00173E+04 2.05203E+04
 -1       145-1.40201E+00 1.06412E+02 1.69872E+01-3.47000E+05-5.93011E+03 1.87794E+01
 -1       146 3.75923E+06 1.99698E+05 3.36063E+04-1.28413E+05 7.52450E+04 1.09521E+05
 -1       147 2.37810E+01 8.01406E+01 4.52825E+01-2.49574E+05-9.38529E+03 4.75830E+00
 -1       148 2.98006E+01 3.03617E+01 3.78949E+01 1.77323E+05-2.87214E+05-1.46812E+01
 -1       149-5.13984E+05 1.33736E+04 9.50731E+03-2.93319E+05-3.64086E+02-1.94975E+04
 -1       150-1.04142E+06 8.47585E+02-2.08068E+01-2.98291E+05 3.80990E+02-1.87830E+04
 -1       151-1.56240E+06 7.36844E+02 6.64061E+02-2.98152E+05 1.08976E+02-1.86497E+04
 -1       152-2.08240E+06-1.08296E+03-1.52278E+03-2.98750E+05-1.10889E+03-1.87991E+04
 -1       153-2.61143E+06-8.45592E+02 3.46450E+03-2.95557E+05 4.60173E+03-1.91883E+04
 -1       154-3.11399E+06-3.33242E+04-3.45378E+04-2.97730E+05-2.00676E+04-2.05089E+04
 -1       155-3.75915E+06-1.99605E+05-3.36031E+04-1.28408E+05 7.52092E+04-1.09514E+05
 -1       156 1.30127E+02 5.06047E+01 5.06051E+01-1.55185E+05 5.54405E-04 3.57313E+00
 -1       157 4.38578E+06 1.70552E+06 1.70553E+06-4.73360E+05-3.57787E-04 6.58559E+01
 -1       158 7.50073E+01 2.91692E+01 2.91691E+01 1.71866E+05-2.42916E+00 5.49884E+00
 -1       159 7.67346E+01 2.98410E+01 2.98408E+01 1.71985E+05 2.42826E+00 1.55799E+01
 -1       160-4.38560E+06-1.70545E+06-1.70546E+06-4.73337E+05-8.26989E-04-4.01039E+01
 -1       161 7.64081E+06-1.18257E+05 4.71020E+05 1.75512E+05 1.44914E+01-1.37029E+01
 -1       162 6.27588E+06 1.33493E+05 2.05042E+04-1.10824E+05 3.44817E+01-2.22554E+02
 -1       163 5.20380E+06-3.08142E+04 1.77607E+03-1.08172E+05-2.00246E+01-2.33386E+01
 -1       164 4.16855E+06 8.92931E+03 7.20543E+02-1.10736E+05-2.38567E+01 1.66499E+02
 -1       165 3.12447E+06-2.26259E+03-2.83466E+01-1.11270E+05-1.71919E+01-7.00101E+01
 -1       166 2.08260E+06-8.75254E+02-2.16382E+03-1.09546E+05 3.71284E+01-9.48471E+01
 -1       167 1.03581E+06-7.90057E+03-9.33953E+03-1.04260E+05 1.98610E+01 5.64238E+01
 -1       168 7.52410E+06-1.14588E+05 1.99643E+05 3.27420E+03 3.99332E+04 3.60664E+04
 -1       169 7.79600E+06 4.16363E+05 7.78913E+05-3.62258E+05 3.45463E+01 7.14291E+01
 -1       170 6.31006E+06 1.44400E+05 7.06761E+04-6.68958E+04-1.01048E+04 4.43463E+04
 -1       171 6.64708E+06-2.29083E+05 3.30633E+04 2.35844E+04 4.34318E+01-1.40862E+02
 -1       172 5.20336E+06-2.70079E+04-7.91259E+03-9.51431E+04 2.82913E+03 4.17717E+04
 -1       173 5.74465E+06 4.83582E+04 9.45969E+03-2.08934E+04 2.23969E+01-1.41339E+02
 -1       174 4.16906E+06 7.98523E+03 2.89510E+03-9.07553E+04-7.78585E+02 4.21044E+04
 -1       175 4.68457E+06-1.28661E+04-4.06610E+02-1.06127E+04-2.76839E+01 7.95881E+01
 -1       176 3.12463E+06-1.94455E+03-6.25355E+02-9.26915E+04 2.23162E+02 4.20010E+04
 -1       177 3.64614E+06 3.00449E+03 1.10488E+02-1.18970E+04 2.44504E+01 7.98553E+01
 -1       178 2.08151E+06-1.62936E+03-1.53580E+03-9.07992E+04-2.95504E+02 4.21389E+04
 -1       179 2.60466E+06-6.00043E+02-4.78871E+02-1.15484E+04-1.71952E+01-9.15287E+01
 -1       180 1.03130E+06-1.08519E+04-1.20718E+04-8.91264E+04 2.20100E+03 3.92169E+04
 -1       181 1.56254E+06 1.21991E+03-1.23269E+03-1.36678E+04 2.11265E+01-1.57612E+01
 -1       182 5.47118E+05 1.48605E+04-3.62461E+04-1.24392E+04-6.20878E+00 6.17150E+01
 -1       183 7.52416E+06-1.14688E+05 1.99421E+05 3.26046E+03-3.99605E+04-3.60876E+04
 -1       184 6.31019E+06 1.44484E+05 7.06277E+04-6.68142E+04 1.01232E+04-4.46362E+04
 -1       185 5.20322E+06-2.69842E+04-7.85585E+03-9.50996E+04-2.82340E+03-4.17747E+04
 -1       186 4.16899E+06 8.01074E+03 2.91743E+03-9.08105E+04 7.62029E+02-4.19362E+04
 -1       187 3.12464E+06-1.93980E+03-7.19286E+02-9.27009E+04-2.09656E+02-4.20523E+04
 -1       188 2.08150E+06-1.81113E+03-1.65801E+03-9.07656E+04 3.02321E+02-4.22833E+04
 -1       189 1.03142E+06-1.08081E+04-1.20213E+04-8.90686E+04-2.17903E+03-3.91681E+04
 -1       190-7.64075E+06 1.18368E+05-4.70908E+05 1.75549E+05 6.15189E+01-4.66120E+01
 -1       191-6.27598E+06-1.33616E+05-2.06963E+04-1.10875E+05-1.87658E+01 1.19196E+02
 -1       192-5.20389E+06 3.08170E+04-1.80011E+03-1.08097E+05-4.33275E+01 5.63311E+01
 -1       193-4.16863E+06-8.88480E+03-7.16040E+02-1.10720E+05-8.72961E+00-6.94906E+01
 -1       194-3.12450E+06 2.26635E+03-5.28468E+01-1.11303E+05 3.07569E+01-5.95106E+01
 -1       195-2.08234E+06 8.57741E+02 2.18339E+03-1.09459E+05-4.55911E+01-1.28878E+00
 -1       196-1.03579E+06 7.86252E+03 9.38522E+03-1.04271E+05 2.94642E+01-2.09398E+01
 -1       197-7.79602E+06-4.16490E+05-7.78936E+05-3.62256E+05 4.37308E+01-9.32788E+01
 -1       198-7.52409E+06 1.14572E+05-1.99641E+05 3.31803E+03 3.99480E+04-3.60832E+04
 -1       199-6.64706E+06 2.29006E+05-3.30811E+04 2.36183E+04 3.65042E+01 7.36555E+01
 -1       200-6.31022E+06-1.44499E+05-7.08296E+04-6.69210E+04-1.01322E+04-4.44009E+04
 -1       201-5.74470E+06-4.83098E+04-9.49993E+03-2.08326E+04 1.16115E+00 9.31952E+01
 -1       202-5.20343E+06 2.69855E+04 7.87199E+03-9.51455E+04 2.81711E+03-4.17398E+04
 -1       203-4.68468E+06 1.28538E+04 3.77776E+02-1.06209E+04-3.24739E+01-5.69019E+01
 -1       204-4.16915E+06-8.08055E+03-2.95649E+03-9.07399E+04-7.35017E+02-4.20956E+04
 -1       205-3.64621E+06-3.02444E+03-1.70598E+02-1.18282E+04 1.03953E+01-5.68400E+01
 -1       206-3.12451E+06 1.92659E+03 6.27310E+02-9.26726E+04 1.65635E+02-4.20631E+04
 -1       207-2.60456E+06 6.43172E+02 4.57517E+02-1.15417E+04 1.51143E+01-1.17043E+01
 -1       208-2.08135E+06 1.87812E+03 1.70788E+03-9.07778E+04-3.66284E+02-4.21706E+04
 -1       209-1.56245E+06-1.30289E+03 1.22002E+03-1.36913E+04-2.91725E+01-1.99144E+01
 -1       210-1.03143E+06 1.07800E+04 1.20739E+04-8.90842E+04 2.21341E+03-3.91810E+04
 -1       211-5.47094E+05-1.48498E+04 3.62529E+04-1.24344E+04 3.24305E+01 1.70162E+01
 -1       212-7.52412E+06 1.14727E+05-1.99440E+05 3.26356E+03-4.00058E+04 3.60414E+04
 -1       213-6.31016E+06-1.44513E+05-7.06870E+04-6.68536E+04 1.01204E+04 4.45897E+04
 -1       214-5.20328E+06 2.69640E+04 7.80866E+03-9.51529E+04-2.80687E+03 4.17832E+04
 -1       215-4.16924E+06-8.09845E+03-2.98699E+03-9.07438E+04 6.96611E+02 4.19812E+04
 -1       216-3.12460E+06 2.02123E+03 7.11445E+02-9.26913E+04-2.61346E+02 4.20035E+04
 -1       217-2.08137E+06 1.62385E+03 1.53203E+03-9.07851E+04 3.53017E+02 4.21665E+04
 -1       218-1.03132E+06 1.07823E+04 1.19494E+04-8.91011E+04-2.14870E+03 3.91941E+04
 -1       219-4.07534E+00 2.23291E+02 7.85284E+00-4.13370E+05-4.78592E+00-1.25830E+01
 -1       220 9.46161E+01 1.81841E+01 3.77771E+01-3.19981E+05-4.72393E+01-1.71278E+01
 -1       221-1.00246E+02-1.22531E+02-2.83272E+01-3.05887E+05-9.84094E+00-3.27637E+00
 -1       222-1.71642E+00 2.63754E+02 1.07788E+01-3.09466E+05 6.88894E+00 2.51457E+01
 -1       223-1.65966E+01-1.50667E+02 2.80151E+01-3.07875E+05 2.61483E+00-3.54066E+01
 -1       224 9.19451E+01-1.67359E+01-4.58240E+01-3.09123E+05-2.93897E+00-4.51677E+01
 -1       225-5.37280E+00 1.42763E+02-3.88517E+01-3.09080E+05 1.89285E+01 4.70722E+01
 -1       226 2.44310E+01 4.77284E+01 1.40432E+01-4.35879E+05 2.67928E+04-1.74918E+01
 -1       227 4.76225E+01 5.10342E+01 1.45358E+00-3.87006E+05 2.47609E+01 1.76423E+00
 -1       228 3.91680E+06 2.35352E+05 3.27387E+05-1.00864E+05 5.45738E+00-1.81519E+01
 -1       229-1.53183E+01 6.36158E+01-1.17967E+01-4.35898E+05-2.69384E+04-1.91396E+01
 -1       230 8.69001E+01 7.47202E+01 3.53220E+01-3.46496E+05 5.14188E+03-1.87965E+01
 -1       231 4.11611E+01 7.65955E+01 2.00681E+01-2.75704E+05-7.61153E+00-2.95392E+01
 -1       232 3.14124E+06 2.17737E+04 1.33925E+03-2.31359E+05-4.10216E+00-1.03095E+02
 -1       233 2.60438E+01 9.73043E+01 2.11764E+01-3.46375E+05-5.20234E+03-1.95254E+01
 -1       234-6.21968E+01 2.50722E+01-6.27079E+00-3.42135E+05 2.26267E+02-1.26750E+01
 -1       235-3.47379E+01-2.05086E+01 9.34089E+00-2.08090E+05-6.77348E+00-2.10038E+01
 -1       236 2.60653E+06 3.27862E+01 5.50991E+03-2.11608E+05-9.58529E+00-1.09105E+01
 -1       237-3.97184E+01-1.91703E+01 3.95079E+00-3.42184E+05-1.32798E+02 4.28171E+00
 -1       238-8.98551E+01-4.57792E+00-2.07486E+01-3.42885E+05 1.22253E+01 2.49624E+01
 -1       239-4.25569E+01 6.14829E+01-7.87513E+00-2.09390E+05-1.68777E+01 1.99110E+01
 -1       240 2.08314E+06 7.49895E+02-7.70495E+02-2.17560E+05-1.33826E+01 8.70119E+01
 -1       241-3.55798E+01 1.20508E+01-4.34886E+01-3.42941E+05 6.06128E+00 1.69971E+01
 -1       242 1.08836E+01-3.89002E+01 1.04450E+01-3.41945E+05 6.84420E+01-2.35921E+01
 -1       243-1.60362E+01 3.43685E+01 5.76499E+00-2.09019E+05 2.03158E+01 3.40768E+00
 -1       244 1.56261E+06-2.37917E+02 2.38175E+02-2.16270E+05-3.34644E+00-5.39150E+01
 -1       245 5.56703E+01 7.01190E+01 4.34978E+01-3.41977E+05-6.56758E+01-9.40245E+00
 -1       246 1.22564E+02 9.30509E+01 3.17297E+01-3.43284E+05-2.29634E+02-2.17246E+01
 -1       247 1.01916E+02-2.76408E+01 3.14092E+01-2.09244E+05-3.30456E+00-6.92335E+01
 -1       248 1.04149E+06-8.48484E+02-1.02689E+03-2.16284E+05 1.44224E+01-6.49092E+01
 -1       249 8.32953E+01-7.38821E+01 3.60887E+01-3.43268E+05 2.47564E+02-3.25266E+01
 -1       250 3.54565E+01-4.31056E+01-7.67091E+01-3.43287E+05-1.85623E+03 1.21423E+01
 -1       251-6.92862E+00 2.70566E+01-6.61021E+01-2.09492E+05-9.11565E-01 1.74921E+01
 -1       252 5.09992E+05-1.08288E+04-9.29952E+03-2.13618E+05 3.44146E+01 5.47872E+01
 -1       253-1.09134E+02 3.60175E+01-3.25012E+00-3.43263E+05 1.89421E+03 2.07639E+01
 -1       254 5.90305E+01 1.48171E+01 1.61856E+01-2.30432E+05 3.61254E+01 5.97470E+01
 -1       255-3.91678E+06-2.35077E+05-3.27329E+05-1.00845E+05 2.21909E+01-2.35708E+01
 -1       256-3.14117E+06-2.18045E+04-1.36885E+03-2.31349E+05-3.06996E+01 3.62073E+01
 -1       257-2.60665E+06-1.39356E+02-5.51891E+03-2.11601E+05-2.78568E+01 2.68545E+01
 -1       258-2.08319E+06-4.66122E+02 7.87584E+02-2.17560E+05 2.39666E+00-1.57958E+01
 -1       259-1.56264E+06 9.44911E+01-2.35326E+02-2.16276E+05 5.21356E+00-4.05977E+01
 -1       260-1.04127E+06 8.16207E+02 9.70418E+02-2.16209E+05-1.59352E+01-2.28442E+01
 -1       261-5.09986E+05 1.09512E+04 9.28046E+03-2.13627E+05 1.12117E+01 5.81015E+00
 -3
    1PSTEP                         3           1           1          
  100CL  101 1.000000000         261                     0    1           1
 -4  TOSTRAIN    6    1
 -5  EXX         1    4    1    1
 -5  EYY         1    4    2    2
 -5  EZZ         1    4    3    3
 -5  EXY         1    4    1    2
 -5  EYZ         1    4    2    3
 -5  EZX         1    4    3    1
 -1         1 3.43308E-05 1.98926E-10 1.42373E-10 1.08326E-07-7.31676E-12 8.92741E-06
 -1         2-3.43306E-05-1.98921E-10-1.42371E-10 1.08202E-07-7.31289E-12-8.92716E-06
 -1         3-3.11899E-07 3.79378E-07 1.03455E-07-7.61785E-07-3.76683E-08 1.07982E-07
 -1         4 3.12045E-07-3.80132E-07-1.03002E-07-7.62310E-07-3.71652E-08-1.07985E-07
 -1         5-3.12758E-07 3.79753E-07 1.02931E-07-7.61830E-07 3.74456E-08-1.07761E-07
 -1         6 3.12651E-07-3.80411E-07-1.02299E-07-7.62602E-07 3.75542E-08 1.07385E-07
 -1         7-3.43319E-05-1.98924E-10-1.42364E-10 1.06065E-07 7.32276E-12 8.92578E-06
 -1         8 3.43319E-05 1.98926E-10 1.42365E-10 1.06156E-07 7.32214E-12-8.92585E-06
 -1         9 1.76487E-10-5.41484E-16 2.03471E-15 4.82672E-06-7.55538E-12 1.33193E-10
 -1        10 1.70936E-05-2.13068E-10-1.52568E-10 2.84876E-06 2.17745E-11 4.49710E-06
 -1        11-1.70934E-05 2.13071E-10 1.52564E-10 2.84874E-06 2.17719E-11-4.49684E-06
 -1        12-3.54054E-05 1.04615E-05 1.00706E-05-9.29043E-09-7.92761E-07 1.04912E-06
 -1        13-2.95931E-05 7.80712E-06 8.09053E-06-6.57674E-07 1.44966E-07 3.60491E-07
 -1        14-2.48515E-05 7.04954E-06 6.98844E-06-8.72119E-07-3.86709E-08 3.23764E-07
 -1        15-1.98327E-05 5.52368E-06 5.54419E-06-8.42693E-07 9.20185E-09 3.25498E-07
 -1        16-1.48832E-05 4.17502E-06 4.17048E-06-8.56744E-07-2.86768E-09 3.23533E-07
 -1        17-9.91331E-06 2.78210E-06 2.77471E-06-8.45929E-07 1.11330E-09 3.26467E-07
 -1        18-4.95592E-06 1.42209E-06 1.42020E-06-8.18932E-07 3.32037E-10 3.17145E-07
 -1        19-3.52575E-05 9.11976E-06 8.38240E-06 4.01448E-07 1.49216E-06-3.23752E-06
 -1        20-3.22155E-05 9.58880E-06 9.36290E-06-2.55455E-07-2.16458E-07 3.07502E-07
 -1        21-2.72042E-05 7.50804E-06 7.54981E-06-2.29703E-07 6.13708E-08 2.75147E-07
 -1        22-2.23388E-05 6.28839E-06 6.26947E-06-2.53934E-07-1.35876E-08 3.27677E-07
 -1        23-1.73562E-05 4.85149E-06 4.85752E-06-2.47088E-07 3.27175E-09 3.23285E-07
 -1        24-1.24043E-05 3.47462E-06 3.47237E-06-2.46973E-07-1.38013E-09 3.23470E-07
 -1        25-7.44443E-06 2.07867E-06 2.08791E-06-2.55684E-07-1.21935E-09 3.16761E-07
 -1        26-2.54247E-06 6.58685E-07 6.91387E-07-1.84176E-07-1.14469E-08 2.27639E-07
 -1        27-1.24064E-10-6.19910E-11-2.71174E-10-2.33480E-06-2.28779E-07 1.25444E-10
 -1        28 1.45737E-07-3.45510E-07-2.21752E-08-1.58762E-06-1.37302E-07-4.47129E-08
 -1        29-1.45732E-07 3.45071E-07 2.21299E-08-1.58753E-06-1.37358E-07 4.48033E-08
 -1        30 3.54057E-05-1.04613E-05-1.00711E-05-9.34104E-09-7.92388E-07-1.04928E-06
 -1        31 2.95937E-05-7.80649E-06-8.09080E-06-6.57789E-07 1.44702E-07-3.60519E-07
 -1        32 2.48516E-05-7.04906E-06-6.98886E-06-8.71410E-07-3.88473E-08-3.23817E-07
 -1        33 1.98308E-05-5.52337E-06-5.54391E-06-8.43370E-07 9.20789E-09-3.25510E-07
 -1        34 1.48833E-05-4.17489E-06-4.17031E-06-8.56539E-07-1.95360E-09-3.22757E-07
 -1        35 9.91465E-06-2.78198E-06-2.77522E-06-8.45889E-07-1.63548E-11-3.26868E-07
 -1        36 4.95743E-06-1.42133E-06-1.42127E-06-8.18637E-07-8.52202E-11-3.17465E-07
 -1        37 3.52578E-05-9.11938E-06-8.38260E-06 4.01350E-07 1.49204E-06 3.23764E-06
 -1        38 3.22158E-05-9.58859E-06-9.36309E-06-2.55328E-07-2.16550E-07-3.07497E-07
 -1        39 2.72045E-05-7.50849E-06-7.55003E-06-2.29622E-07 6.13621E-08-2.75352E-07
 -1        40 2.23380E-05-6.28784E-06-6.26952E-06-2.54180E-07-1.37267E-08-3.28005E-07
 -1        41 1.73553E-05-4.85119E-06-4.85687E-06-2.47034E-07 3.25683E-09-3.22629E-07
 -1        42 1.24054E-05-3.47489E-06-3.47270E-06-2.46680E-07-1.13410E-09-3.23417E-07
 -1        43 7.44587E-06-2.07894E-06-2.08858E-06-2.56015E-07-1.78315E-09-3.16903E-07
 -1        44 2.54300E-06-6.58580E-07-6.91559E-07-1.84516E-07-1.12648E-08-2.27833E-07
 -1        45-4.74215E-07 2.41812E-07 5.69419E-07-7.19847E-07 9.56516E-11 2.23593E-10
 -1        46-3.67134E-07 3.35533E-07 3.36352E-07-6.00898E-07-2.02709E-08 6.13194E-08
 -1        47-3.67472E-07 3.35575E-07 3.36333E-07-6.00637E-07 2.01968E-08-6.09315E-08
 -1        48 4.31183E-10 2.27422E-10-6.30317E-10-2.33499E-06 2.29128E-07 5.45227E-11
 -1        49 1.46283E-07-3.45581E-07-2.20952E-08-1.58787E-06 1.37615E-07 4.45200E-08
 -1        50-1.45713E-07 3.45479E-07 2.17000E-08-1.58765E-06 1.37491E-07-4.45951E-08
 -1        51 4.73986E-07-2.41159E-07-5.70148E-07-7.20191E-07-3.26701E-10 4.33683E-10
 -1        52 3.67020E-07-3.34951E-07-3.36482E-07-6.00952E-07-2.03064E-08-6.06667E-08
 -1        53 3.67367E-07-3.35320E-07-3.36390E-07-6.01094E-07 2.00002E-08 6.07966E-08
 -1        54-4.95729E-06 1.42192E-06 1.42097E-06-8.19465E-07 1.27310E-10-3.16808E-07
 -1        55-9.91431E-06 2.78286E-06 2.77547E-06-8.45604E-07-5.04777E-10-3.26473E-07
 -1        56-1.48820E-05 4.17442E-06 4.16983E-06-8.56101E-07 1.44114E-09-3.23471E-07
 -1        57-1.98317E-05 5.52400E-06 5.54384E-06-8.43283E-07-9.55060E-09-3.26112E-07
 -1        58-2.48528E-05 7.04952E-06 6.98931E-06-8.71806E-07 3.91810E-08-3.23978E-07
 -1        59-2.95936E-05 7.80752E-06 8.09012E-06-6.57567E-07-1.44956E-07-3.59563E-07
 -1        60-3.54044E-05 1.04614E-05 1.00695E-05-8.96603E-09 7.91478E-07-1.04904E-06
 -1        61-2.54335E-06 6.58622E-07 6.91491E-07-1.84944E-07 1.15471E-08-2.27462E-07
 -1        62-7.44576E-06 2.07968E-06 2.08841E-06-2.56060E-07 1.51243E-09-3.16589E-07
 -1        63-1.24044E-05 3.47467E-06 3.47259E-06-2.45729E-07 8.26458E-10-3.22940E-07
 -1        64-1.73552E-05 4.85096E-06 4.85699E-06-2.47206E-07-3.81921E-09-3.23634E-07
 -1        65-2.23389E-05 6.28797E-06 6.26977E-06-2.54708E-07 1.35791E-08-3.28667E-07
 -1        66-2.72053E-05 7.50838E-06 7.55050E-06-2.28975E-07-6.11378E-08-2.74441E-07
 -1        67-3.22149E-05 9.58879E-06 9.36224E-06-2.54639E-07 2.15994E-07-3.06715E-07
 -1        68-3.52577E-05 9.11986E-06 8.38181E-06 3.99976E-07-1.49254E-06 3.23640E-06
 -1        69 1.11397E-10-1.42684E-15 3.09394E-15 4.82489E-06 7.56407E-12 8.22864E-11
 -1        70 1.70941E-05-2.13072E-10-1.52562E-10 2.84675E-06-2.17780E-11-4.49628E-06
 -1        71-1.70940E-05 2.13074E-10 1.52558E-10 2.84671E-06-2.17783E-11 4.49632E-06
 -1        72 4.95606E-06-1.42177E-06-1.42071E-06-8.19203E-07 3.06081E-10 3.17444E-07
 -1        73 9.91368E-06-2.78197E-06-2.77500E-06-8.46006E-07-7.26791E-10 3.26331E-07
 -1        74 1.48834E-05-4.17466E-06-4.16994E-06-8.57026E-07 2.27665E-09 3.22979E-07
 -1        75 1.98316E-05-5.52313E-06-5.54413E-06-8.43363E-07-9.00021E-09 3.25521E-07
 -1        76 2.48524E-05-7.04944E-06-6.98927E-06-8.71644E-07 3.91419E-08 3.24026E-07
 -1        77 2.95927E-05-7.80701E-06-8.08995E-06-6.57482E-07-1.44763E-07 3.59678E-07
 -1        78 3.54047E-05-1.04609E-05-1.00699E-05-9.16295E-09 7.91962E-07 1.04923E-06
 -1        79 2.54289E-06-6.58838E-07-6.90713E-07-1.84987E-07 1.20340E-08 2.27573E-07
 -1        80 7.44442E-06-2.07888E-06-2.08833E-06-2.56267E-07 1.51460E-09 3.16577E-07
 -1        81 1.24050E-05-3.47473E-06-3.47224E-06-2.46522E-07 1.00835E-09 3.22801E-07
 -1        82 1.73559E-05-4.85080E-06-4.85765E-06-2.47481E-07-3.47413E-09 3.23143E-07
 -1        83 2.23383E-05-6.28772E-06-6.26993E-06-2.54813E-07 1.37940E-08 3.28449E-07
 -1        84 2.72047E-05-7.50863E-06-7.55028E-06-2.29171E-07-6.14096E-08 2.74610E-07
 -1        85 3.22149E-05-9.58892E-06-9.36226E-06-2.54432E-07 2.16262E-07 3.06748E-07
 -1        86 3.52578E-05-9.11961E-06-8.38224E-06 3.99953E-07-1.49225E-06-3.23638E-06
 -1        87-3.32652E-05-1.98476E-10-1.44134E-10-5.64497E-06 3.48832E-15-5.40079E-10
 -1        88-3.36317E-05 2.00008E-10 1.50256E-10-3.64296E-06-1.56813E-11 4.34856E-06
 -1        89-3.36309E-05 2.00005E-10 1.50262E-10-3.64218E-06 1.56723E-11-4.34975E-06
 -1        90 3.32656E-05 1.98470E-10 1.44139E-10-5.64536E-06 1.48202E-15 7.83256E-10
 -1        91 3.36318E-05-2.00008E-10-1.50261E-10-3.64322E-06-1.56783E-11-4.34843E-06
 -1        92 3.36312E-05-2.00005E-10-1.50266E-10-3.64234E-06 1.56735E-11 4.34997E-06
 -1        93 4.25719E-10-5.93773E-10 1.45419E-10-1.78186E-06-1.99772E-07-2.29411E-10
 -1        94 2.28438E-10 7.84840E-10-1.42443E-10-2.80741E-06 1.13659E-07-2.02692E-10
 -1        95-4.12637E-10 1.11022E-09-1.14208E-10-2.66985E-06-2.02180E-08-3.73593E-10
 -1        96-7.83015E-10-6.85127E-10 4.12577E-10-2.70780E-06 5.07210E-09 2.76395E-10
 -1        97 2.51115E-10 1.08410E-10-2.18876E-10-2.69617E-06-2.01996E-10 3.63107E-10
 -1        98 5.77075E-10 1.34810E-09-2.01570E-10-2.70690E-06-4.21508E-09-4.29159E-10
 -1        99 8.60997E-10-6.35247E-10-1.76064E-10-2.67484E-06 4.83127E-09 2.16367E-11
 -1       100 1.75905E-05-4.10636E-06-5.11895E-06-7.82669E-07-4.59610E-07-6.67754E-07
 -1       101 1.88779E-10-1.74257E-10 1.04059E-11 1.08250E-06 1.75006E-06 9.21007E-12
 -1       102 1.47379E-05-4.03803E-06-4.03245E-06-1.81615E-06 1.22035E-07-1.25364E-07
 -1       103 2.03975E-10-2.35243E-11-9.97725E-12-1.52295E-06 5.64259E-08-3.94061E-10
 -1       104 1.24382E-05-3.47251E-06-3.49938E-06-1.80146E-06-2.74315E-08-1.17081E-07
 -1       105 1.70992E-10 4.38301E-10-8.18126E-11-2.11666E-06 3.65499E-08-3.43812E-10
 -1       106 9.91196E-06-2.77332E-06-2.77059E-06-1.82016E-06 6.67256E-09-1.14233E-07
 -1       107-4.94792E-10 2.85993E-10 1.39195E-10-2.07558E-06-5.53545E-09-5.59503E-11
 -1       108 7.44275E-06-2.08493E-06-2.08590E-06-1.81721E-06-1.04727E-09-1.13100E-07
 -1       109-5.80173E-10-2.48487E-10-1.17823E-10-2.09698E-06 1.87693E-09 4.49010E-10
 -1       110 4.96071E-06-1.39248E-06-1.38696E-06-1.81865E-06-2.23410E-09-1.15052E-07
 -1       111 5.97799E-10 5.30538E-10-7.07130E-12-2.09340E-06-2.06292E-09-8.82395E-11
 -1       112 2.47805E-06-7.36435E-07-7.12794E-07-1.78743E-06 2.46987E-09-1.18946E-07
 -1       113 6.90900E-10 5.65708E-12-6.81859E-11-2.07105E-06 4.99941E-10-8.07886E-11
 -1       114 3.96481E-10-2.95324E-10-2.96812E-11-1.94647E-06-9.60725E-08-1.79185E-10
 -1       115-1.75900E-05 4.10590E-06 5.11887E-06-7.82567E-07-4.59955E-07 6.67473E-07
 -1       116-1.47375E-05 4.03913E-06 4.03221E-06-1.81595E-06 1.22190E-07 1.25118E-07
 -1       117-1.24385E-05 3.47387E-06 3.49916E-06-1.80142E-06-2.71828E-08 1.16836E-07
 -1       118-9.91361E-06 2.77279E-06 2.77106E-06-1.82004E-06 6.48941E-09 1.14424E-07
 -1       119-7.44255E-06 2.08511E-06 2.08601E-06-1.81749E-06-1.23014E-09 1.13822E-07
 -1       120-4.95946E-06 1.39389E-06 1.38649E-06-1.81863E-06-1.75224E-09 1.14479E-07
 -1       121-2.47639E-06 7.36176E-07 7.12178E-07-1.78766E-06 2.67005E-09 1.18804E-07
 -1       122 6.53205E-10-6.19106E-10 1.24447E-10-2.04464E-06 2.39826E-10 4.80286E-10
 -1       123 1.89213E-07-2.63561E-07-2.55597E-07-1.42517E-06-7.36637E-11 4.58172E-10
 -1       124 9.47615E-11-2.43323E-11-9.54155E-11-2.04290E-06-1.42856E-07 4.35790E-10
 -1       125 3.82017E-10-6.71404E-11-2.30890E-10-2.04281E-06 1.43154E-07 1.67401E-10
 -1       126-1.88682E-07 2.63269E-07 2.55316E-07-1.42472E-06 2.04539E-10 3.37128E-10
 -1       127-1.14635E-09 1.56481E-11 3.66335E-10-2.67487E-06-4.48663E-09-2.95741E-10
 -1       128 2.66406E-10-1.41015E-09 8.84378E-10-2.70641E-06 4.38991E-09 3.26439E-10
 -1       129 4.23561E-10 1.34045E-09-2.40953E-10-2.69663E-06 2.35838E-10-2.22308E-10
 -1       130-2.35543E-11-7.10479E-11-1.13681E-10-2.70910E-06-4.86731E-09-7.49213E-11
 -1       131-1.91430E-10 4.11294E-10 2.38550E-11-2.67017E-06 2.13962E-08 2.76838E-10
 -1       132-3.64027E-10 1.10707E-09-1.38369E-10-2.80492E-06-1.13791E-07-5.06342E-11
 -1       133 8.58561E-11 9.80616E-11 6.45571E-11-1.78228E-06 1.98183E-07-6.16829E-11
 -1       134 2.47632E-06-7.36227E-07-7.12372E-07-1.78784E-06-2.21117E-09 1.18829E-07
 -1       135-1.53009E-10 1.39571E-10-1.24961E-10-1.94681E-06 9.66025E-08-1.48029E-10
 -1       136 4.96010E-06-1.39359E-06-1.38637E-06-1.81848E-06 1.84059E-09 1.14783E-07
 -1       137-8.18749E-10-5.56098E-10 5.08192E-10-2.07088E-06-2.99337E-10 8.27020E-11
 -1       138 7.44303E-06-2.08461E-06-2.08580E-06-1.81775E-06 1.00348E-09 1.13229E-07
 -1       139 3.89500E-10-2.26567E-10 1.81692E-10-2.09293E-06 2.12700E-09 3.93545E-11
 -1       140 9.91273E-06-2.77304E-06-2.77083E-06-1.82090E-06-6.28804E-09 1.14193E-07
 -1       141 4.43786E-10 5.61430E-10-1.49927E-11-2.09812E-06-1.90948E-09 3.94349E-13
 -1       142 1.24385E-05-3.47281E-06-3.49940E-06-1.80170E-06 2.81959E-08 1.17155E-07
 -1       143-3.65493E-10 6.02415E-11-2.44831E-11-2.07687E-06 5.97697E-09-3.34366E-11
 -1       144 1.47372E-05-4.03798E-06-4.03184E-06-1.81461E-06-1.22010E-07 1.25076E-07
 -1       145-1.71209E-10 4.85945E-10-5.91224E-11-2.11505E-06-3.61454E-08 1.14465E-10
 -1       146 1.75900E-05-4.10617E-06-5.11854E-06-7.82708E-07 4.58636E-07 6.67555E-07
 -1       147-5.39877E-11 2.89537E-10 7.70687E-11-1.52121E-06-5.72056E-08 2.90030E-11
 -1       148 5.08988E-11 5.43189E-11 1.00235E-10 1.08082E-06-1.75064E-06-8.94851E-11
 -1       149-2.47805E-06 7.36320E-07 7.12754E-07-1.78785E-06-2.21919E-09-1.18842E-07
 -1       150-4.96023E-06 1.39262E-06 1.38733E-06-1.81815E-06 2.32223E-09-1.14487E-07
 -1       151-7.44187E-06 2.08583E-06 2.08538E-06-1.81731E-06 6.64233E-10-1.13675E-07
 -1       152-9.91272E-06 2.77341E-06 2.77073E-06-1.82095E-06-6.75896E-09-1.14585E-07
 -1       153-1.24389E-05 3.47326E-06 3.49953E-06-1.80149E-06 2.80487E-08-1.16957E-07
 -1       154-1.47380E-05 4.03935E-06 4.03195E-06-1.81473E-06-1.22317E-07-1.25007E-07
 -1       155-1.75898E-05 4.10651E-06 5.11833E-06-7.82678E-07 4.58418E-07-6.67516E-07
 -1       156 4.84705E-10-1.16432E-15 1.25578E-15-9.45888E-07 3.37923E-15 2.17791E-11
 -1       157 1.63366E-05-2.11875E-10-1.54677E-10-2.88524E-06-2.18079E-15 4.01407E-10
 -1       158 2.79393E-10-7.86273E-16-1.68654E-15 1.04756E-06-1.48063E-11 3.35167E-11
 -1       159 2.85827E-10-2.60008E-16-2.06182E-15 1.04829E-06 1.48008E-11 9.49634E-11
 -1       160-1.63359E-05 2.11873E-10 1.54673E-10-2.88510E-06-5.04070E-15-2.44443E-10
 -1       161 3.59145E-05-1.13789E-05-7.78712E-06 1.06979E-06 8.83286E-11-8.35227E-11
 -1       162 2.96798E-05-7.75951E-06-8.44820E-06-6.75499E-07 2.10174E-10-1.35652E-09
 -1       163 2.48187E-05-7.08751E-06-6.88886E-06-6.59334E-07-1.22055E-10-1.42254E-10
 -1       164 1.98374E-05-5.51650E-06-5.56654E-06-6.74963E-07-1.45412E-10 1.01485E-09
 -1       165 1.48815E-05-4.17670E-06-4.16308E-06-6.78219E-07-1.04788E-10-4.26728E-10
 -1       166 9.92120E-06-2.77808E-06-2.78594E-06-6.67707E-07 2.26306E-10-5.78116E-10
 -1       167 4.95544E-06-1.40625E-06-1.41503E-06-6.35490E-07 1.21058E-10 3.43916E-10
 -1       168 3.57156E-05-1.08440E-05-8.92867E-06 1.99570E-08 2.43402E-07 2.19834E-07
 -1       169 3.55301E-05-9.45054E-06-7.24071E-06-2.20805E-06 2.10568E-10 4.35378E-10
 -1       170 2.97612E-05-7.82004E-06-8.26940E-06-4.07746E-07-6.15909E-08 2.70301E-07
 -1       171 3.19141E-05-9.99772E-06-8.39988E-06 1.43752E-07 2.64727E-10-8.58585E-10
 -1       172 2.48245E-05-7.05588E-06-6.93949E-06-5.79920E-07 1.72442E-08 2.54608E-07
 -1       173 2.72784E-05-7.44187E-06-7.67896E-06-1.27350E-07 1.36515E-10-8.61494E-10
 -1       174 1.98382E-05-5.52459E-06-5.55561E-06-5.53175E-07-4.74566E-09 2.56637E-07
 -1       175 2.23252E-05-6.30682E-06-6.23088E-06-6.46869E-08-1.68740E-10 4.85108E-10
 -1       176 1.48826E-05-4.17460E-06-4.16655E-06-5.64977E-07 1.36022E-09 2.56006E-07
 -1       177 1.73584E-05-4.84736E-06-4.86500E-06-7.25151E-08 1.49031E-10 4.86737E-10
 -1       178 9.91616E-06-2.78105E-06-2.78048E-06-5.53443E-07-1.80117E-09 2.56846E-07
 -1       179 1.24046E-05-3.47510E-06-3.47436E-06-7.03901E-08-1.04809E-10-5.57889E-10
 -1       180 4.94151E-06-1.41064E-06-1.41808E-06-5.43247E-07 1.34156E-08 2.39036E-07
 -1       181 7.44070E-06-2.07594E-06-2.09089E-06-8.33087E-08 1.28771E-10-9.60682E-11
 -1       182 2.63384E-06-6.10398E-07-9.21905E-07-7.58196E-08-3.78440E-11 3.76167E-10
 -1       183 3.57164E-05-1.08442E-05-8.92968E-06 1.98733E-08-2.43569E-07-2.19962E-07
 -1       184 2.97617E-05-7.81973E-06-8.26991E-06-4.07248E-07 6.17031E-08-2.72068E-07
 -1       185 2.48237E-05-7.05565E-06-6.93906E-06-5.79655E-07-1.72093E-08-2.54627E-07
 -1       186 1.98378E-05-5.52440E-06-5.55544E-06-5.53511E-07 4.64475E-09-2.55611E-07
 -1       187 1.48828E-05-4.17447E-06-4.16703E-06-5.65034E-07-1.27790E-09-2.56319E-07
 -1       188 9.91653E-06-2.78175E-06-2.78081E-06-5.53238E-07 1.84272E-09-2.57727E-07
 -1       189 4.94198E-06-1.41067E-06-1.41806E-06-5.42894E-07-1.32817E-08-2.38739E-07
 -1       190-3.59145E-05 1.13792E-05 7.78742E-06 1.07001E-06 3.74972E-10-2.84111E-10
 -1       191-2.96799E-05 7.75930E-06 8.44757E-06-6.75810E-07-1.14382E-10 7.26528E-10
 -1       192-2.48191E-05 7.08767E-06 6.88886E-06-6.58878E-07-2.64092E-10 3.43351E-10
 -1       193-1.98378E-05 5.51681E-06 5.56660E-06-6.74862E-07-5.32091E-11-4.23562E-10
 -1       194-1.48815E-05 4.17686E-06 4.16272E-06-6.78416E-07 1.87471E-10-3.62731E-10
 -1       195-9.91998E-06 2.77763E-06 2.78571E-06-6.67181E-07-2.77889E-10-7.85541E-12
 -1       196-4.95533E-06 1.40598E-06 1.41526E-06-6.35558E-07 1.79591E-10-1.27633E-10
 -1       197-3.55300E-05 9.44998E-06 7.24079E-06-2.20804E-06 2.66549E-10-5.68557E-10
 -1       198-3.57156E-05 1.08439E-05 8.92869E-06 2.02242E-08 2.43493E-07-2.19936E-07
 -1       199-3.19139E-05 9.99736E-06 8.39988E-06 1.43959E-07 2.22502E-10 4.48948E-10
 -1       200-2.97616E-05 7.81997E-06 8.26901E-06-4.07900E-07-6.17582E-08-2.70634E-07
 -1       201-2.72786E-05 7.44222E-06 7.67877E-06-1.26980E-07 7.07748E-12 5.68047E-10
 -1       202-2.48247E-05 7.05591E-06 6.93941E-06-5.79935E-07 1.71710E-08-2.54414E-07
 -1       203-2.23257E-05 6.30695E-06 6.23090E-06-6.47369E-08-1.97936E-10-3.46830E-10
 -1       204-1.98384E-05 5.52433E-06 5.55556E-06-5.53081E-07-4.48010E-09-2.56583E-07
 -1       205-1.73586E-05 4.84744E-06 4.86483E-06-7.20954E-08 6.33615E-11-3.46454E-10
 -1       206-1.48820E-05 4.17435E-06 4.16643E-06-5.64862E-07 1.00959E-09-2.56385E-07
 -1       207-1.24042E-05 3.47521E-06 3.47407E-06-7.03494E-08 9.21251E-11-7.13404E-11
 -1       208-9.91598E-06 2.78180E-06 2.78076E-06-5.53312E-07-2.23259E-09-2.57040E-07
 -1       209-7.44011E-06 2.07543E-06 2.09081E-06-8.34516E-08-1.77813E-10-1.21383E-10
 -1       210-4.94203E-06 1.41047E-06 1.41836E-06-5.42989E-07 1.34912E-08-2.38818E-07
 -1       211-2.63375E-06 6.10408E-07 9.21891E-07-7.57907E-08 1.97672E-10 1.03718E-10
 -1       212-3.57162E-05 1.08444E-05 8.92948E-06 1.98922E-08-2.43845E-07 2.19681E-07
 -1       213-2.97614E-05 7.81964E-06 8.26962E-06-4.07489E-07 6.16862E-08 2.71785E-07
 -1       214-2.48239E-05 7.05570E-06 6.93894E-06-5.79979E-07-1.71085E-08 2.54678E-07
 -1       215-1.98387E-05 5.52440E-06 5.55556E-06-5.53105E-07 4.24601E-09 2.55885E-07
 -1       216-1.48827E-05 4.17481E-06 4.16682E-06-5.64975E-07-1.59296E-09 2.56021E-07
 -1       217-9.91549E-06 2.78085E-06 2.78029E-06-5.53357E-07 2.15172E-09 2.57015E-07
 -1       218-4.94135E-06 1.41050E-06 1.41762E-06-5.43093E-07-1.30968E-08 2.38898E-07
 -1       219-3.27598E-10 1.05825E-09-2.54893E-10-2.51959E-06-2.91713E-11-7.66961E-11
 -1       220 3.75938E-10-8.99331E-11 2.94908E-11-1.95036E-06-2.87935E-10-1.04398E-10
 -1       221-2.76219E-10-4.12052E-10 1.62146E-10-1.86445E-06-5.99828E-11-1.99702E-11
 -1       222-3.74217E-10 1.24389E-09-2.98056E-10-1.88627E-06 4.19897E-11 1.53269E-10
 -1       223 8.45039E-11-7.32686E-10 3.56423E-10-1.87657E-06 1.59380E-11-2.15812E-10
 -1       224 5.21247E-10-1.41189E-10-3.18488E-10-1.88418E-06-1.79137E-11-2.75308E-10
 -1       225-1.64133E-10 7.38790E-10-3.68195E-10-1.88392E-06 1.15374E-10 2.86917E-10
 -1       226 3.39759E-11 1.75979E-10-2.93403E-11-2.65679E-06 1.63309E-07-1.06617E-10
 -1       227 1.56790E-10 1.77585E-10-1.24621E-10-2.35889E-06 1.50924E-10 1.07534E-11
 -1       228 1.79011E-05-4.53820E-06-3.97722E-06-6.14788E-07 3.32640E-11-1.10640E-10
 -1       229-1.42037E-10 3.39086E-10-1.20571E-10-2.65690E-06-1.64196E-07-1.16660E-10
 -1       230 2.67087E-10 1.92848E-10-4.72938E-11-2.11198E-06 3.13410E-08-1.14569E-10
 -1       231 6.71206E-11 2.83101E-10-6.14463E-11-1.68048E-06-4.63941E-11-1.80049E-10
 -1       232 1.49275E-05-4.08642E-06-4.21097E-06-1.41019E-06-2.50036E-11-6.28390E-10
 -1       233-3.39563E-11 4.00394E-10-6.36242E-11-2.11124E-06-3.17095E-08-1.19012E-10
 -1       234-3.21244E-10 2.10682E-10 1.96386E-11-2.08539E-06 1.37915E-09-7.72574E-11
 -1       235-1.50529E-10-6.37970E-11 1.18142E-10-1.26836E-06-4.12860E-11-1.28023E-10
 -1       236 1.24047E-05-3.48257E-06-3.44918E-06-1.28980E-06-5.84246E-11-6.65020E-11
 -1       237-1.68843E-10-4.35972E-11 9.73316E-11-2.08569E-06-8.09436E-10 2.60980E-11
 -1       238-3.94113E-10 1.25672E-10 2.71079E-11-2.08997E-06 7.45159E-11 1.52152E-10
 -1       239-2.74129E-10 3.60018E-10-6.27353E-11-1.27628E-06-1.02874E-10 1.21362E-10
 -1       240 9.91975E-06-2.77292E-06-2.78219E-06-1.32608E-06-8.15699E-11 5.30358E-10
 -1       241-1.27511E-10 1.62809E-10-1.75716E-10-2.09031E-06 3.69450E-11 1.03602E-10
 -1       242 8.97669E-11-2.13677E-10 8.70933E-11-2.08424E-06 4.17170E-10-1.43800E-10
 -1       243-1.29874E-10 1.77354E-10 3.00936E-12-1.27402E-06 1.23830E-10 2.07706E-11
 -1       244 7.44102E-06-2.08494E-06-2.08203E-06-1.31821E-06-2.03974E-11-3.28625E-10
 -1       245 1.13608E-10 2.01676E-10 3.94134E-11-2.08443E-06-4.00310E-10-5.73101E-11
 -1       246 4.17265E-10 2.37374E-10-1.36393E-10-2.09240E-06-1.39967E-09-1.32417E-10
 -1       247 4.80291E-10-3.09390E-10 5.05337E-11-1.27539E-06-2.01421E-11-4.21995E-10
 -1       248 4.96196E-06-1.39132E-06-1.39241E-06-1.31830E-06 8.79079E-11-3.95637E-10
 -1       249 4.47035E-10-5.10998E-10 1.59300E-10-2.09230E-06 1.50896E-09-1.98257E-10
 -1       250 3.28593E-10-1.50261E-10-3.55083E-10-2.09241E-06-1.13142E-08 7.40100E-11
 -1       251 1.90672E-11 2.26215E-10-3.41609E-10-1.27690E-06-5.55621E-12 1.06618E-10
 -1       252 2.45537E-06-7.19155E-07-7.09834E-07-1.30205E-06 2.09765E-10 3.33941E-10
 -1       253-5.63378E-10 3.21358E-10 8.20124E-11-2.09227E-06 1.15457E-08 1.26561E-10
 -1       254 2.39761E-10-2.97306E-11-2.13892E-11-1.40454E-06 2.20193E-10 3.64172E-10
 -1       255-1.79015E-05 4.53940E-06 3.97710E-06-6.14675E-07 1.35259E-10-1.43670E-10
 -1       256-1.49271E-05 4.08623E-06 4.21079E-06-1.41013E-06-1.87121E-10 2.20692E-10
 -1       257-1.24051E-05 3.48223E-06 3.44944E-06-1.28976E-06-1.69794E-10 1.63685E-10
 -1       258-9.92040E-06 2.77432E-06 2.78196E-06-1.32608E-06 1.46082E-11-9.62794E-11
 -1       259-7.44095E-06 2.08428E-06 2.08227E-06-1.31825E-06 3.17779E-11-2.47453E-10
 -1       260-4.96081E-06 1.39095E-06 1.39189E-06-1.31785E-06-9.71289E-11-1.39241E-10
 -1       261-2.45548E-06 7.19757E-07 7.09573E-07-1.30211E-06 6.83380E-11 3.54143E-11
 -3
    1PSTEP                         4           1           1          
  100CL  101 1.000000000         261                     0    1           1
 -4  FORC        4    1
 -5  F1          1    2    1    0
 -5  F2          1    2    2    0
 -5  F3          1    2    3    0
 -5  ALL         1    2    0    0    1ALL
 -1         1 1.35574E+02 5.42919E+02-1.92292E+02
 -1         2-1.35573E+02 5.42903E+02 1.92276E+02
 -1         3 5.43871E-11 2.08217E+01-5.66263E-11
 -1         4 1.24524E-10 2.08217E+01-3.93702E-12
 -1         5 1.05287E-10 2.08217E+01 6.96909E-12
 -1         6-8.06659E-12 2.08217E+01 4.86613E-11
 -1         7-1.35557E+02 5.42939E+02-1.92297E+02
 -1         8 1.35564E+02 5.42930E+02 1.92288E+02
 -1         9-2.46191E-03 5.88198E+02-8.79292E-03
 -1        10-1.89464E+03-9.88786E+02-4.99295E+02
 -1        11 1.89460E+03-9.88774E+02 4.99288E+02
 -1        12 5.76572E-12-1.44862E-11 4.72089E-12
 -1        13-3.93369E-02 1.56533E-02 1.22239E-02
 -1        14 4.98148E-04-1.21580E-02 1.48740E-02
 -1        15-1.14143E-02-2.42019E-03 3.71242E-03
 -1        16 1.17982E-02-3.76633E-02 1.80042E-02
 -1        17-1.16553E-02 2.67569E-02 7.55316E-03
 -1        18-2.72332E-02 1.31901E-02 1.00321E-02
 -1        19-3.71856E-02 2.02069E-02 2.10211E-03
 -1        20 6.75478E-02-7.18579E-03 1.23785E-02
 -1        21 7.00363E-03 1.57077E-02-3.03250E-02
 -1        22 2.77923E-02-2.50187E-03-1.92102E-03
 -1        23-6.45341E-02 4.82416E-02 1.39958E-03
 -1        24 4.14684E-02-3.33985E-02-5.20817E-03
 -1        25 7.43693E-03 4.42331E-02 9.31366E-03
 -1        26-2.25208E-02-2.33310E-03-2.93592E-02
 -1        27 3.92987E-03 4.16409E+01 3.34751E-03
 -1        28 8.04959E-03-8.33266E+01 1.38279E-02
 -1        29 9.56039E-03-8.32809E+01-7.40506E-03
 -1        30-1.34474E-12 8.72903E-12 5.07558E-12
 -1        31 2.96923E-02 1.34701E-02 4.38395E-03
 -1        32-2.87535E-02-1.87975E-02 6.96268E-03
 -1        33-1.67732E-02 6.04488E-03 7.04139E-03
 -1        34 1.33557E-02-7.22565E-03-2.05067E-02
 -1        35 2.93031E-02-6.64563E-03-3.83278E-02
 -1        36 4.66810E-02 7.02559E-02-5.74336E-04
 -1        37 3.68530E-02 2.23051E-02 1.62146E-02
 -1        38-5.58653E-02-1.04750E-02-1.17765E-02
 -1        39 4.27146E-02 1.01743E-02 9.82520E-03
 -1        40 3.94771E-02 2.85494E-02 1.65589E-02
 -1        41-4.35565E-02-3.05348E-02-5.89438E-03
 -1        42-3.27662E-02 2.49795E-02 2.30981E-02
 -1        43-1.65790E-02 1.03183E-03-2.12946E-02
 -1        44 2.20545E-02 1.41807E-02 1.17773E-02
 -1        45-6.66478E-04 4.16411E+01 1.63907E-03
 -1        46-1.93016E-02-8.33313E+01 3.43153E-02
 -1        47-2.95325E-02-8.33211E+01-7.68361E-03
 -1        48 1.10269E-03 4.16481E+01-1.22652E-02
 -1        49 3.44295E-02-8.32965E+01 4.53350E-03
 -1        50-8.16808E-03-8.32963E+01-9.68368E-03
 -1        51 6.17155E-03 4.16602E+01-1.73043E-02
 -1        52-2.00118E-03-8.32828E+01 1.16537E-03
 -1        53 1.86233E-02-8.33367E+01 2.45510E-03
 -1        54 2.60117E-03 9.50712E-03 9.89813E-04
 -1        55-2.99147E-02-9.42991E-02 5.04301E-02
 -1        56-3.38738E-02 1.08553E-02 4.32421E-02
 -1        57-5.79314E-03 2.56705E-02 2.24684E-03
 -1        58 2.62262E-02-2.22024E-02-9.75266E-03
 -1        59 4.14534E-02-1.19788E-02-2.09925E-02
 -1        60 5.71239E-03 2.01050E-02-1.14006E-02
 -1        61 4.97642E-03 2.38222E-02-1.51205E-02
 -1        62 5.11082E-02 3.48535E-02-2.91959E-02
 -1        63-6.72237E-03-2.00564E-02 8.21552E-03
 -1        64-3.28208E-02-3.28618E-02 2.13401E-02
 -1        65 1.19404E-03 5.42921E-02 1.78693E-02
 -1        66-6.12392E-02 2.09480E-02 5.12884E-03
 -1        67 1.20235E-02 4.55217E-03 3.32734E-03
 -1        68-3.76318E-04-1.38861E-02-9.63734E-03
 -1        69-8.65776E-03 5.88230E+02 5.34981E-03
 -1        70-1.89458E+03-9.88742E+02 4.99252E+02
 -1        71 1.89457E+03-9.88793E+02-4.99257E+02
 -1        72 4.73253E-03 2.22327E-02 1.16391E-02
 -1        73-4.87756E-03 2.62771E-02 4.17576E-02
 -1        74 1.51481E-02 6.53616E-03 2.82318E-02
 -1        75 1.29385E-02 8.03799E-03-8.28870E-03
 -1        76 2.88455E-02-2.43115E-02 2.88959E-03
 -1        77 3.08718E-02-7.22161E-02 2.48499E-02
 -1        78 3.81205E-03 6.79645E-04-1.09365E-02
 -1        79-5.41276E-02 4.72068E-02 7.17196E-02
 -1        80-4.83506E-03-1.74947E-02-7.27118E-03
 -1        81-4.16455E-02 3.33478E-03-4.83848E-03
 -1        82-3.39614E-02 4.04257E-02-3.88263E-02
 -1        83-3.71526E-02 1.89140E-03-9.48522E-03
 -1        84-2.99457E-02 2.56889E-02-2.29130E-02
 -1        85-1.88152E-02-1.01610E-02 2.40210E-02
 -1        86-1.30138E-02-2.12126E-02 1.29820E-02
 -1        87-1.98726E+02 1.14362E+03-3.21779E-02
 -1        88 2.62291E+03 6.47458E+02-6.10686E+01
 -1        89 2.62277E+03 6.47363E+02 6.11535E+01
 -1        90 1.98710E+02 1.14359E+03 4.62007E-06
 -1        91-2.62293E+03 6.47442E+02 6.10933E+01
 -1        92-2.62280E+03 6.47371E+02-6.11527E+01
 -1        93-1.56390E-03-3.89481E-03-4.18126E-03
 -1        94-2.38240E-02 2.59018E-02 5.62460E-03
 -1        95-3.01219E-02-2.73824E-02 9.82406E-03
 -1        96-2.05754E-02-3.19370E-02 3.75817E-02
 -1        97 1.11162E-03-4.14889E-02 1.64714E-02
 -1        98 1.38407E-02-4.70531E-02-4.37345E-02
 -1        99 1.07757E-02 8.37628E-02 2.11068E-02
 -1       100 1.55925E-02 1.26686E-01 2.13519E-02
 -1       101 1.87684E-02-1.19941E-03 1.28757E-02
 -1       102-2.72654E-02 3.54118E-02-1.27217E-02
 -1       103 5.16896E-02 2.26800E-03-1.60374E-02
 -1       104-4.49619E-03 7.86581E-02-9.47469E-03
 -1       105 1.29520E-01-3.74518E-02 4.57447E-03
 -1       106 4.65971E-02-1.82955E-02-1.96826E-02
 -1       107 4.91674E-02 3.19395E-02-4.99707E-03
 -1       108-3.11640E-02 2.39785E-02 4.38536E-02
 -1       109-1.13228E-01-3.65541E-02 3.29009E-02
 -1       110 1.52692E-02 1.36362E-01 9.20308E-02
 -1       111-2.00081E-02 6.03419E-02-4.51601E-02
 -1       112-4.99362E-02-1.56963E-01 3.48656E-03
 -1       113 1.83738E-02 1.01726E-02 1.46215E-03
 -1       114 3.62393E-03-6.41502E-02-2.28319E-02
 -1       115 6.01651E-04 1.68230E-01-7.63810E-03
 -1       116 4.61872E-02-1.25756E-01-2.66481E-02
 -1       117 2.97348E-02-7.94980E-02-3.33218E-02
 -1       118 1.50132E-02 8.67136E-02-3.86317E-03
 -1       119-8.05563E-02 6.89335E-02-9.42642E-02
 -1       120 2.72819E-02-1.88814E-01-6.11868E-02
 -1       121 8.72120E-02-1.12304E-01 3.39445E-02
 -1       122 3.21836E-02 8.33620E+01 1.03579E-02
 -1       123 8.55734E-02-1.66677E+02 7.91748E-02
 -1       124-2.84522E-02-1.66711E+02 2.45069E-02
 -1       125 4.17960E-02-1.66727E+02 3.26504E-02
 -1       126 4.63727E-03-1.66583E+02 7.91654E-04
 -1       127-2.89575E-02 3.07414E-02 2.08560E-02
 -1       128-3.39359E-02-1.23751E-01 1.19967E-01
 -1       129 1.57947E-02 6.11807E-02 8.03608E-02
 -1       130-2.17924E-03 4.43622E-02-3.19418E-02
 -1       131 3.71170E-02-3.05614E-02-9.74522E-03
 -1       132 4.10226E-02-8.30589E-02 5.51108E-03
 -1       133 8.62929E-04 2.37485E-02-1.32497E-02
 -1       134-5.67433E-02-3.07059E-02-2.66086E-02
 -1       135-3.79155E-02-3.96996E-02-2.45169E-02
 -1       136 4.69224E-02-4.89096E-02-8.46765E-02
 -1       137 1.42821E-01 2.33881E-02-2.85899E-02
 -1       138-3.12399E-02-5.18713E-02 2.22493E-02
 -1       139-2.50401E-02 3.44373E-02 3.49136E-03
 -1       140-1.28222E-02 3.14100E-02 3.78977E-02
 -1       141-5.55642E-02 9.68318E-03 1.50655E-02
 -1       142-2.86372E-02 2.45034E-01-1.22961E-03
 -1       143-7.78159E-04-7.72522E-02-2.61924E-02
 -1       144-2.80984E-03 1.69401E-01-2.51530E-04
 -1       145-8.98791E-03 1.62827E-02 1.17660E-02
 -1       146 2.84523E-02-8.41101E-02 3.33419E-02
 -1       147-3.84805E-02-3.54717E-02 4.31997E-03
 -1       148 1.53017E-02-6.62170E-03-1.62985E-03
 -1       149-2.52234E-02 1.96862E-02-1.79438E-02
 -1       150 9.66927E-02 2.55747E-01 1.92242E-02
 -1       151 7.90479E-02-2.36173E-01-7.02471E-02
 -1       152-4.63104E-02-7.27443E-02-4.12532E-02
 -1       153 3.20149E-02 1.55006E-01 3.00367E-02
 -1       154-1.46257E-02-1.11940E-01-3.20781E-03
 -1       155-2.73186E-02-2.24213E-01-4.11098E-02
 -1       156-3.14555E-02 1.33875E+03-2.18655E-02
 -1       157-3.32577E+03-1.67174E+03-5.13544E-02
 -1       158-3.84872E-03-6.32449E+02 4.17788E-03
 -1       159-2.51812E-02-6.32603E+02-8.33609E-03
 -1       160 3.32575E+03-1.67184E+03 7.64858E-02
 -1       161-6.92904E-03-1.83097E-02-9.52565E-03
 -1       162 5.71969E-02-9.00131E-02 4.78573E-02
 -1       163 3.22929E-02-7.73159E-02 1.31644E-02
 -1       164 1.20268E-02 1.92907E-02-2.48869E-02
 -1       165 3.96640E-02 2.31587E-02-3.03497E-02
 -1       166 2.43847E-02-1.88023E-02 1.29611E-02
 -1       167 4.07248E-02 7.51216E-02 1.44874E-02
 -1       168-9.56371E-03-7.07468E-03 1.32085E-02
 -1       169 5.70978E-03-3.48074E-02 3.57689E-02
 -1       170-1.85992E-02 2.93281E-02-7.41576E-02
 -1       171-4.81719E-02 2.82751E-02 6.08021E-03
 -1       172-4.71642E-02-6.74443E-02-2.45174E-02
 -1       173-7.33848E-03-1.57002E-02 5.88067E-03
 -1       174-2.20829E-02-1.00845E-01-1.66923E-02
 -1       175 1.20501E-02-5.34535E-02-9.55131E-03
 -1       176-5.36918E-03-6.48760E-03-7.66521E-03
 -1       177-1.33844E-01-1.51582E-02 9.59632E-02
 -1       178-9.48968E-05 1.85064E-02-3.18852E-02
 -1       179-7.13986E-02-3.58153E-02-5.15314E-02
 -1       180-3.96647E-02 5.16204E-03 2.65278E-02
 -1       181 5.89702E-03-5.44644E-02 3.37333E-03
 -1       182 4.84377E-02 8.33713E-02 4.61703E-02
 -1       183-3.01587E-03-1.07943E-02 2.20367E-02
 -1       184 2.52980E-02-3.65485E-03 2.12323E-02
 -1       185 3.64438E-02-4.77550E-02-4.06764E-02
 -1       186-3.59039E-02-6.63185E-02 4.84785E-03
 -1       187 2.93073E-02-3.08022E-03 7.78500E-02
 -1       188-8.23647E-03-6.88783E-02-1.21051E-03
 -1       189-7.01195E-03-2.97630E-02-3.27030E-02
 -1       190 2.86011E-03-8.92675E-03-6.73713E-02
 -1       191 2.86246E-02 4.34656E-02 6.89354E-03
 -1       192-2.64193E-02-4.55781E-02 1.90409E-02
 -1       193-2.09054E-02-1.99337E-02-1.25706E-02
 -1       194 1.84607E-02 6.43321E-02 2.26857E-02
 -1       195-4.92591E-02-1.36563E-02 3.11420E-02
 -1       196-2.50630E-02 4.26664E-02-5.92543E-03
 -1       197 2.95728E-02 6.73709E-04 3.35579E-02
 -1       198-2.68609E-02 4.63681E-02 3.74238E-02
 -1       199-1.56322E-02 5.55984E-02 5.00842E-02
 -1       200-3.95232E-02 1.18243E-03 1.62278E-02
 -1       201-6.93906E-02-7.13789E-05-3.15542E-02
 -1       202 2.95058E-02 8.68519E-03 8.81255E-03
 -1       203 1.45741E-02-6.08541E-02 3.50119E-02
 -1       204 3.03723E-02-1.38465E-02 1.87818E-02
 -1       205-1.70478E-02-1.25131E-02 1.87537E-02
 -1       206-9.10255E-03-4.52189E-02-2.10856E-02
 -1       207-7.18562E-02-4.24911E-02-3.03983E-03
 -1       208 1.31571E-02-3.94508E-03-5.10175E-02
 -1       209 8.45998E-02 4.80073E-02-2.11323E-02
 -1       210-7.10087E-02 3.51714E-02-2.55191E-02
 -1       211-5.32726E-02 5.39968E-02-8.39600E-02
 -1       212 9.11136E-03-3.86262E-02 2.65425E-02
 -1       213-5.98462E-03-1.57105E-02-1.47484E-02
 -1       214-1.75275E-02-3.85391E-02-1.17874E-03
 -1       215 1.14814E-02 1.60737E-02 2.80315E-02
 -1       216 3.31248E-03-1.09282E-02 4.04394E-02
 -1       217 4.33118E-02-1.11238E-02 7.42924E-03
 -1       218-7.27441E-03 7.17901E-02-5.01138E-03
 -1       219 1.14761E-02 1.31358E-02-2.25086E-02
 -1       220 5.53695E-02-1.33186E-02 1.79615E-02
 -1       221-4.29978E-02-5.49726E-02-4.97665E-03
 -1       222-2.41671E-02 6.65493E-02 7.03434E-04
 -1       223 3.67197E-02-7.16727E-02 3.47318E-02
 -1       224 4.96462E-02-1.00422E-01 5.77551E-02
 -1       225-2.03748E-02 7.40620E-02-7.54760E-03
 -1       226-8.26044E-03 1.83959E-02 6.89027E-03
 -1       227 9.23083E-02-2.92750E-03 1.27024E-02
 -1       228 1.73298E-02 2.45094E-01-1.25724E-02
 -1       229 1.01176E-02-4.80826E-04-2.12526E-02
 -1       230 3.42725E-02-4.46167E-02-4.00986E-03
 -1       231-8.55478E-02-7.47769E-02-9.63926E-03
 -1       232-6.22080E-02 2.29779E-01-1.27250E-01
 -1       233 1.39649E-03 1.19228E-02-5.37080E-02
 -1       234-9.62142E-03 3.08813E-02 5.05746E-03
 -1       235 1.15186E-01 3.13598E-03 1.65725E-02
 -1       236-1.84299E-02 3.82204E-02-3.35414E-02
 -1       237-2.06259E-03-2.72425E-02-3.19267E-02
 -1       238 3.67978E-02 9.70638E-03-5.51493E-02
 -1       239-4.30438E-03 9.58148E-02-9.17992E-03
 -1       240-1.26029E-02 1.80753E-01 5.47424E-02
 -1       241-1.13990E-02-1.36798E-02-2.53512E-03
 -1       242 3.01154E-02-1.70717E-02 1.73282E-02
 -1       243-6.24437E-02 2.48293E-02-4.33893E-02
 -1       244-1.61675E-01 8.48476E-02 8.48276E-02
 -1       245 3.03579E-02-9.55189E-03-5.06603E-02
 -1       246-3.43582E-02 7.41736E-02 3.32558E-02
 -1       247-1.26039E-01 1.58107E-01 6.17689E-02
 -1       248-1.49656E-02-1.64291E-02-6.83662E-02
 -1       249 6.16273E-02 5.30008E-02-1.69998E-01
 -1       250-3.62354E-02-7.90730E-02 1.67121E-02
 -1       251 1.03442E-01-4.28565E-02-3.49283E-02
 -1       252-6.16277E-04-2.02456E-02 1.37172E-02
 -1       253 6.80320E-02-1.13904E-01-3.85683E-02
 -1       254-3.50587E-02-6.03658E-02-1.38343E-02
 -1       255 2.62024E-02-1.18503E-01 1.04485E-01
 -1       256 4.83914E-02-7.58355E-02 9.19172E-02
 -1       257 1.07628E-01 3.53500E-02-3.55086E-03
 -1       258 4.51428E-02-1.61125E-01-7.07997E-02
 -1       259 3.25344E-02 1.58661E-01-1.52695E-03
 -1       260 4.62113E-02-2.93301E-02-4.82710E-02
 -1       261-5.73829E-03-1.53146E-01-5.43951E-02
 -3
 9999
