    1C
    1UHash: 9RuY2957, Date: 01/25/2026, Unit system: M_KG_S_C           
    1UUSER                                                              
    1UDATE              25.january.2026                                 
    1UTIME              23:51:37                                        
    1UHOST                                                              
    1UPGM               CalculiX                                        
    1UVERSION           Version 2.23                             
    1UCOMPILETIME       Sun Jan 11 00:39:44 CET 2026                    
    1UDIR                                                               
    1UDBN                                                               
    1UMAT    1S235                                                      
    2C                           261                                     1
 -1         1-2.50000E-01 4.00000E-02-5.00000E-02
 -1         2-2.50000E-01-4.00000E-02-5.00000E-02
 -1         3 2.50000E-01-4.00000E-02-5.00000E-02
 -1         4 2.50000E-01 4.00000E-02-5.00000E-02
 -1         5 2.50000E-01-4.00000E-02 5.00000E-02
 -1         6 2.50000E-01 4.00000E-02 5.00000E-02
 -1         7-2.50000E-01-4.00000E-02 5.00000E-02
 -1         8-2.50000E-01 4.00000E-02 5.00000E-02
 -1         9-2.50000E-01 6.93889E-18-5.00000E-02
 -1        10-2.50000E-01 2.00000E-02-5.00000E-02
 -1        11-2.50000E-01-2.00000E-02-5.00000E-02
 -1        12-1.87500E-01-4.00000E-02-5.00000E-02
 -1        13-1.25000E-01-4.00000E-02-5.00000E-02
 -1        14-6.25000E-02-4.00000E-02-5.00000E-02
 -1        15 0.00000E+00-4.00000E-02-5.00000E-02
 -1        16 6.25000E-02-4.00000E-02-5.00000E-02
 -1        17 1.25000E-01-4.00000E-02-5.00000E-02
 -1        18 1.87500E-01-4.00000E-02-5.00000E-02
 -1        19-2.18750E-01-4.00000E-02-5.00000E-02
 -1        20-1.56250E-01-4.00000E-02-5.00000E-02
 -1        21-9.37500E-02-4.00000E-02-5.00000E-02
 -1        22-3.12500E-02-4.00000E-02-5.00000E-02
 -1        23 3.12500E-02-4.00000E-02-5.00000E-02
 -1        24 9.37500E-02-4.00000E-02-5.00000E-02
 -1        25 1.56250E-01-4.00000E-02-5.00000E-02
 -1        26 2.18750E-01-4.00000E-02-5.00000E-02
 -1        27 2.50000E-01 6.93889E-18-5.00000E-02
 -1        28 2.50000E-01 2.00000E-02-5.00000E-02
 -1        29 2.50000E-01-2.00000E-02-5.00000E-02
 -1        30-1.87500E-01 4.00000E-02-5.00000E-02
 -1        31-1.25000E-01 4.00000E-02-5.00000E-02
 -1        32-6.25000E-02 4.00000E-02-5.00000E-02
 -1        33 0.00000E+00 4.00000E-02-5.00000E-02
 -1        34 6.25000E-02 4.00000E-02-5.00000E-02
 -1        35 1.25000E-01 4.00000E-02-5.00000E-02
 -1        36 1.87500E-01 4.00000E-02-5.00000E-02
 -1        37-2.18750E-01 4.00000E-02-5.00000E-02
 -1        38-1.56250E-01 4.00000E-02-5.00000E-02
 -1        39-9.37500E-02 4.00000E-02-5.00000E-02
 -1        40-3.12500E-02 4.00000E-02-5.00000E-02
 -1        41 3.12500E-02 4.00000E-02-5.00000E-02
 -1        42 9.37500E-02 4.00000E-02-5.00000E-02
 -1        43 1.56250E-01 4.00000E-02-5.00000E-02
 -1        44 2.18750E-01 4.00000E-02-5.00000E-02
 -1        45 2.50000E-01-4.00000E-02 3.46945E-17
 -1        46 2.50000E-01-4.00000E-02-2.50000E-02
 -1        47 2.50000E-01-4.00000E-02 2.50000E-02
 -1        48 2.50000E-01 6.93889E-18 5.00000E-02
 -1        49 2.50000E-01 2.00000E-02 5.00000E-02
 -1        50 2.50000E-01-2.00000E-02 5.00000E-02
 -1        51 2.50000E-01 4.00000E-02 3.46945E-17
 -1        52 2.50000E-01 4.00000E-02-2.50000E-02
 -1        53 2.50000E-01 4.00000E-02 2.50000E-02
 -1        54 1.87500E-01-4.00000E-02 5.00000E-02
 -1        55 1.25000E-01-4.00000E-02 5.00000E-02
 -1        56 6.25000E-02-4.00000E-02 5.00000E-02
 -1        57 0.00000E+00-4.00000E-02 5.00000E-02
 -1        58-6.25000E-02-4.00000E-02 5.00000E-02
 -1        59-1.25000E-01-4.00000E-02 5.00000E-02
 -1        60-1.87500E-01-4.00000E-02 5.00000E-02
 -1        61 2.18750E-01-4.00000E-02 5.00000E-02
 -1        62 1.56250E-01-4.00000E-02 5.00000E-02
 -1        63 9.37500E-02-4.00000E-02 5.00000E-02
 -1        64 3.12500E-02-4.00000E-02 5.00000E-02
 -1        65-3.12500E-02-4.00000E-02 5.00000E-02
 -1        66-9.37500E-02-4.00000E-02 5.00000E-02
 -1        67-1.56250E-01-4.00000E-02 5.00000E-02
 -1        68-2.18750E-01-4.00000E-02 5.00000E-02
 -1        69-2.50000E-01 6.93889E-18 5.00000E-02
 -1        70-2.50000E-01 2.00000E-02 5.00000E-02
 -1        71-2.50000E-01-2.00000E-02 5.00000E-02
 -1        72 1.87500E-01 4.00000E-02 5.00000E-02
 -1        73 1.25000E-01 4.00000E-02 5.00000E-02
 -1        74 6.25000E-02 4.00000E-02 5.00000E-02
 -1        75 0.00000E+00 4.00000E-02 5.00000E-02
 -1        76-6.25000E-02 4.00000E-02 5.00000E-02
 -1        77-1.25000E-01 4.00000E-02 5.00000E-02
 -1        78-1.87500E-01 4.00000E-02 5.00000E-02
 -1        79 2.18750E-01 4.00000E-02 5.00000E-02
 -1        80 1.56250E-01 4.00000E-02 5.00000E-02
 -1        81 9.37500E-02 4.00000E-02 5.00000E-02
 -1        82 3.12500E-02 4.00000E-02 5.00000E-02
 -1        83-3.12500E-02 4.00000E-02 5.00000E-02
 -1        84-9.37500E-02 4.00000E-02 5.00000E-02
 -1        85-1.56250E-01 4.00000E-02 5.00000E-02
 -1        86-2.18750E-01 4.00000E-02 5.00000E-02
 -1        87-2.50000E-01-4.00000E-02-3.46945E-17
 -1        88-2.50000E-01-4.00000E-02 2.50000E-02
 -1        89-2.50000E-01-4.00000E-02-2.50000E-02
 -1        90-2.50000E-01 4.00000E-02-3.46945E-17
 -1        91-2.50000E-01 4.00000E-02 2.50000E-02
 -1        92-2.50000E-01 4.00000E-02-2.50000E-02
 -1        93-1.87500E-01 0.00000E+00-5.00000E-02
 -1        94-1.25000E-01 6.93889E-18-5.00000E-02
 -1        95-6.25000E-02 6.93889E-18-5.00000E-02
 -1        96 0.00000E+00 6.93889E-18-5.00000E-02
 -1        97 6.25000E-02 6.93889E-18-5.00000E-02
 -1        98 1.25000E-01 6.93889E-18-5.00000E-02
 -1        99 1.87500E-01 0.00000E+00-5.00000E-02
 -1       100-1.87500E-01 2.00000E-02-5.00000E-02
 -1       101-2.18750E-01 3.46945E-18-5.00000E-02
 -1       102-1.25000E-01 2.00000E-02-5.00000E-02
 -1       103-1.56250E-01 3.46945E-18-5.00000E-02
 -1       104-6.25000E-02 2.00000E-02-5.00000E-02
 -1       105-9.37500E-02 6.93889E-18-5.00000E-02
 -1       106 0.00000E+00 2.00000E-02-5.00000E-02
 -1       107-3.12500E-02 6.93889E-18-5.00000E-02
 -1       108 6.25000E-02 2.00000E-02-5.00000E-02
 -1       109 3.12500E-02 6.93889E-18-5.00000E-02
 -1       110 1.25000E-01 2.00000E-02-5.00000E-02
 -1       111 9.37500E-02 6.93889E-18-5.00000E-02
 -1       112 1.87500E-01 2.00000E-02-5.00000E-02
 -1       113 1.56250E-01 3.46945E-18-5.00000E-02
 -1       114 2.18750E-01 3.46945E-18-5.00000E-02
 -1       115-1.87500E-01-2.00000E-02-5.00000E-02
 -1       116-1.25000E-01-2.00000E-02-5.00000E-02
 -1       117-6.25000E-02-2.00000E-02-5.00000E-02
 -1       118 0.00000E+00-2.00000E-02-5.00000E-02
 -1       119 6.25000E-02-2.00000E-02-5.00000E-02
 -1       120 1.25000E-01-2.00000E-02-5.00000E-02
 -1       121 1.87500E-01-2.00000E-02-5.00000E-02
 -1       122 2.50000E-01 1.38778E-17 3.46945E-17
 -1       123 2.50000E-01 2.00000E-02 3.46945E-17
 -1       124 2.50000E-01 1.04083E-17-2.50000E-02
 -1       125 2.50000E-01 1.04083E-17 2.50000E-02
 -1       126 2.50000E-01-2.00000E-02 3.46945E-17
 -1       127 1.87500E-01 0.00000E+00 5.00000E-02
 -1       128 1.25000E-01 6.93889E-18 5.00000E-02
 -1       129 6.25000E-02 6.93889E-18 5.00000E-02
 -1       130 0.00000E+00 6.93889E-18 5.00000E-02
 -1       131-6.25000E-02 6.93889E-18 5.00000E-02
 -1       132-1.25000E-01 6.93889E-18 5.00000E-02
 -1       133-1.87500E-01 0.00000E+00 5.00000E-02
 -1       134 1.87500E-01 2.00000E-02 5.00000E-02
 -1       135 2.18750E-01 3.46945E-18 5.00000E-02
 -1       136 1.25000E-01 2.00000E-02 5.00000E-02
 -1       137 1.56250E-01 3.46945E-18 5.00000E-02
 -1       138 6.25000E-02 2.00000E-02 5.00000E-02
 -1       139 9.37500E-02 6.93889E-18 5.00000E-02
 -1       140 0.00000E+00 2.00000E-02 5.00000E-02
 -1       141 3.12500E-02 6.93889E-18 5.00000E-02
 -1       142-6.25000E-02 2.00000E-02 5.00000E-02
 -1       143-3.12500E-02 6.93889E-18 5.00000E-02
 -1       144-1.25000E-01 2.00000E-02 5.00000E-02
 -1       145-9.37500E-02 6.93889E-18 5.00000E-02
 -1       146-1.87500E-01 2.00000E-02 5.00000E-02
 -1       147-1.56250E-01 3.46945E-18 5.00000E-02
 -1       148-2.18750E-01 3.46945E-18 5.00000E-02
 -1       149 1.87500E-01-2.00000E-02 5.00000E-02
 -1       150 1.25000E-01-2.00000E-02 5.00000E-02
 -1       151 6.25000E-02-2.00000E-02 5.00000E-02
 -1       152 0.00000E+00-2.00000E-02 5.00000E-02
 -1       153-6.25000E-02-2.00000E-02 5.00000E-02
 -1       154-1.25000E-01-2.00000E-02 5.00000E-02
 -1       155-1.87500E-01-2.00000E-02 5.00000E-02
 -1       156-2.50000E-01-6.93889E-18-4.85723E-17
 -1       157-2.50000E-01 2.00000E-02-4.16334E-17
 -1       158-2.50000E-01 0.00000E+00 2.50000E-02
 -1       159-2.50000E-01 0.00000E+00-2.50000E-02
 -1       160-2.50000E-01-2.00000E-02-4.16334E-17
 -1       161-1.87500E-01 4.00000E-02-2.68882E-17
 -1       162-1.25000E-01 4.00000E-02-1.56125E-17
 -1       163-6.25000E-02 4.00000E-02-8.67362E-18
 -1       164-5.78241E-18 4.00000E-02 2.28030E-31
 -1       165 6.25000E-02 4.00000E-02 8.67362E-18
 -1       166 1.25000E-01 4.00000E-02 1.73472E-17
 -1       167 1.87500E-01 4.00000E-02 2.60209E-17
 -1       168-1.87500E-01 4.00000E-02 2.50000E-02
 -1       169-2.18750E-01 4.00000E-02-3.07913E-17
 -1       170-1.25000E-01 4.00000E-02 2.50000E-02
 -1       171-1.56250E-01 4.00000E-02-2.12504E-17
 -1       172-6.25000E-02 4.00000E-02 2.50000E-02
 -1       173-9.37500E-02 4.00000E-02-1.21431E-17
 -1       174-2.89121E-18 4.00000E-02 2.50000E-02
 -1       175-3.12500E-02 4.00000E-02-4.33681E-18
 -1       176 6.25000E-02 4.00000E-02 2.50000E-02
 -1       177 3.12500E-02 4.00000E-02 4.33681E-18
 -1       178 1.25000E-01 4.00000E-02 2.50000E-02
 -1       179 9.37500E-02 4.00000E-02 1.30104E-17
 -1       180 1.87500E-01 4.00000E-02 2.50000E-02
 -1       181 1.56250E-01 4.00000E-02 2.16840E-17
 -1       182 2.18750E-01 4.00000E-02 3.03577E-17
 -1       183-1.87500E-01 4.00000E-02-2.50000E-02
 -1       184-1.25000E-01 4.00000E-02-2.50000E-02
 -1       185-6.25000E-02 4.00000E-02-2.50000E-02
 -1       186-2.89121E-18 4.00000E-02-2.50000E-02
 -1       187 6.25000E-02 4.00000E-02-2.50000E-02
 -1       188 1.25000E-01 4.00000E-02-2.50000E-02
 -1       189 1.87500E-01 4.00000E-02-2.50000E-02
 -1       190-1.87500E-01-4.00000E-02-2.51535E-17
 -1       191-1.25000E-01-4.00000E-02-1.90820E-17
 -1       192-6.25000E-02-4.00000E-02-8.67362E-18
 -1       193-5.78241E-18-4.00000E-02-2.28030E-31
 -1       194 6.25000E-02-4.00000E-02 1.04083E-17
 -1       195 1.25000E-01-4.00000E-02 1.38778E-17
 -1       196 1.87500E-01-4.00000E-02 2.60209E-17
 -1       197-2.18750E-01-4.00000E-02-2.99240E-17
 -1       198-1.87500E-01-4.00000E-02 2.50000E-02
 -1       199-1.56250E-01-4.00000E-02-2.21177E-17
 -1       200-1.25000E-01-4.00000E-02 2.50000E-02
 -1       201-9.37500E-02-4.00000E-02-1.38778E-17
 -1       202-6.25000E-02-4.00000E-02 2.50000E-02
 -1       203-3.12500E-02-4.00000E-02-4.33681E-18
 -1       204-2.89121E-18-4.00000E-02 2.50000E-02
 -1       205 3.12500E-02-4.00000E-02 5.20417E-18
 -1       206 6.25000E-02-4.00000E-02 2.50000E-02
 -1       207 9.37500E-02-4.00000E-02 1.21431E-17
 -1       208 1.25000E-01-4.00000E-02 2.50000E-02
 -1       209 1.56250E-01-4.00000E-02 1.99493E-17
 -1       210 1.87500E-01-4.00000E-02 2.50000E-02
 -1       211 2.18750E-01-4.00000E-02 3.03577E-17
 -1       212-1.87500E-01-4.00000E-02-2.50000E-02
 -1       213-1.25000E-01-4.00000E-02-2.50000E-02
 -1       214-6.25000E-02-4.00000E-02-2.50000E-02
 -1       215-2.89121E-18-4.00000E-02-2.50000E-02
 -1       216 6.25000E-02-4.00000E-02-2.50000E-02
 -1       217 1.25000E-01-4.00000E-02-2.50000E-02
 -1       218 1.87500E-01-4.00000E-02-2.50000E-02
 -1       219-1.87500E-01-1.30104E-18-4.44523E-17
 -1       220-1.25000E-01 3.46945E-18-3.85976E-17
 -1       221-6.25000E-02 3.46945E-18-2.08167E-17
 -1       222 0.00000E+00 3.46945E-18-7.80626E-18
 -1       223 6.25000E-02 8.67362E-19 3.46945E-18
 -1       224 1.25000E-01 0.00000E+00 6.93889E-18
 -1       225 1.87500E-01-3.46945E-18 1.56125E-17
 -1       226-1.87500E-01-6.50521E-19-2.50000E-02
 -1       227-2.18750E-01-4.11997E-18-4.65123E-17
 -1       228-1.87500E-01 2.00000E-02-3.56703E-17
 -1       229-1.87500E-01-6.50521E-19 2.50000E-02
 -1       230-1.25000E-01 5.20417E-18-2.50000E-02
 -1       231-1.56250E-01 1.08420E-18-4.15249E-17
 -1       232-1.25000E-01 2.00000E-02-2.71051E-17
 -1       233-1.25000E-01 5.20417E-18 2.50000E-02
 -1       234-6.25000E-02 5.20417E-18-2.50000E-02
 -1       235-9.37500E-02 3.46945E-18-2.97071E-17
 -1       236-6.25000E-02 2.00000E-02-1.47451E-17
 -1       237-6.25000E-02 5.20417E-18 2.50000E-02
 -1       238 0.00000E+00 5.20417E-18-2.50000E-02
 -1       239-3.12500E-02 3.46945E-18-1.43115E-17
 -1       240-2.89121E-18 2.00000E-02-3.90313E-18
 -1       241 0.00000E+00 5.20417E-18 2.50000E-02
 -1       242 6.25000E-02 3.90313E-18-2.50000E-02
 -1       243 3.12500E-02 2.16840E-18-2.16840E-18
 -1       244 6.25000E-02 2.00000E-02 6.07153E-18
 -1       245 6.25000E-02 3.90313E-18 2.50000E-02
 -1       246 1.25000E-01 3.46945E-18-2.50000E-02
 -1       247 9.37500E-02 4.33681E-19 5.20417E-18
 -1       248 1.25000E-01 2.00000E-02 1.21431E-17
 -1       249 1.25000E-01 3.46945E-18 2.50000E-02
 -1       250 1.87500E-01-1.73472E-18-2.50000E-02
 -1       251 1.56250E-01-1.73472E-18 1.12757E-17
 -1       252 1.87500E-01 2.00000E-02 2.08167E-17
 -1       253 1.87500E-01-1.73472E-18 2.50000E-02
 -1       254 2.18750E-01 5.20417E-18 2.51535E-17
 -1       255-1.87500E-01-2.00000E-02-3.48029E-17
 -1       256-1.25000E-01-2.00000E-02-2.88398E-17
 -1       257-6.25000E-02-2.00000E-02-1.47451E-17
 -1       258-2.89121E-18-2.00000E-02-3.90313E-18
 -1       259 6.25000E-02-2.00000E-02 6.93889E-18
 -1       260 1.25000E-01-2.00000E-02 1.04083E-17
 -1       261 1.87500E-01-2.00000E-02 2.08167E-17
 -3
    3C                            32                                     1
 -1         1    4    0    1
 -2         1         9        93        30        90       156       219       161        10       101
 -2       100        37        92       159       226       183       157       227       228       169
 -1         2    4    0    1
 -2        90       156       219       161         8        69       133        78       157       227
 -2       228       169        91       158       229       168        70       148       146        86
 -1         3    4    0    1
 -2        30        93        94        31       161       219       220       162       100       103
 -2       102        38       183       226       230       184       228       231       232       171
 -1         4    4    0    1
 -2       161       219       220       162        78       133       132        77       228       231
 -2       232       171       168       229       233       170       146       147       144        85
 -1         5    4    0    1
 -2        31        94        95        32       162       220       221       163       102       105
 -2       104        39       184       230       234       185       232       235       236       173
 -1         6    4    0    1
 -2       162       220       221       163        77       132       131        76       232       235
 -2       236       173       170       233       237       172       144       145       142        84
 -1         7    4    0    1
 -2        32        95        96        33       163       221       222       164       104       107
 -2       106        40       185       234       238       186       236       239       240       175
 -1         8    4    0    1
 -2       163       221       222       164        76       131       130        75       236       239
 -2       240       175       172       237       241       174       142       143       140        83
 -1         9    4    0    1
 -2        33        96        97        34       164       222       223       165       106       109
 -2       108        41       186       238       242       187       240       243       244       177
 -1        10    4    0    1
 -2       164       222       223       165        75       130       129        74       240       243
 -2       244       177       174       241       245       176       140       141       138        82
 -1        11    4    0    1
 -2        34        97        98        35       165       223       224       166       108       111
 -2       110        42       187       242       246       188       244       247       248       179
 -1        12    4    0    1
 -2       165       223       224       166        74       129       128        73       244       247
 -2       248       179       176       245       249       178       138       139       136        81
 -1        13    4    0    1
 -2        35        98        99        36       166       224       225       167       110       113
 -2       112        43       188       246       250       189       248       251       252       181
 -1        14    4    0    1
 -2       166       224       225       167        73       128       127        72       248       251
 -2       252       181       178       249       253       180       136       137       134        80
 -1        15    4    0    1
 -2        36        99        27         4       167       225       122        51       112       114
 -2        28        44       189       250       124        52       252       254       123       182
 -1        16    4    0    1
 -2       167       225       122        51        72       127        48         6       252       254
 -2       123       182       180       253       125        53       134       135        49        79
 -1        17    4    0    1
 -2         9         2        12        93       156        87       190       219        11        19
 -2       115       101       159        89       212       226       160       197       255       227
 -1        18    4    0    1
 -2       156        87       190       219        69         7        60       133       160       197
 -2       255       227       158        88       198       229        71        68       155       148
 -1        19    4    0    1
 -2        93        12        13        94       219       190       191       220       115        20
 -2       116       103       226       212       213       230       255       199       256       231
 -1        20    4    0    1
 -2       219       190       191       220       133        60        59       132       255       199
 -2       256       231       229       198       200       233       155        67       154       147
 -1        21    4    0    1
 -2        94        13        14        95       220       191       192       221       116        21
 -2       117       105       230       213       214       234       256       201       257       235
 -1        22    4    0    1
 -2       220       191       192       221       132        59        58       131       256       201
 -2       257       235       233       200       202       237       154        66       153       145
 -1        23    4    0    1
 -2        95        14        15        96       221       192       193       222       117        22
 -2       118       107       234       214       215       238       257       203       258       239
 -1        24    4    0    1
 -2       221       192       193       222       131        58        57       130       257       203
 -2       258       239       237       202       204       241       153        65       152       143
 -1        25    4    0    1
 -2        96        15        16        97       222       193       194       223       118        23
 -2       119       109       238       215       216       242       258       205       259       243
 -1        26    4    0    1
 -2       222       193       194       223       130        57        56       129       258       205
 -2       259       243       241       204       206       245       152        64       151       141
 -1        27    4    0    1
 -2        97        16        17        98       223       194       195       224       119        24
 -2       120       111       242       216       217       246       259       207       260       247
 -1        28    4    0    1
 -2       223       194       195       224       129        56        55       128       259       207
 -2       260       247       245       206       208       249       151        63       150       139
 -1        29    4    0    1
 -2        98        17        18        99       224       195       196       225       120        25
 -2       121       113       246       217       218       250       260       209       261       251
 -1        30    4    0    1
 -2       224       195       196       225       128        55        54       127       260       209
 -2       261       251       249       208       210       253       150        62       149       137
 -1        31    4    0    1
 -2        99        18         3        27       225       196        45       122       121        26
 -2        29       114       250       218        46       124       261       211       126       254
 -1        32    4    0    1
 -2       225       196        45       122       127        54         5        48       261       211
 -2       126       254       253       210        47       125       149        61        50       135
 -3
    1PSTEP                         1           1           1          
  100CL  101 1.000000000         261                     0    1           1
 -4  DISP        4    1
 -5  D1          1    2    1    0
 -5  D2          1    2    2    0
 -5  D3          1    2    3    0
 -5  ALL         1    2    0    0    1ALL
 -1         1 0.00000E+00 0.00000E+00 0.00000E+00
 -1         2 0.00000E+00 0.00000E+00 0.00000E+00
 -1         3-5.50529E-06-4.64876E-05 8.12084E-08
 -1         4 5.52720E-06-4.64877E-05 9.22385E-08
 -1         5-5.52711E-06-4.64885E-05 9.15063E-08
 -1         6 5.50535E-06-4.64885E-05 8.19637E-08
 -1         7 0.00000E+00 0.00000E+00 0.00000E+00
 -1         8 0.00000E+00 0.00000E+00 0.00000E+00
 -1         9 0.00000E+00 0.00000E+00 0.00000E+00
 -1        10 0.00000E+00 0.00000E+00 0.00000E+00
 -1        11 0.00000E+00 0.00000E+00 0.00000E+00
 -1        12-1.24278E-06-1.01560E-06-2.53403E-07
 -1        13-2.36951E-06-3.96567E-06-2.24104E-07
 -1        14-3.32382E-06-8.55623E-06-1.75146E-07
 -1        15-4.10793E-06-1.45069E-05-1.24187E-07
 -1        16-4.71734E-06-2.15480E-05-7.18289E-08
 -1        17-5.15312E-06-2.94064E-05-1.91366E-08
 -1        18-5.41481E-06-3.78097E-05 3.32390E-08
 -1        19-6.18765E-07-2.82878E-07-2.30424E-07
 -1        20-1.82744E-06-2.27098E-06-2.45412E-07
 -1        21-2.86636E-06-6.07456E-06-2.00075E-07
 -1        22-3.73701E-06-1.13782E-05-1.49886E-07
 -1        23-4.43352E-06-1.79083E-05-9.80973E-08
 -1        24-4.95622E-06-2.53920E-05-4.55073E-08
 -1        25-5.30478E-06-3.35569E-05 7.27974E-09
 -1        26-5.47986E-06-4.21281E-05 5.77321E-08
 -1        27 1.09166E-08-4.64752E-05 8.67089E-08
 -1        28 2.75556E-06-4.64811E-05 8.79056E-08
 -1        29-2.73368E-06-4.64811E-05 8.55292E-08
 -1        30 1.25024E-06-1.01676E-06 2.59581E-07
 -1        31 2.38276E-06-3.96655E-06 2.44630E-07
 -1        32 3.34113E-06-8.55687E-06 2.15901E-07
 -1        33 4.12778E-06-1.45072E-05 1.89117E-07
 -1        34 4.73858E-06-2.15482E-05 1.63214E-07
 -1        35 5.17491E-06-2.94065E-05 1.37762E-07
 -1        36 5.43672E-06-3.78097E-05 1.12876E-07
 -1        37 6.22581E-07-2.84143E-07 2.32506E-07
 -1        38 1.83804E-06-2.27202E-06 2.57886E-07
 -1        39 2.88182E-06-6.07526E-06 2.30128E-07
 -1        40 3.75576E-06-1.13786E-05 2.02354E-07
 -1        41 4.45420E-06-1.79085E-05 1.76085E-07
 -1        42 4.97782E-06-2.53921E-05 1.50473E-07
 -1        43 5.32665E-06-3.35569E-05 1.25109E-07
 -1        44 5.50178E-06-4.21281E-05 1.02076E-07
 -1        45-5.52383E-06-4.64980E-05 8.63674E-08
 -1        46-5.51760E-06-4.64944E-05 8.24872E-08
 -1        47-5.52848E-06-4.64948E-05 9.02279E-08
 -1        48-1.08942E-08-4.64761E-05 8.67409E-08
 -1        49 2.73375E-06-4.64820E-05 8.59133E-08
 -1        50-2.75552E-06-4.64820E-05 8.75669E-08
 -1        51 5.52389E-06-4.64981E-05 8.71157E-08
 -1        52 5.52860E-06-4.64944E-05 9.09804E-08
 -1        53 5.51764E-06-4.64948E-05 8.32462E-08
 -1        54-5.43664E-06-3.78106E-05 1.12142E-07
 -1        55-5.17485E-06-2.94073E-05 1.37159E-07
 -1        56-4.73851E-06-2.15490E-05 1.62520E-07
 -1        57-4.12769E-06-1.45081E-05 1.88446E-07
 -1        58-3.34106E-06-8.55785E-06 2.15131E-07
 -1        59-2.38274E-06-3.96748E-06 2.43881E-07
 -1        60-1.25026E-06-1.01731E-06 2.59143E-07
 -1        61-5.50170E-06-4.21290E-05 1.01328E-07
 -1        62-5.32658E-06-3.35577E-05 1.24452E-07
 -1        63-4.97775E-06-2.53929E-05 1.49802E-07
 -1        64-4.45411E-06-1.79094E-05 1.75379E-07
 -1        65-3.75567E-06-1.13796E-05 2.01641E-07
 -1        66-2.88179E-06-6.07626E-06 2.29333E-07
 -1        67-1.83804E-06-2.27276E-06 2.57288E-07
 -1        68-6.22627E-07-2.84384E-07 2.32306E-07
 -1        69 0.00000E+00 0.00000E+00 0.00000E+00
 -1        70 0.00000E+00 0.00000E+00 0.00000E+00
 -1        71 0.00000E+00 0.00000E+00 0.00000E+00
 -1        72 5.41483E-06-3.78106E-05 3.39671E-08
 -1        73 5.15321E-06-2.94073E-05-1.84298E-08
 -1        74 4.71739E-06-2.15488E-05-7.12045E-08
 -1        75 4.10799E-06-1.45078E-05-1.23416E-07
 -1        76 3.32388E-06-8.55724E-06-1.74361E-07
 -1        77 2.36959E-06-3.96656E-06-2.23423E-07
 -1        78 1.24284E-06-1.01611E-06-2.53020E-07
 -1        79 5.47989E-06-4.21290E-05 5.84666E-08
 -1        80 5.30481E-06-3.35577E-05 7.97079E-09
 -1        81 4.95629E-06-2.53928E-05-4.48450E-08
 -1        82 4.43357E-06-1.79092E-05-9.74052E-08
 -1        83 3.73708E-06-1.13792E-05-1.49076E-07
 -1        84 2.86641E-06-6.07549E-06-1.99343E-07
 -1        85 1.82753E-06-2.27173E-06-2.44832E-07
 -1        86 6.18805E-07-2.83134E-07-2.30231E-07
 -1        87 0.00000E+00 0.00000E+00 0.00000E+00
 -1        88 0.00000E+00 0.00000E+00 0.00000E+00
 -1        89 0.00000E+00 0.00000E+00 0.00000E+00
 -1        90 0.00000E+00 0.00000E+00 0.00000E+00
 -1        91 0.00000E+00 0.00000E+00 0.00000E+00
 -1        92 0.00000E+00 0.00000E+00 0.00000E+00
 -1        93 3.77065E-09-9.22314E-07 3.31602E-09
 -1        94 6.64628E-09-3.87468E-06 1.04084E-08
 -1        95 8.66463E-09-8.47830E-06 2.04923E-08
 -1        96 9.94142E-09-1.44446E-05 3.25475E-08
 -1        97 1.06259E-08-2.15012E-05 4.57255E-08
 -1        98 1.09141E-08-2.93751E-05 5.93487E-08
 -1        99 1.09515E-08-3.77930E-05 7.30688E-08
 -1       100 6.19055E-07-9.33945E-07 1.33534E-07
 -1       101 1.83304E-09-1.55714E-07 1.25590E-09
 -1       102 1.18199E-06-3.89939E-06 1.27287E-07
 -1       103 5.33152E-09-2.16997E-06 6.43634E-09
 -1       104 1.66356E-06-8.49748E-06 1.18336E-07
 -1       105 7.74726E-09-5.98874E-06 1.51523E-08
 -1       106 2.05711E-06-1.44605E-05 1.10809E-07
 -1       107 9.38918E-09-1.13081E-05 2.63368E-08
 -1       108 2.36298E-06-2.15130E-05 1.04477E-07
 -1       109 1.03479E-08-1.78537E-05 3.90402E-08
 -1       110 2.58119E-06-2.93830E-05 9.85284E-08
 -1       111 1.08015E-08-2.53530E-05 5.24948E-08
 -1       112 2.71249E-06-3.77975E-05 9.31143E-08
 -1       113 1.09663E-08-3.35334E-05 6.62020E-08
 -1       114 1.09377E-08-4.21220E-05 7.99028E-08
 -1       115-6.11564E-07-9.33392E-07-1.26986E-07
 -1       116-1.16870E-06-3.89895E-06-1.06550E-07
 -1       117-1.64623E-06-8.49716E-06-7.74040E-08
 -1       118-2.03723E-06-1.44603E-05-4.57703E-08
 -1       119-2.34173E-06-2.15129E-05-1.30596E-08
 -1       120-2.55938E-06-2.93829E-05 2.01331E-08
 -1       121-2.69057E-06-3.77975E-05 5.30161E-08
 -1       122 4.28734E-11-4.64868E-05 8.67544E-08
 -1       123 2.75034E-06-4.64923E-05 8.69271E-08
 -1       124 5.48251E-09-4.64817E-05 8.67237E-08
 -1       125-5.43146E-09-4.64821E-05 8.67665E-08
 -1       126-2.75029E-06-4.64923E-05 8.65508E-08
 -1       127-1.09046E-08-3.77939E-05 7.30560E-08
 -1       128-1.08207E-08-2.93759E-05 5.93681E-08
 -1       129-1.05765E-08-2.15020E-05 4.57070E-08
 -1       130-9.89514E-09-1.44455E-05 3.25772E-08
 -1       131-8.61006E-09-8.47930E-06 2.05284E-08
 -1       132-6.60141E-09-3.87558E-06 1.04347E-08
 -1       133-3.75514E-09-9.22853E-07 3.34320E-09
 -1       134 2.69062E-06-3.77984E-05 5.33683E-08
 -1       135-1.08979E-08-4.21229E-05 7.98959E-08
 -1       136 2.55945E-06-2.93838E-05 2.04756E-08
 -1       137-1.08552E-08-3.35342E-05 6.61897E-08
 -1       138 2.34179E-06-2.15137E-05-1.27480E-08
 -1       139-1.07571E-08-2.53539E-05 5.25061E-08
 -1       140 2.03728E-06-1.44612E-05-4.53841E-08
 -1       141-1.02738E-08-1.78546E-05 3.90412E-08
 -1       142 1.64629E-06-8.49817E-06-7.70022E-08
 -1       143-9.35589E-09-1.13091E-05 2.63459E-08
 -1       144 1.16874E-06-3.89984E-06-1.06204E-07
 -1       145-7.70634E-09-5.98970E-06 1.51544E-08
 -1       146 6.11553E-07-9.33904E-07-1.26773E-07
 -1       147-5.27876E-09-2.17070E-06 6.44282E-09
 -1       148-1.83823E-09-1.55970E-07 1.25769E-09
 -1       149-2.71243E-06-3.77984E-05 9.27266E-08
 -1       150-2.58112E-06-2.93838E-05 9.82253E-08
 -1       151-2.36292E-06-2.15138E-05 1.04137E-07
 -1       152-2.05705E-06-1.44613E-05 1.10479E-07
 -1       153-1.66351E-06-8.49848E-06 1.17966E-07
 -1       154-1.18195E-06-3.90031E-06 1.26943E-07
 -1       155-6.19004E-07-9.34504E-07 1.33332E-07
 -1       156 0.00000E+00 0.00000E+00 0.00000E+00
 -1       157 0.00000E+00 0.00000E+00 0.00000E+00
 -1       158 0.00000E+00 0.00000E+00 0.00000E+00
 -1       159 0.00000E+00 0.00000E+00 0.00000E+00
 -1       160 0.00000E+00 0.00000E+00 0.00000E+00
 -1       161 1.25403E-06-1.17436E-06 2.96096E-09
 -1       162 2.37791E-06-4.11282E-06 1.03068E-08
 -1       163 3.33758E-06-8.67910E-06 2.05921E-08
 -1       164 4.12252E-06-1.46052E-05 3.27320E-08
 -1       165 4.73273E-06-2.16218E-05 4.59455E-08
 -1       166 5.16878E-06-2.94556E-05 5.96540E-08
 -1       167 5.43021E-06-3.78351E-05 7.34053E-08
 -1       168 1.24220E-06-1.14261E-06-1.19078E-07
 -1       169 5.99793E-07-4.03561E-07 7.15379E-10
 -1       170 2.37838E-06-4.07498E-06-1.07838E-07
 -1       171 1.83625E-06-2.42809E-06 6.18773E-09
 -1       172 3.33396E-06-8.64893E-06-7.66558E-08
 -1       173 2.87873E-06-6.20920E-06 1.51568E-08
 -1       174 4.11865E-06-1.45809E-05-4.54312E-08
 -1       175 3.75110E-06-1.14888E-05 2.64655E-08
 -1       176 4.72843E-06-2.16036E-05-1.26197E-08
 -1       177 4.44861E-06-1.79943E-05 3.92385E-08
 -1       178 5.16437E-06-2.94437E-05 2.05664E-08
 -1       179 4.97178E-06-2.54535E-05 5.27762E-08
 -1       180 5.42575E-06-3.78288E-05 5.37936E-08
 -1       181 5.32047E-06-3.35940E-05 6.65246E-08
 -1       182 5.49630E-06-4.21432E-05 8.02663E-08
 -1       183 1.24565E-06-1.14295E-06 1.25068E-07
 -1       184 2.38479E-06-4.07500E-06 1.28621E-07
 -1       185 3.34244E-06-8.64876E-06 1.17925E-07
 -1       186 4.12846E-06-1.45806E-05 1.10949E-07
 -1       187 4.73897E-06-2.16033E-05 1.04551E-07
 -1       188 5.17517E-06-2.94433E-05 9.87409E-08
 -1       189 5.43662E-06-3.78284E-05 9.30292E-08
 -1       190-1.25401E-06-1.17424E-06 2.55349E-09
 -1       191-2.37788E-06-4.11276E-06 9.62561E-09
 -1       192-3.33751E-06-8.67910E-06 1.98162E-08
 -1       193-4.12247E-06-1.46052E-05 3.20242E-08
 -1       194-4.73266E-06-2.16218E-05 4.53111E-08
 -1       195-5.16874E-06-2.94556E-05 5.89892E-08
 -1       196-5.43009E-06-3.78351E-05 7.26961E-08
 -1       197-5.99780E-07-4.03541E-07 5.07738E-10
 -1       198-1.24571E-06-1.14317E-06 1.24640E-07
 -1       199-1.83623E-06-2.42805E-06 5.61240E-09
 -1       200-2.38478E-06-4.07542E-06 1.27902E-07
 -1       201-2.87867E-06-6.20918E-06 1.44002E-08
 -1       202-3.34236E-06-8.64924E-06 1.17151E-07
 -1       203-3.75102E-06-1.14888E-05 2.57258E-08
 -1       204-4.12839E-06-1.45810E-05 1.10274E-07
 -1       205-4.44860E-06-1.79943E-05 3.85583E-08
 -1       206-4.73890E-06-2.16037E-05 1.03880E-07
 -1       207-4.97167E-06-2.54535E-05 5.21122E-08
 -1       208-5.17511E-06-2.94437E-05 9.81056E-08
 -1       209-5.32042E-06-3.35940E-05 6.58308E-08
 -1       210-5.43657E-06-3.78289E-05 9.23191E-08
 -1       211-5.49619E-06-4.21432E-05 7.95435E-08
 -1       212-1.24211E-06-1.14233E-06-1.19466E-07
 -1       213-2.37831E-06-4.07453E-06-1.08504E-07
 -1       214-3.33389E-06-8.64844E-06-7.74388E-08
 -1       215-4.11862E-06-1.45804E-05-4.61725E-08
 -1       216-4.72839E-06-2.16032E-05-1.32479E-08
 -1       217-5.16429E-06-2.94432E-05 1.98847E-08
 -1       218-5.42566E-06-3.78284E-05 5.30733E-08
 -1       219 8.83239E-12-1.06991E-06 2.98329E-09
 -1       220 1.46232E-11-4.02010E-06 1.01583E-08
 -1       221 3.43120E-11-8.60075E-06 2.03342E-08
 -1       222 2.56202E-11-1.45427E-05 3.24595E-08
 -1       223 1.63008E-11-2.15749E-05 4.56790E-08
 -1       224 3.56026E-11-2.94243E-05 5.93449E-08
 -1       225 3.97478E-11-3.78187E-05 7.30652E-08
 -1       226 1.78639E-09-1.04462E-06 3.00492E-09
 -1       227-6.83877E-12-2.75113E-07 8.32421E-10
 -1       228 6.11454E-07-1.08398E-06 3.04591E-09
 -1       229-1.76797E-09-1.04488E-06 3.04287E-09
 -1       230 3.25971E-09-3.98211E-06 1.02236E-08
 -1       231 1.63972E-11-2.32268E-06 6.10595E-09
 -1       232 1.18044E-06-4.04579E-06 1.02732E-08
 -1       233-3.21542E-09-3.98256E-06 1.02410E-08
 -1       234 4.28357E-09-8.57053E-06 2.03645E-08
 -1       235 3.65947E-11-6.12362E-06 1.49306E-08
 -1       236 1.66021E-06-8.61967E-06 2.04921E-08
 -1       237-4.23315E-09-8.57101E-06 2.03906E-08
 -1       238 4.93596E-09-1.45180E-05 3.24732E-08
 -1       239 1.78841E-11-1.14184E-05 2.62063E-08
 -1       240 2.05251E-06-1.45585E-05 3.26156E-08
 -1       241-4.87534E-09-1.45184E-05 3.24950E-08
 -1       242 5.29805E-09-2.15564E-05 4.56926E-08
 -1       243 2.08585E-11-1.79396E-05 3.89630E-08
 -1       244 2.35771E-06-2.15866E-05 4.58241E-08
 -1       245-5.23936E-09-2.15568E-05 4.56813E-08
 -1       246 5.45274E-09-2.94119E-05 5.93430E-08
 -1       247 3.81040E-11-2.54145E-05 5.24680E-08
 -1       248 2.57564E-06-2.94322E-05 5.95075E-08
 -1       249-5.38848E-09-2.94123E-05 5.93581E-08
 -1       250 5.48232E-09-3.78120E-05 7.30710E-08
 -1       251 2.75133E-11-3.35705E-05 6.61990E-08
 -1       252 2.70661E-06-3.78230E-05 7.32389E-08
 -1       253-5.42013E-09-3.78124E-05 7.30531E-08
 -1       254 3.32523E-11-4.21369E-05 7.99014E-08
 -1       255-6.11443E-07-1.08389E-06 2.84548E-09
 -1       256-1.18040E-06-4.04575E-06 9.93398E-09
 -1       257-1.66014E-06-8.61968E-06 2.01135E-08
 -1       258-2.05246E-06-1.45585E-05 3.22577E-08
 -1       259-2.35766E-06-2.15866E-05 4.55035E-08
 -1       260-2.57558E-06-2.94322E-05 5.91665E-08
 -1       261-2.70653E-06-3.78230E-05 7.28791E-08
 -3
    1PSTEP                         2           1           1          
  100CL  101 1.000000000         261                     0    1           1
 -4  STRESS      6    1
 -5  SXX         1    4    1    1
 -5  SYY         1    4    2    2
 -5  SZZ         1    4    3    3
 -5  SXY         1    4    1    2
 -5  SYZ         1    4    2    3
 -5  SZX         1    4    3    1
 -1         1 5.32666E+06 2.07151E+06 2.07150E+06-1.57251E+05-5.48278E-01 8.79960E+05
 -1         2-5.29313E+06-2.05847E+06-2.05846E+06-1.52129E+05-5.48560E-01-8.77136E+05
 -1         3-1.25790E+04 7.31056E+04 1.67622E+04-7.43607E+04-3.18100E+03 9.93683E+03
 -1         4 1.24750E+04-7.31516E+04-1.66069E+04-7.44462E+04-3.00850E+03-9.94339E+03
 -1         5-1.23695E+04 7.31689E+04 1.69150E+04-7.44192E+04 3.29899E+03-1.00879E+04
 -1         6 1.27867E+04-7.31850E+04-1.68166E+04-7.45628E+04 3.18149E+03 1.00975E+04
 -1         7-5.32736E+06-2.07178E+06-2.07178E+06-1.57796E+05 5.49673E-01 8.79480E+05
 -1         8 5.29357E+06 2.05864E+06 2.05864E+06-1.52808E+05 5.48021E-01-8.76624E+05
 -1         9 1.52980E+04 5.94932E+03 5.94932E+03 3.93047E+05-6.02994E-01 2.24118E+03
 -1        10 2.63698E+06 1.02546E+06 1.02547E+06 1.64599E+05 1.65796E+00 4.43842E+05
 -1        11-2.60496E+06-1.01301E+06-1.01301E+06 1.67129E+05 1.65490E+00-4.40001E+05
 -1        12-4.09547E+06 1.06162E+05 5.80998E+04 5.23932E+03-6.08246E+04 1.30543E+05
 -1        13-3.51913E+06-7.47597E+04-4.58929E+04-5.84133E+04 1.03312E+04 2.36419E+04
 -1        14-2.92358E+06 1.51429E+04 8.26189E+03-7.70239E+04-2.95369E+03 2.25476E+04
 -1        15-2.34133E+06-4.52667E+03-2.30054E+03-7.43574E+04 6.31380E+02 2.18780E+04
 -1        16-1.75607E+06 1.08569E+03 7.67121E+02-7.54944E+04-2.30893E+02 2.17182E+04
 -1        17-1.17029E+06 9.66481E+02 1.26960E+01-7.45046E+04 1.76614E+02 2.19503E+04
 -1        18-5.80702E+05 7.81891E+03 7.08494E+03-6.97644E+04-5.37943E+02 2.04605E+04
 -1        19-4.31376E+06-2.38034E+05-2.54513E+05-2.77075E+04 1.13652E+05-2.80829E+05
 -1        20-3.73609E+06 1.01846E+05 7.61663E+04-2.85648E+04-1.93647E+04 2.95145E+04
 -1        21-3.21599E+06-1.98028E+04-1.39278E+04-3.21730E+04 4.58535E+03 1.83472E+04
 -1        22-2.63236E+06 5.24772E+03 3.13017E+03-3.23393E+04-1.11827E+03 2.20994E+04
 -1        23-2.04816E+06-1.22798E+03-5.34020E+02-3.21545E+04 2.29308E+02 2.16489E+04
 -1        24-1.46424E+06 2.30399E+02-1.68422E+02-3.20883E+04-6.33175E+01 2.16609E+04
 -1        25-8.79326E+05-3.03151E+02 1.63023E+02-3.32272E+04-3.36777E+02 2.15463E+04
 -1        26-3.10331E+05-1.33874E+04-9.06890E+03-2.73723E+04 1.68365E+03 1.56853E+04
 -1        27-2.40968E+02-2.02370E+02-6.57958E+01-2.57340E+05-2.47515E+04 7.54553E+00
 -1        28-1.43520E+04-7.42326E+04-1.80340E+04-1.70488E+05-1.42143E+04-4.14184E+03
 -1        29 1.39829E+04 7.39515E+04 1.79224E+04-1.70538E+05-1.43137E+04 4.09170E+03
 -1        30 4.11860E+06-1.06404E+05-5.85906E+04 6.31043E+03-6.11165E+04-1.30256E+05
 -1        31 3.53526E+06 7.48646E+04 4.60565E+04-5.81793E+04 1.04996E+04-2.29151E+04
 -1        32 2.93464E+06-1.52253E+04-8.24763E+03-7.68600E+04-2.87514E+03-2.20568E+04
 -1        33 2.34754E+06 4.31802E+03 2.12878E+03-7.42389E+04 5.80322E+02-2.13130E+04
 -1        34 1.75893E+06-1.23670E+03-8.54706E+02-7.54113E+04-1.69535E+02-2.14108E+04
 -1        35 1.17094E+06-1.22268E+03 2.73366E+01-7.45358E+04 2.36178E+02-2.17988E+04
 -1        36 5.80819E+05-7.74770E+03-7.19090E+03-6.98231E+04-7.80945E+02-2.05448E+04
 -1        37 4.33956E+06 2.38863E+05 2.56304E+05-2.88801E+04 1.14279E+05 2.82042E+05
 -1        38 3.75523E+06-1.02298E+05-7.67668E+04-2.83881E+04-1.93570E+04-2.92191E+04
 -1        39 3.22980E+06 2.01490E+04 1.40614E+04-3.20817E+04 4.65521E+03-1.80386E+04
 -1        40 2.64080E+06-5.34051E+03-3.31931E+03-3.21599E+04-1.13351E+03-2.18214E+04
 -1        41 2.05279E+06 1.25739E+03 3.25550E+02-3.20485E+04 2.06831E+02-2.14563E+04
 -1        42 1.46607E+06-2.22768E+02 1.32537E+02-3.20473E+04 2.67800E+01-2.15565E+04
 -1        43 8.79647E+05 1.74262E+02-3.72280E+02-3.32467E+04-3.91475E+02-2.15492E+04
 -1        44 3.10315E+05 1.34433E+04 9.06002E+03-2.74918E+04 1.62713E+03-1.57046E+04
 -1        45-2.01576E+04 7.21195E+04 5.79437E+04-6.91156E+04 2.12661E+01 6.85653E+01
 -1        46-1.32001E+04 7.91618E+04 4.01390E+04-5.96954E+04-1.94605E+03 6.82532E+03
 -1        47-1.30625E+04 7.91587E+04 4.00924E+04-5.97722E+04 2.06832E+03-6.85253E+03
 -1        48-1.97506E+02-2.56815E+02-5.00334E+02-2.57001E+05 2.46872E+04 6.92246E+01
 -1        49-1.40490E+04-7.41648E+04-1.82522E+04-1.70396E+05 1.42997E+04 4.27918E+03
 -1        50 1.41219E+04 7.39524E+04 1.79269E+04-1.70363E+05 1.43179E+04-4.13522E+03
 -1        51 1.96825E+04-7.20840E+04-5.80610E+04-6.91034E+04 8.07023E+01-5.78015E+01
 -1        52 1.32775E+04-7.88706E+04-3.98837E+04-5.96454E+04-1.86674E+03-6.85845E+03
 -1        53 1.30021E+04-7.91020E+04-4.01482E+04-5.97794E+04 2.03170E+03 6.89609E+03
 -1        54-5.80791E+05 7.92164E+03 6.94365E+03-7.00283E+04 5.84758E+02-2.04537E+04
 -1        55-1.17097E+06 9.92106E+02 1.87090E+02-7.44707E+04-9.92390E+01-2.17509E+04
 -1        56-1.75913E+06 1.06777E+03 6.18886E+02-7.53937E+04 1.61339E+02-2.13335E+04
 -1        57-2.34762E+06-4.52587E+03-2.28418E+03-7.43402E+04-6.49621E+02-2.12889E+04
 -1        58-2.93435E+06 1.51728E+04 8.35284E+03-7.68888E+04 2.83529E+03-2.19446E+04
 -1        59-3.53535E+06-7.49053E+04-4.63229E+04-5.83853E+04-1.05073E+04-2.31429E+04
 -1        60-4.11830E+06 1.06259E+05 5.85907E+04 6.14309E+03 6.10302E+04-1.30516E+05
 -1        61-3.10324E+05-1.34896E+04-9.17479E+03-2.75330E+04-1.64075E+03-1.57201E+04
 -1        62-8.79647E+05-3.83811E+02 3.80864E+02-3.33667E+04 2.97294E+02-2.15518E+04
 -1        63-1.46621E+06-1.18913E+01-1.92413E+02-3.19961E+04 8.56407E+01-2.14965E+04
 -1        64-2.05296E+06-1.42141E+03-5.80982E+02-3.21265E+04-2.52795E+02-2.13436E+04
 -1        65-2.64077E+06 5.25543E+03 3.30377E+03-3.21986E+04 1.03649E+03-2.17049E+04
 -1        66-3.22953E+06-1.99218E+04-1.40464E+04-3.21374E+04-4.72850E+03-1.80858E+04
 -1        67-3.75515E+06 1.02191E+05 7.67348E+04-2.85037E+04 1.93603E+04-2.94239E+04
 -1        68-4.33973E+06-2.39149E+05-2.56362E+05-2.92904E+04-1.14266E+05 2.81548E+05
 -1        69-1.54539E+04-6.00994E+03-6.00995E+03 3.92410E+05 6.03587E-01 2.21492E+03
 -1        70 2.60489E+06 1.01298E+06 1.01299E+06 1.66485E+05-1.65409E+00-4.39748E+05
 -1        71-2.63717E+06-1.02554E+06-1.02554E+06 1.63991E+05-1.65924E+00 4.43594E+05
 -1        72 5.80743E+05-7.98742E+03-7.07049E+03-6.99527E+04 6.08323E+02 2.02822E+04
 -1        73 1.17002E+06-1.09715E+03 1.19267E+02-7.44416E+04 1.50988E+01 2.19502E+04
 -1        74 1.75613E+06-1.15491E+03-7.93444E+02-7.55293E+04 2.25492E+02 2.18134E+04
 -1        75 2.34115E+06 4.14756E+03 2.37672E+03-7.41706E+04-6.78099E+02 2.17870E+04
 -1        76 2.92387E+06-1.48588E+04-8.10593E+03-7.71357E+04 2.82070E+03 2.26117E+04
 -1        77 3.51890E+06 7.46830E+04 4.60544E+04-5.83680E+04-1.04135E+04 2.37333E+04
 -1        78 4.09567E+06-1.06138E+05-5.80206E+04 5.02549E+03 6.06817E+04 1.30849E+05
 -1        79 3.10480E+05 1.35571E+04 9.13265E+03-2.76057E+04-1.62633E+03 1.55830E+04
 -1        80 8.79062E+05 1.94048E+02-2.59902E+02-3.34293E+04 4.55023E+02 2.14389E+04
 -1        81 1.46446E+06-7.14842E+01 3.10639E+02-3.20539E+04 1.49079E+02 2.17577E+04
 -1        82 2.04812E+06 1.17247E+03 5.51099E+02-3.20504E+04-2.16836E+02 2.16571E+04
 -1        83 2.63241E+06-5.29931E+03-2.87290E+03-3.22415E+04 1.10648E+03 2.20794E+04
 -1        84 3.21600E+06 1.99759E+04 1.39773E+04-3.22596E+04-4.62107E+03 1.83751E+04
 -1        85 3.73613E+06-1.02063E+05-7.60159E+04-2.87281E+04 1.92268E+04 2.97853E+04
 -1        86 4.31396E+06 2.37989E+05 2.54556E+05-2.80777E+04-1.13762E+05-2.80446E+05
 -1        87-4.91869E+06-1.91285E+06-1.91285E+06-5.77392E+05 7.83327E-04-6.85868E+02
 -1        88-5.09560E+06-1.98159E+06-1.98160E+06-4.29808E+05-1.22215E+00 4.31253E+05
 -1        89-5.07911E+06-1.97518E+06-1.97518E+06-4.26990E+05 1.21556E+00-4.31095E+05
 -1        90 4.91884E+06 1.91291E+06 1.91291E+06-5.77345E+05-4.16356E-04-1.30573E+02
 -1        91 5.07963E+06 1.97538E+06 1.97538E+06-4.27273E+05-1.21586E+00-4.30571E+05
 -1        92 5.09510E+06 1.98140E+06 1.98140E+06-4.29508E+05 1.22175E+00 4.31778E+05
 -1        93 1.24947E+04 6.79084E+02-1.40328E+02-2.53523E+05-1.79501E+04-8.18341E+01
 -1        94 8.04359E+03-6.57482E+01 1.79472E+02-2.97062E+05 1.20105E+04 2.63160E+02
 -1        95 5.41879E+03-2.47044E+02-3.49861E+01-2.85699E+05-2.47933E+03 2.38996E+02
 -1        96 3.07336E+03-1.94126E+02-7.19432E+01-2.87614E+05 5.45535E+02 2.06798E+02
 -1        97 1.38839E+03-9.62718E+01 5.13411E+00-2.86866E+05-2.22756E+02 1.72367E+02
 -1        98 5.25115E+02-1.50295E+02 2.52743E+01-2.87761E+05-2.18943E+02 4.46220E+01
 -1        99-1.26707E+02 1.80382E+02 6.79394E+01-2.89168E+05 6.97213E+02 2.03401E+01
 -1       100 2.09742E+06 9.49107E+04 1.24566E+04-1.09753E+05-3.52604E+04-7.78118E+04
 -1       101 1.31211E+04 7.28706E+02 8.83480E+02 2.97379E+04 1.27891E+05 9.94663E+02
 -1       102 1.75652E+06 1.31863E+04 1.32130E+04-1.87774E+05 1.03440E+04-5.74009E+03
 -1       103 9.49793E+03-1.10380E+02-4.76906E+02-2.01188E+05-3.85311E+02 1.74157E+01
 -1       104 1.47478E+06 9.50516E+01-1.10873E+03-1.85051E+05-2.42077E+03-6.27822E+03
 -1       105 6.79360E+03-1.35704E+01 5.55387E+01-2.46828E+05 3.55037E+03 1.36460E+02
 -1       106 1.17422E+06 2.35096E+02 3.70184E+02-1.86400E+05 4.72337E+02-5.74043E+03
 -1       107 4.22332E+03-1.63141E+02-7.55605E+01-2.42570E+05-8.47113E+02 7.53980E+01
 -1       108 8.80441E+05-2.57500E+02-2.26788E+02-1.86162E+05-1.98835E+02-5.77058E+03
 -1       109 2.28464E+03-2.71292E+01-2.72703E+01-2.44289E+05 1.65632E+02 1.21588E+02
 -1       110 5.86330E+05-6.88728E+02 3.28227E+02-1.86358E+05-6.50238E+01-5.94173E+03
 -1       111 9.77993E+02-1.13915E+01 4.55950E+01-2.43961E+05-2.29190E+02 7.35477E+01
 -1       112 2.84641E+05-9.71345E+03-7.40515E+03-1.84385E+05-2.88192E+00-6.64804E+03
 -1       113 1.36258E+02 8.29941E+00 2.99536E+01-2.41775E+05 3.03195E+02-5.48909E+01
 -1       114-1.34002E+02 1.18321E+01-7.26255E+01-2.36877E+05-6.99779E+03-2.20116E+01
 -1       115-2.07329E+06-9.43154E+04-1.27780E+04-1.10163E+05-3.51529E+04 7.79225E+04
 -1       116-1.74034E+06-1.31506E+04-1.28489E+04-1.87916E+05 1.02890E+04 6.28865E+03
 -1       117-1.46383E+06-3.77749E+02 1.10408E+03-1.85154E+05-2.49849E+03 6.72653E+03
 -1       118-1.16802E+06-5.13170E+02-4.76220E+02-1.86497E+05 5.71052E+02 6.15813E+03
 -1       119-8.77614E+05 1.17136E+02 2.89169E+02-1.86231E+05-1.71953E+02 6.06755E+03
 -1       120-5.85446E+05 4.31985E+02-2.37245E+02-1.86313E+05-5.01288E+00 6.08031E+03
 -1       121-2.84697E+05 9.93179E+03 7.41642E+03-1.84432E+05 1.16602E+02 6.56758E+03
 -1       122 1.32818E+02-2.17951E+02 2.67994E+02-2.27023E+05 7.37906E+01 9.15401E+01
 -1       123-1.41756E+04-7.41269E+04-3.97050E+04-1.53089E+05 3.11273E+01 1.62044E+01
 -1       124 5.45333E+01-9.38722E+01 1.80292E+02-2.28801E+05-1.66983E+04 6.48163E+01
 -1       125-1.00948E+02-2.31711E+02-1.50014E+02-2.28671E+05 1.67598E+04 8.39639E+01
 -1       126 1.40597E+04 7.39235E+04 3.99141E+04-1.52932E+05 9.78375E+01 4.98649E+01
 -1       127-1.55883E+02-1.28778E+01 3.99501E+01-2.89260E+05-5.09844E+02-2.06649E+01
 -1       128-7.08421E+01 6.30739E+01 6.79951E+01-2.87876E+05 1.93900E+02 1.33856E+02
 -1       129-1.61499E+03 3.25749E+02-4.70228E+01-2.86778E+05 1.70396E+02 1.17757E+02
 -1       130-2.89863E+03-1.53036E+02 3.22037E+01-2.87521E+05-5.49083E+02 1.35460E+02
 -1       131-5.54932E+03 4.78664E+01-4.03560E+01-2.85604E+05 2.31351E+03 3.05405E+02
 -1       132-8.10501E+03 2.82475E+02-9.71808E+01-2.97430E+05-1.21564E+04 2.23857E+02
 -1       133-1.20551E+04-1.94275E+02 1.04067E+02-2.54513E+05 1.78470E+04-1.02358E+02
 -1       134 2.84568E+05-1.01418E+04-7.46093E+03-1.84531E+05-3.75502E+01 6.52281E+03
 -1       135 6.06536E+00 1.10867E+01-1.13542E+02-2.36872E+05 6.98625E+03 6.29240E+00
 -1       136 5.85483E+05-6.00354E+02 1.94889E+02-1.86406E+05 7.29560E+01 6.06402E+03
 -1       137-3.56700E+02-1.38826E+02-1.28421E+02-2.41882E+05-3.10439E+02 5.74675E+01
 -1       138 8.77466E+05-1.06899E+02-3.38820E+02-1.86172E+05 1.76997E+02 6.10124E+03
 -1       139-7.31326E+02 2.17159E+02 1.00755E+02-2.43969E+05 1.86135E+02 7.22394E+01
 -1       140 1.16800E+06 1.42368E+02 4.13608E+02-1.86330E+05-6.06418E+02 6.09639E+03
 -1       141-2.25717E+03 9.74419E+01 1.80777E+01-2.44164E+05-1.96261E+02 1.44857E+01
 -1       142 1.46394E+06 3.74303E+02-1.06834E+03-1.85183E+05 2.27267E+03 6.78844E+03
 -1       143-4.42755E+03-2.16004E+02-1.75294E+02-2.42394E+05 7.96683E+02 6.06508E+01
 -1       144 1.74027E+06 1.32104E+04 1.29629E+04-1.88098E+05-1.04248E+04 6.26032E+03
 -1       145-6.70632E+03 2.20920E+02-6.76194E+01-2.46974E+05-3.68037E+03 1.09377E+02
 -1       146 2.07360E+06 9.45920E+04 1.28505E+04-1.10746E+05 3.50565E+04 7.79890E+04
 -1       147-9.39543E+03 2.65386E+02 3.35743E+02-2.01862E+05 3.00971E+02 1.92856E+01
 -1       148-1.31078E+04-6.85889E+02-1.06486E+03 2.89058E+04-1.27937E+05 1.03823E+03
 -1       149-2.84728E+05 1.00809E+04 7.36384E+03-1.84569E+05 3.69244E+01-6.57242E+03
 -1       150-5.86116E+05 5.27622E+02-1.86173E+02-1.86317E+05 1.28832E+02-5.91125E+03
 -1       151-8.80577E+05 3.96200E+02 2.23881E+02-1.86149E+05 1.28528E+02-5.76622E+03
 -1       152-1.17416E+06-5.34118E+02-4.94310E+02-1.86426E+05-4.87742E+02-5.76233E+03
 -1       153-1.47475E+06-2.01188E+02 1.06328E+03-1.84993E+05 2.37390E+03-6.23902E+03
 -1       154-1.75671E+06-1.30863E+04-1.32656E+04-1.88047E+05-1.03994E+04-5.86729E+03
 -1       155-2.09702E+06-9.47415E+04-1.24661E+04-1.10351E+05 3.51340E+04-7.78407E+04
 -1       156-1.55443E+02-6.04483E+01-6.04495E+01-4.00845E+04 1.38472E-04 4.54609E+02
 -1       157 2.39264E+06 9.30439E+05 9.30443E+05-2.58644E+05 1.62724E-03 2.58951E+02
 -1       158-7.35332E+03-2.85954E+03-2.85954E+03 1.12501E+05-1.13298E+00 1.17685E+03
 -1       159 7.12781E+03 2.77184E+03 2.77184E+03 1.12803E+05 1.13267E+00 1.15801E+03
 -1       160-2.39274E+06-9.30479E+05-9.30483E+05-2.58634E+05-2.05476E-03-1.43702E+01
 -1       161 4.35973E+06-6.50543E+04 2.28159E+05 8.40445E+04-8.60546E+01 2.35193E+03
 -1       162 3.52419E+06 6.65108E+04 2.06948E+03-5.39481E+04 3.84558E+01 1.75773E+03
 -1       163 2.92644E+06-1.72621E+04-3.43252E+02-5.80973E+04 1.79863E+01 1.30715E+03
 -1       164 2.34485E+06 4.74888E+03 6.25132E+02-5.72674E+04 1.76204E+01 9.63622E+02
 -1       165 1.75746E+06-1.43794E+03-2.56606E+02-5.79095E+04-3.68814E+01 6.68423E+02
 -1       166 1.17106E+06-3.89332E+02-8.68998E+02-5.68297E+04-5.83461E+01 4.32942E+02
 -1       167 5.83185E+05-4.56051E+03-1.85188E+03-5.17264E+04-1.50271E+01 3.19037E+02
 -1       168 4.24055E+06-7.44181E+04 9.13706E+04 8.36293E+03 1.68189E+04 3.87509E+04
 -1       169 4.39455E+06 2.62771E+05 3.83326E+05-2.47463E+05 3.00920E+02 1.19964E+03
 -1       170 3.54058E+06 7.46860E+04 3.05821E+04-3.59248E+04-3.56054E+03 2.24692E+04
 -1       171 3.74095E+06-1.24263E+05-2.23069E+03 7.79318E+03-6.10633E+00 1.71959E+03
 -1       172 2.92322E+06-1.55936E+04-4.68874E+03-5.39236E+04 1.12724E+03 1.89484E+04
 -1       173 3.23297E+06 2.70428E+04 2.98203E+03-1.94423E+04 4.67099E+01 1.40103E+03
 -1       174 2.34325E+06 4.22023E+03 1.45270E+03-5.07156E+04-3.07514E+02 1.84432E+04
 -1       175 2.63570E+06-6.31162E+03 3.92554E+01-1.41171E+04-1.87614E+01 1.00602E+03
 -1       176 1.75687E+06-1.19443E+03-4.52634E+02-5.19582E+04 1.08690E+02 1.83268E+04
 -1       177 2.05073E+06 1.30493E+03-8.91074E+01-1.47475E+04-1.38744E+01 6.70305E+02
 -1       178 1.17022E+06-1.01065E+03-5.81862E+02-5.06565E+04-2.46617E+02 1.83673E+04
 -1       179 1.46505E+06-1.91935E+02-1.85261E+02-1.44796E+04-2.60449E+01 5.10918E+02
 -1       180 5.81468E+05-5.99385E+03-4.51227E+03-4.72558E+04 1.23758E+03 1.63127E+04
 -1       181 8.78855E+05 6.45730E+02 8.53123E+02-1.60538E+04-4.40186E+01 3.22703E+02
 -1       182 3.14656E+05 1.01720E+04-1.06169E+04-1.59203E+04 5.38649E+01 1.02013E+02
 -1       183 4.25203E+06-7.43007E+04 9.19304E+04 8.90398E+03-1.70952E+04-3.61859E+04
 -1       184 3.54884E+06 7.46458E+04 3.03909E+04-3.58916E+04 3.61743E+03-2.01979E+04
 -1       185 2.92881E+06-1.56677E+04-4.63866E+03-5.38510E+04-1.14336E+03-1.73227E+04
 -1       186 2.34658E+06 4.17149E+03 1.37649E+03-5.07201E+04 2.53072E+02-1.71941E+04
 -1       187 1.75832E+06-1.25193E+03-5.62934E+02-5.18591E+04-1.13241E+02-1.74227E+04
 -1       188 1.17070E+06-1.01480E+03-5.48999E+02-5.07621E+04 2.92215E+02-1.78488E+04
 -1       189 5.81585E+05-6.01725E+03-4.62431E+03-4.72788E+04-1.34045E+03-1.61101E+04
 -1       190-4.35986E+06 6.48522E+04-2.28471E+05 8.40030E+04 1.52511E+02 1.42236E+03
 -1       191-3.52421E+06-6.67274E+04-2.43358E+03-5.38479E+04-1.67245E+00 1.36242E+03
 -1       192-2.92632E+06 1.72502E+04 4.19798E+02-5.81298E+04 7.89701E+01 1.37155E+03
 -1       193-2.34521E+06-4.65837E+03-3.55052E+02-5.72049E+04-2.74539E+01 1.10874E+03
 -1       194-1.75681E+06 1.47687E+03 2.34852E+02-5.80034E+04-6.56295E+00 7.76907E+02
 -1       195-1.17141E+06 6.22035E+02 1.00869E+03-5.66921E+04-6.17569E+01 3.56019E+02
 -1       196-5.82644E+05 4.81499E+03 2.17423E+03-5.19702E+04-1.22528E+00 1.24286E+02
 -1       197-4.39443E+06-2.62574E+05-3.83306E+05-2.47388E+05-2.34015E+02 4.21410E+02
 -1       198-4.25194E+06 7.42199E+04-9.20557E+04 8.92713E+03 1.69851E+04-3.67875E+04
 -1       199-3.74087E+06 1.24436E+05 2.13479E+03 7.74273E+03 8.06293E+01 1.06975E+03
 -1       200-3.54881E+06-7.48263E+04-3.07210E+04-3.58881E+04-3.64595E+03-2.04976E+04
 -1       201-3.23296E+06-2.71658E+04-3.21706E+03-1.94370E+04 5.43884E+01 1.20432E+03
 -1       202-2.92857E+06 1.56725E+04 4.73260E+03-5.39356E+04 1.20108E+03-1.71905E+04
 -1       203-2.63558E+06 6.57990E+03 3.46320E+02-1.41628E+04 4.93364E+01 1.13747E+03
 -1       204-2.34682E+06-4.24593E+03-1.30555E+03-5.07108E+04-3.06683E+02-1.71162E+04
 -1       205-2.05065E+06-1.32147E+03 1.10129E+02-1.47102E+04 3.09837E+00 8.66856E+02
 -1       206-1.75817E+06 1.04559E+03 2.97210E+02-5.18736E+04 1.32975E+02-1.73960E+04
 -1       207-1.46516E+06 2.03319E+02 8.03285E+01-1.44818E+04-2.54705E+01 4.96868E+02
 -1       208-1.17089E+06 1.20322E+03 8.10582E+02-5.07099E+04-2.87994E+02-1.77978E+04
 -1       209-8.78438E+05-3.52165E+02-5.50553E+02-1.61489E+04-1.02927E+01 1.82497E+02
 -1       210-5.81298E+05 6.07941E+03 4.61565E+03-4.73968E+04 1.25351E+03-1.62750E+04
 -1       211-3.14847E+05-1.01297E+04 1.05834E+04-1.60558E+04-4.96564E+01 7.94959E+01
 -1       212-4.24045E+06 7.44309E+04-9.14411E+04 8.33742E+03-1.67613E+04 3.81471E+04
 -1       213-3.54075E+06-7.47671E+04-3.06511E+04-3.59085E+04 3.55772E+03 2.22103E+04
 -1       214-2.92308E+06 1.56958E+04 4.79580E+03-5.39305E+04-1.16704E+03 1.89051E+04
 -1       215-2.34355E+06-4.25888E+03-1.28339E+03-5.07078E+04 2.68511E+02 1.85663E+04
 -1       216-1.75646E+06 1.13462E+03 5.09210E+02-5.18867E+04-1.66313E+02 1.83933E+04
 -1       217-1.17045E+06 1.08567E+03 7.14516E+02-5.06848E+04 2.81522E+02 1.82739E+04
 -1       218-5.81231E+05 6.02344E+03 4.66594E+03-4.73344E+04-1.25037E+03 1.64032E+04
 -1       219 1.53097E+01-5.32207E+02 1.16964E+02-2.92602E+05 1.48335E+00 1.68737E+03
 -1       220 5.14036E+01-1.98250E+02 4.99750E+01-2.28761E+05-2.69906E+01 1.39876E+03
 -1       221-8.58067E+01 6.98063E+01 1.38784E+02-2.19210E+05-2.07395E+01 1.18865E+03
 -1       222 4.18994E+01-1.26544E+02 9.67289E+01-2.21623E+05-7.67562E+00 9.32788E+02
 -1       223 1.40276E+02 1.28176E+02 1.88129E+01-2.20807E+05 1.48176E+01 6.23864E+02
 -1       224-1.70440E+02-1.97154E+02-1.66988E+01-2.21497E+05 5.37034E+01 3.28069E+02
 -1       225 1.09473E+02 3.04604E+02-7.74301E+00-2.23321E+05 3.25652E+01 1.36433E+02
 -1       226 6.31566E+03 2.58317E+02 4.43162E+02-3.08953E+05 1.68503E+04 7.61505E+02
 -1       227-1.41591E+00-1.69321E+02 5.82703E+01-2.38052E+05 1.58549E+01 1.24614E+03
 -1       228 2.22052E+06 1.17936E+05 1.59252E+05-9.07360E+04 2.41585E+01 2.01365E+03
 -1       229-6.02725E+03-4.45056E+02-3.00554E+02-3.09337E+05-1.69025E+04 7.58292E+02
 -1       230 4.08609E+03-1.55212E+02 5.00903E+01-2.42134E+05 3.46769E+03 8.75751E+02
 -1       231-3.96812E+01-2.60893E+02 4.96768E+01-2.05215E+05 1.25210E+01 1.29957E+03
 -1       232 1.76471E+06 6.01888E+03-4.75046E+03-1.53097E+05-1.20974E+01 1.51466E+03
 -1       233-4.09454E+03 5.13800E+01 2.89653E+01-2.42283E+05-3.57916E+03 8.81919E+02
 -1       234 2.72053E+03-6.33597E+01 7.98789E+01-2.39155E+05-1.57391E+02 7.57334E+02
 -1       235 7.68709E+01-3.06265E+01 6.88931E+01-1.78795E+05 5.60914E-01 1.12100E+03
 -1       236 1.46599E+06-1.32746E+02 2.55434E+03-1.42095E+05 1.91243E+00 1.22967E+03
 -1       237-2.85871E+03 4.50194E+01 2.80519E+01-2.39111E+05 5.74280E+01 7.44053E+02
 -1       238 1.63749E+03-1.63588E+02 4.33330E+01-2.39431E+05 8.56675E+00 5.78095E+02
 -1       239 1.48603E+00 2.14718E+01 8.81394E+01-1.77486E+05-1.24765E+01 9.11206E+02
 -1       240 1.17160E+06 1.36205E+02-3.84664E+02-1.45026E+05-2.24524E+00 9.25760E+02
 -1       241-1.42071E+03-4.68553E+01 8.31494E+01-2.39408E+05-3.04022E+01 5.70654E+02
 -1       242 8.02200E+02-1.49721E+01 2.52405E+01-2.39044E+05-5.92888E+01 3.79610E+02
 -1       243-5.75879E+01-7.81270E+01-1.57106E+01-1.78072E+05 2.33580E+00 7.14452E+02
 -1       244 8.79078E+05-8.81700E+01 8.77165E+01-1.44363E+05-1.49224E+01 6.41200E+02
 -1       245-8.80752E+02 1.26799E+02-9.36239E+01-2.39020E+05 5.41032E+01 4.23155E+02
 -1       246 1.97346E+02-1.53242E+02-3.39211E+00-2.39742E+05 3.41935E+00 2.15840E+02
 -1       247 8.56746E+01 9.79976E+00 6.45543E+01-1.77970E+05 3.70496E+01 3.99268E+02
 -1       248 5.85694E+05-4.83294E+02-3.67436E+02-1.44344E+05-1.07550E+01 3.56834E+02
 -1       249-1.39464E+02 3.22396E+00 5.90694E+01-2.39801E+05 3.52143E+01 2.13224E+02
 -1       250 1.88978E+01 1.80737E+02 4.09276E+01-2.42140E+05-6.10772E+02 9.07177E+01
 -1       251 1.00589E+01 2.72233E+01-4.10398E+01-1.77468E+05 2.52025E+01 1.92348E+02
 -1       252 2.84112E+05-7.67168E+03-5.19610E+03-1.42600E+05-7.20992E+00 2.15927E+02
 -1       253-5.17212E+01 1.34654E+02-1.54375E+01-2.42115E+05 7.26736E+02 5.41674E+01
 -1       254 2.39938E+01-6.16467E+00 5.43520E+01-1.87824E+05 7.03671E+00 8.30357E+01
 -1       255-2.22054E+06-1.18550E+05-1.59253E+05-9.07270E+04 7.99823E+00 1.63541E+03
 -1       256-1.76465E+06-6.30914E+03 4.64963E+03-1.53106E+05 3.35165E+00 1.34797E+03
 -1       257-1.46605E+06 1.75939E+02-2.41733E+03-1.42119E+05 1.56024E+01 1.24182E+03
 -1       258-1.17176E+06-2.43174E+02 5.51650E+02-1.44987E+05-4.95381E+00 9.80515E+02
 -1       259-8.78561E+05 2.72052E+02-2.60133E+00-1.44454E+05 4.96504E+00 6.80650E+02
 -1       260-5.86118E+05 3.50943E+02 3.16466E+02-1.44295E+05 6.41083E-01 3.33955E+02
 -1       261-2.83825E+05 8.05488E+03 5.26865E+03-1.42675E+05 2.59634E+01 1.11841E+02
 -3
    1PSTEP                         3           1           1          
  100CL  101 1.000000000         261                     0    1           1
 -4  TOSTRAIN    6    1
 -5  EXX         1    4    1    1
 -5  EYY         1    4    2    2
 -5  EZZ         1    4    3    3
 -5  EXY         1    4    1    2
 -5  EYZ         1    4    2    3
 -5  EZX         1    4    3    1
 -1         1 1.98410E-05 1.08752E-10 8.35463E-11-9.58483E-07-3.34189E-12 5.36356E-06
 -1         2-1.97161E-05-1.08223E-10-8.29589E-11-9.27261E-07-3.34360E-12-5.34635E-06
 -1         3-1.79724E-07 3.42544E-07-8.82380E-10-4.53246E-07-1.93889E-08 6.05674E-08
 -1         4 1.79083E-07-3.42831E-07 1.82155E-09-4.53768E-07-1.83375E-08-6.06073E-08
 -1         5-1.79014E-07 3.42362E-07-5.17974E-10-4.53603E-07 2.01081E-08-6.14884E-08
 -1         6 1.80891E-07-3.43127E-07 4.52250E-10-4.54478E-07 1.93919E-08 6.15465E-08
 -1         7-1.98436E-05-1.08747E-10-8.35405E-11-9.61801E-07 3.35039E-12 5.36064E-06
 -1         8 1.97178E-05 1.08222E-10 8.29654E-11-9.31398E-07 3.34032E-12-5.34323E-06
 -1         9 5.69830E-08 2.73057E-13 2.88041E-13 2.39571E-06-3.67539E-12 1.36605E-08
 -1        10 9.82250E-06-1.15894E-10-9.00432E-11 1.00327E-06 1.01057E-11 2.70532E-06
 -1        11-9.70320E-06 1.15288E-10 8.94693E-11 1.01869E-06 1.00870E-11-2.68191E-06
 -1        12-1.97213E-05 5.88870E-06 5.59575E-06 3.19349E-08-3.70740E-07 7.95689E-07
 -1        13-1.65969E-05 4.39737E-06 4.57332E-06-3.56043E-07 6.29710E-08 1.44103E-07
 -1        14-1.39530E-05 3.95920E-06 3.91726E-06-4.69479E-07-1.80034E-08 1.37433E-07
 -1        15-1.11401E-05 3.10329E-06 3.11685E-06-4.53226E-07 3.84841E-09 1.33352E-07
 -1        16-8.36472E-06 2.34558E-06 2.34363E-06-4.60157E-07-1.40735E-09 1.32378E-07
 -1        17-5.57411E-06 1.56497E-06 1.55916E-06-4.54123E-07 1.07651E-09 1.33792E-07
 -1        18-2.78512E-06 8.02056E-07 7.97582E-07-4.25231E-07-3.27889E-09 1.24712E-07
 -1        19-1.98850E-05 4.95754E-06 4.85709E-06-1.68884E-07 6.92734E-07-1.71172E-06
 -1        20-1.80283E-05 5.36488E-06 5.20836E-06-1.74109E-07-1.18032E-07 1.79898E-07
 -1        21-1.52692E-05 4.21225E-06 4.24806E-06-1.96102E-07 2.79488E-08 1.11831E-07
 -1        22-1.25462E-05 3.53063E-06 3.51773E-06-1.97115E-07-6.81614E-09 1.34701E-07
 -1        23-9.75078E-06 2.72574E-06 2.72997E-06-1.95989E-07 1.39769E-09 1.31955E-07
 -1        24-6.97267E-06 1.95365E-06 1.95122E-06-1.95586E-07-3.85935E-10 1.32028E-07
 -1        25-4.18708E-06 1.17077E-06 1.17362E-06-2.02528E-07-2.05273E-09 1.31330E-07
 -1        26-1.44783E-06 3.62118E-07 3.88440E-07-1.66840E-07 1.02622E-08 9.56055E-08
 -1        27-7.89913E-10-5.54649E-10 2.77804E-10-1.56855E-06-1.50866E-07 4.59918E-11
 -1        28 5.46791E-08-3.10307E-07 3.22369E-08-1.03917E-06-8.66395E-08-2.52455E-08
 -1        29-5.59132E-08 3.09609E-07-3.19009E-08-1.03947E-06-8.72455E-08 2.49399E-08
 -1        30 1.98324E-05-5.92003E-06-5.62860E-06 3.84636E-08-3.72519E-07-7.93944E-07
 -1        31 1.66733E-05-4.41859E-06-4.59418E-06-3.54616E-07 6.39973E-08-1.39673E-07
 -1        32 1.40058E-05-3.97436E-06-3.93182E-06-4.68480E-07-1.75247E-08-1.34441E-07
 -1        33 1.11702E-05-3.11233E-06-3.12568E-06-4.52504E-07 3.53720E-09-1.29908E-07
 -1        34 8.37863E-06-2.34998E-06-2.34766E-06-4.59650E-07-1.03335E-09-1.30504E-07
 -1        35 5.57751E-06-1.56712E-06-1.55950E-06-4.54313E-07 1.43956E-09-1.32869E-07
 -1        36 2.78573E-06-8.01732E-07-7.98338E-07-4.25588E-07-4.76005E-09-1.25226E-07
 -1        37 2.00043E-05-4.99037E-06-4.88407E-06-1.76031E-07 6.96558E-07 1.71911E-06
 -1        38 1.81208E-05-5.39175E-06-5.23613E-06-1.73032E-07-1.17986E-07-1.78097E-07
 -1        39 1.53344E-05-4.22920E-06-4.26631E-06-1.95545E-07 2.83746E-08-1.09949E-07
 -1        40 1.25868E-05-3.54207E-06-3.52975E-06-1.96022E-07-6.90900E-09-1.33007E-07
 -1        41 9.77310E-06-2.73151E-06-2.73719E-06-1.95343E-07 1.26068E-09-1.30781E-07
 -1        42 6.98140E-06-1.95600E-06-1.95383E-06-1.95336E-07 1.63231E-10-1.31392E-07
 -1        43 4.18906E-06-1.17154E-06-1.17487E-06-2.02647E-07-2.38613E-09-1.31348E-07
 -1        44 1.44769E-06-3.61818E-07-3.88535E-07-1.67569E-07 9.91772E-09-9.57232E-08
 -1        45-2.69406E-07 2.93045E-07 2.06640E-07-4.21276E-07 1.29622E-10 4.17922E-10
 -1        46-2.21925E-07 3.41042E-07 1.03189E-07-3.63858E-07-1.18616E-08 4.16020E-08
 -1        47-2.21204E-07 3.40906E-07 1.02788E-07-3.64326E-07 1.26069E-08-4.17678E-08
 -1        48 6.90280E-11-2.92475E-10-1.77678E-09-1.56649E-06 1.50474E-07 4.21940E-10
 -1        49 5.63226E-08-3.10097E-07 3.07033E-08-1.03860E-06 8.71603E-08 2.60826E-08
 -1        50-5.52585E-08 3.09423E-07-3.20662E-08-1.03840E-06 8.72707E-08-2.52051E-08
 -1        51 2.67253E-07-2.92086E-07-2.06612E-07-4.21201E-07 4.91899E-10-3.52314E-10
 -1        52 2.21565E-07-3.40099E-07-1.02465E-07-3.63553E-07-1.13782E-08-4.18039E-08
 -1        53 2.20915E-07-3.40482E-07-1.03049E-07-3.64369E-07 1.23837E-08 4.20333E-08
 -1        54-2.78549E-06 8.02852E-07 7.96890E-07-4.26839E-07 3.56424E-09-1.24670E-07
 -1        55-5.57763E-06 1.56577E-06 1.56086E-06-4.53917E-07-6.04885E-10-1.32577E-07
 -1        56-8.37907E-06 2.34977E-06 2.34703E-06-4.59543E-07 9.83399E-10-1.30033E-07
 -1        57-1.11701E-05 3.11165E-06 3.12532E-06-4.53121E-07-3.95960E-09-1.29761E-07
 -1        58-1.40045E-05 3.97359E-06 3.93202E-06-4.68656E-07 1.72818E-08-1.33758E-07
 -1        59-1.66734E-05 4.41887E-06 4.59309E-06-3.55872E-07-6.40448E-08-1.41062E-07
 -1        60-1.98308E-05 5.91895E-06 5.62840E-06 3.74436E-08 3.71994E-07-7.95528E-07
 -1        61-1.44751E-06 3.61762E-07 3.88062E-07-1.67820E-07-1.00007E-08-9.58178E-08
 -1        62-4.18879E-06 1.17053E-06 1.17519E-06-2.03378E-07 1.81208E-09-1.31364E-07
 -1        63-6.98167E-06 1.95514E-06 1.95404E-06-1.95024E-07 5.22001E-10-1.31026E-07
 -1        64-9.77331E-06 2.73128E-06 2.73640E-06-1.95819E-07-1.54084E-09-1.30094E-07
 -1        65-1.25865E-05 3.54165E-06 3.52975E-06-1.96258E-07 6.31765E-09-1.32297E-07
 -1        66-1.53334E-05 4.22991E-06 4.26572E-06-1.95885E-07-2.88213E-08-1.10237E-07
 -1        67-1.81202E-05 5.39118E-06 5.23601E-06-1.73737E-07 1.18006E-07-1.79346E-07
 -1        68-2.00047E-05 4.98932E-06 4.88441E-06-1.78532E-07-6.96477E-07 1.71610E-06
 -1        69-5.75637E-08-2.55623E-13-2.93561E-13 2.39184E-06 3.67901E-12 1.35005E-08
 -1        70 9.70296E-06-1.15305E-10-8.94678E-11 1.01477E-06-1.00821E-11-2.68037E-06
 -1        71-9.82320E-06 1.15870E-10 9.00470E-11 9.99564E-07-1.01135E-11 2.70381E-06
 -1        72 2.78552E-06-8.02932E-07-7.97343E-07-4.26379E-07 3.70787E-09 1.23625E-07
 -1        73 5.57282E-06-1.56541E-06-1.55799E-06-4.53739E-07 9.20305E-11 1.33792E-07
 -1        74 8.36513E-06-2.34595E-06-2.34375E-06-4.60369E-07 1.37443E-09 1.32958E-07
 -1        75 1.11396E-05-3.10495E-06-3.11574E-06-4.52088E-07-4.13318E-09 1.32797E-07
 -1        76 1.39538E-05-3.95844E-06-3.91728E-06-4.70160E-07 1.71929E-08 1.37824E-07
 -1        77 1.65957E-05-4.39763E-06-4.57213E-06-3.55767E-07-6.34729E-08 1.44660E-07
 -1        78 1.97221E-05-5.88895E-06-5.59566E-06 3.06315E-08 3.69869E-07 7.97558E-07
 -1        79 1.44823E-06-3.61593E-07-3.88561E-07-1.68264E-07-9.91285E-09 9.49822E-08
 -1        80 4.18610E-06-1.17081E-06-1.17358E-06-2.03760E-07 2.77347E-09 1.30675E-07
 -1        81 6.97332E-06-1.95337E-06-1.95104E-06-1.95376E-07 9.08671E-10 1.32618E-07
 -1        82 9.75066E-06-2.72598E-06-2.72977E-06-1.95355E-07-1.32167E-09 1.32005E-07
 -1        83 1.25462E-05-3.53128E-06-3.51649E-06-1.96520E-07 6.74423E-09 1.34579E-07
 -1        84 1.52690E-05-4.21151E-06-4.24807E-06-1.96630E-07-2.81665E-08 1.12000E-07
 -1        85 1.80285E-05-5.36617E-06-5.20740E-06-1.75105E-07 1.17192E-07 1.81549E-07
 -1        86 1.98859E-05-4.95807E-06-4.85709E-06-1.71140E-07-6.93406E-07-1.70939E-06
 -1        87-1.83214E-05-1.08437E-10-8.40088E-11-3.51934E-06 4.77456E-15-4.18053E-09
 -1        88-1.89805E-05 1.08535E-10 8.88377E-11-2.61978E-06-7.44932E-12 2.62859E-06
 -1        89-1.89191E-05 1.07952E-10 8.82187E-11-2.60261E-06 7.40914E-12-2.62763E-06
 -1        90 1.83220E-05 1.08463E-10 8.40039E-11-3.51906E-06-2.53779E-15-7.95876E-10
 -1        91 1.89210E-05-1.07964E-10-8.82180E-11-2.60433E-06-7.41095E-12-2.62443E-06
 -1        92 1.89786E-05-1.08552E-10-8.88332E-11-2.61795E-06 7.44686E-12 2.63179E-06
 -1        93 5.87803E-08-1.32388E-08-1.82333E-08-1.54529E-06-1.09410E-07-4.98799E-10
 -1        94 3.81512E-08-1.12772E-08-9.78249E-09-1.81066E-06 7.32070E-08 1.60403E-09
 -1        95 2.61798E-08-8.35480E-09-7.06226E-09-1.74140E-06-1.51121E-08 1.45674E-09
 -1        96 1.49898E-08-4.92629E-09-4.18156E-09-1.75307E-06 3.32517E-09 1.26048E-09
 -1        97 6.73292E-09-2.31647E-09-1.69838E-09-1.74852E-06-1.35775E-09 1.05062E-09
 -1        98 2.66724E-09-1.44954E-09-3.79407E-10-1.75397E-06-1.33451E-09 2.71981E-10
 -1        99-9.34462E-10 9.37319E-10 2.51954E-10-1.76255E-06 4.24968E-09 1.23978E-10
 -1       100 9.84455E-06-2.36121E-06-2.86379E-06-6.68970E-07-2.14920E-07-4.74282E-07
 -1       101 6.03320E-08-1.52028E-08-1.42594E-08 1.81260E-07 7.79525E-07 6.06271E-09
 -1       102 8.32918E-06-2.29685E-06-2.29669E-06-1.14453E-06 6.30489E-08-3.49872E-08
 -1       103 4.60113E-08-1.25537E-08-1.47877E-08-1.22629E-06-2.34856E-09 1.06153E-10
 -1       104 7.02411E-06-1.96444E-06-1.97178E-06-1.12793E-06-1.47552E-08-3.82672E-08
 -1       105 3.22945E-08-9.19680E-09-8.77556E-09-1.50448E-06 2.16404E-08 8.31759E-10
 -1       106 5.59071E-06-1.56500E-06-1.56418E-06-1.13615E-06 2.87901E-09-3.49893E-08
 -1       107 2.04293E-08-6.30721E-09-5.77339E-09-1.47852E-06-5.16336E-09 4.59569E-10
 -1       108 4.19322E-06-1.17485E-06-1.17466E-06-1.13470E-06-1.21195E-09-3.51731E-08
 -1       109 1.09518E-08-3.13901E-09-3.13987E-09-1.48900E-06 1.00957E-09 7.41107E-10
 -1       110 2.79253E-06-7.85491E-07-7.79292E-07-1.13590E-06-3.96335E-10-3.62163E-08
 -1       111 4.61150E-09-1.41903E-09-1.07168E-09-1.48700E-06-1.39697E-09 4.48291E-10
 -1       112 1.37826E-06-4.15902E-07-4.01833E-07-1.12387E-06-1.75660E-11-4.05214E-08
 -1       113 5.97844E-10-1.82095E-10-5.01071E-11-1.47367E-06 1.84804E-09-3.34573E-10
 -1       114-5.57049E-10 3.31847E-10-1.82942E-10-1.44382E-06-4.26532E-08-1.34166E-10
 -1       115-9.73002E-06 2.33230E-06 2.82929E-06-6.71469E-07-2.14265E-07 4.74956E-07
 -1       116-8.25267E-06 2.27496E-06 2.27680E-06-1.14539E-06 6.27141E-08 3.83308E-08
 -1       117-6.97161E-06 1.94851E-06 1.95754E-06-1.12856E-06-1.52289E-08 4.09998E-08
 -1       118-5.56067E-06 1.55555E-06 1.55577E-06-1.13674E-06 3.48070E-09 3.75353E-08
 -1       119-4.17966E-06 1.17032E-06 1.17137E-06-1.13512E-06-1.04810E-09 3.69832E-08
 -1       120-2.78810E-06 7.82969E-07 7.78889E-07-1.13562E-06-3.05547E-11 3.70610E-08
 -1       121-1.37883E-06 4.17002E-07 4.01670E-07-1.12416E-06 7.10719E-10 4.00310E-08
 -1       122 5.65743E-10-1.57228E-09 1.38967E-09-1.38376E-06 4.49771E-10 5.57958E-10
 -1       123 8.42733E-08-2.81145E-07-7.13350E-08-9.33114E-07 1.89728E-10 9.87698E-11
 -1       124 1.44456E-10-7.60111E-10 9.10986E-10-1.39460E-06-1.01780E-07 3.95071E-10
 -1       125 2.82636E-11-7.68769E-10-2.70808E-10-1.39380E-06 1.02155E-07 5.11780E-10
 -1       126-8.48325E-08 2.80052E-07 7.27560E-08-9.32156E-07 5.96343E-10 3.03939E-10
 -1       127-7.78397E-10 9.32547E-11 4.15253E-10-1.76311E-06-3.10762E-09-1.25957E-10
 -1       128-5.12102E-10 3.04148E-10 3.34144E-10-1.75467E-06 1.18187E-09 8.15885E-10
 -1       129-8.06208E-09 3.76721E-09 1.49507E-09-1.74798E-06 1.03860E-09 7.17756E-10
 -1       130-1.36419E-08 3.09316E-09 4.22225E-09-1.75251E-06-3.34679E-09 8.25658E-10
 -1       131-2.64353E-08 7.68083E-09 7.14310E-09-1.74082E-06 1.41014E-08 1.86152E-09
 -1       132-3.88423E-08 1.22814E-08 9.96728E-09-1.81291E-06-7.40963E-08 1.36446E-09
 -1       133-5.72848E-08 1.50095E-08 1.68280E-08-1.55132E-06 1.08781E-07-6.23897E-10
 -1       134 1.37855E-06-4.17770E-07-4.01430E-07-1.12476E-06-2.28877E-10 3.97581E-08
 -1       135 1.65490E-10 1.96097E-10-5.63548E-10-1.44379E-06 4.25829E-08 3.83537E-11
 -1       136 2.78855E-06-7.83762E-07-7.78915E-07-1.13619E-06 4.44684E-10 3.69616E-08
 -1       137-1.34224E-09-1.42470E-11 4.91741E-11-1.47433E-06-1.89220E-09 3.50278E-10
 -1       138 4.17901E-06-1.17001E-06-1.17143E-06-1.13477E-06 1.07884E-09 3.71885E-08
 -1       139-3.90639E-09 1.87485E-09 1.16534E-09-1.48705E-06 1.13454E-09 4.40317E-10
 -1       140 5.56119E-06-1.55721E-06-1.55556E-06-1.13572E-06-3.69626E-09 3.71590E-08
 -1       141-1.09025E-08 3.44947E-09 2.96572E-09-1.48824E-06-1.19626E-09 8.82936E-11
 -1       142 6.97205E-06-1.94871E-06-1.95750E-06-1.12874E-06 1.38525E-08 4.13772E-08
 -1       143-2.05618E-08 5.10853E-09 5.35667E-09-1.47745E-06 4.85597E-09 3.69681E-10
 -1       144 8.25213E-06-2.27474E-06-2.27625E-06-1.14650E-06-6.35418E-08 3.81582E-08
 -1       145-3.21392E-08 1.00839E-08 8.32520E-09-1.50537E-06-2.24327E-08 6.66678E-10
 -1       146 9.73103E-06-2.33150E-06-2.82973E-06-6.75021E-07 2.13678E-07 4.75361E-07
 -1       147-4.55416E-08 1.33433E-08 1.37722E-08-1.23040E-06 1.83449E-09 1.17550E-10
 -1       148-6.00837E-08 1.56307E-08 1.33208E-08 1.76188E-07-7.79807E-07 6.32829E-09
 -1       149-1.37911E-06 4.17823E-07 4.01262E-07-1.12499E-06 2.25063E-10-4.00605E-08
 -1       150-2.79148E-06 7.84248E-07 7.79897E-07-1.13565E-06 7.85262E-10-3.60305E-08
 -1       151-4.19405E-06 1.17569E-06 1.17464E-06-1.13462E-06 7.83407E-10-3.51465E-08
 -1       152-5.58985E-06 1.56366E-06 1.56390E-06-1.13631E-06-2.97290E-09-3.51228E-08
 -1       153-7.02378E-06 1.96396E-06 1.97167E-06-1.12758E-06 1.44695E-08-3.80283E-08
 -1       154-8.33013E-06 2.29765E-06 2.29655E-06-1.14619E-06-6.33869E-08-3.57625E-08
 -1       155-9.84288E-06 2.36150E-06 2.86299E-06-6.72614E-07 2.14150E-07-4.74458E-07
 -1       156-5.79008E-10 7.71363E-15 3.37570E-17-2.44324E-07 8.44021E-16 2.77095E-09
 -1       157 8.91235E-06-1.14749E-10-9.06567E-11-1.57650E-06 9.91844E-15 1.57837E-09
 -1       158-2.73904E-08 2.87835E-13 3.06026E-13 6.85720E-07-6.90577E-12 7.17319E-09
 -1       159 2.65504E-08-3.00015E-13-3.06794E-13 6.87564E-07 6.90386E-12 7.05834E-09
 -1       160-8.91273E-06 1.14739E-10 9.06567E-11-1.57644E-06-1.25243E-14-8.75897E-11
 -1       161 2.05431E-05-6.42696E-06-4.63976E-06 5.12271E-07-5.24523E-10 1.43356E-08
 -1       162 1.66904E-05-4.38496E-06-4.77774E-06-3.28826E-07 2.34398E-10 1.07138E-08
 -1       163 1.39589E-05-3.98367E-06-3.88054E-06-3.54117E-07 1.09631E-10 7.96738E-09
 -1       164 1.11588E-05-3.10469E-06-3.12982E-06-3.49059E-07 1.07401E-10 5.87351E-09
 -1       165 8.37113E-06-2.34979E-06-2.34259E-06-3.52972E-07-2.24801E-10 4.07420E-09
 -1       166 5.57815E-06-1.56211E-06-1.56503E-06-3.46391E-07-3.55633E-10 2.63888E-09
 -1       167 2.78562E-06-7.96827E-07-7.80317E-07-3.15285E-07-9.15935E-11 1.94460E-09
 -1       168 2.01705E-05-6.13027E-06-5.11975E-06 5.09741E-08 1.02515E-07 2.36196E-07
 -1       169 2.00649E-05-5.11920E-06-4.38439E-06-1.50834E-06 1.83418E-09 7.31207E-09
 -1       170 1.67195E-05-4.40590E-06-4.67472E-06-2.18970E-07-2.17023E-08 1.36955E-07
 -1       171 1.79827E-05-5.57669E-06-4.83287E-06 4.75013E-08-3.72195E-11 1.04813E-08
 -1       172 1.39471E-05-3.96563E-06-3.89916E-06-3.28677E-07 6.87077E-09 1.15495E-07
 -1       173 1.53550E-05-4.18582E-06-4.33248E-06-1.18506E-07 2.84708E-10 8.53962E-09
 -1       174 1.11507E-05-3.10617E-06-3.12304E-06-3.09124E-07-1.87437E-09 1.12416E-07
 -1       175 1.25593E-05-3.54438E-06-3.50567E-06-8.60472E-08-1.14355E-10 6.13191E-09
 -1       176 8.36827E-06-2.34758E-06-2.34306E-06-3.16698E-07 6.62492E-10 1.11706E-07
 -1       177 9.76377E-06-2.72798E-06-2.73647E-06-8.98895E-08-8.45676E-11 4.08567E-09
 -1       178 5.57461E-06-1.56433E-06-1.56172E-06-3.08764E-07-1.50319E-09 1.11953E-07
 -1       179 6.97692E-06-1.95406E-06-1.95402E-06-8.82566E-08-1.58750E-10 3.11417E-09
 -1       180 2.78290E-06-7.97816E-07-7.88785E-07-2.88035E-07 7.54334E-09 9.94296E-08
 -1       181 4.18302E-06-1.16987E-06-1.16860E-06-9.78516E-08-2.68304E-10 1.96695E-09
 -1       182 1.49896E-06-3.56948E-07-4.83661E-07-9.70379E-08 3.28320E-10 6.21794E-10
 -1       183 2.02242E-05-6.14575E-06-5.13254E-06 5.42719E-08-1.04199E-07-2.20562E-07
 -1       184 1.67592E-05-4.41685E-06-4.68659E-06-2.18768E-07 2.20491E-08-1.23111E-07
 -1       185 1.39738E-05-3.97351E-06-3.90628E-06-3.28235E-07-6.96904E-09-1.05586E-07
 -1       186 1.11668E-05-3.11074E-06-3.12778E-06-3.09151E-07 1.54254E-09-1.04802E-07
 -1       187 8.37537E-06-2.34964E-06-2.34544E-06-3.16093E-07-6.90231E-10-1.06196E-07
 -1       188 5.57687E-06-1.56504E-06-1.56220E-06-3.09407E-07 1.78112E-09-1.08793E-07
 -1       189 2.78364E-06-7.97935E-07-7.89444E-07-2.88176E-07-8.17035E-09-9.81948E-08
 -1       190-2.05431E-05 6.42659E-06 4.63872E-06 5.12018E-07 9.29588E-10 8.66960E-09
 -1       191-1.66897E-05 4.38445E-06 4.77633E-06-3.28216E-07-1.01940E-11 8.30425E-09
 -1       192-1.39584E-05 3.98334E-06 3.88075E-06-3.54315E-07 4.81342E-10 8.35995E-09
 -1       193-1.11610E-05 3.10523E-06 3.13146E-06-3.48678E-07-1.67338E-10 6.75802E-09
 -1       194-8.36806E-06 2.34914E-06 2.34157E-06-3.53545E-07-4.00027E-11 4.73543E-09
 -1       195-5.58030E-06 1.56349E-06 1.56585E-06-3.45552E-07-3.76423E-10 2.17002E-09
 -1       196-2.78381E-06 7.96888E-07 7.80792E-07-3.16771E-07-7.46835E-12 7.57553E-10
 -1       197-2.00647E-05 5.11996E-06 4.38407E-06-1.50789E-06-1.42638E-09 2.56859E-09
 -1       198-2.02235E-05 6.14542E-06 5.13193E-06 5.44130E-08 1.03528E-07-2.24229E-07
 -1       199-1.79824E-05 5.57753E-06 4.83207E-06 4.71938E-08 4.91455E-10 6.52039E-09
 -1       200-1.67584E-05 4.41639E-06 4.68522E-06-2.18746E-07-2.22229E-08-1.24938E-07
 -1       201-1.53545E-05 4.18554E-06 4.33151E-06-1.18473E-07 3.31510E-10 7.34064E-09
 -1       202-1.39728E-05 3.97307E-06 3.90639E-06-3.28750E-07 7.32084E-09-1.04780E-07
 -1       203-1.25596E-05 3.54498E-06 3.50699E-06-8.63258E-08 3.00717E-10 6.93313E-09
 -1       204-1.11679E-05 3.11061E-06 3.12853E-06-3.09094E-07-1.86931E-09-1.04327E-07
 -1       205-9.76341E-06 2.72777E-06 2.73649E-06-8.96621E-08 1.88853E-11 5.28370E-09
 -1       206-8.37403E-06 2.34881E-06 2.34425E-06-3.16182E-07 8.10515E-10-1.06033E-07
 -1       207-6.97735E-06 1.95441E-06 1.95366E-06-8.82699E-08-1.55249E-10 3.02853E-09
 -1       208-5.57835E-06 1.56584E-06 1.56344E-06-3.09089E-07-1.75539E-09-1.08482E-07
 -1       209-4.18184E-06 1.17031E-06 1.16910E-06-9.84317E-08-6.27362E-11 1.11236E-09
 -1       210-2.78235E-06 7.97860E-07 7.88938E-07-2.88895E-07 7.64044E-09-9.92003E-08
 -1       211-1.49987E-06 3.57448E-07 4.83699E-07-9.78642E-08-3.02668E-10 4.84546E-10
 -1       212-2.01699E-05 6.13029E-06 5.11926E-06 5.08186E-08-1.02164E-07 2.32516E-07
 -1       213-1.67201E-05 4.40583E-06 4.67473E-06-2.18871E-07 2.16852E-08 1.35377E-07
 -1       214-1.39467E-05 3.96579E-06 3.89935E-06-3.28719E-07-7.11338E-09 1.15231E-07
 -1       215-1.11524E-05 3.10616E-06 3.12430E-06-3.09076E-07 1.63664E-09 1.13166E-07
 -1       216-8.36630E-06 2.34668E-06 2.34286E-06-3.16261E-07-1.01372E-09 1.12111E-07
 -1       217-5.57599E-06 1.56482E-06 1.56256E-06-3.08936E-07 1.71594E-09 1.11384E-07
 -1       218-2.78202E-06 7.97437E-07 7.89163E-07-2.88515E-07-7.62129E-09 9.99815E-08
 -1       219 6.26560E-10-2.71068E-09 1.24617E-09-1.78348E-06 9.04135E-12 1.02849E-08
 -1       220 4.42479E-10-1.07922E-09 4.33771E-10-1.39436E-06-1.64514E-10 8.52580E-09
 -1       221-6.86724E-10 2.61774E-10 6.82211E-10-1.33613E-06-1.26412E-10 7.24512E-09
 -1       222 2.39274E-10-7.87428E-10 5.73473E-10-1.35084E-06-4.67847E-11 5.68556E-09
 -1       223 4.71997E-10 3.98245E-10-2.68352E-10-1.34587E-06 9.03167E-11 3.80260E-09
 -1       224-5.26483E-10-6.89310E-10 4.10608E-10-1.35008E-06 3.27335E-10 1.99966E-09
 -1       225 1.25486E-10 1.31486E-09-5.88975E-10-1.36120E-06 1.98493E-10 8.31593E-10
 -1       226 2.91393E-08-7.78168E-09-6.65501E-09-1.88314E-06 1.02707E-07 4.64155E-09
 -1       227 1.41325E-10-8.82095E-10 5.05127E-10-1.45099E-06 9.66393E-11 7.59549E-09
 -1       228 1.02043E-05-2.61143E-06-2.35960E-06-5.53057E-07 1.47252E-10 1.22737E-08
 -1       229-2.77071E-08 6.31776E-09 7.19853E-09-1.88548E-06-1.03025E-07 4.62197E-09
 -1       230 1.95977E-08-6.25401E-09-5.00264E-09-1.47587E-06 2.11364E-08 5.33791E-09
 -1       231 9.26634E-11-1.25568E-09 6.37322E-10-1.25083E-06 7.63185E-11 7.92116E-09
 -1       232 8.40169E-06-2.31795E-06-2.38359E-06-9.33164E-07-7.37365E-11 9.23223E-09
 -1       233-1.96049E-08 5.66543E-09 5.52881E-09-1.47677E-06-2.18158E-08 5.37551E-09
 -1       234 1.29329E-08-4.03559E-09-3.16252E-09-1.45771E-06-9.59333E-10 4.61613E-09
 -1       235 3.15030E-10-3.40192E-10 2.66403E-10-1.08980E-06 3.41890E-12 6.83279E-09
 -1       236 6.97768E-06-1.95869E-06-1.94231E-06-8.66104E-07 1.16567E-11 7.49514E-09
 -1       237-1.37103E-08 3.98859E-09 3.88517E-09-1.45744E-06 3.50038E-10 4.53518E-09
 -1       238 7.95793E-09-3.02009E-09-1.75886E-09-1.45939E-06 5.22164E-11 3.52362E-09
 -1       239-1.39072E-10-1.72537E-11 3.89101E-10-1.08182E-06-7.60473E-11 5.55402E-09
 -1       240 5.57938E-06-1.56097E-06-1.56415E-06-8.83965E-07-1.36853E-11 5.64273E-09
 -1       241-6.81367E-09 1.56029E-09 2.35270E-09-1.45925E-06-1.85309E-10 3.47827E-09
 -1       242 3.80631E-09-1.17455E-09-9.29445E-10-1.45703E-06-3.61379E-10 2.31382E-09
 -1       243-1.49112E-10-2.74302E-10 1.06141E-10-1.08539E-06 1.42373E-11 4.35476E-09
 -1       244 4.18609E-06-1.17264E-06-1.17157E-06-8.79926E-07-9.09553E-11 3.90827E-09
 -1       245-4.23829E-09 1.90297E-09 5.59443E-10-1.45689E-06 3.29772E-10 2.57923E-09
 -1       246 1.14859E-09-9.88328E-10-7.49582E-11-1.46129E-06 2.08418E-11 1.31559E-09
 -1       247 3.08835E-10-1.53640E-10 1.80102E-10-1.08477E-06 2.25826E-10 2.43363E-09
 -1       248 2.79015E-06-7.82737E-07-7.82030E-07-8.79808E-07-6.55544E-11 2.17499E-09
 -1       249-7.47172E-10 1.22545E-10 4.62936E-10-1.46164E-06 2.14639E-10 1.29965E-09
 -1       250-2.05563E-10 7.80886E-10-7.12865E-11-1.47590E-06-3.72280E-09 5.52946E-10
 -1       251 6.63215E-11 1.70942E-10-2.45137E-10-1.08171E-06 1.53615E-10 1.17241E-09
 -1       252 1.37007E-06-4.08420E-07-3.93330E-07-8.69178E-07-4.39462E-11 1.31613E-09
 -1       253-4.05247E-10 7.30755E-10-1.84089E-10-1.47575E-06 4.42963E-09 3.30163E-10
 -1       254 5.00066E-11-1.33817E-10 2.35047E-10-1.14483E-06 4.28904E-11 5.06123E-10
 -1       255-1.02036E-05 2.60853E-06 2.36044E-06-5.53003E-07 4.87511E-11 9.96820E-09
 -1       256-8.40086E-06 2.31662E-06 2.38341E-06-9.33220E-07 2.04291E-11 8.21617E-09
 -1       257-6.97818E-06 1.95879E-06 1.94298E-06-8.66247E-07 9.51004E-11 7.56921E-09
 -1       258-5.58024E-06 1.56046E-06 1.56530E-06-8.83730E-07-3.01947E-11 5.97647E-09
 -1       259-4.18398E-06 1.17271E-06 1.17104E-06-8.80484E-07 3.02631E-11 4.14872E-09
 -1       260-2.79193E-06 7.82740E-07 7.82529E-07-8.79510E-07 3.90755E-12 2.03554E-09
 -1       261-1.36931E-06 4.09765E-07 3.92783E-07-8.69640E-07 1.58253E-10 6.81699E-10
 -3
    1PSTEP                         4           1           1          
  100CL  101 1.000000000         261                     0    1           1
 -4  FORC        4    1
 -5  F1          1    2    1    0
 -5  F2          1    2    2    0
 -5  F3          1    2    3    0
 -5  ALL         1    2    0    0    1ALL
 -1         1 7.48253E+01 3.02117E+02-1.58650E+02
 -1         2-7.46017E+01 3.00927E+02 1.57357E+02
 -1         3-4.24354E-11 2.07912E+01 4.86891E-11
 -1         4-1.60941E-11 2.07912E+01 3.14693E-11
 -1         5-3.70521E-11 2.07912E+01-2.42845E-11
 -1         6-6.59926E-12 2.07912E+01 3.64540E-12
 -1         7-7.47472E+01 3.02125E+02-1.58715E+02
 -1         8 7.46137E+01 3.00921E+02 1.57383E+02
 -1         9 5.71475E-01 2.95296E+02-1.31793E+00
 -1        10-1.43285E+03-5.27363E+02-3.66757E+02
 -1        11 1.42079E+03-5.27492E+02 3.63779E+02
 -1        12 1.46086E-12-4.80354E-12-1.63945E-12
 -1        13-2.99064E-02-1.60091E-02-3.34969E-02
 -1        14 2.07065E-02-3.69369E-02 7.51405E-03
 -1        15-4.78178E-02 1.20131E-02 1.53572E-02
 -1        16 8.30339E-03 1.17262E-02-1.84402E-02
 -1        17 3.65598E-02-2.64814E-02-4.15730E-02
 -1        18-8.33970E-03-4.99813E-03-2.89691E-02
 -1        19-5.29553E-02 2.06617E-02-2.64190E-02
 -1        20 9.99108E-02-2.61570E-03 2.23290E-02
 -1        21-4.34624E-02 1.77981E-02 2.16217E-02
 -1        22 6.66690E-02 2.00321E-02-7.12472E-03
 -1        23 7.57247E-03-1.12269E-02-2.00421E-02
 -1        24 5.24580E-02-5.43846E-02 1.47287E-02
 -1        25-6.60324E-02-9.54021E-03 7.30628E-02
 -1        26-3.10454E-02-4.73274E-02 4.72859E-03
 -1        27-1.96792E-02 4.15955E+01 1.10180E-02
 -1        28 6.20796E-03-8.32959E+01-5.08540E-02
 -1        29 1.66853E-03-8.32039E+01 1.57788E-02
 -1        30 8.76899E-13 2.26036E-11-1.11760E-12
 -1        31-4.33392E-02-1.00474E-02 1.11474E-02
 -1        32 2.57981E-02-3.30043E-02-5.60476E-02
 -1        33 8.61468E-04 3.33957E-02 5.93381E-02
 -1        34-2.75923E-02-2.38826E-02-7.97318E-03
 -1        35-3.80708E-02-5.36687E-02-1.62596E-02
 -1        36 1.06048E-01 8.36851E-03-8.49222E-03
 -1        37-8.62980E-02 1.61197E-02 3.74017E-02
 -1        38 9.65946E-02-2.34170E-02-3.43164E-02
 -1        39-5.21179E-02 8.83523E-02 1.07340E-01
 -1        40 7.27645E-02 2.02058E-02-5.68920E-02
 -1        41-6.90081E-02-2.01522E-02 5.80175E-02
 -1        42 3.07335E-02-1.88053E-02 1.81127E-02
 -1        43-3.77830E-02-1.60700E-02-7.26329E-02
 -1        44 6.53711E-02-2.23490E-04 6.78420E-03
 -1        45-1.11458E-02 4.16037E+01 1.44788E-02
 -1        46-1.14925E-01-8.32997E+01-2.71525E-02
 -1        47-3.51727E-02-8.32788E+01-1.92595E-02
 -1        48-1.74586E-02 4.16132E+01-5.52101E-02
 -1        49 1.09266E-01-8.32695E+01-2.91908E-02
 -1        50-5.51031E-02-8.31411E+01-2.70643E-02
 -1        51 1.22673E-02 4.16262E+01-1.17398E-02
 -1        52 8.78218E-02-8.32383E+01 2.65085E-02
 -1        53 2.19665E-02-8.32626E+01 9.74675E-02
 -1        54-3.44195E-03 1.85946E-02-9.86360E-03
 -1        55 1.21917E-02 6.84273E-02 3.67485E-03
 -1        56 1.39763E-02 9.60488E-02-3.24313E-02
 -1        57 2.67164E-03 1.71160E-02-2.55699E-03
 -1        58 3.42115E-02-2.47458E-02-3.63155E-02
 -1        59-3.48393E-02 4.21987E-02 3.24496E-02
 -1        60-4.71709E-02 7.87854E-04 6.95284E-03
 -1        61 2.86454E-03-4.97095E-02-4.36530E-02
 -1        62 4.68181E-02 1.78010E-03 1.33297E-03
 -1        63 3.21500E-02-7.21227E-02-4.09651E-02
 -1        64 1.01199E-01 1.74400E-02-2.45983E-02
 -1        65 5.58450E-04 5.82637E-02 1.46351E-02
 -1        66-2.57457E-02-4.75442E-02 1.69181E-02
 -1        67 5.01081E-02-6.02648E-02-2.49844E-02
 -1        68-3.36883E-02 3.09649E-02 2.46556E-02
 -1        69-4.43299E-01 2.95317E+02-1.38171E+00
 -1        70-1.42070E+03-5.27339E+02 3.63628E+02
 -1        71 1.43274E+03-5.27169E+02-3.66619E+02
 -1        72 4.62795E-03 1.94935E-02 1.13996E-02
 -1        73 4.66594E-02 7.24562E-02 5.85687E-02
 -1        74-1.14648E-03 5.52448E-04-2.55399E-02
 -1        75 6.93175E-02-1.32378E-02-4.38052E-02
 -1        76-3.88274E-02 2.68453E-02 2.81137E-05
 -1        77 2.35543E-02-6.64843E-02 3.57161E-02
 -1        78 4.77681E-03 1.64086E-02-4.35890E-02
 -1        79-5.92048E-03 2.23567E-02-5.14997E-02
 -1        80-1.71157E-01-7.68616E-02 4.67375E-02
 -1        81 2.50351E-02-2.32855E-02 4.98228E-02
 -1        82-8.46349E-02-1.22356E-02-1.76367E-02
 -1        83 4.30716E-02-7.70753E-02 1.03998E-01
 -1        84-6.03530E-02 1.02289E-01-8.43557E-02
 -1        85 1.45826E-02-3.96858E-02 5.14987E-02
 -1        86-5.76297E-03 1.51767E-03-3.53021E-03
 -1        87-1.83416E+02 6.26016E+02-5.56808E-01
 -1        88 1.95898E+03 4.27008E+02-4.05581E+01
 -1        89 1.95010E+03 4.24445E+02 4.26560E+01
 -1        90 1.83470E+02 6.26122E+02-4.81215E-01
 -1        91-1.95042E+03 4.24672E+02 4.24293E+01
 -1        92-1.95873E+03 4.26787E+02-4.08607E+01
 -1        93-6.41358E-03-1.41536E-03 9.45847E-04
 -1        94-9.44094E-02 1.84744E-02-2.48274E-02
 -1        95 3.38640E-02-4.81300E-02-5.51247E-02
 -1        96-3.74283E-02 3.79703E-02 4.24888E-02
 -1        97-6.02686E-02-2.53169E-02-4.20478E-02
 -1        98-1.39492E-02-7.56943E-02-5.26561E-02
 -1        99 6.08431E-02-1.53994E-01-4.26457E-02
 -1       100 2.09310E-02 6.72609E-02-3.58261E-03
 -1       101-1.41147E-01 3.31848E-02 8.90067E-03
 -1       102-1.46594E-02 7.12638E-02 1.47499E-02
 -1       103 2.39253E-01 4.76895E-02-2.30759E-02
 -1       104-4.97761E-02-5.29727E-02 5.62850E-03
 -1       105-7.78568E-02 1.86201E-02 1.59088E-02
 -1       106-3.36261E-02 6.53993E-02 2.94306E-02
 -1       107 7.10424E-03-2.96692E-03 8.42977E-03
 -1       108-6.21122E-03 1.26000E-01-1.36612E-03
 -1       109-2.57176E-02 3.84394E-02 9.05177E-02
 -1       110 5.81408E-02-8.00814E-04-1.53392E-02
 -1       111 4.24119E-02-1.38908E-02-3.78998E-02
 -1       112-4.09806E-02-1.70817E-02 8.43674E-02
 -1       113 5.34291E-02 4.30726E-02 5.69271E-02
 -1       114 3.65543E-03 1.33713E-02 1.93034E-02
 -1       115-3.24056E-02 1.60534E-03-1.49123E-02
 -1       116 3.79661E-03 2.59257E-01 3.48924E-02
 -1       117 6.22859E-02 2.09598E-01-2.29712E-02
 -1       118 2.38723E-02 1.27513E-01-7.98783E-02
 -1       119-1.22710E-02 1.26980E-01-3.31313E-04
 -1       120-7.21457E-03 3.37289E-02 5.25203E-02
 -1       121 2.20641E-02-1.78190E-01 4.08076E-02
 -1       122 1.22189E-01 8.32002E+01 2.30682E-02
 -1       123-1.67422E-01-1.66627E+02 4.96729E-02
 -1       124-9.75084E-02-1.66757E+02-6.71607E-02
 -1       125-5.90611E-03-1.66753E+02 2.64571E-01
 -1       126-3.32984E-02-1.66389E+02 2.34754E-02
 -1       127-5.65321E-02 1.30970E-01 1.86833E-02
 -1       128 8.40390E-02 6.24121E-02 4.51031E-02
 -1       129-3.08901E-02 1.37378E-01-8.92454E-02
 -1       130-1.53905E-02 7.29440E-02-5.83957E-02
 -1       131 1.35025E-01-1.75278E-02-9.11831E-02
 -1       132-6.72236E-02-2.33369E-03 8.67845E-02
 -1       133-5.36424E-02 1.90273E-02-1.22762E-02
 -1       134 2.04470E-02-1.99688E-01-3.52745E-02
 -1       135 1.05571E-01-1.43570E-01-9.14022E-02
 -1       136 1.40761E-02-3.22731E-03-1.32998E-01
 -1       137 1.17531E-01-3.05009E-02-7.57828E-02
 -1       138 1.80145E-02 2.07681E-01-3.06933E-02
 -1       139-8.82130E-02-8.28973E-02 6.05255E-02
 -1       140-7.85009E-02 4.30978E-02 1.35577E-02
 -1       141 1.61250E-01-1.20397E-01-6.65892E-03
 -1       142 5.90523E-02-2.60205E-01 2.22570E-03
 -1       143-2.60630E-01-1.42283E-02 5.14402E-02
 -1       144-1.68184E-02 8.29708E-02-1.40435E-02
 -1       145-6.67167E-03-3.29667E-02-3.17664E-02
 -1       146-7.45607E-03-1.26739E-01 7.81560E-02
 -1       147 1.17038E-01-3.06775E-02-3.09585E-03
 -1       148-8.65919E-02-1.19614E-02-8.26199E-03
 -1       149-1.53550E-01-1.40370E-01-1.06958E-01
 -1       150-2.23191E-03-2.22452E-02 7.14865E-02
 -1       151-3.70727E-02-1.18385E-01 2.20422E-02
 -1       152 3.88952E-02 1.10454E-01 1.13555E-02
 -1       153 2.83287E-02-1.15477E-01-1.19125E-02
 -1       154-1.08063E-02-1.61644E-01-5.13872E-02
 -1       155 3.18889E-02-1.91161E-01-6.69264E-02
 -1       156 1.06624E-01 6.90218E+02-1.24988E+00
 -1       157-2.49396E+03-8.50609E+02-1.68654E-01
 -1       158 7.43327E+00-3.15643E+02 1.45258E+00
 -1       159-7.48242E+00-3.15993E+02 1.38433E+00
 -1       160 2.49393E+03-8.50401E+02 2.64961E-01
 -1       161 2.95753E-02 3.48742E-03-1.65764E-02
 -1       162-1.30907E-02-1.23851E-01-5.41736E-02
 -1       163-8.83182E-02 9.65398E-02-6.29345E-02
 -1       164 7.38805E-02 8.66437E-02 1.01281E-02
 -1       165 2.44408E-02-6.98432E-02-1.51123E-01
 -1       166 6.53746E-02 2.50488E-01-9.86346E-02
 -1       167 3.78072E-01 2.80342E-01-9.71214E-02
 -1       168-9.01507E-02 5.36789E-02 3.26686E-02
 -1       169 1.44539E-02-2.94424E-02-5.66096E-02
 -1       170-2.89789E-02 1.32381E-01-2.02067E-02
 -1       171-4.63300E-02 5.97269E-02 1.10496E-01
 -1       172 5.96816E-02 5.18522E-02 8.15140E-02
 -1       173-7.38370E-02 3.60637E-02 1.23477E-01
 -1       174 5.61032E-02-5.75624E-02 1.06647E-01
 -1       175 7.14686E-02 4.13226E-02-1.49487E-02
 -1       176-1.58264E-01-5.06953E-02 7.01995E-02
 -1       177-1.89973E-01-1.72953E-01 5.65646E-03
 -1       178-1.41164E-01-1.38800E-01 5.35114E-02
 -1       179 1.99996E-01 3.15740E-03 1.31364E-01
 -1       180 7.64230E-02 5.31041E-02 5.74879E-02
 -1       181-3.32461E-01-8.87330E-02 3.39390E-02
 -1       182 4.36430E-02 5.10823E-02 8.53223E-02
 -1       183-7.49141E-03-5.26626E-03 3.66781E-02
 -1       184 9.15944E-02 3.67165E-02 6.00081E-02
 -1       185 6.59332E-02-8.70242E-03 4.45205E-02
 -1       186 1.19396E-01-2.02030E-01-1.95080E-01
 -1       187 3.18833E-02-1.21482E-01 7.86701E-02
 -1       188-2.19575E-01-7.55032E-02 6.35715E-02
 -1       189-2.43657E-01 7.41307E-02 1.85021E-02
 -1       190-2.60770E-02 3.35608E-03-5.40416E-02
 -1       191-1.21368E-01-3.15277E-02-7.88594E-02
 -1       192 1.72661E-04 7.04892E-02-1.31584E-01
 -1       193 2.97515E-02-5.76074E-02-6.92109E-02
 -1       194 1.86147E-02-6.89149E-02-5.15525E-02
 -1       195-1.71624E-01 1.28940E-01-3.29318E-02
 -1       196 8.81512E-02 1.42153E-01 1.97950E-03
 -1       197-1.36792E-01 2.53081E-02 1.98921E-03
 -1       198 3.79287E-02 6.23116E-02 4.96872E-02
 -1       199 1.82634E-01 1.63539E-01 6.10775E-03
 -1       200-1.34626E-02 8.44387E-02 3.73349E-03
 -1       201 1.20419E-01 4.16228E-02 1.87066E-02
 -1       202 3.62179E-02 1.09609E-02 3.84289E-02
 -1       203 4.72951E-02-1.16791E-01 8.53572E-02
 -1       204-5.14463E-02 4.82386E-02 9.43657E-02
 -1       205-2.64424E-01-5.42672E-03 7.80956E-02
 -1       206-5.62825E-02-5.78800E-02 1.74450E-01
 -1       207 2.97387E-01-1.01923E-01 6.34768E-02
 -1       208 1.75305E-01-1.48061E-01 1.12887E-01
 -1       209-1.71799E-02-6.39767E-02-4.41612E-02
 -1       210 7.66662E-02-5.12603E-02 1.68194E-01
 -1       211 7.05666E-02-4.72909E-02 3.39414E-02
 -1       212-4.74486E-03 9.26367E-03 1.81189E-02
 -1       213 3.49987E-02 7.01589E-02 9.12939E-02
 -1       214 3.57099E-02-1.83472E-02 6.88319E-02
 -1       215-3.88436E-02-1.79425E-02 1.40493E-02
 -1       216 2.48971E-02-5.76915E-02 9.09651E-02
 -1       217 1.68316E-01-5.07309E-03 6.94507E-02
 -1       218 1.58538E-02-1.17102E-02-1.01465E-01
 -1       219 2.55932E-02-4.34000E-02-3.20571E-02
 -1       220-2.32660E-01 8.23796E-02-2.39434E-02
 -1       221 5.78352E-02 9.20795E-02-2.42888E-01
 -1       222 1.38917E-01 3.30456E-02-1.60939E-01
 -1       223-1.97222E-01-4.38855E-02-1.84306E-01
 -1       224 2.07114E-03 9.02924E-02-1.76312E-01
 -1       225 2.98030E-01 6.10352E-02-7.41366E-02
 -1       226 2.14277E-02 2.26707E-02 4.54536E-03
 -1       227-2.05565E-01 9.98119E-02 6.87525E-02
 -1       228-6.43708E-02-5.09736E-01 1.13450E-01
 -1       229-2.58947E-02 1.64579E-02 1.83785E-01
 -1       230 7.76546E-02-6.50538E-02 9.00131E-03
 -1       231 1.56576E-01-1.45440E-01 4.59475E-02
 -1       232 5.59477E-02-1.02299E-01 1.24955E-01
 -1       233 1.26421E-02-6.08779E-02 1.05473E-01
 -1       234-5.07750E-02-2.15364E-02 5.32257E-02
 -1       235 1.22153E-01 4.30854E-03 1.25389E-01
 -1       236 6.86179E-03-3.59064E-01 2.35757E-01
 -1       237-5.11732E-02 6.37290E-02 4.50227E-01
 -1       238 8.65475E-02 1.63189E-02 2.91505E-02
 -1       239-2.51962E-01-1.36500E-01 3.38827E-01
 -1       240 7.83784E-03 2.41696E-02 1.91116E-01
 -1       241 4.09314E-02-3.82957E-02 3.58570E-01
 -1       242 9.13637E-02-8.16777E-02 2.26159E-01
 -1       243-8.47741E-02 6.94671E-02 2.25368E-01
 -1       244 1.50282E-02 2.64067E-01 2.72414E-01
 -1       245-9.55176E-02-3.81046E-02 3.13158E-01
 -1       246 5.74481E-02-6.82774E-03 3.19166E-01
 -1       247 3.15297E-01-2.80485E-01 1.66540E-01
 -1       248-2.47806E-02 1.08907E-02 4.00198E-01
 -1       249-5.22540E-02 1.26502E-01 2.59430E-01
 -1       250-2.11601E-01-9.68267E-02 1.15084E-01
 -1       251-3.02534E-01 1.17204E-01 2.22543E-01
 -1       252-1.35400E-01-3.64386E-02 2.28490E-01
 -1       253 6.70744E-02-9.19087E-02 2.25486E-01
 -1       254-1.94515E-02-5.14732E-02 6.17183E-02
 -1       255-2.57609E-02 3.53886E-01 1.21141E-01
 -1       256 2.79472E-02 1.81300E-01 1.56145E-01
 -1       257 9.36741E-02-2.79728E-01 3.33073E-01
 -1       258-3.44736E-02 2.70929E-01 2.68115E-01
 -1       259-7.27563E-02 1.43975E-01 3.59223E-01
 -1       260 8.14216E-02 3.58611E-01 1.02828E-01
 -1       261-6.93813E-02-1.29214E-01 3.29491E-02
 -3
 9999
